[0.123s] Invoking command in '/home/hibiki/Robomech_HR/Eglantyne/simulation/build/champ_msgs': CMAKE_PREFIX_PATH=/opt/ros/humble /usr/bin/cmake /home/hibiki/Robomech_HR/Eglantyne/simulation/src/champ/champ_msgs -DCMAKE_INSTALL_PREFIX=/home/hibiki/Robomech_HR/Eglantyne/simulation/install/champ_msgs
[0.131s] -- Found ament_cmake: 1.3.10 (/opt/ros/humble/share/ament_cmake/cmake)
[0.358s] -- Found Python3: /home/hibiki/.espressif/python_env/idf5.4_py3.10_env/bin/python3 (found version "3.10.12") found components: Interpreter 
[0.455s] -- Found rosidl_default_generators: 1.2.0 (/opt/ros/humble/share/rosidl_default_generators/cmake)
[0.463s] -- Using all available rosidl_typesupport_c: rosidl_typesupport_fastrtps_c;rosidl_typesupport_introspection_c
[0.475s] -- Found rosidl_adapter: 3.1.5 (/opt/ros/humble/share/rosidl_adapter/cmake)
[0.541s] -- Using all available rosidl_typesupport_cpp: rosidl_typesupport_fastrtps_cpp;rosidl_typesupport_introspection_cpp
[0.588s] -- Found std_msgs: 4.2.4 (/opt/ros/humble/share/std_msgs/cmake)
[0.618s] -- Found geometry_msgs: 4.2.4 (/opt/ros/humble/share/geometry_msgs/cmake)
[0.859s] -- Found ament_cmake_ros: 0.10.0 (/opt/ros/humble/share/ament_cmake_ros/cmake)
[0.983s] -- Using all available rosidl_typesupport_c: rosidl_typesupport_fastrtps_c;rosidl_typesupport_introspection_c
[1.119s] -- Using all available rosidl_typesupport_cpp: rosidl_typesupport_fastrtps_cpp;rosidl_typesupport_introspection_cpp
[1.133s] -- Found PythonInterp: /home/hibiki/.espressif/python_env/idf5.4_py3.10_env/bin/python3 (found suitable version "3.10.12", minimum required is "3.6") 
[1.135s] -- Found python_cmake_module: 0.10.0 (/opt/ros/humble/share/python_cmake_module/cmake)
[1.156s] -- Found PythonLibs: /usr/lib/x86_64-linux-gnu/libpython3.10.so (found suitable version "3.10.12", minimum required is "3.5") 
[1.156s] -- Using PYTHON_EXECUTABLE: /home/hibiki/.espressif/python_env/idf5.4_py3.10_env/bin/python3
[1.156s] -- Using PYTHON_INCLUDE_DIRS: /usr/include/python3.10
[1.156s] -- Using PYTHON_LIBRARIES: /usr/lib/x86_64-linux-gnu/libpython3.10.so
[1.166s] -- Found PythonExtra: .so  
[1.208s] -- Found ament_lint_auto: 0.12.11 (/opt/ros/humble/share/ament_lint_auto/cmake)
[1.215s] -- Configuring done
[1.243s] -- Generating done
[1.245s] -- Build files have been written to: /home/hibiki/Robomech_HR/Eglantyne/simulation/build/champ_msgs
[1.250s] Invoked command in '/home/hibiki/Robomech_HR/Eglantyne/simulation/build/champ_msgs' returned '0': CMAKE_PREFIX_PATH=/opt/ros/humble /usr/bin/cmake /home/hibiki/Robomech_HR/Eglantyne/simulation/src/champ/champ_msgs -DCMAKE_INSTALL_PREFIX=/home/hibiki/Robomech_HR/Eglantyne/simulation/install/champ_msgs
[1.251s] Invoking command in '/home/hibiki/Robomech_HR/Eglantyne/simulation/build/champ_msgs': CMAKE_PREFIX_PATH=/opt/ros/humble /usr/bin/cmake --build /home/hibiki/Robomech_HR/Eglantyne/simulation/build/champ_msgs -- -j16 -l16
[1.269s] [  1%] [34m[1mGenerating C code for ROS interfaces[0m
[1.273s] [  2%] [34m[1mGenerating C++ code for ROS interfaces[0m
[1.274s] [  2%] Built target ament_cmake_python_copy_champ_msgs
[1.385s] running egg_info
[1.386s] creating champ_msgs.egg-info
[1.392s] writing champ_msgs.egg-info/PKG-INFO
[1.392s] writing dependency_links to champ_msgs.egg-info/dependency_links.txt
[1.392s] writing top-level names to champ_msgs.egg-info/top_level.txt
[1.392s] writing manifest file 'champ_msgs.egg-info/SOURCES.txt'
[1.410s] reading manifest file 'champ_msgs.egg-info/SOURCES.txt'
[1.411s] writing manifest file 'champ_msgs.egg-info/SOURCES.txt'
[1.427s] [  2%] Built target ament_cmake_python_build_champ_msgs_egg
[1.595s] [  2%] Built target champ_msgs__cpp
[1.599s] [  3%] [34m[1mGenerating C++ type support for eProsima Fast-RTPS[0m
[1.600s] [  4%] [34m[1mGenerating C++ type support dispatch for ROS interfaces[0m
[1.600s] [  5%] [34m[1mGenerating C++ introspection for ROS interfaces[0m
[1.633s] [  6%] [32mBuilding C object CMakeFiles/champ_msgs__rosidl_generator_c.dir/rosidl_generator_c/champ_msgs/msg/detail/velocities__functions.c.o[0m
[1.633s] [  7%] [32mBuilding C object CMakeFiles/champ_msgs__rosidl_generator_c.dir/rosidl_generator_c/champ_msgs/msg/detail/pid__functions.c.o[0m
[1.634s] [  9%] [32mBuilding C object CMakeFiles/champ_msgs__rosidl_generator_c.dir/rosidl_generator_c/champ_msgs/msg/detail/point_array__functions.c.o[0m
[1.634s] [  9%] [32mBuilding C object CMakeFiles/champ_msgs__rosidl_generator_c.dir/rosidl_generator_c/champ_msgs/msg/detail/imu__functions.c.o[0m
[1.634s] [ 10%] [32mBuilding C object CMakeFiles/champ_msgs__rosidl_generator_c.dir/rosidl_generator_c/champ_msgs/msg/detail/point__functions.c.o[0m
[1.634s] [ 11%] [32mBuilding C object CMakeFiles/champ_msgs__rosidl_generator_c.dir/rosidl_generator_c/champ_msgs/msg/detail/joints__functions.c.o[0m
[1.634s] [ 13%] [32mBuilding C object CMakeFiles/champ_msgs__rosidl_generator_c.dir/rosidl_generator_c/champ_msgs/msg/detail/contacts_stamped__functions.c.o[0m
[1.635s] [ 14%] [32mBuilding C object CMakeFiles/champ_msgs__rosidl_generator_c.dir/rosidl_generator_c/champ_msgs/msg/detail/contacts__functions.c.o[0m
[1.635s] [ 14%] [32mBuilding C object CMakeFiles/champ_msgs__rosidl_generator_c.dir/rosidl_generator_c/champ_msgs/msg/detail/pose__functions.c.o[0m
[1.692s] [ 15%] [32m[1mLinking C shared library libchamp_msgs__rosidl_generator_c.so[0m
[1.726s] [ 15%] Built target champ_msgs__rosidl_generator_c
[1.731s] [ 16%] [34m[1mGenerating C type support for eProsima Fast-RTPS[0m
[1.731s] [ 18%] [34m[1mGenerating C introspection for ROS interfaces[0m
[1.731s] [ 18%] [34m[1mGenerating C type support dispatch for ROS interfaces[0m
[1.836s] [ 20%] [32mBuilding CXX object CMakeFiles/champ_msgs__rosidl_typesupport_cpp.dir/rosidl_typesupport_cpp/champ_msgs/msg/imu__type_support.cpp.o[0m
[1.836s] [ 22%] [32mBuilding CXX object CMakeFiles/champ_msgs__rosidl_typesupport_cpp.dir/rosidl_typesupport_cpp/champ_msgs/msg/pid__type_support.cpp.o[0m
[1.836s] [ 22%] [32mBuilding CXX object CMakeFiles/champ_msgs__rosidl_typesupport_cpp.dir/rosidl_typesupport_cpp/champ_msgs/msg/velocities__type_support.cpp.o[0m
[1.836s] [ 24%] [32mBuilding CXX object CMakeFiles/champ_msgs__rosidl_typesupport_cpp.dir/rosidl_typesupport_cpp/champ_msgs/msg/point_array__type_support.cpp.o[0m
[1.837s] [ 24%] [32mBuilding CXX object CMakeFiles/champ_msgs__rosidl_typesupport_cpp.dir/rosidl_typesupport_cpp/champ_msgs/msg/point__type_support.cpp.o[0m
[1.837s] [ 25%] [32mBuilding CXX object CMakeFiles/champ_msgs__rosidl_typesupport_cpp.dir/rosidl_typesupport_cpp/champ_msgs/msg/contacts_stamped__type_support.cpp.o[0m
[1.837s] [ 26%] [32mBuilding CXX object CMakeFiles/champ_msgs__rosidl_typesupport_cpp.dir/rosidl_typesupport_cpp/champ_msgs/msg/joints__type_support.cpp.o[0m
[1.837s] [ 27%] [32mBuilding CXX object CMakeFiles/champ_msgs__rosidl_typesupport_cpp.dir/rosidl_typesupport_cpp/champ_msgs/msg/pose__type_support.cpp.o[0m
[1.837s] [ 28%] [32mBuilding CXX object CMakeFiles/champ_msgs__rosidl_typesupport_cpp.dir/rosidl_typesupport_cpp/champ_msgs/msg/contacts__type_support.cpp.o[0m
[1.923s] [ 29%] [32mBuilding CXX object CMakeFiles/champ_msgs__rosidl_typesupport_introspection_cpp.dir/rosidl_typesupport_introspection_cpp/champ_msgs/msg/detail/velocities__type_support.cpp.o[0m
[1.924s] [ 31%] [32mBuilding CXX object CMakeFiles/champ_msgs__rosidl_typesupport_introspection_cpp.dir/rosidl_typesupport_introspection_cpp/champ_msgs/msg/detail/pid__type_support.cpp.o[0m
[1.924s] [ 31%] [32mBuilding CXX object CMakeFiles/champ_msgs__rosidl_typesupport_introspection_cpp.dir/rosidl_typesupport_introspection_cpp/champ_msgs/msg/detail/imu__type_support.cpp.o[0m
[1.984s] [ 32%] [32mBuilding CXX object CMakeFiles/champ_msgs__rosidl_typesupport_fastrtps_cpp.dir/rosidl_typesupport_fastrtps_cpp/champ_msgs/msg/detail/dds_fastrtps/velocities__type_support.cpp.o[0m
[2.138s] [ 33%] [32mBuilding CXX object CMakeFiles/champ_msgs__rosidl_typesupport_c.dir/rosidl_typesupport_c/champ_msgs/msg/velocities__type_support.cpp.o[0m
[2.169s] [ 34%] [32mBuilding CXX object CMakeFiles/champ_msgs__rosidl_typesupport_introspection_cpp.dir/rosidl_typesupport_introspection_cpp/champ_msgs/msg/detail/point__type_support.cpp.o[0m
[2.169s] [ 35%] [32mBuilding CXX object CMakeFiles/champ_msgs__rosidl_typesupport_c.dir/rosidl_typesupport_c/champ_msgs/msg/pid__type_support.cpp.o[0m
[2.172s] [ 37%] [32mBuilding CXX object CMakeFiles/champ_msgs__rosidl_typesupport_fastrtps_cpp.dir/rosidl_typesupport_fastrtps_cpp/champ_msgs/msg/detail/dds_fastrtps/pid__type_support.cpp.o[0m
[2.172s] [ 37%] [32mBuilding CXX object CMakeFiles/champ_msgs__rosidl_typesupport_c.dir/rosidl_typesupport_c/champ_msgs/msg/imu__type_support.cpp.o[0m
[2.189s] [ 38%] [32mBuilding CXX object CMakeFiles/champ_msgs__rosidl_typesupport_introspection_cpp.dir/rosidl_typesupport_introspection_cpp/champ_msgs/msg/detail/point_array__type_support.cpp.o[0m
[2.190s] [ 40%] [32mBuilding CXX object CMakeFiles/champ_msgs__rosidl_typesupport_c.dir/rosidl_typesupport_c/champ_msgs/msg/point__type_support.cpp.o[0m
[2.193s] [ 41%] [32mBuilding CXX object CMakeFiles/champ_msgs__rosidl_typesupport_introspection_cpp.dir/rosidl_typesupport_introspection_cpp/champ_msgs/msg/detail/joints__type_support.cpp.o[0m
[2.196s] [ 42%] [32mBuilding CXX object CMakeFiles/champ_msgs__rosidl_typesupport_fastrtps_cpp.dir/rosidl_typesupport_fastrtps_cpp/champ_msgs/msg/detail/dds_fastrtps/imu__type_support.cpp.o[0m
[2.200s] [ 43%] [32mBuilding CXX object CMakeFiles/champ_msgs__rosidl_typesupport_introspection_cpp.dir/rosidl_typesupport_introspection_cpp/champ_msgs/msg/detail/contacts__type_support.cpp.o[0m
[2.201s] [ 44%] [32mBuilding CXX object CMakeFiles/champ_msgs__rosidl_typesupport_introspection_cpp.dir/rosidl_typesupport_introspection_cpp/champ_msgs/msg/detail/contacts_stamped__type_support.cpp.o[0m
[2.201s] [ 45%] [32mBuilding CXX object CMakeFiles/champ_msgs__rosidl_typesupport_introspection_cpp.dir/rosidl_typesupport_introspection_cpp/champ_msgs/msg/detail/pose__type_support.cpp.o[0m
[2.204s] [ 46%] [32m[1mLinking CXX shared library libchamp_msgs__rosidl_typesupport_cpp.so[0m
[2.210s] [ 47%] [32mBuilding CXX object CMakeFiles/champ_msgs__rosidl_typesupport_fastrtps_c.dir/rosidl_typesupport_fastrtps_c/champ_msgs/msg/detail/velocities__type_support_c.cpp.o[0m
[2.218s] [ 48%] [32mBuilding CXX object CMakeFiles/champ_msgs__rosidl_typesupport_c.dir/rosidl_typesupport_c/champ_msgs/msg/point_array__type_support.cpp.o[0m
[2.250s] [ 49%] [32mBuilding CXX object CMakeFiles/champ_msgs__rosidl_typesupport_c.dir/rosidl_typesupport_c/champ_msgs/msg/joints__type_support.cpp.o[0m
[2.272s] [ 49%] Built target champ_msgs__rosidl_typesupport_cpp
[2.273s] [ 50%] [32mBuilding CXX object CMakeFiles/champ_msgs__rosidl_typesupport_c.dir/rosidl_typesupport_c/champ_msgs/msg/contacts__type_support.cpp.o[0m
[2.276s] [ 51%] [32mBuilding CXX object CMakeFiles/champ_msgs__rosidl_typesupport_fastrtps_cpp.dir/rosidl_typesupport_fastrtps_cpp/champ_msgs/msg/detail/dds_fastrtps/point__type_support.cpp.o[0m
[2.281s] [ 52%] [32mBuilding C object CMakeFiles/champ_msgs__rosidl_typesupport_introspection_c.dir/rosidl_typesupport_introspection_c/champ_msgs/msg/detail/velocities__type_support.c.o[0m
[2.301s] [ 53%] [32mBuilding CXX object CMakeFiles/champ_msgs__rosidl_typesupport_c.dir/rosidl_typesupport_c/champ_msgs/msg/contacts_stamped__type_support.cpp.o[0m
[2.316s] [ 55%] [32mBuilding CXX object CMakeFiles/champ_msgs__rosidl_typesupport_fastrtps_cpp.dir/rosidl_typesupport_fastrtps_cpp/champ_msgs/msg/detail/dds_fastrtps/point_array__type_support.cpp.o[0m
[2.316s] [ 55%] [32mBuilding C object CMakeFiles/champ_msgs__rosidl_typesupport_introspection_c.dir/rosidl_typesupport_introspection_c/champ_msgs/msg/detail/pid__type_support.c.o[0m
[2.331s] [ 56%] [32mBuilding CXX object CMakeFiles/champ_msgs__rosidl_typesupport_c.dir/rosidl_typesupport_c/champ_msgs/msg/pose__type_support.cpp.o[0m
[2.332s] [ 57%] [32mBuilding C object CMakeFiles/champ_msgs__rosidl_typesupport_introspection_c.dir/rosidl_typesupport_introspection_c/champ_msgs/msg/detail/imu__type_support.c.o[0m
[2.346s] [ 58%] [32mBuilding CXX object CMakeFiles/champ_msgs__rosidl_typesupport_fastrtps_c.dir/rosidl_typesupport_fastrtps_c/champ_msgs/msg/detail/pid__type_support_c.cpp.o[0m
[2.352s] [ 60%] [32mBuilding CXX object CMakeFiles/champ_msgs__rosidl_typesupport_fastrtps_cpp.dir/rosidl_typesupport_fastrtps_cpp/champ_msgs/msg/detail/dds_fastrtps/joints__type_support.cpp.o[0m
[2.360s] [ 61%] [32m[1mLinking CXX shared library libchamp_msgs__rosidl_typesupport_c.so[0m
[2.375s] [ 62%] [32mBuilding C object CMakeFiles/champ_msgs__rosidl_typesupport_introspection_c.dir/rosidl_typesupport_introspection_c/champ_msgs/msg/detail/point__type_support.c.o[0m
[2.400s] [ 62%] Built target champ_msgs__rosidl_typesupport_c
[2.405s] [ 63%] [32mBuilding C object CMakeFiles/champ_msgs__rosidl_typesupport_introspection_c.dir/rosidl_typesupport_introspection_c/champ_msgs/msg/detail/point_array__type_support.c.o[0m
[2.411s] [ 64%] [32mBuilding CXX object CMakeFiles/champ_msgs__rosidl_typesupport_fastrtps_cpp.dir/rosidl_typesupport_fastrtps_cpp/champ_msgs/msg/detail/dds_fastrtps/contacts__type_support.cpp.o[0m
[2.438s] [ 65%] [32mBuilding C object CMakeFiles/champ_msgs__rosidl_typesupport_introspection_c.dir/rosidl_typesupport_introspection_c/champ_msgs/msg/detail/joints__type_support.c.o[0m
[2.438s] [ 66%] [32mBuilding C object CMakeFiles/champ_msgs__rosidl_typesupport_introspection_c.dir/rosidl_typesupport_introspection_c/champ_msgs/msg/detail/contacts__type_support.c.o[0m
[2.476s] [ 68%] [32mBuilding C object CMakeFiles/champ_msgs__rosidl_typesupport_introspection_c.dir/rosidl_typesupport_introspection_c/champ_msgs/msg/detail/contacts_stamped__type_support.c.o[0m
[2.477s] [ 68%] [32mBuilding CXX object CMakeFiles/champ_msgs__rosidl_typesupport_fastrtps_c.dir/rosidl_typesupport_fastrtps_c/champ_msgs/msg/detail/imu__type_support_c.cpp.o[0m
[2.514s] [ 69%] [32mBuilding C object CMakeFiles/champ_msgs__rosidl_typesupport_introspection_c.dir/rosidl_typesupport_introspection_c/champ_msgs/msg/detail/pose__type_support.c.o[0m
[2.547s] [ 70%] [32m[1mLinking C shared library libchamp_msgs__rosidl_typesupport_introspection_c.so[0m
[2.578s] [ 70%] Built target champ_msgs__rosidl_typesupport_introspection_c
[2.583s] [ 71%] [32mBuilding CXX object CMakeFiles/champ_msgs__rosidl_typesupport_fastrtps_c.dir/rosidl_typesupport_fastrtps_c/champ_msgs/msg/detail/point__type_support_c.cpp.o[0m
[2.593s] [ 72%] [32mBuilding CXX object CMakeFiles/champ_msgs__rosidl_typesupport_fastrtps_cpp.dir/rosidl_typesupport_fastrtps_cpp/champ_msgs/msg/detail/dds_fastrtps/contacts_stamped__type_support.cpp.o[0m
[2.617s] [ 73%] [32mBuilding CXX object CMakeFiles/champ_msgs__rosidl_typesupport_fastrtps_cpp.dir/rosidl_typesupport_fastrtps_cpp/champ_msgs/msg/detail/dds_fastrtps/pose__type_support.cpp.o[0m
[2.620s] [ 74%] [32mBuilding CXX object CMakeFiles/champ_msgs__rosidl_typesupport_fastrtps_c.dir/rosidl_typesupport_fastrtps_c/champ_msgs/msg/detail/point_array__type_support_c.cpp.o[0m
[2.622s] [ 75%] [32mBuilding CXX object CMakeFiles/champ_msgs__rosidl_typesupport_fastrtps_c.dir/rosidl_typesupport_fastrtps_c/champ_msgs/msg/detail/joints__type_support_c.cpp.o[0m
[2.648s] [ 76%] [32mBuilding CXX object CMakeFiles/champ_msgs__rosidl_typesupport_fastrtps_c.dir/rosidl_typesupport_fastrtps_c/champ_msgs/msg/detail/contacts__type_support_c.cpp.o[0m
[2.653s] [ 77%] [32mBuilding CXX object CMakeFiles/champ_msgs__rosidl_typesupport_fastrtps_c.dir/rosidl_typesupport_fastrtps_c/champ_msgs/msg/detail/contacts_stamped__type_support_c.cpp.o[0m
[2.653s] [ 78%] [32mBuilding CXX object CMakeFiles/champ_msgs__rosidl_typesupport_fastrtps_c.dir/rosidl_typesupport_fastrtps_c/champ_msgs/msg/detail/pose__type_support_c.cpp.o[0m
[2.697s] [ 80%] [32m[1mLinking CXX shared library libchamp_msgs__rosidl_typesupport_introspection_cpp.so[0m
[2.790s] [ 80%] Built target champ_msgs__rosidl_typesupport_introspection_cpp
[2.962s] [ 81%] [32m[1mLinking CXX shared library libchamp_msgs__rosidl_typesupport_fastrtps_c.so[0m
[2.985s] [ 82%] [32m[1mLinking CXX shared library libchamp_msgs__rosidl_typesupport_fastrtps_cpp.so[0m
[3.009s] [ 82%] Built target champ_msgs__rosidl_typesupport_fastrtps_c
[3.036s] [ 82%] Built target champ_msgs__rosidl_typesupport_fastrtps_cpp
[3.043s] [ 82%] Built target champ_msgs
[3.052s] [ 83%] [34m[1mGenerating Python code for ROS interfaces[0m
[3.565s] [ 83%] Built target champ_msgs__py
[3.573s] [ 84%] [32mBuilding C object CMakeFiles/champ_msgs__rosidl_generator_py.dir/rosidl_generator_py/champ_msgs/msg/_velocities_s.c.o[0m
[3.574s] [ 85%] [32mBuilding C object CMakeFiles/champ_msgs__rosidl_generator_py.dir/rosidl_generator_py/champ_msgs/msg/_pid_s.c.o[0m
[3.574s] [ 86%] [32mBuilding C object CMakeFiles/champ_msgs__rosidl_generator_py.dir/rosidl_generator_py/champ_msgs/msg/_imu_s.c.o[0m
[3.575s] [ 88%] [32mBuilding C object CMakeFiles/champ_msgs__rosidl_generator_py.dir/rosidl_generator_py/champ_msgs/msg/_pose_s.c.o[0m
[3.575s] [ 88%] [32mBuilding C object CMakeFiles/champ_msgs__rosidl_generator_py.dir/rosidl_generator_py/champ_msgs/msg/_point_s.c.o[0m
[3.575s] [ 89%] [32mBuilding C object CMakeFiles/champ_msgs__rosidl_generator_py.dir/rosidl_generator_py/champ_msgs/msg/_contacts_stamped_s.c.o[0m
[3.575s] [ 90%] [32mBuilding C object CMakeFiles/champ_msgs__rosidl_generator_py.dir/rosidl_generator_py/champ_msgs/msg/_joints_s.c.o[0m
[3.575s] [ 91%] [32mBuilding C object CMakeFiles/champ_msgs__rosidl_generator_py.dir/rosidl_generator_py/champ_msgs/msg/_point_array_s.c.o[0m
[3.575s] [ 92%] [32mBuilding C object CMakeFiles/champ_msgs__rosidl_generator_py.dir/rosidl_generator_py/champ_msgs/msg/_contacts_s.c.o[0m
[3.694s] [ 93%] [32m[1mLinking C shared library rosidl_generator_py/champ_msgs/libchamp_msgs__rosidl_generator_py.so[0m
[3.721s] [ 93%] Built target champ_msgs__rosidl_generator_py
[3.729s] [ 94%] [32mBuilding C object CMakeFiles/champ_msgs__rosidl_typesupport_fastrtps_c__pyext.dir/rosidl_generator_py/champ_msgs/_champ_msgs_s.ep.rosidl_typesupport_fastrtps_c.c.o[0m
[3.729s] [ 96%] [32mBuilding C object CMakeFiles/champ_msgs__rosidl_typesupport_introspection_c__pyext.dir/rosidl_generator_py/champ_msgs/_champ_msgs_s.ep.rosidl_typesupport_introspection_c.c.o[0m
[3.730s] [ 96%] [32mBuilding C object CMakeFiles/champ_msgs__rosidl_typesupport_c__pyext.dir/rosidl_generator_py/champ_msgs/_champ_msgs_s.ep.rosidl_typesupport_c.c.o[0m
[3.798s] [ 97%] [32m[1mLinking C shared library rosidl_generator_py/champ_msgs/champ_msgs_s__rosidl_typesupport_c.cpython-310-x86_64-linux-gnu.so[0m
[3.798s] [ 98%] [32m[1mLinking C shared library rosidl_generator_py/champ_msgs/champ_msgs_s__rosidl_typesupport_introspection_c.cpython-310-x86_64-linux-gnu.so[0m
[3.801s] [100%] [32m[1mLinking C shared library rosidl_generator_py/champ_msgs/champ_msgs_s__rosidl_typesupport_fastrtps_c.cpython-310-x86_64-linux-gnu.so[0m
[3.821s] [100%] Built target champ_msgs__rosidl_typesupport_c__pyext
[3.821s] [100%] Built target champ_msgs__rosidl_typesupport_introspection_c__pyext
[3.822s] [100%] Built target champ_msgs__rosidl_typesupport_fastrtps_c__pyext
[3.826s] Invoked command in '/home/hibiki/Robomech_HR/Eglantyne/simulation/build/champ_msgs' returned '0': CMAKE_PREFIX_PATH=/opt/ros/humble /usr/bin/cmake --build /home/hibiki/Robomech_HR/Eglantyne/simulation/build/champ_msgs -- -j16 -l16
[3.973s] Invoking command in '/home/hibiki/Robomech_HR/Eglantyne/simulation/build/champ_msgs': CMAKE_PREFIX_PATH=/opt/ros/humble /usr/bin/cmake --install /home/hibiki/Robomech_HR/Eglantyne/simulation/build/champ_msgs
[3.976s] -- Install configuration: ""
[3.976s] -- Installing: /home/hibiki/Robomech_HR/Eglantyne/simulation/install/champ_msgs/share/ament_index/resource_index/rosidl_interfaces/champ_msgs
[3.976s] -- Installing: /home/hibiki/Robomech_HR/Eglantyne/simulation/install/champ_msgs/include/champ_msgs/champ_msgs
[3.976s] -- Installing: /home/hibiki/Robomech_HR/Eglantyne/simulation/install/champ_msgs/include/champ_msgs/champ_msgs/msg
[3.976s] -- Installing: /home/hibiki/Robomech_HR/Eglantyne/simulation/install/champ_msgs/include/champ_msgs/champ_msgs/msg/joints.h
[3.976s] -- Installing: /home/hibiki/Robomech_HR/Eglantyne/simulation/install/champ_msgs/include/champ_msgs/champ_msgs/msg/rosidl_generator_c__visibility_control.h
[3.976s] -- Installing: /home/hibiki/Robomech_HR/Eglantyne/simulation/install/champ_msgs/include/champ_msgs/champ_msgs/msg/pose.h
[3.976s] -- Installing: /home/hibiki/Robomech_HR/Eglantyne/simulation/install/champ_msgs/include/champ_msgs/champ_msgs/msg/point.h
[3.976s] -- Installing: /home/hibiki/Robomech_HR/Eglantyne/simulation/install/champ_msgs/include/champ_msgs/champ_msgs/msg/velocities.h
[3.976s] -- Installing: /home/hibiki/Robomech_HR/Eglantyne/simulation/install/champ_msgs/include/champ_msgs/champ_msgs/msg/detail
[3.976s] -- Installing: /home/hibiki/Robomech_HR/Eglantyne/simulation/install/champ_msgs/include/champ_msgs/champ_msgs/msg/detail/joints__functions.c
[3.976s] -- Installing: /home/hibiki/Robomech_HR/Eglantyne/simulation/install/champ_msgs/include/champ_msgs/champ_msgs/msg/detail/pid__type_support.h
[3.977s] -- Installing: /home/hibiki/Robomech_HR/Eglantyne/simulation/install/champ_msgs/include/champ_msgs/champ_msgs/msg/detail/imu__struct.h
[3.977s] -- Installing: /home/hibiki/Robomech_HR/Eglantyne/simulation/install/champ_msgs/include/champ_msgs/champ_msgs/msg/detail/point__type_support.h
[3.977s] -- Installing: /home/hibiki/Robomech_HR/Eglantyne/simulation/install/champ_msgs/include/champ_msgs/champ_msgs/msg/detail/point_array__struct.h
[3.977s] -- Installing: /home/hibiki/Robomech_HR/Eglantyne/simulation/install/champ_msgs/include/champ_msgs/champ_msgs/msg/detail/point__struct.h
[3.977s] -- Installing: /home/hibiki/Robomech_HR/Eglantyne/simulation/install/champ_msgs/include/champ_msgs/champ_msgs/msg/detail/contacts__type_support.h
[3.977s] -- Installing: /home/hibiki/Robomech_HR/Eglantyne/simulation/install/champ_msgs/include/champ_msgs/champ_msgs/msg/detail/velocities__type_support.h
[3.977s] -- Installing: /home/hibiki/Robomech_HR/Eglantyne/simulation/install/champ_msgs/include/champ_msgs/champ_msgs/msg/detail/pid__functions.h
[3.977s] -- Installing: /home/hibiki/Robomech_HR/Eglantyne/simulation/install/champ_msgs/include/champ_msgs/champ_msgs/msg/detail/contacts__functions.h
[3.977s] -- Installing: /home/hibiki/Robomech_HR/Eglantyne/simulation/install/champ_msgs/include/champ_msgs/champ_msgs/msg/detail/pose__type_support.h
[3.977s] -- Installing: /home/hibiki/Robomech_HR/Eglantyne/simulation/install/champ_msgs/include/champ_msgs/champ_msgs/msg/detail/contacts_stamped__functions.c
[3.977s] -- Installing: /home/hibiki/Robomech_HR/Eglantyne/simulation/install/champ_msgs/include/champ_msgs/champ_msgs/msg/detail/pose__functions.c
[3.977s] -- Installing: /home/hibiki/Robomech_HR/Eglantyne/simulation/install/champ_msgs/include/champ_msgs/champ_msgs/msg/detail/joints__functions.h
[3.977s] -- Installing: /home/hibiki/Robomech_HR/Eglantyne/simulation/install/champ_msgs/include/champ_msgs/champ_msgs/msg/detail/point__functions.c
[3.977s] -- Installing: /home/hibiki/Robomech_HR/Eglantyne/simulation/install/champ_msgs/include/champ_msgs/champ_msgs/msg/detail/joints__type_support.h
[3.977s] -- Installing: /home/hibiki/Robomech_HR/Eglantyne/simulation/install/champ_msgs/include/champ_msgs/champ_msgs/msg/detail/contacts_stamped__struct.h
[3.977s] -- Installing: /home/hibiki/Robomech_HR/Eglantyne/simulation/install/champ_msgs/include/champ_msgs/champ_msgs/msg/detail/point__functions.h
[3.977s] -- Installing: /home/hibiki/Robomech_HR/Eglantyne/simulation/install/champ_msgs/include/champ_msgs/champ_msgs/msg/detail/contacts__struct.h
[3.977s] -- Installing: /home/hibiki/Robomech_HR/Eglantyne/simulation/install/champ_msgs/include/champ_msgs/champ_msgs/msg/detail/velocities__functions.c
[3.977s] -- Installing: /home/hibiki/Robomech_HR/Eglantyne/simulation/install/champ_msgs/include/champ_msgs/champ_msgs/msg/detail/joints__struct.h
[3.977s] -- Installing: /home/hibiki/Robomech_HR/Eglantyne/simulation/install/champ_msgs/include/champ_msgs/champ_msgs/msg/detail/imu__type_support.h
[3.977s] -- Installing: /home/hibiki/Robomech_HR/Eglantyne/simulation/install/champ_msgs/include/champ_msgs/champ_msgs/msg/detail/imu__functions.h
[3.977s] -- Installing: /home/hibiki/Robomech_HR/Eglantyne/simulation/install/champ_msgs/include/champ_msgs/champ_msgs/msg/detail/point_array__functions.h
[3.977s] -- Installing: /home/hibiki/Robomech_HR/Eglantyne/simulation/install/champ_msgs/include/champ_msgs/champ_msgs/msg/detail/imu__functions.c
[3.977s] -- Installing: /home/hibiki/Robomech_HR/Eglantyne/simulation/install/champ_msgs/include/champ_msgs/champ_msgs/msg/detail/contacts_stamped__functions.h
[3.977s] -- Installing: /home/hibiki/Robomech_HR/Eglantyne/simulation/install/champ_msgs/include/champ_msgs/champ_msgs/msg/detail/contacts__functions.c
[3.977s] -- Installing: /home/hibiki/Robomech_HR/Eglantyne/simulation/install/champ_msgs/include/champ_msgs/champ_msgs/msg/detail/velocities__struct.h
[3.977s] -- Installing: /home/hibiki/Robomech_HR/Eglantyne/simulation/install/champ_msgs/include/champ_msgs/champ_msgs/msg/detail/point_array__type_support.h
[3.978s] -- Installing: /home/hibiki/Robomech_HR/Eglantyne/simulation/install/champ_msgs/include/champ_msgs/champ_msgs/msg/detail/pid__functions.c
[3.978s] -- Installing: /home/hibiki/Robomech_HR/Eglantyne/simulation/install/champ_msgs/include/champ_msgs/champ_msgs/msg/detail/velocities__functions.h
[3.978s] -- Installing: /home/hibiki/Robomech_HR/Eglantyne/simulation/install/champ_msgs/include/champ_msgs/champ_msgs/msg/detail/contacts_stamped__type_support.h
[3.978s] -- Installing: /home/hibiki/Robomech_HR/Eglantyne/simulation/install/champ_msgs/include/champ_msgs/champ_msgs/msg/detail/point_array__functions.c
[3.978s] -- Installing: /home/hibiki/Robomech_HR/Eglantyne/simulation/install/champ_msgs/include/champ_msgs/champ_msgs/msg/detail/pose__functions.h
[3.978s] -- Installing: /home/hibiki/Robomech_HR/Eglantyne/simulation/install/champ_msgs/include/champ_msgs/champ_msgs/msg/detail/pid__struct.h
[3.978s] -- Installing: /home/hibiki/Robomech_HR/Eglantyne/simulation/install/champ_msgs/include/champ_msgs/champ_msgs/msg/detail/pose__struct.h
[3.978s] -- Installing: /home/hibiki/Robomech_HR/Eglantyne/simulation/install/champ_msgs/include/champ_msgs/champ_msgs/msg/contacts.h
[3.978s] -- Installing: /home/hibiki/Robomech_HR/Eglantyne/simulation/install/champ_msgs/include/champ_msgs/champ_msgs/msg/contacts_stamped.h
[3.978s] -- Installing: /home/hibiki/Robomech_HR/Eglantyne/simulation/install/champ_msgs/include/champ_msgs/champ_msgs/msg/pid.h
[3.978s] -- Installing: /home/hibiki/Robomech_HR/Eglantyne/simulation/install/champ_msgs/include/champ_msgs/champ_msgs/msg/imu.h
[3.978s] -- Installing: /home/hibiki/Robomech_HR/Eglantyne/simulation/install/champ_msgs/include/champ_msgs/champ_msgs/msg/point_array.h
[3.978s] -- Installing: /home/hibiki/Robomech_HR/Eglantyne/simulation/install/champ_msgs/share/champ_msgs/environment/library_path.sh
[3.978s] -- Installing: /home/hibiki/Robomech_HR/Eglantyne/simulation/install/champ_msgs/share/champ_msgs/environment/library_path.dsv
[3.978s] -- Installing: /home/hibiki/Robomech_HR/Eglantyne/simulation/install/champ_msgs/lib/libchamp_msgs__rosidl_generator_c.so
[3.978s] -- Set runtime path of "/home/hibiki/Robomech_HR/Eglantyne/simulation/install/champ_msgs/lib/libchamp_msgs__rosidl_generator_c.so" to ""
[3.978s] -- Up-to-date: /home/hibiki/Robomech_HR/Eglantyne/simulation/install/champ_msgs/include/champ_msgs/champ_msgs
[3.978s] -- Up-to-date: /home/hibiki/Robomech_HR/Eglantyne/simulation/install/champ_msgs/include/champ_msgs/champ_msgs/msg
[3.978s] -- Up-to-date: /home/hibiki/Robomech_HR/Eglantyne/simulation/install/champ_msgs/include/champ_msgs/champ_msgs/msg/detail
[3.979s] -- Installing: /home/hibiki/Robomech_HR/Eglantyne/simulation/install/champ_msgs/include/champ_msgs/champ_msgs/msg/detail/point_array__rosidl_typesupport_fastrtps_c.h
[3.979s] -- Installing: /home/hibiki/Robomech_HR/Eglantyne/simulation/install/champ_msgs/include/champ_msgs/champ_msgs/msg/detail/pid__rosidl_typesupport_fastrtps_c.h
[3.979s] -- Installing: /home/hibiki/Robomech_HR/Eglantyne/simulation/install/champ_msgs/include/champ_msgs/champ_msgs/msg/detail/joints__rosidl_typesupport_fastrtps_c.h
[3.979s] -- Installing: /home/hibiki/Robomech_HR/Eglantyne/simulation/install/champ_msgs/include/champ_msgs/champ_msgs/msg/detail/contacts_stamped__rosidl_typesupport_fastrtps_c.h
[3.979s] -- Installing: /home/hibiki/Robomech_HR/Eglantyne/simulation/install/champ_msgs/include/champ_msgs/champ_msgs/msg/detail/velocities__rosidl_typesupport_fastrtps_c.h
[3.979s] -- Installing: /home/hibiki/Robomech_HR/Eglantyne/simulation/install/champ_msgs/include/champ_msgs/champ_msgs/msg/detail/imu__rosidl_typesupport_fastrtps_c.h
[3.979s] -- Installing: /home/hibiki/Robomech_HR/Eglantyne/simulation/install/champ_msgs/include/champ_msgs/champ_msgs/msg/detail/pose__rosidl_typesupport_fastrtps_c.h
[3.979s] -- Installing: /home/hibiki/Robomech_HR/Eglantyne/simulation/install/champ_msgs/include/champ_msgs/champ_msgs/msg/detail/contacts__rosidl_typesupport_fastrtps_c.h
[3.979s] -- Installing: /home/hibiki/Robomech_HR/Eglantyne/simulation/install/champ_msgs/include/champ_msgs/champ_msgs/msg/detail/point__rosidl_typesupport_fastrtps_c.h
[3.979s] -- Installing: /home/hibiki/Robomech_HR/Eglantyne/simulation/install/champ_msgs/include/champ_msgs/champ_msgs/msg/rosidl_typesupport_fastrtps_c__visibility_control.h
[3.979s] -- Installing: /home/hibiki/Robomech_HR/Eglantyne/simulation/install/champ_msgs/lib/libchamp_msgs__rosidl_typesupport_fastrtps_c.so
[3.979s] -- Set runtime path of "/home/hibiki/Robomech_HR/Eglantyne/simulation/install/champ_msgs/lib/libchamp_msgs__rosidl_typesupport_fastrtps_c.so" to ""
[3.979s] -- Up-to-date: /home/hibiki/Robomech_HR/Eglantyne/simulation/install/champ_msgs/include/champ_msgs/champ_msgs
[3.979s] -- Up-to-date: /home/hibiki/Robomech_HR/Eglantyne/simulation/install/champ_msgs/include/champ_msgs/champ_msgs/msg
[3.979s] -- Up-to-date: /home/hibiki/Robomech_HR/Eglantyne/simulation/install/champ_msgs/include/champ_msgs/champ_msgs/msg/detail
[3.979s] -- Installing: /home/hibiki/Robomech_HR/Eglantyne/simulation/install/champ_msgs/include/champ_msgs/champ_msgs/msg/detail/point_array__type_support.c
[3.979s] -- Installing: /home/hibiki/Robomech_HR/Eglantyne/simulation/install/champ_msgs/include/champ_msgs/champ_msgs/msg/detail/contacts__type_support.c
[3.979s] -- Installing: /home/hibiki/Robomech_HR/Eglantyne/simulation/install/champ_msgs/include/champ_msgs/champ_msgs/msg/detail/imu__type_support.c
[3.979s] -- Installing: /home/hibiki/Robomech_HR/Eglantyne/simulation/install/champ_msgs/include/champ_msgs/champ_msgs/msg/detail/point__rosidl_typesupport_introspection_c.h
[3.979s] -- Installing: /home/hibiki/Robomech_HR/Eglantyne/simulation/install/champ_msgs/include/champ_msgs/champ_msgs/msg/detail/pid__type_support.c
[3.979s] -- Installing: /home/hibiki/Robomech_HR/Eglantyne/simulation/install/champ_msgs/include/champ_msgs/champ_msgs/msg/detail/contacts__rosidl_typesupport_introspection_c.h
[3.979s] -- Installing: /home/hibiki/Robomech_HR/Eglantyne/simulation/install/champ_msgs/include/champ_msgs/champ_msgs/msg/detail/joints__rosidl_typesupport_introspection_c.h
[3.979s] -- Installing: /home/hibiki/Robomech_HR/Eglantyne/simulation/install/champ_msgs/include/champ_msgs/champ_msgs/msg/detail/imu__rosidl_typesupport_introspection_c.h
[3.979s] -- Installing: /home/hibiki/Robomech_HR/Eglantyne/simulation/install/champ_msgs/include/champ_msgs/champ_msgs/msg/detail/pose__type_support.c
[3.980s] -- Installing: /home/hibiki/Robomech_HR/Eglantyne/simulation/install/champ_msgs/include/champ_msgs/champ_msgs/msg/detail/velocities__type_support.c
[3.980s] -- Installing: /home/hibiki/Robomech_HR/Eglantyne/simulation/install/champ_msgs/include/champ_msgs/champ_msgs/msg/detail/point_array__rosidl_typesupport_introspection_c.h
[3.980s] -- Installing: /home/hibiki/Robomech_HR/Eglantyne/simulation/install/champ_msgs/include/champ_msgs/champ_msgs/msg/detail/velocities__rosidl_typesupport_introspection_c.h
[3.980s] -- Installing: /home/hibiki/Robomech_HR/Eglantyne/simulation/install/champ_msgs/include/champ_msgs/champ_msgs/msg/detail/pose__rosidl_typesupport_introspection_c.h
[3.980s] -- Installing: /home/hibiki/Robomech_HR/Eglantyne/simulation/install/champ_msgs/include/champ_msgs/champ_msgs/msg/detail/pid__rosidl_typesupport_introspection_c.h
[3.980s] -- Installing: /home/hibiki/Robomech_HR/Eglantyne/simulation/install/champ_msgs/include/champ_msgs/champ_msgs/msg/detail/contacts_stamped__type_support.c
[3.980s] -- Installing: /home/hibiki/Robomech_HR/Eglantyne/simulation/install/champ_msgs/include/champ_msgs/champ_msgs/msg/detail/point__type_support.c
[3.980s] -- Installing: /home/hibiki/Robomech_HR/Eglantyne/simulation/install/champ_msgs/include/champ_msgs/champ_msgs/msg/detail/contacts_stamped__rosidl_typesupport_introspection_c.h
[3.980s] -- Installing: /home/hibiki/Robomech_HR/Eglantyne/simulation/install/champ_msgs/include/champ_msgs/champ_msgs/msg/detail/joints__type_support.c
[3.980s] -- Installing: /home/hibiki/Robomech_HR/Eglantyne/simulation/install/champ_msgs/include/champ_msgs/champ_msgs/msg/rosidl_typesupport_introspection_c__visibility_control.h
[3.980s] -- Installing: /home/hibiki/Robomech_HR/Eglantyne/simulation/install/champ_msgs/lib/libchamp_msgs__rosidl_typesupport_introspection_c.so
[3.980s] -- Set runtime path of "/home/hibiki/Robomech_HR/Eglantyne/simulation/install/champ_msgs/lib/libchamp_msgs__rosidl_typesupport_introspection_c.so" to ""
[3.980s] -- Installing: /home/hibiki/Robomech_HR/Eglantyne/simulation/install/champ_msgs/lib/libchamp_msgs__rosidl_typesupport_c.so
[3.980s] -- Set runtime path of "/home/hibiki/Robomech_HR/Eglantyne/simulation/install/champ_msgs/lib/libchamp_msgs__rosidl_typesupport_c.so" to ""
[3.980s] -- Up-to-date: /home/hibiki/Robomech_HR/Eglantyne/simulation/install/champ_msgs/include/champ_msgs/champ_msgs
[3.980s] -- Up-to-date: /home/hibiki/Robomech_HR/Eglantyne/simulation/install/champ_msgs/include/champ_msgs/champ_msgs/msg
[3.980s] -- Installing: /home/hibiki/Robomech_HR/Eglantyne/simulation/install/champ_msgs/include/champ_msgs/champ_msgs/msg/imu.hpp
[3.980s] -- Installing: /home/hibiki/Robomech_HR/Eglantyne/simulation/install/champ_msgs/include/champ_msgs/champ_msgs/msg/point.hpp
[3.980s] -- Installing: /home/hibiki/Robomech_HR/Eglantyne/simulation/install/champ_msgs/include/champ_msgs/champ_msgs/msg/point_array.hpp
[3.980s] -- Installing: /home/hibiki/Robomech_HR/Eglantyne/simulation/install/champ_msgs/include/champ_msgs/champ_msgs/msg/pose.hpp
[3.981s] -- Installing: /home/hibiki/Robomech_HR/Eglantyne/simulation/install/champ_msgs/include/champ_msgs/champ_msgs/msg/velocities.hpp
[3.981s] -- Installing: /home/hibiki/Robomech_HR/Eglantyne/simulation/install/champ_msgs/include/champ_msgs/champ_msgs/msg/joints.hpp
[3.981s] -- Up-to-date: /home/hibiki/Robomech_HR/Eglantyne/simulation/install/champ_msgs/include/champ_msgs/champ_msgs/msg/detail
[3.981s] -- Installing: /home/hibiki/Robomech_HR/Eglantyne/simulation/install/champ_msgs/include/champ_msgs/champ_msgs/msg/detail/joints__struct.hpp
[3.981s] -- Installing: /home/hibiki/Robomech_HR/Eglantyne/simulation/install/champ_msgs/include/champ_msgs/champ_msgs/msg/detail/pid__builder.hpp
[3.981s] -- Installing: /home/hibiki/Robomech_HR/Eglantyne/simulation/install/champ_msgs/include/champ_msgs/champ_msgs/msg/detail/contacts_stamped__builder.hpp
[3.981s] -- Installing: /home/hibiki/Robomech_HR/Eglantyne/simulation/install/champ_msgs/include/champ_msgs/champ_msgs/msg/detail/joints__builder.hpp
[3.981s] -- Installing: /home/hibiki/Robomech_HR/Eglantyne/simulation/install/champ_msgs/include/champ_msgs/champ_msgs/msg/detail/pose__struct.hpp
[3.981s] -- Installing: /home/hibiki/Robomech_HR/Eglantyne/simulation/install/champ_msgs/include/champ_msgs/champ_msgs/msg/detail/velocities__builder.hpp
[3.981s] -- Installing: /home/hibiki/Robomech_HR/Eglantyne/simulation/install/champ_msgs/include/champ_msgs/champ_msgs/msg/detail/point__struct.hpp
[3.981s] -- Installing: /home/hibiki/Robomech_HR/Eglantyne/simulation/install/champ_msgs/include/champ_msgs/champ_msgs/msg/detail/imu__struct.hpp
[3.981s] -- Installing: /home/hibiki/Robomech_HR/Eglantyne/simulation/install/champ_msgs/include/champ_msgs/champ_msgs/msg/detail/pose__builder.hpp
[3.981s] -- Installing: /home/hibiki/Robomech_HR/Eglantyne/simulation/install/champ_msgs/include/champ_msgs/champ_msgs/msg/detail/pose__traits.hpp
[3.981s] -- Installing: /home/hibiki/Robomech_HR/Eglantyne/simulation/install/champ_msgs/include/champ_msgs/champ_msgs/msg/detail/pid__struct.hpp
[3.981s] -- Installing: /home/hibiki/Robomech_HR/Eglantyne/simulation/install/champ_msgs/include/champ_msgs/champ_msgs/msg/detail/pid__traits.hpp
[3.981s] -- Installing: /home/hibiki/Robomech_HR/Eglantyne/simulation/install/champ_msgs/include/champ_msgs/champ_msgs/msg/detail/imu__builder.hpp
[3.981s] -- Installing: /home/hibiki/Robomech_HR/Eglantyne/simulation/install/champ_msgs/include/champ_msgs/champ_msgs/msg/detail/point__builder.hpp
[3.981s] -- Installing: /home/hibiki/Robomech_HR/Eglantyne/simulation/install/champ_msgs/include/champ_msgs/champ_msgs/msg/detail/velocities__struct.hpp
[3.981s] -- Installing: /home/hibiki/Robomech_HR/Eglantyne/simulation/install/champ_msgs/include/champ_msgs/champ_msgs/msg/detail/imu__traits.hpp
[3.981s] -- Installing: /home/hibiki/Robomech_HR/Eglantyne/simulation/install/champ_msgs/include/champ_msgs/champ_msgs/msg/detail/contacts_stamped__struct.hpp
[3.981s] -- Installing: /home/hibiki/Robomech_HR/Eglantyne/simulation/install/champ_msgs/include/champ_msgs/champ_msgs/msg/detail/point_array__traits.hpp
[3.981s] -- Installing: /home/hibiki/Robomech_HR/Eglantyne/simulation/install/champ_msgs/include/champ_msgs/champ_msgs/msg/detail/contacts__struct.hpp
[3.981s] -- Installing: /home/hibiki/Robomech_HR/Eglantyne/simulation/install/champ_msgs/include/champ_msgs/champ_msgs/msg/detail/contacts__traits.hpp
[3.981s] -- Installing: /home/hibiki/Robomech_HR/Eglantyne/simulation/install/champ_msgs/include/champ_msgs/champ_msgs/msg/detail/contacts__builder.hpp
[3.981s] -- Installing: /home/hibiki/Robomech_HR/Eglantyne/simulation/install/champ_msgs/include/champ_msgs/champ_msgs/msg/detail/joints__traits.hpp
[3.982s] -- Installing: /home/hibiki/Robomech_HR/Eglantyne/simulation/install/champ_msgs/include/champ_msgs/champ_msgs/msg/detail/point__traits.hpp
[3.982s] -- Installing: /home/hibiki/Robomech_HR/Eglantyne/simulation/install/champ_msgs/include/champ_msgs/champ_msgs/msg/detail/point_array__builder.hpp
[3.982s] -- Installing: /home/hibiki/Robomech_HR/Eglantyne/simulation/install/champ_msgs/include/champ_msgs/champ_msgs/msg/detail/contacts_stamped__traits.hpp
[3.982s] -- Installing: /home/hibiki/Robomech_HR/Eglantyne/simulation/install/champ_msgs/include/champ_msgs/champ_msgs/msg/detail/point_array__struct.hpp
[3.982s] -- Installing: /home/hibiki/Robomech_HR/Eglantyne/simulation/install/champ_msgs/include/champ_msgs/champ_msgs/msg/detail/velocities__traits.hpp
[3.982s] -- Installing: /home/hibiki/Robomech_HR/Eglantyne/simulation/install/champ_msgs/include/champ_msgs/champ_msgs/msg/contacts_stamped.hpp
[3.982s] -- Installing: /home/hibiki/Robomech_HR/Eglantyne/simulation/install/champ_msgs/include/champ_msgs/champ_msgs/msg/contacts.hpp
[3.982s] -- Installing: /home/hibiki/Robomech_HR/Eglantyne/simulation/install/champ_msgs/include/champ_msgs/champ_msgs/msg/pid.hpp
[3.982s] -- Up-to-date: /home/hibiki/Robomech_HR/Eglantyne/simulation/install/champ_msgs/include/champ_msgs/champ_msgs
[3.982s] -- Up-to-date: /home/hibiki/Robomech_HR/Eglantyne/simulation/install/champ_msgs/include/champ_msgs/champ_msgs/msg
[3.982s] -- Up-to-date: /home/hibiki/Robomech_HR/Eglantyne/simulation/install/champ_msgs/include/champ_msgs/champ_msgs/msg/detail
[3.982s] -- Installing: /home/hibiki/Robomech_HR/Eglantyne/simulation/install/champ_msgs/include/champ_msgs/champ_msgs/msg/detail/dds_fastrtps
[3.982s] -- Installing: /home/hibiki/Robomech_HR/Eglantyne/simulation/install/champ_msgs/include/champ_msgs/champ_msgs/msg/detail/contacts__rosidl_typesupport_fastrtps_cpp.hpp
[3.982s] -- Installing: /home/hibiki/Robomech_HR/Eglantyne/simulation/install/champ_msgs/include/champ_msgs/champ_msgs/msg/detail/point__rosidl_typesupport_fastrtps_cpp.hpp
[3.982s] -- Installing: /home/hibiki/Robomech_HR/Eglantyne/simulation/install/champ_msgs/include/champ_msgs/champ_msgs/msg/detail/joints__rosidl_typesupport_fastrtps_cpp.hpp
[3.982s] -- Installing: /home/hibiki/Robomech_HR/Eglantyne/simulation/install/champ_msgs/include/champ_msgs/champ_msgs/msg/detail/pid__rosidl_typesupport_fastrtps_cpp.hpp
[3.982s] -- Installing: /home/hibiki/Robomech_HR/Eglantyne/simulation/install/champ_msgs/include/champ_msgs/champ_msgs/msg/detail/point_array__rosidl_typesupport_fastrtps_cpp.hpp
[3.982s] -- Installing: /home/hibiki/Robomech_HR/Eglantyne/simulation/install/champ_msgs/include/champ_msgs/champ_msgs/msg/detail/imu__rosidl_typesupport_fastrtps_cpp.hpp
[3.982s] -- Installing: /home/hibiki/Robomech_HR/Eglantyne/simulation/install/champ_msgs/include/champ_msgs/champ_msgs/msg/detail/contacts_stamped__rosidl_typesupport_fastrtps_cpp.hpp
[3.982s] -- Installing: /home/hibiki/Robomech_HR/Eglantyne/simulation/install/champ_msgs/include/champ_msgs/champ_msgs/msg/detail/pose__rosidl_typesupport_fastrtps_cpp.hpp
[3.982s] -- Installing: /home/hibiki/Robomech_HR/Eglantyne/simulation/install/champ_msgs/include/champ_msgs/champ_msgs/msg/detail/velocities__rosidl_typesupport_fastrtps_cpp.hpp
[3.982s] -- Installing: /home/hibiki/Robomech_HR/Eglantyne/simulation/install/champ_msgs/include/champ_msgs/champ_msgs/msg/rosidl_typesupport_fastrtps_cpp__visibility_control.h
[3.982s] -- Installing: /home/hibiki/Robomech_HR/Eglantyne/simulation/install/champ_msgs/lib/libchamp_msgs__rosidl_typesupport_fastrtps_cpp.so
[3.983s] -- Set runtime path of "/home/hibiki/Robomech_HR/Eglantyne/simulation/install/champ_msgs/lib/libchamp_msgs__rosidl_typesupport_fastrtps_cpp.so" to ""
[3.983s] -- Up-to-date: /home/hibiki/Robomech_HR/Eglantyne/simulation/install/champ_msgs/include/champ_msgs/champ_msgs
[3.983s] -- Up-to-date: /home/hibiki/Robomech_HR/Eglantyne/simulation/install/champ_msgs/include/champ_msgs/champ_msgs/msg
[3.983s] -- Up-to-date: /home/hibiki/Robomech_HR/Eglantyne/simulation/install/champ_msgs/include/champ_msgs/champ_msgs/msg/detail
[3.983s] -- Installing: /home/hibiki/Robomech_HR/Eglantyne/simulation/install/champ_msgs/include/champ_msgs/champ_msgs/msg/detail/contacts_stamped__rosidl_typesupport_introspection_cpp.hpp
[3.983s] -- Installing: /home/hibiki/Robomech_HR/Eglantyne/simulation/install/champ_msgs/include/champ_msgs/champ_msgs/msg/detail/contacts__type_support.cpp
[3.983s] -- Installing: /home/hibiki/Robomech_HR/Eglantyne/simulation/install/champ_msgs/include/champ_msgs/champ_msgs/msg/detail/joints__rosidl_typesupport_introspection_cpp.hpp
[3.983s] -- Installing: /home/hibiki/Robomech_HR/Eglantyne/simulation/install/champ_msgs/include/champ_msgs/champ_msgs/msg/detail/pose__type_support.cpp
[3.983s] -- Installing: /home/hibiki/Robomech_HR/Eglantyne/simulation/install/champ_msgs/include/champ_msgs/champ_msgs/msg/detail/pose__rosidl_typesupport_introspection_cpp.hpp
[3.983s] -- Installing: /home/hibiki/Robomech_HR/Eglantyne/simulation/install/champ_msgs/include/champ_msgs/champ_msgs/msg/detail/point__type_support.cpp
[3.983s] -- Installing: /home/hibiki/Robomech_HR/Eglantyne/simulation/install/champ_msgs/include/champ_msgs/champ_msgs/msg/detail/velocities__rosidl_typesupport_introspection_cpp.hpp
[3.983s] -- Installing: /home/hibiki/Robomech_HR/Eglantyne/simulation/install/champ_msgs/include/champ_msgs/champ_msgs/msg/detail/joints__type_support.cpp
[3.983s] -- Installing: /home/hibiki/Robomech_HR/Eglantyne/simulation/install/champ_msgs/include/champ_msgs/champ_msgs/msg/detail/point_array__rosidl_typesupport_introspection_cpp.hpp
[3.983s] -- Installing: /home/hibiki/Robomech_HR/Eglantyne/simulation/install/champ_msgs/include/champ_msgs/champ_msgs/msg/detail/velocities__type_support.cpp
[3.983s] -- Installing: /home/hibiki/Robomech_HR/Eglantyne/simulation/install/champ_msgs/include/champ_msgs/champ_msgs/msg/detail/contacts__rosidl_typesupport_introspection_cpp.hpp
[3.984s] -- Installing: /home/hibiki/Robomech_HR/Eglantyne/simulation/install/champ_msgs/include/champ_msgs/champ_msgs/msg/detail/point_array__type_support.cpp
[3.984s] -- Installing: /home/hibiki/Robomech_HR/Eglantyne/simulation/install/champ_msgs/include/champ_msgs/champ_msgs/msg/detail/contacts_stamped__type_support.cpp
[3.984s] -- Installing: /home/hibiki/Robomech_HR/Eglantyne/simulation/install/champ_msgs/include/champ_msgs/champ_msgs/msg/detail/imu__type_support.cpp
[3.984s] -- Installing: /home/hibiki/Robomech_HR/Eglantyne/simulation/install/champ_msgs/include/champ_msgs/champ_msgs/msg/detail/pid__rosidl_typesupport_introspection_cpp.hpp
[3.984s] -- Installing: /home/hibiki/Robomech_HR/Eglantyne/simulation/install/champ_msgs/include/champ_msgs/champ_msgs/msg/detail/imu__rosidl_typesupport_introspection_cpp.hpp
[3.984s] -- Installing: /home/hibiki/Robomech_HR/Eglantyne/simulation/install/champ_msgs/include/champ_msgs/champ_msgs/msg/detail/pid__type_support.cpp
[3.984s] -- Installing: /home/hibiki/Robomech_HR/Eglantyne/simulation/install/champ_msgs/include/champ_msgs/champ_msgs/msg/detail/point__rosidl_typesupport_introspection_cpp.hpp
[3.984s] -- Installing: /home/hibiki/Robomech_HR/Eglantyne/simulation/install/champ_msgs/lib/libchamp_msgs__rosidl_typesupport_introspection_cpp.so
[3.984s] -- Set runtime path of "/home/hibiki/Robomech_HR/Eglantyne/simulation/install/champ_msgs/lib/libchamp_msgs__rosidl_typesupport_introspection_cpp.so" to ""
[3.984s] -- Installing: /home/hibiki/Robomech_HR/Eglantyne/simulation/install/champ_msgs/lib/libchamp_msgs__rosidl_typesupport_cpp.so
[3.984s] -- Set runtime path of "/home/hibiki/Robomech_HR/Eglantyne/simulation/install/champ_msgs/lib/libchamp_msgs__rosidl_typesupport_cpp.so" to ""
[3.984s] -- Installing: /home/hibiki/Robomech_HR/Eglantyne/simulation/install/champ_msgs/share/champ_msgs/environment/pythonpath.sh
[3.984s] -- Installing: /home/hibiki/Robomech_HR/Eglantyne/simulation/install/champ_msgs/share/champ_msgs/environment/pythonpath.dsv
[3.984s] -- Installing: /home/hibiki/Robomech_HR/Eglantyne/simulation/install/champ_msgs/lib/python3.10/site-packages/champ_msgs-0.1.0-py3.10.egg-info
[3.984s] -- Installing: /home/hibiki/Robomech_HR/Eglantyne/simulation/install/champ_msgs/lib/python3.10/site-packages/champ_msgs-0.1.0-py3.10.egg-info/top_level.txt
[3.985s] -- Installing: /home/hibiki/Robomech_HR/Eglantyne/simulation/install/champ_msgs/lib/python3.10/site-packages/champ_msgs-0.1.0-py3.10.egg-info/dependency_links.txt
[3.985s] -- Installing: /home/hibiki/Robomech_HR/Eglantyne/simulation/install/champ_msgs/lib/python3.10/site-packages/champ_msgs-0.1.0-py3.10.egg-info/SOURCES.txt
[3.985s] -- Installing: /home/hibiki/Robomech_HR/Eglantyne/simulation/install/champ_msgs/lib/python3.10/site-packages/champ_msgs-0.1.0-py3.10.egg-info/PKG-INFO
[3.985s] -- Installing: /home/hibiki/Robomech_HR/Eglantyne/simulation/install/champ_msgs/lib/python3.10/site-packages/champ_msgs
[3.985s] -- Installing: /home/hibiki/Robomech_HR/Eglantyne/simulation/install/champ_msgs/lib/python3.10/site-packages/champ_msgs/libchamp_msgs__rosidl_generator_py.so
[3.985s] -- Installing: /home/hibiki/Robomech_HR/Eglantyne/simulation/install/champ_msgs/lib/python3.10/site-packages/champ_msgs/msg
[3.985s] -- Installing: /home/hibiki/Robomech_HR/Eglantyne/simulation/install/champ_msgs/lib/python3.10/site-packages/champ_msgs/msg/_imu.py
[3.985s] -- Installing: /home/hibiki/Robomech_HR/Eglantyne/simulation/install/champ_msgs/lib/python3.10/site-packages/champ_msgs/msg/_point_array.py
[3.985s] -- Installing: /home/hibiki/Robomech_HR/Eglantyne/simulation/install/champ_msgs/lib/python3.10/site-packages/champ_msgs/msg/_contacts.py
[3.985s] -- Installing: /home/hibiki/Robomech_HR/Eglantyne/simulation/install/champ_msgs/lib/python3.10/site-packages/champ_msgs/msg/_point_array_s.c
[3.985s] -- Installing: /home/hibiki/Robomech_HR/Eglantyne/simulation/install/champ_msgs/lib/python3.10/site-packages/champ_msgs/msg/_joints_s.c
[3.985s] -- Installing: /home/hibiki/Robomech_HR/Eglantyne/simulation/install/champ_msgs/lib/python3.10/site-packages/champ_msgs/msg/__init__.py
[3.985s] -- Installing: /home/hibiki/Robomech_HR/Eglantyne/simulation/install/champ_msgs/lib/python3.10/site-packages/champ_msgs/msg/_pose_s.c
[3.985s] -- Installing: /home/hibiki/Robomech_HR/Eglantyne/simulation/install/champ_msgs/lib/python3.10/site-packages/champ_msgs/msg/_pid_s.c
[3.985s] -- Installing: /home/hibiki/Robomech_HR/Eglantyne/simulation/install/champ_msgs/lib/python3.10/site-packages/champ_msgs/msg/_imu_s.c
[3.985s] -- Installing: /home/hibiki/Robomech_HR/Eglantyne/simulation/install/champ_msgs/lib/python3.10/site-packages/champ_msgs/msg/_contacts_s.c
[3.985s] -- Installing: /home/hibiki/Robomech_HR/Eglantyne/simulation/install/champ_msgs/lib/python3.10/site-packages/champ_msgs/msg/_point.py
[3.985s] -- Installing: /home/hibiki/Robomech_HR/Eglantyne/simulation/install/champ_msgs/lib/python3.10/site-packages/champ_msgs/msg/_contacts_stamped.py
[3.985s] -- Installing: /home/hibiki/Robomech_HR/Eglantyne/simulation/install/champ_msgs/lib/python3.10/site-packages/champ_msgs/msg/_point_s.c
[3.985s] -- Installing: /home/hibiki/Robomech_HR/Eglantyne/simulation/install/champ_msgs/lib/python3.10/site-packages/champ_msgs/msg/_pose.py
[3.985s] -- Installing: /home/hibiki/Robomech_HR/Eglantyne/simulation/install/champ_msgs/lib/python3.10/site-packages/champ_msgs/msg/_velocities_s.c
[3.985s] -- Installing: /home/hibiki/Robomech_HR/Eglantyne/simulation/install/champ_msgs/lib/python3.10/site-packages/champ_msgs/msg/_pid.py
[3.985s] -- Installing: /home/hibiki/Robomech_HR/Eglantyne/simulation/install/champ_msgs/lib/python3.10/site-packages/champ_msgs/msg/_velocities.py
[3.985s] -- Installing: /home/hibiki/Robomech_HR/Eglantyne/simulation/install/champ_msgs/lib/python3.10/site-packages/champ_msgs/msg/_contacts_stamped_s.c
[3.985s] -- Installing: /home/hibiki/Robomech_HR/Eglantyne/simulation/install/champ_msgs/lib/python3.10/site-packages/champ_msgs/msg/_joints.py
[3.986s] -- Installing: /home/hibiki/Robomech_HR/Eglantyne/simulation/install/champ_msgs/lib/python3.10/site-packages/champ_msgs/champ_msgs_s__rosidl_typesupport_c.cpython-310-x86_64-linux-gnu.so
[3.986s] -- Installing: /home/hibiki/Robomech_HR/Eglantyne/simulation/install/champ_msgs/lib/python3.10/site-packages/champ_msgs/__init__.py
[3.986s] -- Installing: /home/hibiki/Robomech_HR/Eglantyne/simulation/install/champ_msgs/lib/python3.10/site-packages/champ_msgs/_champ_msgs_s.ep.rosidl_typesupport_c.c
[3.986s] -- Installing: /home/hibiki/Robomech_HR/Eglantyne/simulation/install/champ_msgs/lib/python3.10/site-packages/champ_msgs/champ_msgs_s__rosidl_typesupport_introspection_c.cpython-310-x86_64-linux-gnu.so
[3.986s] -- Installing: /home/hibiki/Robomech_HR/Eglantyne/simulation/install/champ_msgs/lib/python3.10/site-packages/champ_msgs/_champ_msgs_s.ep.rosidl_typesupport_fastrtps_c.c
[3.986s] -- Installing: /home/hibiki/Robomech_HR/Eglantyne/simulation/install/champ_msgs/lib/python3.10/site-packages/champ_msgs/champ_msgs_s__rosidl_typesupport_fastrtps_c.cpython-310-x86_64-linux-gnu.so
[3.986s] -- Installing: /home/hibiki/Robomech_HR/Eglantyne/simulation/install/champ_msgs/lib/python3.10/site-packages/champ_msgs/_champ_msgs_s.ep.rosidl_typesupport_introspection_c.c
[4.011s] Listing '/home/hibiki/Robomech_HR/Eglantyne/simulation/install/champ_msgs/lib/python3.10/site-packages/champ_msgs'...
[4.011s] Compiling '/home/hibiki/Robomech_HR/Eglantyne/simulation/install/champ_msgs/lib/python3.10/site-packages/champ_msgs/__init__.py'...
[4.011s] Listing '/home/hibiki/Robomech_HR/Eglantyne/simulation/install/champ_msgs/lib/python3.10/site-packages/champ_msgs/msg'...
[4.011s] Compiling '/home/hibiki/Robomech_HR/Eglantyne/simulation/install/champ_msgs/lib/python3.10/site-packages/champ_msgs/msg/__init__.py'...
[4.011s] Compiling '/home/hibiki/Robomech_HR/Eglantyne/simulation/install/champ_msgs/lib/python3.10/site-packages/champ_msgs/msg/_contacts.py'...
[4.011s] Compiling '/home/hibiki/Robomech_HR/Eglantyne/simulation/install/champ_msgs/lib/python3.10/site-packages/champ_msgs/msg/_contacts_stamped.py'...
[4.011s] Compiling '/home/hibiki/Robomech_HR/Eglantyne/simulation/install/champ_msgs/lib/python3.10/site-packages/champ_msgs/msg/_imu.py'...
[4.011s] Compiling '/home/hibiki/Robomech_HR/Eglantyne/simulation/install/champ_msgs/lib/python3.10/site-packages/champ_msgs/msg/_joints.py'...
[4.011s] Compiling '/home/hibiki/Robomech_HR/Eglantyne/simulation/install/champ_msgs/lib/python3.10/site-packages/champ_msgs/msg/_pid.py'...
[4.011s] Compiling '/home/hibiki/Robomech_HR/Eglantyne/simulation/install/champ_msgs/lib/python3.10/site-packages/champ_msgs/msg/_point.py'...
[4.011s] Compiling '/home/hibiki/Robomech_HR/Eglantyne/simulation/install/champ_msgs/lib/python3.10/site-packages/champ_msgs/msg/_point_array.py'...
[4.011s] Compiling '/home/hibiki/Robomech_HR/Eglantyne/simulation/install/champ_msgs/lib/python3.10/site-packages/champ_msgs/msg/_pose.py'...
[4.011s] Compiling '/home/hibiki/Robomech_HR/Eglantyne/simulation/install/champ_msgs/lib/python3.10/site-packages/champ_msgs/msg/_velocities.py'...
[4.014s] -- Installing: /home/hibiki/Robomech_HR/Eglantyne/simulation/install/champ_msgs/lib/python3.10/site-packages/champ_msgs/champ_msgs_s__rosidl_typesupport_fastrtps_c.cpython-310-x86_64-linux-gnu.so
[4.014s] -- Set runtime path of "/home/hibiki/Robomech_HR/Eglantyne/simulation/install/champ_msgs/lib/python3.10/site-packages/champ_msgs/champ_msgs_s__rosidl_typesupport_fastrtps_c.cpython-310-x86_64-linux-gnu.so" to ""
[4.014s] -- Installing: /home/hibiki/Robomech_HR/Eglantyne/simulation/install/champ_msgs/lib/python3.10/site-packages/champ_msgs/champ_msgs_s__rosidl_typesupport_introspection_c.cpython-310-x86_64-linux-gnu.so
[4.014s] -- Set runtime path of "/home/hibiki/Robomech_HR/Eglantyne/simulation/install/champ_msgs/lib/python3.10/site-packages/champ_msgs/champ_msgs_s__rosidl_typesupport_introspection_c.cpython-310-x86_64-linux-gnu.so" to ""
[4.014s] -- Installing: /home/hibiki/Robomech_HR/Eglantyne/simulation/install/champ_msgs/lib/python3.10/site-packages/champ_msgs/champ_msgs_s__rosidl_typesupport_c.cpython-310-x86_64-linux-gnu.so
[4.014s] -- Set runtime path of "/home/hibiki/Robomech_HR/Eglantyne/simulation/install/champ_msgs/lib/python3.10/site-packages/champ_msgs/champ_msgs_s__rosidl_typesupport_c.cpython-310-x86_64-linux-gnu.so" to ""
[4.014s] -- Installing: /home/hibiki/Robomech_HR/Eglantyne/simulation/install/champ_msgs/lib/libchamp_msgs__rosidl_generator_py.so
[4.014s] -- Set runtime path of "/home/hibiki/Robomech_HR/Eglantyne/simulation/install/champ_msgs/lib/libchamp_msgs__rosidl_generator_py.so" to ""
[4.014s] -- Installing: /home/hibiki/Robomech_HR/Eglantyne/simulation/install/champ_msgs/share/champ_msgs/msg/Velocities.idl
[4.014s] -- Installing: /home/hibiki/Robomech_HR/Eglantyne/simulation/install/champ_msgs/share/champ_msgs/msg/PID.idl
[4.014s] -- Installing: /home/hibiki/Robomech_HR/Eglantyne/simulation/install/champ_msgs/share/champ_msgs/msg/Imu.idl
[4.014s] -- Installing: /home/hibiki/Robomech_HR/Eglantyne/simulation/install/champ_msgs/share/champ_msgs/msg/Point.idl
[4.014s] -- Installing: /home/hibiki/Robomech_HR/Eglantyne/simulation/install/champ_msgs/share/champ_msgs/msg/PointArray.idl
[4.014s] -- Installing: /home/hibiki/Robomech_HR/Eglantyne/simulation/install/champ_msgs/share/champ_msgs/msg/Joints.idl
[4.014s] -- Installing: /home/hibiki/Robomech_HR/Eglantyne/simulation/install/champ_msgs/share/champ_msgs/msg/Contacts.idl
[4.014s] -- Installing: /home/hibiki/Robomech_HR/Eglantyne/simulation/install/champ_msgs/share/champ_msgs/msg/ContactsStamped.idl
[4.014s] -- Installing: /home/hibiki/Robomech_HR/Eglantyne/simulation/install/champ_msgs/share/champ_msgs/msg/Pose.idl
[4.015s] -- Installing: /home/hibiki/Robomech_HR/Eglantyne/simulation/install/champ_msgs/share/champ_msgs/msg/Velocities.msg
[4.015s] -- Installing: /home/hibiki/Robomech_HR/Eglantyne/simulation/install/champ_msgs/share/champ_msgs/msg/PID.msg
[4.015s] -- Installing: /home/hibiki/Robomech_HR/Eglantyne/simulation/install/champ_msgs/share/champ_msgs/msg/Imu.msg
[4.015s] -- Installing: /home/hibiki/Robomech_HR/Eglantyne/simulation/install/champ_msgs/share/champ_msgs/msg/Point.msg
[4.015s] -- Installing: /home/hibiki/Robomech_HR/Eglantyne/simulation/install/champ_msgs/share/champ_msgs/msg/PointArray.msg
[4.015s] -- Installing: /home/hibiki/Robomech_HR/Eglantyne/simulation/install/champ_msgs/share/champ_msgs/msg/Joints.msg
[4.015s] -- Installing: /home/hibiki/Robomech_HR/Eglantyne/simulation/install/champ_msgs/share/champ_msgs/msg/Contacts.msg
[4.015s] -- Installing: /home/hibiki/Robomech_HR/Eglantyne/simulation/install/champ_msgs/share/champ_msgs/msg/ContactsStamped.msg
[4.015s] -- Installing: /home/hibiki/Robomech_HR/Eglantyne/simulation/install/champ_msgs/share/champ_msgs/msg/Pose.msg
[4.015s] -- Installing: /home/hibiki/Robomech_HR/Eglantyne/simulation/install/champ_msgs/share/ament_index/resource_index/package_run_dependencies/champ_msgs
[4.015s] -- Installing: /home/hibiki/Robomech_HR/Eglantyne/simulation/install/champ_msgs/share/ament_index/resource_index/parent_prefix_path/champ_msgs
[4.015s] -- Installing: /home/hibiki/Robomech_HR/Eglantyne/simulation/install/champ_msgs/share/champ_msgs/environment/ament_prefix_path.sh
[4.015s] -- Installing: /home/hibiki/Robomech_HR/Eglantyne/simulation/install/champ_msgs/share/champ_msgs/environment/ament_prefix_path.dsv
[4.015s] -- Installing: /home/hibiki/Robomech_HR/Eglantyne/simulation/install/champ_msgs/share/champ_msgs/environment/path.sh
[4.015s] -- Installing: /home/hibiki/Robomech_HR/Eglantyne/simulation/install/champ_msgs/share/champ_msgs/environment/path.dsv
[4.015s] -- Installing: /home/hibiki/Robomech_HR/Eglantyne/simulation/install/champ_msgs/share/champ_msgs/local_setup.bash
[4.015s] -- Installing: /home/hibiki/Robomech_HR/Eglantyne/simulation/install/champ_msgs/share/champ_msgs/local_setup.sh
[4.015s] -- Installing: /home/hibiki/Robomech_HR/Eglantyne/simulation/install/champ_msgs/share/champ_msgs/local_setup.zsh
[4.015s] -- Installing: /home/hibiki/Robomech_HR/Eglantyne/simulation/install/champ_msgs/share/champ_msgs/local_setup.dsv
[4.015s] -- Installing: /home/hibiki/Robomech_HR/Eglantyne/simulation/install/champ_msgs/share/champ_msgs/package.dsv
[4.015s] -- Installing: /home/hibiki/Robomech_HR/Eglantyne/simulation/install/champ_msgs/share/ament_index/resource_index/packages/champ_msgs
[4.016s] -- Installing: /home/hibiki/Robomech_HR/Eglantyne/simulation/install/champ_msgs/share/champ_msgs/cmake/export_champ_msgs__rosidl_generator_cExport.cmake
[4.016s] -- Installing: /home/hibiki/Robomech_HR/Eglantyne/simulation/install/champ_msgs/share/champ_msgs/cmake/export_champ_msgs__rosidl_generator_cExport-noconfig.cmake
[4.016s] -- Installing: /home/hibiki/Robomech_HR/Eglantyne/simulation/install/champ_msgs/share/champ_msgs/cmake/export_champ_msgs__rosidl_typesupport_fastrtps_cExport.cmake
[4.016s] -- Installing: /home/hibiki/Robomech_HR/Eglantyne/simulation/install/champ_msgs/share/champ_msgs/cmake/export_champ_msgs__rosidl_typesupport_fastrtps_cExport-noconfig.cmake
[4.016s] -- Installing: /home/hibiki/Robomech_HR/Eglantyne/simulation/install/champ_msgs/share/champ_msgs/cmake/champ_msgs__rosidl_typesupport_introspection_cExport.cmake
[4.016s] -- Installing: /home/hibiki/Robomech_HR/Eglantyne/simulation/install/champ_msgs/share/champ_msgs/cmake/champ_msgs__rosidl_typesupport_introspection_cExport-noconfig.cmake
[4.016s] -- Installing: /home/hibiki/Robomech_HR/Eglantyne/simulation/install/champ_msgs/share/champ_msgs/cmake/champ_msgs__rosidl_typesupport_cExport.cmake
[4.016s] -- Installing: /home/hibiki/Robomech_HR/Eglantyne/simulation/install/champ_msgs/share/champ_msgs/cmake/champ_msgs__rosidl_typesupport_cExport-noconfig.cmake
[4.016s] -- Installing: /home/hibiki/Robomech_HR/Eglantyne/simulation/install/champ_msgs/share/champ_msgs/cmake/export_champ_msgs__rosidl_generator_cppExport.cmake
[4.016s] -- Installing: /home/hibiki/Robomech_HR/Eglantyne/simulation/install/champ_msgs/share/champ_msgs/cmake/export_champ_msgs__rosidl_typesupport_fastrtps_cppExport.cmake
[4.016s] -- Installing: /home/hibiki/Robomech_HR/Eglantyne/simulation/install/champ_msgs/share/champ_msgs/cmake/export_champ_msgs__rosidl_typesupport_fastrtps_cppExport-noconfig.cmake
[4.016s] -- Installing: /home/hibiki/Robomech_HR/Eglantyne/simulation/install/champ_msgs/share/champ_msgs/cmake/champ_msgs__rosidl_typesupport_introspection_cppExport.cmake
[4.016s] -- Installing: /home/hibiki/Robomech_HR/Eglantyne/simulation/install/champ_msgs/share/champ_msgs/cmake/champ_msgs__rosidl_typesupport_introspection_cppExport-noconfig.cmake
[4.016s] -- Installing: /home/hibiki/Robomech_HR/Eglantyne/simulation/install/champ_msgs/share/champ_msgs/cmake/champ_msgs__rosidl_typesupport_cppExport.cmake
[4.016s] -- Installing: /home/hibiki/Robomech_HR/Eglantyne/simulation/install/champ_msgs/share/champ_msgs/cmake/champ_msgs__rosidl_typesupport_cppExport-noconfig.cmake
[4.016s] -- Installing: /home/hibiki/Robomech_HR/Eglantyne/simulation/install/champ_msgs/share/champ_msgs/cmake/export_champ_msgs__rosidl_generator_pyExport.cmake
[4.016s] -- Installing: /home/hibiki/Robomech_HR/Eglantyne/simulation/install/champ_msgs/share/champ_msgs/cmake/export_champ_msgs__rosidl_generator_pyExport-noconfig.cmake
[4.016s] -- Installing: /home/hibiki/Robomech_HR/Eglantyne/simulation/install/champ_msgs/share/champ_msgs/cmake/rosidl_cmake-extras.cmake
[4.016s] -- Installing: /home/hibiki/Robomech_HR/Eglantyne/simulation/install/champ_msgs/share/champ_msgs/cmake/ament_cmake_export_dependencies-extras.cmake
[4.016s] -- Installing: /home/hibiki/Robomech_HR/Eglantyne/simulation/install/champ_msgs/share/champ_msgs/cmake/ament_cmake_export_include_directories-extras.cmake
[4.017s] -- Installing: /home/hibiki/Robomech_HR/Eglantyne/simulation/install/champ_msgs/share/champ_msgs/cmake/ament_cmake_export_libraries-extras.cmake
[4.017s] -- Installing: /home/hibiki/Robomech_HR/Eglantyne/simulation/install/champ_msgs/share/champ_msgs/cmake/ament_cmake_export_targets-extras.cmake
[4.017s] -- Installing: /home/hibiki/Robomech_HR/Eglantyne/simulation/install/champ_msgs/share/champ_msgs/cmake/rosidl_cmake_export_typesupport_targets-extras.cmake
[4.017s] -- Installing: /home/hibiki/Robomech_HR/Eglantyne/simulation/install/champ_msgs/share/champ_msgs/cmake/rosidl_cmake_export_typesupport_libraries-extras.cmake
[4.017s] -- Installing: /home/hibiki/Robomech_HR/Eglantyne/simulation/install/champ_msgs/share/champ_msgs/cmake/champ_msgsConfig.cmake
[4.017s] -- Installing: /home/hibiki/Robomech_HR/Eglantyne/simulation/install/champ_msgs/share/champ_msgs/cmake/champ_msgsConfig-version.cmake
[4.017s] -- Installing: /home/hibiki/Robomech_HR/Eglantyne/simulation/install/champ_msgs/share/champ_msgs/package.xml
[4.018s] Invoked command in '/home/hibiki/Robomech_HR/Eglantyne/simulation/build/champ_msgs' returned '0': CMAKE_PREFIX_PATH=/opt/ros/humble /usr/bin/cmake --install /home/hibiki/Robomech_HR/Eglantyne/simulation/build/champ_msgs
