[0.034s] Invoking command in '/home/hibiki/Robomech_HR/Eglantyne/simulation/build/ros2_control_demo_example_15': AMENT_PREFIX_PATH=/home/hibiki/Robomech_HR/Eglantyne/simulation/install/ros2_control_demo_example_5:/home/hibiki/Robomech_HR/Eglantyne/simulation/install/ros2_control_demo_example_1:/home/hibiki/Robomech_HR/Eglantyne/simulation/install/ros2_control_demo_testing:/home/hibiki/Robomech_HR/Eglantyne/simulation/install/ros2_control_demo_description:${AMENT_PREFIX_PATH} CMAKE_PREFIX_PATH=/home/hibiki/Robomech_HR/Eglantyne/simulation/install/ros2_control_demo_example_5:/home/hibiki/Robomech_HR/Eglantyne/simulation/install/ros2_control_demo_example_1:/home/hibiki/Robomech_HR/Eglantyne/simulation/install/ros2_control_demo_description:/opt/ros/humble LD_LIBRARY_PATH=/home/hibiki/Robomech_HR/Eglantyne/simulation/install/ros2_control_demo_example_5/lib:/home/hibiki/Robomech_HR/Eglantyne/simulation/install/ros2_control_demo_example_1/lib:${LD_LIBRARY_PATH} PYTHONPATH=/home/hibiki/Robomech_HR/Eglantyne/simulation/install/ros2_control_demo_testing/lib/python3.10/site-packages:${PYTHONPATH} /usr/bin/cmake /home/hibiki/Robomech_HR/Eglantyne/simulation/src/ros2_control_demos/example_15 -DCMAKE_INSTALL_PREFIX=/home/hibiki/Robomech_HR/Eglantyne/simulation/install/ros2_control_demo_example_15
[0.211s] -- The CXX compiler identification is GNU 11.4.0
[0.230s] -- Detecting CXX compiler ABI info
[0.457s] -- Detecting CXX compiler ABI info - done
[0.466s] -- Check for working CXX compiler: /usr/bin/c++ - skipped
[0.467s] -- Detecting CXX compile features
[0.468s] -- Detecting CXX compile features - done
[0.470s] -- Found ament_cmake: 1.3.10 (/opt/ros/humble/share/ament_cmake/cmake)
[0.894s] -- Found Python3: /home/hibiki/.espressif/python_env/idf5.4_py3.10_env/bin/python3 (found version "3.10.12") found components: Interpreter 
[1.389s] -- Found ament_cmake_pytest: 1.3.10 (/opt/ros/humble/share/ament_cmake_pytest/cmake)
[2.738s] -- Configuring done
[2.740s] -- Generating done
[2.741s] -- Build files have been written to: /home/hibiki/Robomech_HR/Eglantyne/simulation/build/ros2_control_demo_example_15
[2.747s] Invoked command in '/home/hibiki/Robomech_HR/Eglantyne/simulation/build/ros2_control_demo_example_15' returned '0': AMENT_PREFIX_PATH=/home/hibiki/Robomech_HR/Eglantyne/simulation/install/ros2_control_demo_example_5:/home/hibiki/Robomech_HR/Eglantyne/simulation/install/ros2_control_demo_example_1:/home/hibiki/Robomech_HR/Eglantyne/simulation/install/ros2_control_demo_testing:/home/hibiki/Robomech_HR/Eglantyne/simulation/install/ros2_control_demo_description:${AMENT_PREFIX_PATH} CMAKE_PREFIX_PATH=/home/hibiki/Robomech_HR/Eglantyne/simulation/install/ros2_control_demo_example_5:/home/hibiki/Robomech_HR/Eglantyne/simulation/install/ros2_control_demo_example_1:/home/hibiki/Robomech_HR/Eglantyne/simulation/install/ros2_control_demo_description:/opt/ros/humble LD_LIBRARY_PATH=/home/hibiki/Robomech_HR/Eglantyne/simulation/install/ros2_control_demo_example_5/lib:/home/hibiki/Robomech_HR/Eglantyne/simulation/install/ros2_control_demo_example_1/lib:${LD_LIBRARY_PATH} PYTHONPATH=/home/hibiki/Robomech_HR/Eglantyne/simulation/install/ros2_control_demo_testing/lib/python3.10/site-packages:${PYTHONPATH} /usr/bin/cmake /home/hibiki/Robomech_HR/Eglantyne/simulation/src/ros2_control_demos/example_15 -DCMAKE_INSTALL_PREFIX=/home/hibiki/Robomech_HR/Eglantyne/simulation/install/ros2_control_demo_example_15
[2.755s] Invoking command in '/home/hibiki/Robomech_HR/Eglantyne/simulation/build/ros2_control_demo_example_15': AMENT_PREFIX_PATH=/home/hibiki/Robomech_HR/Eglantyne/simulation/install/ros2_control_demo_example_5:/home/hibiki/Robomech_HR/Eglantyne/simulation/install/ros2_control_demo_example_1:/home/hibiki/Robomech_HR/Eglantyne/simulation/install/ros2_control_demo_testing:/home/hibiki/Robomech_HR/Eglantyne/simulation/install/ros2_control_demo_description:${AMENT_PREFIX_PATH} CMAKE_PREFIX_PATH=/home/hibiki/Robomech_HR/Eglantyne/simulation/install/ros2_control_demo_example_5:/home/hibiki/Robomech_HR/Eglantyne/simulation/install/ros2_control_demo_example_1:/home/hibiki/Robomech_HR/Eglantyne/simulation/install/ros2_control_demo_description:/opt/ros/humble LD_LIBRARY_PATH=/home/hibiki/Robomech_HR/Eglantyne/simulation/install/ros2_control_demo_example_5/lib:/home/hibiki/Robomech_HR/Eglantyne/simulation/install/ros2_control_demo_example_1/lib:${LD_LIBRARY_PATH} PYTHONPATH=/home/hibiki/Robomech_HR/Eglantyne/simulation/install/ros2_control_demo_testing/lib/python3.10/site-packages:${PYTHONPATH} /usr/bin/cmake --build /home/hibiki/Robomech_HR/Eglantyne/simulation/build/ros2_control_demo_example_15 -- -j16 -l16
[2.825s] Invoked command in '/home/hibiki/Robomech_HR/Eglantyne/simulation/build/ros2_control_demo_example_15' returned '0': AMENT_PREFIX_PATH=/home/hibiki/Robomech_HR/Eglantyne/simulation/install/ros2_control_demo_example_5:/home/hibiki/Robomech_HR/Eglantyne/simulation/install/ros2_control_demo_example_1:/home/hibiki/Robomech_HR/Eglantyne/simulation/install/ros2_control_demo_testing:/home/hibiki/Robomech_HR/Eglantyne/simulation/install/ros2_control_demo_description:${AMENT_PREFIX_PATH} CMAKE_PREFIX_PATH=/home/hibiki/Robomech_HR/Eglantyne/simulation/install/ros2_control_demo_example_5:/home/hibiki/Robomech_HR/Eglantyne/simulation/install/ros2_control_demo_example_1:/home/hibiki/Robomech_HR/Eglantyne/simulation/install/ros2_control_demo_description:/opt/ros/humble LD_LIBRARY_PATH=/home/hibiki/Robomech_HR/Eglantyne/simulation/install/ros2_control_demo_example_5/lib:/home/hibiki/Robomech_HR/Eglantyne/simulation/install/ros2_control_demo_example_1/lib:${LD_LIBRARY_PATH} PYTHONPATH=/home/hibiki/Robomech_HR/Eglantyne/simulation/install/ros2_control_demo_testing/lib/python3.10/site-packages:${PYTHONPATH} /usr/bin/cmake --build /home/hibiki/Robomech_HR/Eglantyne/simulation/build/ros2_control_demo_example_15 -- -j16 -l16
[2.913s] Invoking command in '/home/hibiki/Robomech_HR/Eglantyne/simulation/build/ros2_control_demo_example_15': AMENT_PREFIX_PATH=/home/hibiki/Robomech_HR/Eglantyne/simulation/install/ros2_control_demo_example_5:/home/hibiki/Robomech_HR/Eglantyne/simulation/install/ros2_control_demo_example_1:/home/hibiki/Robomech_HR/Eglantyne/simulation/install/ros2_control_demo_testing:/home/hibiki/Robomech_HR/Eglantyne/simulation/install/ros2_control_demo_description:${AMENT_PREFIX_PATH} CMAKE_PREFIX_PATH=/home/hibiki/Robomech_HR/Eglantyne/simulation/install/ros2_control_demo_example_5:/home/hibiki/Robomech_HR/Eglantyne/simulation/install/ros2_control_demo_example_1:/home/hibiki/Robomech_HR/Eglantyne/simulation/install/ros2_control_demo_description:/opt/ros/humble LD_LIBRARY_PATH=/home/hibiki/Robomech_HR/Eglantyne/simulation/install/ros2_control_demo_example_5/lib:/home/hibiki/Robomech_HR/Eglantyne/simulation/install/ros2_control_demo_example_1/lib:${LD_LIBRARY_PATH} PYTHONPATH=/home/hibiki/Robomech_HR/Eglantyne/simulation/install/ros2_control_demo_testing/lib/python3.10/site-packages:${PYTHONPATH} /usr/bin/cmake --install /home/hibiki/Robomech_HR/Eglantyne/simulation/build/ros2_control_demo_example_15
[2.926s] -- Install configuration: ""
[2.928s] -- Installing: /home/hibiki/Robomech_HR/Eglantyne/simulation/install/ros2_control_demo_example_15/share/ros2_control_demo_example_15/rviz
[2.929s] -- Installing: /home/hibiki/Robomech_HR/Eglantyne/simulation/install/ros2_control_demo_example_15/share/ros2_control_demo_example_15/rviz/rrbot_namespace.rviz
[2.930s] -- Installing: /home/hibiki/Robomech_HR/Eglantyne/simulation/install/ros2_control_demo_example_15/share/ros2_control_demo_example_15/rviz/multi_controller_manager.rviz
[2.937s] -- Installing: /home/hibiki/Robomech_HR/Eglantyne/simulation/install/ros2_control_demo_example_15/share/ros2_control_demo_example_15/launch
[2.939s] -- Installing: /home/hibiki/Robomech_HR/Eglantyne/simulation/install/ros2_control_demo_example_15/share/ros2_control_demo_example_15/launch/test_forward_position_controller.launch.py
[2.941s] -- Installing: /home/hibiki/Robomech_HR/Eglantyne/simulation/install/ros2_control_demo_example_15/share/ros2_control_demo_example_15/launch/test_joint_trajectory_controller.launch.py
[2.943s] -- Installing: /home/hibiki/Robomech_HR/Eglantyne/simulation/install/ros2_control_demo_example_15/share/ros2_control_demo_example_15/launch/rrbot_namespace.launch.py
[2.944s] -- Installing: /home/hibiki/Robomech_HR/Eglantyne/simulation/install/ros2_control_demo_example_15/share/ros2_control_demo_example_15/launch/test_multi_controller_manager_forward_position_controller.launch.py
[2.945s] -- Installing: /home/hibiki/Robomech_HR/Eglantyne/simulation/install/ros2_control_demo_example_15/share/ros2_control_demo_example_15/launch/rrbot_base.launch.py
[2.946s] -- Installing: /home/hibiki/Robomech_HR/Eglantyne/simulation/install/ros2_control_demo_example_15/share/ros2_control_demo_example_15/launch/multi_controller_manager_example_two_rrbots.launch.py
[2.947s] -- Installing: /home/hibiki/Robomech_HR/Eglantyne/simulation/install/ros2_control_demo_example_15/share/ros2_control_demo_example_15/launch/test_multi_controller_manager_joint_trajectory_controller.launch.py
[2.948s] -- Installing: /home/hibiki/Robomech_HR/Eglantyne/simulation/install/ros2_control_demo_example_15/share/ros2_control_demo_example_15/config
[2.949s] -- Installing: /home/hibiki/Robomech_HR/Eglantyne/simulation/install/ros2_control_demo_example_15/share/ros2_control_demo_example_15/config/rrbot_namespace_controllers.yaml
[2.949s] -- Installing: /home/hibiki/Robomech_HR/Eglantyne/simulation/install/ros2_control_demo_example_15/share/ros2_control_demo_example_15/config/multi_controller_manager_forward_position_publisher.yaml
[2.950s] -- Installing: /home/hibiki/Robomech_HR/Eglantyne/simulation/install/ros2_control_demo_example_15/share/ros2_control_demo_example_15/config/rrbot_namespace_forward_position_publisher.yaml
[2.951s] -- Installing: /home/hibiki/Robomech_HR/Eglantyne/simulation/install/ros2_control_demo_example_15/share/ros2_control_demo_example_15/config/multi_controller_manager_rrbot_1_controllers.yaml
[2.952s] -- Installing: /home/hibiki/Robomech_HR/Eglantyne/simulation/install/ros2_control_demo_example_15/share/ros2_control_demo_example_15/config/rrbot_namespace_joint_trajectory_publisher.yaml
[2.952s] -- Installing: /home/hibiki/Robomech_HR/Eglantyne/simulation/install/ros2_control_demo_example_15/share/ros2_control_demo_example_15/config/multi_controller_manager_rrbot_2_controllers.yaml
[2.955s] -- Installing: /home/hibiki/Robomech_HR/Eglantyne/simulation/install/ros2_control_demo_example_15/share/ros2_control_demo_example_15/config/multi_controller_manager_joint_trajectory_publisher.yaml
[2.956s] -- Installing: /home/hibiki/Robomech_HR/Eglantyne/simulation/install/ros2_control_demo_example_15/share/ament_index/resource_index/package_run_dependencies/ros2_control_demo_example_15
[2.956s] -- Installing: /home/hibiki/Robomech_HR/Eglantyne/simulation/install/ros2_control_demo_example_15/share/ament_index/resource_index/parent_prefix_path/ros2_control_demo_example_15
[2.957s] -- Installing: /home/hibiki/Robomech_HR/Eglantyne/simulation/install/ros2_control_demo_example_15/share/ros2_control_demo_example_15/environment/ament_prefix_path.sh
[2.959s] -- Installing: /home/hibiki/Robomech_HR/Eglantyne/simulation/install/ros2_control_demo_example_15/share/ros2_control_demo_example_15/environment/ament_prefix_path.dsv
[2.960s] -- Installing: /home/hibiki/Robomech_HR/Eglantyne/simulation/install/ros2_control_demo_example_15/share/ros2_control_demo_example_15/environment/path.sh
[2.963s] -- Installing: /home/hibiki/Robomech_HR/Eglantyne/simulation/install/ros2_control_demo_example_15/share/ros2_control_demo_example_15/environment/path.dsv
[2.967s] -- Installing: /home/hibiki/Robomech_HR/Eglantyne/simulation/install/ros2_control_demo_example_15/share/ros2_control_demo_example_15/local_setup.bash
[2.968s] -- Installing: /home/hibiki/Robomech_HR/Eglantyne/simulation/install/ros2_control_demo_example_15/share/ros2_control_demo_example_15/local_setup.sh
[2.970s] -- Installing: /home/hibiki/Robomech_HR/Eglantyne/simulation/install/ros2_control_demo_example_15/share/ros2_control_demo_example_15/local_setup.zsh
[2.979s] -- Installing: /home/hibiki/Robomech_HR/Eglantyne/simulation/install/ros2_control_demo_example_15/share/ros2_control_demo_example_15/local_setup.dsv
[2.982s] -- Installing: /home/hibiki/Robomech_HR/Eglantyne/simulation/install/ros2_control_demo_example_15/share/ros2_control_demo_example_15/package.dsv
[2.983s] -- Installing: /home/hibiki/Robomech_HR/Eglantyne/simulation/install/ros2_control_demo_example_15/share/ament_index/resource_index/packages/ros2_control_demo_example_15
[2.985s] -- Installing: /home/hibiki/Robomech_HR/Eglantyne/simulation/install/ros2_control_demo_example_15/share/ros2_control_demo_example_15/cmake/ros2_control_demo_example_15Config.cmake
[2.987s] -- Installing: /home/hibiki/Robomech_HR/Eglantyne/simulation/install/ros2_control_demo_example_15/share/ros2_control_demo_example_15/cmake/ros2_control_demo_example_15Config-version.cmake
[2.987s] -- Installing: /home/hibiki/Robomech_HR/Eglantyne/simulation/install/ros2_control_demo_example_15/share/ros2_control_demo_example_15/package.xml
[2.988s] Invoked command in '/home/hibiki/Robomech_HR/Eglantyne/simulation/build/ros2_control_demo_example_15' returned '0': AMENT_PREFIX_PATH=/home/hibiki/Robomech_HR/Eglantyne/simulation/install/ros2_control_demo_example_5:/home/hibiki/Robomech_HR/Eglantyne/simulation/install/ros2_control_demo_example_1:/home/hibiki/Robomech_HR/Eglantyne/simulation/install/ros2_control_demo_testing:/home/hibiki/Robomech_HR/Eglantyne/simulation/install/ros2_control_demo_description:${AMENT_PREFIX_PATH} CMAKE_PREFIX_PATH=/home/hibiki/Robomech_HR/Eglantyne/simulation/install/ros2_control_demo_example_5:/home/hibiki/Robomech_HR/Eglantyne/simulation/install/ros2_control_demo_example_1:/home/hibiki/Robomech_HR/Eglantyne/simulation/install/ros2_control_demo_description:/opt/ros/humble LD_LIBRARY_PATH=/home/hibiki/Robomech_HR/Eglantyne/simulation/install/ros2_control_demo_example_5/lib:/home/hibiki/Robomech_HR/Eglantyne/simulation/install/ros2_control_demo_example_1/lib:${LD_LIBRARY_PATH} PYTHONPATH=/home/hibiki/Robomech_HR/Eglantyne/simulation/install/ros2_control_demo_testing/lib/python3.10/site-packages:${PYTHONPATH} /usr/bin/cmake --install /home/hibiki/Robomech_HR/Eglantyne/simulation/build/ros2_control_demo_example_15
