[0.006s] Invoking command in '/home/hibiki/Robomech_HR/Eglantyne/simulation/build/champ_gazebo': AMENT_PREFIX_PATH=/home/hibiki/Robomech_HR/Eglantyne/simulation/install/champ_msgs:/home/hibiki/Robomech_HR/Eglantyne/simulation/install/champ:${AMENT_PREFIX_PATH} CMAKE_PREFIX_PATH=/home/hibiki/Robomech_HR/Eglantyne/simulation/install/champ_msgs:/opt/ros/humble:/home/hibiki/Robomech_HR/Eglantyne/simulation/install/champ LD_LIBRARY_PATH=/home/hibiki/Robomech_HR/Eglantyne/simulation/install/champ_msgs/lib:/opt/ros/humble/opt/rviz_ogre_vendor/lib:/opt/ros/humble/lib/x86_64-linux-gnu:/opt/ros/humble/lib:/usr/lib/x86_64-linux-gnu/gazebo-11/plugins PYTHONPATH=/home/hibiki/Robomech_HR/Eglantyne/simulation/install/champ_msgs/lib/python3.10/site-packages:${PYTHONPATH} /usr/bin/cmake /home/hibiki/Robomech_HR/Eglantyne/simulation/src/champ/champ_gazebo -DCMAKE_INSTALL_PREFIX=/home/hibiki/Robomech_HR/Eglantyne/simulation/install/champ_gazebo
[0.041s] -- The C compiler identification is GNU 11.4.0
[0.079s] -- The CXX compiler identification is GNU 11.4.0
[0.086s] -- Detecting C compiler ABI info
[0.130s] -- Detecting C compiler ABI info - done
[0.137s] -- Check for working C compiler: /usr/bin/cc - skipped
[0.137s] -- Detecting C compile features
[0.137s] -- Detecting C compile features - done
[0.139s] -- Detecting CXX compiler ABI info
[0.189s] -- Detecting CXX compiler ABI info - done
[0.196s] -- Check for working CXX compiler: /usr/bin/c++ - skipped
[0.196s] -- Detecting CXX compile features
[0.197s] -- Detecting CXX compile features - done
[0.198s] -- Found ament_cmake: 1.3.10 (/opt/ros/humble/share/ament_cmake/cmake)
[0.392s] -- Found Python3: /home/hibiki/.espressif/python_env/idf5.4_py3.10_env/bin/python3 (found version "3.10.12") found components: Interpreter 
[0.449s] -- Found rclcpp: 16.0.10 (/opt/ros/humble/share/rclcpp/cmake)
[0.475s] -- Found rosidl_generator_c: 3.1.5 (/opt/ros/humble/share/rosidl_generator_c/cmake)
[0.478s] -- Found rosidl_adapter: 3.1.5 (/opt/ros/humble/share/rosidl_adapter/cmake)
[0.483s] -- Found rosidl_generator_cpp: 3.1.5 (/opt/ros/humble/share/rosidl_generator_cpp/cmake)
[0.491s] -- Using all available rosidl_typesupport_c: rosidl_typesupport_fastrtps_c;rosidl_typesupport_introspection_c
[0.500s] -- Using all available rosidl_typesupport_cpp: rosidl_typesupport_fastrtps_cpp;rosidl_typesupport_introspection_cpp
[0.527s] -- Found rmw_implementation_cmake: 6.1.2 (/opt/ros/humble/share/rmw_implementation_cmake/cmake)
[0.528s] -- Found rmw_fastrtps_cpp: 6.2.7 (/opt/ros/humble/share/rmw_fastrtps_cpp/cmake)
[0.582s] -- Found OpenSSL: /usr/lib/x86_64-linux-gnu/libcrypto.so (found version "3.0.2")  
[0.603s] -- Found FastRTPS: /opt/ros/humble/include  
[0.636s] -- Using RMW implementation 'rmw_fastrtps_cpp' as default
[0.641s] -- Performing Test CMAKE_HAVE_LIBC_PTHREAD
[0.690s] -- Performing Test CMAKE_HAVE_LIBC_PTHREAD - Success
[0.691s] -- Found Threads: TRUE  
[0.726s] -- Found urdf: 2.6.1 (/opt/ros/humble/share/urdf/cmake)
[0.773s] -- Found champ: 0.1.0 (/home/hibiki/Robomech_HR/Eglantyne/simulation/install/champ/share/champ/cmake)
[0.773s] -- Found champ_msgs: 0.1.0 (/home/hibiki/Robomech_HR/Eglantyne/simulation/install/champ_msgs/share/champ_msgs/cmake)
[0.795s] -- Found gazebo_ros2_control: 0.4.10 (/opt/ros/humble/share/gazebo_ros2_control/cmake)
[0.983s] -- Found PkgConfig: /usr/bin/pkg-config (found version "0.29.2") 
[0.984s] -- Checking for module 'bullet>=2.82'
[0.993s] --   Found bullet, version 3.05
[1.083s] -- Found fcl: /usr/include (found suitable version "0.7.0", minimum required is "0.5.0") 
[1.119s] -- Found assimp: /usr/include (found version "5.2.0") 
[1.166s] -- Found DART: /usr/include (Required is at least version "6.6") found components: dart 
[1.203s] -- Found Boost: /usr/lib/x86_64-linux-gnu/cmake/Boost-1.74.0/BoostConfig.cmake (found suitable version "1.74.0", minimum required is "1.40.0") found components: thread system filesystem program_options regex iostreams date_time 
[1.240s] -- Found Protobuf: /usr/lib/x86_64-linux-gnu/libprotobuf.so (found version "3.12.4") 
[1.254s] -- Looking for ignition-math6 -- found version 6.15.1
[1.282s] -- Searching for dependencies of ignition-math6
[1.289s] -- Looking for OGRE...
[1.290s] -- OGRE_PREFIX_WATCH changed.
[1.294s] -- Checking for module 'OGRE'
[1.303s] --   Found OGRE, version 1.9.0
[1.328s] -- Found Ogre Ghadamon (1.9.0)
[1.335s] -- Found OGRE: optimized;/usr/lib/x86_64-linux-gnu/libOgreMain.so;debug;/usr/lib/x86_64-linux-gnu/libOgreMain.so
[1.342s] -- Looking for OGRE_Paging...
[1.349s] -- Found OGRE_Paging: optimized;/usr/lib/x86_64-linux-gnu/libOgrePaging.so;debug;/usr/lib/x86_64-linux-gnu/libOgrePaging.so
[1.350s] -- Looking for OGRE_Terrain...
[1.356s] -- Found OGRE_Terrain: optimized;/usr/lib/x86_64-linux-gnu/libOgreTerrain.so;debug;/usr/lib/x86_64-linux-gnu/libOgreTerrain.so
[1.356s] -- Looking for OGRE_Property...
[1.362s] -- Found OGRE_Property: optimized;/usr/lib/x86_64-linux-gnu/libOgreProperty.so;debug;/usr/lib/x86_64-linux-gnu/libOgreProperty.so
[1.362s] -- Looking for OGRE_RTShaderSystem...
[1.368s] -- Found OGRE_RTShaderSystem: optimized;/usr/lib/x86_64-linux-gnu/libOgreRTShaderSystem.so;debug;/usr/lib/x86_64-linux-gnu/libOgreRTShaderSystem.so
[1.368s] -- Looking for OGRE_Volume...
[1.374s] -- Found OGRE_Volume: optimized;/usr/lib/x86_64-linux-gnu/libOgreVolume.so;debug;/usr/lib/x86_64-linux-gnu/libOgreVolume.so
[1.374s] -- Looking for OGRE_Overlay...
[1.379s] -- Found OGRE_Overlay: optimized;/usr/lib/x86_64-linux-gnu/libOgreOverlay.so;debug;/usr/lib/x86_64-linux-gnu/libOgreOverlay.so
[1.482s] -- Looking for ignition-math6 -- found version 6.15.1
[1.487s] -- Looking for ignition-transport8 -- found version 8.2.1
[1.487s] -- Searching for dependencies of ignition-transport8
[1.499s] -- Found Protobuf: /usr/lib/x86_64-linux-gnu/libprotobuf.so (found suitable version "3.12.4", minimum required is "3") 
[1.506s] -- Config-file not installed for ZeroMQ -- checking for pkg-config
[1.510s] -- Checking for module 'libzmq >= 4'
[1.524s] --   Found libzmq , version 4.3.4
[1.559s] -- Found ZeroMQ: TRUE (Required is at least version "4") 
[1.567s] -- Checking for module 'uuid'
[1.583s] --   Found uuid, version 2.37.2
[1.636s] -- Found UUID: TRUE  
[1.641s] -- Looking for ignition-msgs5 -- found version 5.8.1
[1.641s] -- Searching for dependencies of ignition-msgs5
[1.655s] -- Looking for ignition-math6 -- found version 6.15.1
[1.659s] -- Checking for module 'tinyxml2'
[1.670s] --   Found tinyxml2, version 9.0.0
[1.710s] -- Looking for ignition-msgs5 -- found version 5.8.1
[1.713s] -- Looking for ignition-common3 -- found version 3.14.0
[1.714s] -- Searching for dependencies of ignition-common3
[1.714s] -- Looking for dlfcn.h - found
[1.715s] -- Looking for libdl - found
[1.716s] -- Found DL: TRUE  
[1.725s] -- Found tinyobjloader: /usr/lib/x86_64-linux-gnu/cmake/tinyobjloader/tinyobjloader-config.cmake (found version "2.0.0") 
[1.726s] -- Searching for <ignition-common3> component [graphics]
[1.728s] -- Looking for ignition-common3-graphics -- found version 3.14.0
[1.729s] -- Searching for dependencies of ignition-common3-graphics
[1.729s] -- Looking for ignition-math6 -- found version 6.15.1
[1.733s] -- Looking for ignition-fuel_tools4 -- found version 4.4.0
[1.733s] -- Searching for dependencies of ignition-fuel_tools4
[1.830s] -- Found CURL: /usr/lib/x86_64-linux-gnu/libcurl.so (found version "7.81.0")  
[1.841s] -- Checking for module 'jsoncpp'
[1.858s] --   Found jsoncpp, version 1.9.5
[1.900s] -- Found JSONCPP: TRUE  
[1.909s] -- Checking for module 'libzip'
[1.927s] --   Found libzip, version 1.7.3
[1.970s] -- Found ZIP: TRUE  
[1.970s] -- Looking for ignition-common3 -- found version 3.14.0
[1.970s] -- Looking for ignition-math6 -- found version 6.15.1
[1.971s] -- Looking for ignition-msgs5 -- found version 5.8.1
[1.979s] -- Gazebo version: 11.10
[1.979s] -- Checking for module 'tbb'
[1.996s] --   Found tbb, version 2021.5.0
[2.117s] -- Configuring done
[2.270s] -- Generating done
[2.272s] -- Build files have been written to: /home/hibiki/Robomech_HR/Eglantyne/simulation/build/champ_gazebo
