[0.009s] Invoking command in '/home/hibiki/Robomech_HR/Eglantyne/simulation/build/simple_sim': CMAKE_PREFIX_PATH=${CMAKE_PREFIX_PATH}:/home/hibiki/Robomech_HR/Eglantyne/simulation/install/ros2_control_demo_testing:/opt/ros/humble /usr/bin/cmake --build /home/hibiki/Robomech_HR/Eglantyne/simulation/build/simple_sim -- -j16 -l16
[0.036s] [  2%] Built target simple_sim__cpp
[0.036s] [ 11%] Built target simple_sim__rosidl_generator_c
[0.038s] [ 11%] Built target ament_cmake_python_copy_simple_sim
[0.043s] [ 14%] [32mBuilding CXX object CMakeFiles/pub_control.dir/src/controller/pub_control.cpp.o[0m
[0.043s] [ 20%] Built target pub_test
[0.050s] [ 28%] Built target simple_sim__rosidl_typesupport_cpp
[0.051s] [ 37%] Built target simple_sim__rosidl_typesupport_fastrtps_cpp
[0.051s] [ 45%] Built target simple_sim__rosidl_typesupport_c
[0.053s] [ 54%] Built target simple_sim__rosidl_typesupport_fastrtps_c
[0.054s] [ 62%] Built target simple_sim__rosidl_typesupport_introspection_cpp
[0.054s] [ 71%] Built target simple_sim__rosidl_typesupport_introspection_c
[0.063s] [ 71%] Built target simple_sim
[0.073s] [ 74%] Built target simple_sim__py
[0.083s] [ 80%] Built target simple_sim__rosidl_generator_py
[0.095s] [ 85%] Built target simple_sim__rosidl_typesupport_introspection_c__pyext
[0.095s] [ 91%] Built target simple_sim__rosidl_typesupport_fastrtps_c__pyext
[0.095s] [ 97%] Built target simple_sim__rosidl_typesupport_c__pyext
[0.158s] running egg_info
[0.165s] writing simple_sim.egg-info/PKG-INFO
[0.165s] writing dependency_links to simple_sim.egg-info/dependency_links.txt
[0.165s] writing top-level names to simple_sim.egg-info/top_level.txt
[0.183s] reading manifest file 'simple_sim.egg-info/SOURCES.txt'
[0.184s] writing manifest file 'simple_sim.egg-info/SOURCES.txt'
[0.200s] [ 97%] Built target ament_cmake_python_build_simple_sim_egg
[1.266s] [01m[K/home/hibiki/Robomech_HR/Eglantyne/simulation/src/simple_sim/src/controller/pub_control.cpp:[m[K In member function ‘[01m[Kvoid PubControl::update_motions(trajectory_msgs::msg::JointTrajectory_<std::allocator<void> >::SharedPtr) const[m[K’:
[1.266s] [01m[K/home/hibiki/Robomech_HR/Eglantyne/simulation/src/simple_sim/src/controller/pub_control.cpp:53:28:[m[K [01;31m[Kerror: [m[Kpassing ‘[01m[Kconst std::vector<trajectory_msgs::msg::JointTrajectoryPoint_<std::allocator<void> >, std::allocator<trajectory_msgs::msg::JointTrajectoryPoint_<std::allocator<void> > > >[m[K’ as ‘[01m[Kthis[m[K’ argument discards qualifiers [[01;31m[K]8;;https://gcc.gnu.org/onlinedocs/gcc/Warning-Options.html#index-fpermissive-fpermissive]8;;[m[K]
[1.266s]    53 |             [01;31m[Korder.push_back(pos)[m[K;
[1.266s]       |             [01;31m[K~~~~~~~~~~~~~~~^~~~~[m[K
[1.266s] In file included from [01m[K/usr/include/c++/11/vector:67[m[K,
[1.266s]                  from [01m[K/usr/include/c++/11/functional:62[m[K,
[1.266s]                  from [01m[K/home/hibiki/Robomech_HR/Eglantyne/simulation/src/simple_sim/src/controller/pub_control.cpp:2[m[K:
[1.266s] [01m[K/usr/include/c++/11/bits/stl_vector.h:1187:7:[m[K [01;36m[Knote: [m[K  in call to ‘[01m[Kvoid std::vector<_Tp, _Alloc>::push_back(const value_type&) [with _Tp = trajectory_msgs::msg::JointTrajectoryPoint_<std::allocator<void> >; _Alloc = std::allocator<trajectory_msgs::msg::JointTrajectoryPoint_<std::allocator<void> > >; std::vector<_Tp, _Alloc>::value_type = trajectory_msgs::msg::JointTrajectoryPoint_<std::allocator<void> >][m[K’
[1.266s]  1187 |       [01;36m[Kpush_back[m[K(const value_type& __x)
[1.266s]       |       [01;36m[K^~~~~~~~~[m[K
[1.266s] [01m[K/home/hibiki/Robomech_HR/Eglantyne/simulation/src/simple_sim/src/controller/pub_control.cpp:55:21:[m[K [01;31m[Kerror: [m[Kpassing ‘[01m[Kconst std::vector<trajectory_msgs::msg::JointTrajectoryPoint_<std::allocator<void> >, std::allocator<trajectory_msgs::msg::JointTrajectoryPoint_<std::allocator<void> > > >[m[K’ as ‘[01m[Kthis[m[K’ argument discards qualifiers [[01;31m[K]8;;https://gcc.gnu.org/onlinedocs/gcc/Warning-Options.html#index-fpermissive-fpermissive]8;;[m[K]
[1.266s]    55 |         [01;31m[Korder.insert(order.begin(), motion_points.begin(), motion_points.end())[m[K;
[1.266s]       |         [01;31m[K~~~~~~~~~~~~^~~~~~~~~~~~~~~~~~~~~~~~~~~~~~~~~~~~~~~~~~~~~~~~~~~~~~~~~~~[m[K
[1.266s] In file included from [01m[K/usr/include/c++/11/vector:67[m[K,
[1.266s]                  from [01m[K/usr/include/c++/11/functional:62[m[K,
[1.266s]                  from [01m[K/home/hibiki/Robomech_HR/Eglantyne/simulation/src/simple_sim/src/controller/pub_control.cpp:2[m[K:
[1.266s] [01m[K/usr/include/c++/11/bits/stl_vector.h:1379:9:[m[K [01;36m[Knote: [m[K  in call to ‘[01m[Kstd::vector<_Tp, _Alloc>::iterator std::vector<_Tp, _Alloc>::insert(std::vector<_Tp, _Alloc>::const_iterator, _InputIterator, _InputIterator) [with _InputIterator = __gnu_cxx::__normal_iterator<trajectory_msgs::msg::JointTrajectoryPoint_<std::allocator<void> >*, std::vector<trajectory_msgs::msg::JointTrajectoryPoint_<std::allocator<void> >, std::allocator<trajectory_msgs::msg::JointTrajectoryPoint_<std::allocator<void> > > > >; <template-parameter-2-2> = void; _Tp = trajectory_msgs::msg::JointTrajectoryPoint_<std::allocator<void> >; _Alloc = std::allocator<trajectory_msgs::msg::JointTrajectoryPoint_<std::allocator<void> > >; std::vector<_Tp, _Alloc>::iterator = std::vector<trajectory_msgs::msg::JointTrajectoryPoint_<std::allocator<void> >, std::allocator<trajectory_msgs::msg::JointTrajectoryPoint_<std::allocator<void> > > >::iterator; std::vector<_Tp, _Alloc>::const_iterator = std::vector<trajectory_msgs::msg::JointTrajectoryPoint_<std::allocator<void> >, std::allocator<trajectory_msgs::msg::JointTrajectoryPoint_<std::allocator<void> > > >::const_iterator][m[K’
[1.266s]  1379 |         [01;36m[Kinsert[m[K(const_iterator __position, _InputIterator __first,
[1.266s]       |         [01;36m[K^~~~~~[m[K
[2.579s] gmake[2]: *** [CMakeFiles/pub_control.dir/build.make:76: CMakeFiles/pub_control.dir/src/controller/pub_control.cpp.o] Error 1
[2.579s] gmake[1]: *** [CMakeFiles/Makefile2:620: CMakeFiles/pub_control.dir/all] Error 2
[2.579s] gmake: *** [Makefile:146: all] Error 2
[2.581s] Invoked command in '/home/hibiki/Robomech_HR/Eglantyne/simulation/build/simple_sim' returned '2': CMAKE_PREFIX_PATH=${CMAKE_PREFIX_PATH}:/home/hibiki/Robomech_HR/Eglantyne/simulation/install/ros2_control_demo_testing:/opt/ros/humble /usr/bin/cmake --build /home/hibiki/Robomech_HR/Eglantyne/simulation/build/simple_sim -- -j16 -l16
