-- Found ament_cmake: 1.3.10 (/opt/ros/humble/share/ament_cmake/cmake)
-- Found control_msgs: 4.6.0 (/opt/ros/humble/share/control_msgs/cmake)
-- Found rosidl_generator_c: 3.1.5 (/opt/ros/humble/share/rosidl_generator_c/cmake)
-- Found rosidl_adapter: 3.1.5 (/opt/ros/humble/share/rosidl_adapter/cmake)
-- Found rosidl_generator_cpp: 3.1.5 (/opt/ros/humble/share/rosidl_generator_cpp/cmake)
-- Using all available rosidl_typesupport_c: rosidl_typesupport_fastrtps_c;rosidl_typesupport_introspection_c
-- Using all available rosidl_typesupport_cpp: rosidl_typesupport_fastrtps_cpp;rosidl_typesupport_introspection_cpp
-- Found rclcpp: 16.0.10 (/opt/ros/humble/share/rclcpp/cmake)
-- Found rmw_implementation_cmake: 6.1.2 (/opt/ros/humble/share/rmw_implementation_cmake/cmake)
-- Found rmw_fastrtps_cpp: 6.2.7 (/opt/ros/humble/share/rmw_fastrtps_cpp/cmake)
-- Using RMW implementation 'rmw_fastrtps_cpp' as default
-- Found rclcpp_action: 16.0.10 (/opt/ros/humble/share/rclcpp_action/cmake)
-- Found rosidl_default_generators: 1.2.0 (/opt/ros/humble/share/rosidl_default_generators/cmake)
-- Found ament_lint_auto: 0.12.11 (/opt/ros/humble/share/ament_lint_auto/cmake)
-- Found ament_cmake_ros: 0.10.0 (/opt/ros/humble/share/ament_cmake_ros/cmake)
-- Using all available rosidl_typesupport_c: rosidl_typesupport_fastrtps_c;rosidl_typesupport_introspection_c
-- Using all available rosidl_typesupport_cpp: rosidl_typesupport_fastrtps_cpp;rosidl_typesupport_introspection_cpp
-- Found python_cmake_module: 0.10.0 (/opt/ros/humble/share/python_cmake_module/cmake)
-- Using PYTHON_EXECUTABLE: /home/hibiki/.espressif/python_env/idf5.4_py3.10_env/bin/python3
-- Using PYTHON_INCLUDE_DIRS: /usr/include/python3.10
-- Using PYTHON_LIBRARIES: /usr/lib/x86_64-linux-gnu/libpython3.10.so
-- Added test 'cppcheck' to perform static code analysis on C / C++ code
-- Configured cppcheck include dirs: 
-- Configured cppcheck exclude dirs and/or files: 
-- Added test 'flake8' to check Python code syntax and style conventions
-- Added test 'lint_cmake' to check CMake code style
-- Added test 'pep257' to check Python code against some of the docstring style conventions in PEP 257
-- Added test 'uncrustify' to check C / C++ code style
-- Configured uncrustify additional arguments: 
-- Added test 'xmllint' to check XML markup files
-- Configuring done
-- Generating done
-- Build files have been written to: /home/hibiki/Robomech_HR/Eglantyne/simulation/build/simple_sim
[  2%] [32mBuilding CXX object CMakeFiles/pub_control.dir/src/controller/pub_control.cpp.o[0m
[  5%] Built target simple_sim__cpp
[ 14%] Built target simple_sim__rosidl_generator_c
[ 20%] Built target pub_test
[ 20%] Built target ament_cmake_python_copy_simple_sim
[ 28%] Built target simple_sim__rosidl_typesupport_introspection_cpp
[ 37%] Built target simple_sim__rosidl_typesupport_cpp
[ 51%] Built target simple_sim__rosidl_typesupport_c
[ 57%] Built target simple_sim__rosidl_typesupport_fastrtps_cpp
[ 62%] Built target simple_sim__rosidl_typesupport_fastrtps_c
[ 71%] Built target simple_sim__rosidl_typesupport_introspection_c
[ 71%] Built target simple_sim
[ 74%] Built target simple_sim__py
[ 80%] Built target simple_sim__rosidl_generator_py
[ 85%] Built target simple_sim__rosidl_typesupport_c__pyext
[ 91%] Built target simple_sim__rosidl_typesupport_introspection_c__pyext
[ 97%] Built target simple_sim__rosidl_typesupport_fastrtps_c__pyext
running egg_info
writing simple_sim.egg-info/PKG-INFO
writing dependency_links to simple_sim.egg-info/dependency_links.txt
writing top-level names to simple_sim.egg-info/top_level.txt
reading manifest file 'simple_sim.egg-info/SOURCES.txt'
writing manifest file 'simple_sim.egg-info/SOURCES.txt'
[ 97%] Built target ament_cmake_python_build_simple_sim_egg
