[0.126s] Invoking command in '/home/hibiki/Robomech_HR/Eglantyne/simulation/build/champ_navigation': /usr/bin/cmake /home/hibiki/Robomech_HR/Eglantyne/simulation/src/champ/champ_navigation -DCATKIN_INSTALL_INTO_PREFIX_ROOT=0 -DCMAKE_INSTALL_PREFIX=/home/hibiki/Robomech_HR/Eglantyne/simulation/install/champ_navigation
[0.136s] [0mCMake Deprecation Warning at CMakeLists.txt:1 (cmake_minimum_required):
[0.136s]   Compatibility with CMake < 2.8.12 will be removed from a future version of
[0.136s]   CMake.
[0.136s] 
[0.136s]   Update the VERSION argument <min> value or use a ...<max> suffix to tell
[0.136s]   CMake that the project does not need compatibility with older versions.
[0.136s] 
[0.136s] [0m
[0.328s] -- The C compiler identification is GNU 11.4.0
[0.510s] -- The CXX compiler identification is GNU 11.4.0
[0.526s] -- Detecting C compiler ABI info
[0.578s] -- Detecting C compiler ABI info - done
[0.588s] -- Check for working C compiler: /usr/bin/cc - skipped
[0.588s] -- Detecting C compile features
[0.588s] -- Detecting C compile features - done
[0.591s] -- Detecting CXX compiler ABI info
[0.642s] -- Detecting CXX compiler ABI info - done
[0.648s] -- Check for working CXX compiler: /usr/bin/c++ - skipped
[0.648s] -- Detecting CXX compile features
[0.648s] -- Detecting CXX compile features - done
[0.666s] [31mCMake Error at CMakeLists.txt:4 (find_package):
[0.667s]   By not providing "Findcatkin.cmake" in CMAKE_MODULE_PATH this project has
[0.667s]   asked CMake to find a package configuration file provided by "catkin", but
[0.667s]   CMake did not find one.
[0.667s] 
[0.667s]   Could not find a package configuration file provided by "catkin" with any
[0.667s]   of the following names:
[0.667s] 
[0.667s]     catkinConfig.cmake
[0.667s]     catkin-config.cmake
[0.667s] 
[0.667s]   Add the installation prefix of "catkin" to CMAKE_PREFIX_PATH or set
[0.667s]   "catkin_DIR" to a directory containing one of the above files.  If "catkin"
[0.667s]   provides a separate development package or SDK, be sure it has been
[0.667s]   installed.
[0.667s] 
[0.668s] [0m
[0.668s] -- Configuring incomplete, errors occurred!
[0.668s] See also "/home/hibiki/Robomech_HR/Eglantyne/simulation/build/champ_navigation/CMakeFiles/CMakeOutput.log".
[0.671s] Invoked command in '/home/hibiki/Robomech_HR/Eglantyne/simulation/build/champ_navigation' returned '1': /usr/bin/cmake /home/hibiki/Robomech_HR/Eglantyne/simulation/src/champ/champ_navigation -DCATKIN_INSTALL_INTO_PREFIX_ROOT=0 -DCMAKE_INSTALL_PREFIX=/home/hibiki/Robomech_HR/Eglantyne/simulation/install/champ_navigation
