[  2%] Built target simple_sim__cpp
[ 11%] Built target simple_sim__rosidl_generator_c
[ 11%] Built target ament_cmake_python_copy_simple_sim
[ 14%] [32mBuilding CXX object CMakeFiles/pub_control.dir/src/controller/pub_control.cpp.o[0m
[ 20%] Built target pub_test
[ 28%] Built target simple_sim__rosidl_typesupport_fastrtps_cpp
[ 37%] Built target simple_sim__rosidl_typesupport_introspection_cpp
[ 45%] Built target simple_sim__rosidl_typesupport_c
[ 54%] Built target simple_sim__rosidl_typesupport_cpp
[ 62%] Built target simple_sim__rosidl_typesupport_fastrtps_c
[ 71%] Built target simple_sim__rosidl_typesupport_introspection_c
[ 71%] Built target simple_sim
[ 74%] Built target simple_sim__py
[ 80%] Built target simple_sim__rosidl_generator_py
[ 85%] Built target simple_sim__rosidl_typesupport_c__pyext
[ 97%] Built target simple_sim__rosidl_typesupport_introspection_c__pyext
[ 97%] Built target simple_sim__rosidl_typesupport_fastrtps_c__pyext
running egg_info
writing simple_sim.egg-info/PKG-INFO
writing dependency_links to simple_sim.egg-info/dependency_links.txt
writing top-level names to simple_sim.egg-info/top_level.txt
reading manifest file 'simple_sim.egg-info/SOURCES.txt'
writing manifest file 'simple_sim.egg-info/SOURCES.txt'
[ 97%] Built target ament_cmake_python_build_simple_sim_egg
[01m[K/home/hibiki/Robomech_HR/Eglantyne/simulation/src/simple_sim/src/controller/pub_control.cpp:[m[K In member function ‘[01m[Kvoid PubControl::update_motions(const JointTrajectory&) const[m[K’:
[01m[K/home/hibiki/Robomech_HR/Eglantyne/simulation/src/simple_sim/src/controller/pub_control.cpp:50:28:[m[K [01;31m[Kerror: [m[Kpassing ‘[01m[Kconst std::vector<trajectory_msgs::msg::JointTrajectoryPoint_<std::allocator<void> >, std::allocator<trajectory_msgs::msg::JointTrajectoryPoint_<std::allocator<void> > > >[m[K’ as ‘[01m[Kthis[m[K’ argument discards qualifiers [[01;31m[K]8;;https://gcc.gnu.org/onlinedocs/gcc/Warning-Options.html#index-fpermissive-fpermissive]8;;[m[K]
   50 |             [01;31m[Korder.push_back(motion.points[i++])[m[K;
      |             [01;31m[K~~~~~~~~~~~~~~~^~~~~~~~~~~~~~~~~~~~[m[K
In file included from [01m[K/usr/include/c++/11/vector:67[m[K,
                 from [01m[K/usr/include/c++/11/functional:62[m[K,
                 from [01m[K/home/hibiki/Robomech_HR/Eglantyne/simulation/src/simple_sim/src/controller/pub_control.cpp:2[m[K:
[01m[K/usr/include/c++/11/bits/stl_vector.h:1187:7:[m[K [01;36m[Knote: [m[K  in call to ‘[01m[Kvoid std::vector<_Tp, _Alloc>::push_back(const value_type&) [with _Tp = trajectory_msgs::msg::JointTrajectoryPoint_<std::allocator<void> >; _Alloc = std::allocator<trajectory_msgs::msg::JointTrajectoryPoint_<std::allocator<void> > >; std::vector<_Tp, _Alloc>::value_type = trajectory_msgs::msg::JointTrajectoryPoint_<std::allocator<void> >][m[K’
 1187 |       [01;36m[Kpush_back[m[K(const value_type& __x)
      |       [01;36m[K^~~~~~~~~[m[K
gmake[2]: *** [CMakeFiles/pub_control.dir/build.make:76: CMakeFiles/pub_control.dir/src/controller/pub_control.cpp.o] Error 1
gmake[1]: *** [CMakeFiles/Makefile2:620: CMakeFiles/pub_control.dir/all] Error 2
gmake: *** [Makefile:146: all] Error 2
