[01m[K/home/hibiki/Robomech_HR/Eglantyne/simulation/src/simple_sim/src/test/zero_pub.cpp:[m[K In function ‘[01m[Kint main(int, char**)[m[K’:
[01m[K/home/hibiki/Robomech_HR/Eglantyne/simulation/src/simple_sim/src/test/zero_pub.cpp:35:32:[m[K [01;31m[Kerror: [m[Kno matching function for call to ‘[01m[Kstd::vector<trajectory_msgs::msg::JointTrajectoryPoint_<std::allocator<void> >, std::allocator<trajectory_msgs::msg::JointTrajectoryPoint_<std::allocator<void> > > >::push_back(std::vector<double, std::allocator<double> >&)[m[K’
   35 |         [01;31m[Kmotion.points.push_back(positions)[m[K;
      |         [01;31m[K~~~~~~~~~~~~~~~~~~~~~~~^~~~~~~~~~~[m[K
In file included from [01m[K/usr/include/c++/11/vector:67[m[K,
                 from [01m[K/usr/include/c++/11/functional:62[m[K,
                 from [01m[K/home/hibiki/Robomech_HR/Eglantyne/simulation/src/simple_sim/src/test/zero_pub.cpp:2[m[K:
[01m[K/usr/include/c++/11/bits/stl_vector.h:1187:7:[m[K [01;36m[Knote: [m[Kcandidate: ‘[01m[Kvoid std::vector<_Tp, _Alloc>::push_back(const value_type&) [with _Tp = trajectory_msgs::msg::JointTrajectoryPoint_<std::allocator<void> >; _Alloc = std::allocator<trajectory_msgs::msg::JointTrajectoryPoint_<std::allocator<void> > >; std::vector<_Tp, _Alloc>::value_type = trajectory_msgs::msg::JointTrajectoryPoint_<std::allocator<void> >][m[K’
 1187 |       [01;36m[Kpush_back[m[K(const value_type& __x)
      |       [01;36m[K^~~~~~~~~[m[K
[01m[K/usr/include/c++/11/bits/stl_vector.h:1187:35:[m[K [01;36m[Knote: [m[K  no known conversion for argument 1 from ‘[01m[Kstd::vector<double, std::allocator<double> >[m[K’ to ‘[01m[Kconst value_type&[m[K’ {aka ‘[01m[Kconst trajectory_msgs::msg::JointTrajectoryPoint_<std::allocator<void> >&[m[K’}
 1187 |       push_back([01;36m[Kconst value_type& __x[m[K)
      |                 [01;36m[K~~~~~~~~~~~~~~~~~~^~~[m[K
[01m[K/usr/include/c++/11/bits/stl_vector.h:1203:7:[m[K [01;36m[Knote: [m[Kcandidate: ‘[01m[Kvoid std::vector<_Tp, _Alloc>::push_back(std::vector<_Tp, _Alloc>::value_type&&) [with _Tp = trajectory_msgs::msg::JointTrajectoryPoint_<std::allocator<void> >; _Alloc = std::allocator<trajectory_msgs::msg::JointTrajectoryPoint_<std::allocator<void> > >; std::vector<_Tp, _Alloc>::value_type = trajectory_msgs::msg::JointTrajectoryPoint_<std::allocator<void> >][m[K’
 1203 |       [01;36m[Kpush_back[m[K(value_type&& __x)
      |       [01;36m[K^~~~~~~~~[m[K
[01m[K/usr/include/c++/11/bits/stl_vector.h:1203:30:[m[K [01;36m[Knote: [m[K  no known conversion for argument 1 from ‘[01m[Kstd::vector<double, std::allocator<double> >[m[K’ to ‘[01m[Kstd::vector<trajectory_msgs::msg::JointTrajectoryPoint_<std::allocator<void> >, std::allocator<trajectory_msgs::msg::JointTrajectoryPoint_<std::allocator<void> > > >::value_type&&[m[K’ {aka ‘[01m[Ktrajectory_msgs::msg::JointTrajectoryPoint_<std::allocator<void> >&&[m[K’}
 1203 |       push_back([01;36m[Kvalue_type&& __x[m[K)
      |                 [01;36m[K~~~~~~~~~~~~~^~~[m[K
[01m[K/home/hibiki/Robomech_HR/Eglantyne/simulation/src/simple_sim/src/test/zero_pub.cpp:38:5:[m[K [01;31m[Kerror: [m[K‘[01m[Kpub_publish[m[K’ was not declared in this scope; did you mean ‘[01m[Krmw_publish[m[K’?
   38 |     [01;31m[Kpub_publish[m[K(motion);
      |     [01;31m[K^~~~~~~~~~~[m[K
      |     [32m[Krmw_publish[m[K
gmake[2]: *** [CMakeFiles/zero_pub.dir/build.make:76: CMakeFiles/zero_pub.dir/src/test/zero_pub.cpp.o] Error 1
gmake[1]: *** [CMakeFiles/Makefile2:167: CMakeFiles/zero_pub.dir/all] Error 2
gmake: *** [Makefile:146: all] Error 2
