[0.021s] Invoking command in '/home/hibiki/Robomech_HR/Eglantyne/simulation/build/simple_sim': CMAKE_PREFIX_PATH=${CMAKE_PREFIX_PATH}:/home/hibiki/Robomech_HR/Eglantyne/simulation/install/ros2_control_demo_testing:/opt/ros/humble /usr/bin/cmake --build /home/hibiki/Robomech_HR/Eglantyne/simulation/build/simple_sim -- -j16 -l16
[0.069s] [ 50%] [32mBuilding CXX object CMakeFiles/pub_test.dir/test/pub_test.cpp.o[0m
[1.837s] [01m[K/home/hibiki/Robomech_HR/Eglantyne/simulation/src/simple_sim/test/pub_test.cpp:[m[K In member function ‘[01m[Kvoid PubTest::timer_callback()[m[K’:
[1.837s] [01m[K/home/hibiki/Robomech_HR/Eglantyne/simulation/src/simple_sim/test/pub_test.cpp:31:31:[m[K [01;31m[Kerror: [m[K‘[01m[Kjoit_names[m[K’ was not declared in this scope; did you mean ‘[01m[Kjoint_names[m[K’?
[1.837s]    31 |         pos1.positions.resize([01;31m[Kjoit_names[m[K.size());
[1.837s]       |                               [01;31m[K^~~~~~~~~~[m[K
[1.837s]       |                               [32m[Kjoint_names[m[K
[1.837s] [01m[K/home/hibiki/Robomech_HR/Eglantyne/simulation/src/simple_sim/test/pub_test.cpp:47:51:[m[K [01;31m[Kerror: [m[Kno match for ‘[01m[Koperator=[m[K’ (operand types are ‘[01m[Ktrajectory_msgs::msg::JointTrajectory_<std::allocator<void> >::_points_type[m[K’ {aka ‘[01m[Kstd::vector<trajectory_msgs::msg::JointTrajectoryPoint_<std::allocator<void> >, std::allocator<trajectory_msgs::msg::JointTrajectoryPoint_<std::allocator<void> > > >[m[K’} and ‘[01m[Ktrajectory_msgs::msg::JointTrajectoryPoint[m[K’ {aka ‘[01m[Ktrajectory_msgs::msg::JointTrajectoryPoint_<std::allocator<void> >[m[K’})
[1.837s]    47 |         if(count_++ % 2 == 0){ positions.points = [01;31m[Kpos1[m[K;
[1.837s]       |                                                   [01;31m[K^~~~[m[K
[1.837s] In file included from [01m[K/usr/include/c++/11/vector:72[m[K,
[1.838s]                  from [01m[K/usr/include/c++/11/functional:62[m[K,
[1.838s]                  from [01m[K/home/hibiki/Robomech_HR/Eglantyne/simulation/src/simple_sim/test/pub_test.cpp:2[m[K:
[1.838s] [01m[K/usr/include/c++/11/bits/vector.tcc:198:5:[m[K [01;36m[Knote: [m[Kcandidate: ‘[01m[Kstd::vector<_Tp, _Alloc>& std::vector<_Tp, _Alloc>::operator=(const std::vector<_Tp, _Alloc>&) [with _Tp = trajectory_msgs::msg::JointTrajectoryPoint_<std::allocator<void> >; _Alloc = std::allocator<trajectory_msgs::msg::JointTrajectoryPoint_<std::allocator<void> > >][m[K’
[1.838s]   198 |     [01;36m[Kvector<_Tp, _Alloc>[m[K::
[1.838s]       |     [01;36m[K^~~~~~~~~~~~~~~~~~~[m[K
[1.838s] [01m[K/usr/include/c++/11/bits/vector.tcc:199:42:[m[K [01;36m[Knote: [m[K  no known conversion for argument 1 from ‘[01m[Ktrajectory_msgs::msg::JointTrajectoryPoint[m[K’ {aka ‘[01m[Ktrajectory_msgs::msg::JointTrajectoryPoint_<std::allocator<void> >[m[K’} to ‘[01m[Kconst std::vector<trajectory_msgs::msg::JointTrajectoryPoint_<std::allocator<void> >, std::allocator<trajectory_msgs::msg::JointTrajectoryPoint_<std::allocator<void> > > >&[m[K’
[1.838s]   199 |     operator=([01;36m[Kconst vector<_Tp, _Alloc>& __x[m[K)
[1.838s]       |               [01;36m[K~~~~~~~~~~~~~~~~~~~~~~~~~~~^~~[m[K
[1.838s] In file included from [01m[K/usr/include/c++/11/vector:67[m[K,
[1.838s]                  from [01m[K/usr/include/c++/11/functional:62[m[K,
[1.838s]                  from [01m[K/home/hibiki/Robomech_HR/Eglantyne/simulation/src/simple_sim/test/pub_test.cpp:2[m[K:
[1.838s] [01m[K/usr/include/c++/11/bits/stl_vector.h:709:7:[m[K [01;36m[Knote: [m[Kcandidate: ‘[01m[Kstd::vector<_Tp, _Alloc>& std::vector<_Tp, _Alloc>::operator=(std::vector<_Tp, _Alloc>&&) [with _Tp = trajectory_msgs::msg::JointTrajectoryPoint_<std::allocator<void> >; _Alloc = std::allocator<trajectory_msgs::msg::JointTrajectoryPoint_<std::allocator<void> > >][m[K’
[1.839s]   709 |       [01;36m[Koperator[m[K=(vector&& __x) noexcept(_Alloc_traits::_S_nothrow_move())
[1.839s]       |       [01;36m[K^~~~~~~~[m[K
[1.839s] [01m[K/usr/include/c++/11/bits/stl_vector.h:709:26:[m[K [01;36m[Knote: [m[K  no known conversion for argument 1 from ‘[01m[Ktrajectory_msgs::msg::JointTrajectoryPoint[m[K’ {aka ‘[01m[Ktrajectory_msgs::msg::JointTrajectoryPoint_<std::allocator<void> >[m[K’} to ‘[01m[Kstd::vector<trajectory_msgs::msg::JointTrajectoryPoint_<std::allocator<void> >, std::allocator<trajectory_msgs::msg::JointTrajectoryPoint_<std::allocator<void> > > >&&[m[K’
[1.839s]   709 |       operator=([01;36m[Kvector&& __x[m[K) noexcept(_Alloc_traits::_S_nothrow_move())
[1.839s]       |                 [01;36m[K~~~~~~~~~^~~[m[K
[1.839s] [01m[K/usr/include/c++/11/bits/stl_vector.h:730:7:[m[K [01;36m[Knote: [m[Kcandidate: ‘[01m[Kstd::vector<_Tp, _Alloc>& std::vector<_Tp, _Alloc>::operator=(std::initializer_list<_Tp>) [with _Tp = trajectory_msgs::msg::JointTrajectoryPoint_<std::allocator<void> >; _Alloc = std::allocator<trajectory_msgs::msg::JointTrajectoryPoint_<std::allocator<void> > >][m[K’
[1.839s]   730 |       [01;36m[Koperator[m[K=(initializer_list<value_type> __l)
[1.839s]       |       [01;36m[K^~~~~~~~[m[K
[1.839s] [01m[K/usr/include/c++/11/bits/stl_vector.h:730:46:[m[K [01;36m[Knote: [m[K  no known conversion for argument 1 from ‘[01m[Ktrajectory_msgs::msg::JointTrajectoryPoint[m[K’ {aka ‘[01m[Ktrajectory_msgs::msg::JointTrajectoryPoint_<std::allocator<void> >[m[K’} to ‘[01m[Kstd::initializer_list<trajectory_msgs::msg::JointTrajectoryPoint_<std::allocator<void> > >[m[K’
[1.839s]   730 |       operator=([01;36m[Kinitializer_list<value_type> __l[m[K)
[1.839s]       |                 [01;36m[K~~~~~~~~~~~~~~~~~~~~~~~~~~~~~^~~[m[K
[1.840s] [01m[K/home/hibiki/Robomech_HR/Eglantyne/simulation/src/simple_sim/test/pub_test.cpp:48:34:[m[K [01;31m[Kerror: [m[Kno match for ‘[01m[Koperator=[m[K’ (operand types are ‘[01m[Ktrajectory_msgs::msg::JointTrajectory_<std::allocator<void> >::_points_type[m[K’ {aka ‘[01m[Kstd::vector<trajectory_msgs::msg::JointTrajectoryPoint_<std::allocator<void> >, std::allocator<trajectory_msgs::msg::JointTrajectoryPoint_<std::allocator<void> > > >[m[K’} and ‘[01m[Ktrajectory_msgs::msg::JointTrajectoryPoint[m[K’ {aka ‘[01m[Ktrajectory_msgs::msg::JointTrajectoryPoint_<std::allocator<void> >[m[K’})
[1.840s]    48 |         }else{positions.points = [01;31m[Kpos2[m[K; }
[1.840s]       |                                  [01;31m[K^~~~[m[K
[1.840s] In file included from [01m[K/usr/include/c++/11/vector:72[m[K,
[1.840s]                  from [01m[K/usr/include/c++/11/functional:62[m[K,
[1.840s]                  from [01m[K/home/hibiki/Robomech_HR/Eglantyne/simulation/src/simple_sim/test/pub_test.cpp:2[m[K:
[1.840s] [01m[K/usr/include/c++/11/bits/vector.tcc:198:5:[m[K [01;36m[Knote: [m[Kcandidate: ‘[01m[Kstd::vector<_Tp, _Alloc>& std::vector<_Tp, _Alloc>::operator=(const std::vector<_Tp, _Alloc>&) [with _Tp = trajectory_msgs::msg::JointTrajectoryPoint_<std::allocator<void> >; _Alloc = std::allocator<trajectory_msgs::msg::JointTrajectoryPoint_<std::allocator<void> > >][m[K’
[1.840s]   198 |     [01;36m[Kvector<_Tp, _Alloc>[m[K::
[1.840s]       |     [01;36m[K^~~~~~~~~~~~~~~~~~~[m[K
[1.840s] [01m[K/usr/include/c++/11/bits/vector.tcc:199:42:[m[K [01;36m[Knote: [m[K  no known conversion for argument 1 from ‘[01m[Ktrajectory_msgs::msg::JointTrajectoryPoint[m[K’ {aka ‘[01m[Ktrajectory_msgs::msg::JointTrajectoryPoint_<std::allocator<void> >[m[K’} to ‘[01m[Kconst std::vector<trajectory_msgs::msg::JointTrajectoryPoint_<std::allocator<void> >, std::allocator<trajectory_msgs::msg::JointTrajectoryPoint_<std::allocator<void> > > >&[m[K’
[1.840s]   199 |     operator=([01;36m[Kconst vector<_Tp, _Alloc>& __x[m[K)
[1.841s]       |               [01;36m[K~~~~~~~~~~~~~~~~~~~~~~~~~~~^~~[m[K
[1.841s] In file included from [01m[K/usr/include/c++/11/vector:67[m[K,
[1.841s]                  from [01m[K/usr/include/c++/11/functional:62[m[K,
[1.841s]                  from [01m[K/home/hibiki/Robomech_HR/Eglantyne/simulation/src/simple_sim/test/pub_test.cpp:2[m[K:
[1.841s] [01m[K/usr/include/c++/11/bits/stl_vector.h:709:7:[m[K [01;36m[Knote: [m[Kcandidate: ‘[01m[Kstd::vector<_Tp, _Alloc>& std::vector<_Tp, _Alloc>::operator=(std::vector<_Tp, _Alloc>&&) [with _Tp = trajectory_msgs::msg::JointTrajectoryPoint_<std::allocator<void> >; _Alloc = std::allocator<trajectory_msgs::msg::JointTrajectoryPoint_<std::allocator<void> > >][m[K’
[1.841s]   709 |       [01;36m[Koperator[m[K=(vector&& __x) noexcept(_Alloc_traits::_S_nothrow_move())
[1.841s]       |       [01;36m[K^~~~~~~~[m[K
[1.841s] [01m[K/usr/include/c++/11/bits/stl_vector.h:709:26:[m[K [01;36m[Knote: [m[K  no known conversion for argument 1 from ‘[01m[Ktrajectory_msgs::msg::JointTrajectoryPoint[m[K’ {aka ‘[01m[Ktrajectory_msgs::msg::JointTrajectoryPoint_<std::allocator<void> >[m[K’} to ‘[01m[Kstd::vector<trajectory_msgs::msg::JointTrajectoryPoint_<std::allocator<void> >, std::allocator<trajectory_msgs::msg::JointTrajectoryPoint_<std::allocator<void> > > >&&[m[K’
[1.841s]   709 |       operator=([01;36m[Kvector&& __x[m[K) noexcept(_Alloc_traits::_S_nothrow_move())
[1.841s]       |                 [01;36m[K~~~~~~~~~^~~[m[K
[1.841s] [01m[K/usr/include/c++/11/bits/stl_vector.h:730:7:[m[K [01;36m[Knote: [m[Kcandidate: ‘[01m[Kstd::vector<_Tp, _Alloc>& std::vector<_Tp, _Alloc>::operator=(std::initializer_list<_Tp>) [with _Tp = trajectory_msgs::msg::JointTrajectoryPoint_<std::allocator<void> >; _Alloc = std::allocator<trajectory_msgs::msg::JointTrajectoryPoint_<std::allocator<void> > >][m[K’
[1.841s]   730 |       [01;36m[Koperator[m[K=(initializer_list<value_type> __l)
[1.842s]       |       [01;36m[K^~~~~~~~[m[K
[1.842s] [01m[K/usr/include/c++/11/bits/stl_vector.h:730:46:[m[K [01;36m[Knote: [m[K  no known conversion for argument 1 from ‘[01m[Ktrajectory_msgs::msg::JointTrajectoryPoint[m[K’ {aka ‘[01m[Ktrajectory_msgs::msg::JointTrajectoryPoint_<std::allocator<void> >[m[K’} to ‘[01m[Kstd::initializer_list<trajectory_msgs::msg::JointTrajectoryPoint_<std::allocator<void> > >[m[K’
[1.842s]   730 |       operator=([01;36m[Kinitializer_list<value_type> __l[m[K)
[1.842s]       |                 [01;36m[K~~~~~~~~~~~~~~~~~~~~~~~~~~~~~^~~[m[K
[2.497s] gmake[2]: *** [CMakeFiles/pub_test.dir/build.make:76: CMakeFiles/pub_test.dir/test/pub_test.cpp.o] Error 1
[2.497s] gmake[1]: *** [CMakeFiles/Makefile2:137: CMakeFiles/pub_test.dir/all] Error 2
[2.498s] gmake: *** [Makefile:146: all] Error 2
[2.501s] Invoked command in '/home/hibiki/Robomech_HR/Eglantyne/simulation/build/simple_sim' returned '2': CMAKE_PREFIX_PATH=${CMAKE_PREFIX_PATH}:/home/hibiki/Robomech_HR/Eglantyne/simulation/install/ros2_control_demo_testing:/opt/ros/humble /usr/bin/cmake --build /home/hibiki/Robomech_HR/Eglantyne/simulation/build/simple_sim -- -j16 -l16
