[0.008s] Invoking command in '/home/hibiki/Robomech_HR/Eglantyne/simulation/build/simple_sim': CMAKE_PREFIX_PATH=${CMAKE_PREFIX_PATH}:/home/hibiki/Robomech_HR/Eglantyne/simulation/install/ros2_control_demo_testing:/opt/ros/humble /usr/bin/cmake --build /home/hibiki/Robomech_HR/Eglantyne/simulation/build/simple_sim -- -j16 -l16
[0.035s] [  8%] Built target simple_sim__rosidl_generator_c
[0.035s] [ 11%] Built target simple_sim__cpp
[0.041s] [ 11%] Built target ament_cmake_python_copy_simple_sim
[0.042s] [ 17%] Built target pub_test
[0.043s] [ 20%] [32mBuilding CXX object CMakeFiles/pub_control.dir/src/controller/pub_control.cpp.o[0m
[0.052s] [ 28%] Built target simple_sim__rosidl_typesupport_c
[0.052s] [ 37%] Built target simple_sim__rosidl_typesupport_fastrtps_c
[0.053s] [ 45%] Built target simple_sim__rosidl_typesupport_introspection_cpp
[0.056s] [ 54%] Built target simple_sim__rosidl_typesupport_introspection_c
[0.059s] [ 62%] Built target simple_sim__rosidl_typesupport_cpp
[0.060s] [ 71%] Built target simple_sim__rosidl_typesupport_fastrtps_cpp
[0.070s] [ 71%] Built target simple_sim
[0.081s] [ 74%] Built target simple_sim__py
[0.092s] [ 80%] Built target simple_sim__rosidl_generator_py
[0.104s] [ 97%] Built target simple_sim__rosidl_typesupport_fastrtps_c__pyext
[0.104s] [ 97%] Built target simple_sim__rosidl_typesupport_introspection_c__pyext
[0.104s] [ 97%] Built target simple_sim__rosidl_typesupport_c__pyext
[0.161s] running egg_info
[0.167s] writing simple_sim.egg-info/PKG-INFO
[0.167s] writing dependency_links to simple_sim.egg-info/dependency_links.txt
[0.168s] writing top-level names to simple_sim.egg-info/top_level.txt
[0.185s] reading manifest file 'simple_sim.egg-info/SOURCES.txt'
[0.186s] writing manifest file 'simple_sim.egg-info/SOURCES.txt'
[0.201s] [ 97%] Built target ament_cmake_python_build_simple_sim_egg
[1.276s] [01m[K/home/hibiki/Robomech_HR/Eglantyne/simulation/src/simple_sim/src/controller/pub_control.cpp:[m[K In member function ‘[01m[Kvoid PubControl::update_motions(const JointTrajectory&) const[m[K’:
[1.277s] [01m[K/home/hibiki/Robomech_HR/Eglantyne/simulation/src/simple_sim/src/controller/pub_control.cpp:49:17:[m[K [01;31m[Kerror: [m[Kno match for ‘[01m[Koperator![m[K’ (operand type is ‘[01m[Kconst value_type[m[K’ {aka ‘[01m[Kconst trajectory_msgs::msg::JointTrajectoryPoint_<std::allocator<void> >[m[K’})
[1.277s]    49 |             if (!motion.points[i]){return;}
[1.277s] [01m[K/home/hibiki/Robomech_HR/Eglantyne/simulation/src/simple_sim/src/controller/pub_control.cpp:49:17:[m[K [01;36m[Knote: [m[Kcandidate: ‘[01m[Koperator!(bool)[m[K’ (built-in)
[1.277s] [01m[K/home/hibiki/Robomech_HR/Eglantyne/simulation/src/simple_sim/src/controller/pub_control.cpp:49:17:[m[K [01;36m[Knote: [m[K  no known conversion for argument 1 from ‘[01m[Kconst value_type[m[K’ {aka ‘[01m[Kconst trajectory_msgs::msg::JointTrajectoryPoint_<std::allocator<void> >[m[K’} to ‘[01m[Kbool[m[K’
[1.277s] In file included from [01m[K/opt/ros/humble/include/libstatistics_collector/libstatistics_collector/moving_average_statistics/moving_average.hpp:30[m[K,
[1.277s]                  from [01m[K/opt/ros/humble/include/libstatistics_collector/libstatistics_collector/collector/collector.hpp:22[m[K,
[1.277s]                  from [01m[K/opt/ros/humble/include/libstatistics_collector/libstatistics_collector/topic_statistics_collector/topic_statistics_collector.hpp:24[m[K,
[1.277s]                  from [01m[K/opt/ros/humble/include/libstatistics_collector/libstatistics_collector/topic_statistics_collector/received_message_age.hpp:26[m[K,
[1.277s]                  from [01m[K/opt/ros/humble/include/rclcpp/rclcpp/topic_statistics/subscription_topic_statistics.hpp:26[m[K,
[1.277s]                  from [01m[K/opt/ros/humble/include/rclcpp/rclcpp/subscription.hpp:50[m[K,
[1.277s]                  from [01m[K/opt/ros/humble/include/rclcpp/rclcpp/any_executable.hpp:25[m[K,
[1.277s]                  from [01m[K/opt/ros/humble/include/rclcpp/rclcpp/memory_strategy.hpp:25[m[K,
[1.277s]                  from [01m[K/opt/ros/humble/include/rclcpp/rclcpp/memory_strategies.hpp:18[m[K,
[1.277s]                  from [01m[K/opt/ros/humble/include/rclcpp/rclcpp/executor_options.hpp:20[m[K,
[1.277s]                  from [01m[K/opt/ros/humble/include/rclcpp/rclcpp/executor.hpp:37[m[K,
[1.277s]                  from [01m[K/opt/ros/humble/include/rclcpp/rclcpp/executors/multi_threaded_executor.hpp:25[m[K,
[1.277s]                  from [01m[K/opt/ros/humble/include/rclcpp/rclcpp/executors.hpp:21[m[K,
[1.277s]                  from [01m[K/opt/ros/humble/include/rclcpp/rclcpp/rclcpp.hpp:155[m[K,
[1.277s]                  from [01m[K/home/hibiki/Robomech_HR/Eglantyne/simulation/src/simple_sim/src/controller/pub_control.cpp:6[m[K:
[1.277s] [01m[K/opt/ros/humble/include/rcpputils/rcpputils/thread_safety_annotations.hpp:55:27:[m[K [01;36m[Knote: [m[Kcandidate: ‘[01m[Kconst std::mutex& operator!(const std::mutex&)[m[K’
[1.277s]    55 | inline const std::mutex & [01;36m[Koperator[m[K!(const std::mutex & a)
[1.277s]       |                           [01;36m[K^~~~~~~~[m[K
[1.277s] [01m[K/opt/ros/humble/include/rcpputils/rcpputils/thread_safety_annotations.hpp:55:56:[m[K [01;36m[Knote: [m[K  no known conversion for argument 1 from ‘[01m[Kconst value_type[m[K’ {aka ‘[01m[Kconst trajectory_msgs::msg::JointTrajectoryPoint_<std::allocator<void> >[m[K’} to ‘[01m[Kconst std::mutex&[m[K’
[1.277s]    55 | inline const std::mutex & operator!([01;36m[Kconst std::mutex & a[m[K)
[1.277s]       |                                     [01;36m[K~~~~~~~~~~~~~~~~~~~^[m[K
[1.277s] [01m[K/home/hibiki/Robomech_HR/Eglantyne/simulation/src/simple_sim/src/controller/pub_control.cpp:50:28:[m[K [01;31m[Kerror: [m[Kpassing ‘[01m[Kconst std::vector<trajectory_msgs::msg::JointTrajectoryPoint_<std::allocator<void> >, std::allocator<trajectory_msgs::msg::JointTrajectoryPoint_<std::allocator<void> > > >[m[K’ as ‘[01m[Kthis[m[K’ argument discards qualifiers [[01;31m[K]8;;https://gcc.gnu.org/onlinedocs/gcc/Warning-Options.html#index-fpermissive-fpermissive]8;;[m[K]
[1.277s]    50 |             [01;31m[Korder.push_back(motion.points[i++])[m[K;
[1.277s]       |             [01;31m[K~~~~~~~~~~~~~~~^~~~~~~~~~~~~~~~~~~~[m[K
[1.277s] In file included from [01m[K/usr/include/c++/11/vector:67[m[K,
[1.277s]                  from [01m[K/usr/include/c++/11/functional:62[m[K,
[1.277s]                  from [01m[K/home/hibiki/Robomech_HR/Eglantyne/simulation/src/simple_sim/src/controller/pub_control.cpp:2[m[K:
[1.277s] [01m[K/usr/include/c++/11/bits/stl_vector.h:1187:7:[m[K [01;36m[Knote: [m[K  in call to ‘[01m[Kvoid std::vector<_Tp, _Alloc>::push_back(const value_type&) [with _Tp = trajectory_msgs::msg::JointTrajectoryPoint_<std::allocator<void> >; _Alloc = std::allocator<trajectory_msgs::msg::JointTrajectoryPoint_<std::allocator<void> > >; std::vector<_Tp, _Alloc>::value_type = trajectory_msgs::msg::JointTrajectoryPoint_<std::allocator<void> >][m[K’
[1.277s]  1187 |       [01;36m[Kpush_back[m[K(const value_type& __x)
[1.277s]       |       [01;36m[K^~~~~~~~~[m[K
[2.600s] gmake[2]: *** [CMakeFiles/pub_control.dir/build.make:76: CMakeFiles/pub_control.dir/src/controller/pub_control.cpp.o] Error 1
[2.600s] gmake[1]: *** [CMakeFiles/Makefile2:620: CMakeFiles/pub_control.dir/all] Error 2
[2.600s] gmake: *** [Makefile:146: all] Error 2
[2.602s] Invoked command in '/home/hibiki/Robomech_HR/Eglantyne/simulation/build/simple_sim' returned '2': CMAKE_PREFIX_PATH=${CMAKE_PREFIX_PATH}:/home/hibiki/Robomech_HR/Eglantyne/simulation/install/ros2_control_demo_testing:/opt/ros/humble /usr/bin/cmake --build /home/hibiki/Robomech_HR/Eglantyne/simulation/build/simple_sim -- -j16 -l16
