[0.008s] Invoking command in '/home/hibiki/Robomech_HR/Eglantyne/simulation/build/simple_sim': CMAKE_PREFIX_PATH=${CMAKE_PREFIX_PATH}:/home/hibiki/Robomech_HR/Eglantyne/simulation/install/ros2_control_demo_testing:/opt/ros/humble /usr/bin/cmake --build /home/hibiki/Robomech_HR/Eglantyne/simulation/build/simple_sim -- -j16 -l16
[0.032s] [  2%] Built target simple_sim__cpp
[0.032s] [ 11%] Built target simple_sim__rosidl_generator_c
[0.037s] [ 17%] Built target pub_test
[0.037s] [ 17%] Built target ament_cmake_python_copy_simple_sim
[0.044s] [ 20%] [32mBuilding CXX object CMakeFiles/pub_control.dir/src/controller/pub_control.cpp.o[0m
[0.050s] [ 28%] Built target simple_sim__rosidl_typesupport_c
[0.052s] [ 37%] Built target simple_sim__rosidl_typesupport_introspection_c
[0.054s] [ 45%] Built target simple_sim__rosidl_typesupport_cpp
[0.056s] [ 54%] Built target simple_sim__rosidl_typesupport_fastrtps_cpp
[0.056s] [ 62%] Built target simple_sim__rosidl_typesupport_introspection_cpp
[0.057s] [ 71%] Built target simple_sim__rosidl_typesupport_fastrtps_c
[0.067s] [ 71%] Built target simple_sim
[0.077s] [ 74%] Built target simple_sim__py
[0.089s] [ 80%] Built target simple_sim__rosidl_generator_py
[0.100s] [ 85%] Built target simple_sim__rosidl_typesupport_fastrtps_c__pyext
[0.101s] [ 91%] Built target simple_sim__rosidl_typesupport_introspection_c__pyext
[0.101s] [ 97%] Built target simple_sim__rosidl_typesupport_c__pyext
[0.152s] running egg_info
[0.159s] writing simple_sim.egg-info/PKG-INFO
[0.159s] writing dependency_links to simple_sim.egg-info/dependency_links.txt
[0.159s] writing top-level names to simple_sim.egg-info/top_level.txt
[0.177s] reading manifest file 'simple_sim.egg-info/SOURCES.txt'
[0.177s] writing manifest file 'simple_sim.egg-info/SOURCES.txt'
[0.192s] [ 97%] Built target ament_cmake_python_build_simple_sim_egg
[1.270s] [01m[K/home/hibiki/Robomech_HR/Eglantyne/simulation/src/simple_sim/src/controller/pub_control.cpp:[m[K In member function ‘[01m[Kvoid PubControl::update_motions(const JointTrajectory&) const[m[K’:
[1.270s] [01m[K/home/hibiki/Robomech_HR/Eglantyne/simulation/src/simple_sim/src/controller/pub_control.cpp:46:21:[m[K [01;31m[Kerror: [m[Kpassing ‘[01m[Kconst std::vector<trajectory_msgs::msg::JointTrajectoryPoint_<std::allocator<void> >, std::allocator<trajectory_msgs::msg::JointTrajectoryPoint_<std::allocator<void> > > >[m[K’ as ‘[01m[Kthis[m[K’ argument discards qualifiers [[01;31m[K]8;;https://gcc.gnu.org/onlinedocs/gcc/Warning-Options.html#index-fpermissive-fpermissive]8;;[m[K]
[1.270s]    46 |         [01;31m[Korder.insert(order.end(), motion_list.begin(), motion_list.end())[m[K;
[1.270s]       |         [01;31m[K~~~~~~~~~~~~^~~~~~~~~~~~~~~~~~~~~~~~~~~~~~~~~~~~~~~~~~~~~~~~~~~~~[m[K
[1.270s] In file included from [01m[K/usr/include/c++/11/vector:67[m[K,
[1.270s]                  from [01m[K/usr/include/c++/11/functional:62[m[K,
[1.270s]                  from [01m[K/home/hibiki/Robomech_HR/Eglantyne/simulation/src/simple_sim/src/controller/pub_control.cpp:2[m[K:
[1.270s] [01m[K/usr/include/c++/11/bits/stl_vector.h:1379:9:[m[K [01;36m[Knote: [m[K  in call to ‘[01m[Kstd::vector<_Tp, _Alloc>::iterator std::vector<_Tp, _Alloc>::insert(std::vector<_Tp, _Alloc>::const_iterator, _InputIterator, _InputIterator) [with _InputIterator = __gnu_cxx::__normal_iterator<trajectory_msgs::msg::JointTrajectoryPoint_<std::allocator<void> >*, std::vector<trajectory_msgs::msg::JointTrajectoryPoint_<std::allocator<void> >, std::allocator<trajectory_msgs::msg::JointTrajectoryPoint_<std::allocator<void> > > > >; <template-parameter-2-2> = void; _Tp = trajectory_msgs::msg::JointTrajectoryPoint_<std::allocator<void> >; _Alloc = std::allocator<trajectory_msgs::msg::JointTrajectoryPoint_<std::allocator<void> > >; std::vector<_Tp, _Alloc>::iterator = std::vector<trajectory_msgs::msg::JointTrajectoryPoint_<std::allocator<void> >, std::allocator<trajectory_msgs::msg::JointTrajectoryPoint_<std::allocator<void> > > >::iterator; std::vector<_Tp, _Alloc>::const_iterator = std::vector<trajectory_msgs::msg::JointTrajectoryPoint_<std::allocator<void> >, std::allocator<trajectory_msgs::msg::JointTrajectoryPoint_<std::allocator<void> > > >::const_iterator][m[K’
[1.271s]  1379 |         [01;36m[Kinsert[m[K(const_iterator __position, _InputIterator __first,
[1.271s]       |         [01;36m[K^~~~~~[m[K
[2.586s] gmake[2]: *** [CMakeFiles/pub_control.dir/build.make:76: CMakeFiles/pub_control.dir/src/controller/pub_control.cpp.o] Error 1
[2.586s] gmake[1]: *** [CMakeFiles/Makefile2:620: CMakeFiles/pub_control.dir/all] Error 2
[2.586s] gmake: *** [Makefile:146: all] Error 2
[2.588s] Invoked command in '/home/hibiki/Robomech_HR/Eglantyne/simulation/build/simple_sim' returned '2': CMAKE_PREFIX_PATH=${CMAKE_PREFIX_PATH}:/home/hibiki/Robomech_HR/Eglantyne/simulation/install/ros2_control_demo_testing:/opt/ros/humble /usr/bin/cmake --build /home/hibiki/Robomech_HR/Eglantyne/simulation/build/simple_sim -- -j16 -l16
