[0.009s] Invoking command in '/home/hibiki/Robomech_HR/Eglantyne/simulation/build/simple_sim': CMAKE_PREFIX_PATH=${CMAKE_PREFIX_PATH}:/home/hibiki/Robomech_HR/Eglantyne/simulation/install/ros2_control_demo_testing:/opt/ros/humble /usr/bin/cmake --build /home/hibiki/Robomech_HR/Eglantyne/simulation/build/simple_sim -- -j16 -l16
[0.043s] [ 33%] Built target pub_test
[0.045s] [ 66%] Built target pub_control
[0.048s] [ 83%] [32mBuilding CXX object CMakeFiles/zero_pub.dir/src/test/zero_pub.cpp.o[0m
[1.393s] [01m[K/home/hibiki/Robomech_HR/Eglantyne/simulation/src/simple_sim/src/test/zero_pub.cpp:[m[K In function ‘[01m[Kint main(int, char**)[m[K’:
[1.393s] [01m[K/home/hibiki/Robomech_HR/Eglantyne/simulation/src/simple_sim/src/test/zero_pub.cpp:32:71:[m[K [01;31m[Kerror: [m[Kno match for ‘[01m[Koperator=[m[K’ (operand types are ‘[01m[Kstd::vector<double, std::allocator<double> >[m[K’ and ‘[01m[K__gnu_cxx::__alloc_traits<std::allocator<double>, double>::value_type[m[K’ {aka ‘[01m[Kdouble[m[K’})
[1.393s]    32 |             positions[j] = initial[j] * (max_count-count) + goal[j] * [01;31m[Kcount[m[K;
[1.393s]       |                                                                       [01;31m[K^~~~~[m[K
[1.393s] In file included from [01m[K/usr/include/c++/11/vector:72[m[K,
[1.393s]                  from [01m[K/usr/include/c++/11/functional:62[m[K,
[1.393s]                  from [01m[K/home/hibiki/Robomech_HR/Eglantyne/simulation/src/simple_sim/src/test/zero_pub.cpp:2[m[K:
[1.393s] [01m[K/usr/include/c++/11/bits/vector.tcc:198:5:[m[K [01;36m[Knote: [m[Kcandidate: ‘[01m[Kstd::vector<_Tp, _Alloc>& std::vector<_Tp, _Alloc>::operator=(const std::vector<_Tp, _Alloc>&) [with _Tp = double; _Alloc = std::allocator<double>][m[K’
[1.393s]   198 |     [01;36m[Kvector<_Tp, _Alloc>[m[K::
[1.393s]       |     [01;36m[K^~~~~~~~~~~~~~~~~~~[m[K
[1.393s] [01m[K/usr/include/c++/11/bits/vector.tcc:199:42:[m[K [01;36m[Knote: [m[K  no known conversion for argument 1 from ‘[01m[K__gnu_cxx::__alloc_traits<std::allocator<double>, double>::value_type[m[K’ {aka ‘[01m[Kdouble[m[K’} to ‘[01m[Kconst std::vector<double, std::allocator<double> >&[m[K’
[1.394s]   199 |     operator=([01;36m[Kconst vector<_Tp, _Alloc>& __x[m[K)
[1.394s]       |               [01;36m[K~~~~~~~~~~~~~~~~~~~~~~~~~~~^~~[m[K
[1.394s] In file included from [01m[K/usr/include/c++/11/vector:67[m[K,
[1.394s]                  from [01m[K/usr/include/c++/11/functional:62[m[K,
[1.394s]                  from [01m[K/home/hibiki/Robomech_HR/Eglantyne/simulation/src/simple_sim/src/test/zero_pub.cpp:2[m[K:
[1.394s] [01m[K/usr/include/c++/11/bits/stl_vector.h:709:7:[m[K [01;36m[Knote: [m[Kcandidate: ‘[01m[Kstd::vector<_Tp, _Alloc>& std::vector<_Tp, _Alloc>::operator=(std::vector<_Tp, _Alloc>&&) [with _Tp = double; _Alloc = std::allocator<double>][m[K’
[1.394s]   709 |       [01;36m[Koperator[m[K=(vector&& __x) noexcept(_Alloc_traits::_S_nothrow_move())
[1.394s]       |       [01;36m[K^~~~~~~~[m[K
[1.394s] [01m[K/usr/include/c++/11/bits/stl_vector.h:709:26:[m[K [01;36m[Knote: [m[K  no known conversion for argument 1 from ‘[01m[K__gnu_cxx::__alloc_traits<std::allocator<double>, double>::value_type[m[K’ {aka ‘[01m[Kdouble[m[K’} to ‘[01m[Kstd::vector<double, std::allocator<double> >&&[m[K’
[1.394s]   709 |       operator=([01;36m[Kvector&& __x[m[K) noexcept(_Alloc_traits::_S_nothrow_move())
[1.394s]       |                 [01;36m[K~~~~~~~~~^~~[m[K
[1.394s] [01m[K/usr/include/c++/11/bits/stl_vector.h:730:7:[m[K [01;36m[Knote: [m[Kcandidate: ‘[01m[Kstd::vector<_Tp, _Alloc>& std::vector<_Tp, _Alloc>::operator=(std::initializer_list<_Tp>) [with _Tp = double; _Alloc = std::allocator<double>][m[K’
[1.394s]   730 |       [01;36m[Koperator[m[K=(initializer_list<value_type> __l)
[1.394s]       |       [01;36m[K^~~~~~~~[m[K
[1.394s] [01m[K/usr/include/c++/11/bits/stl_vector.h:730:46:[m[K [01;36m[Knote: [m[K  no known conversion for argument 1 from ‘[01m[K__gnu_cxx::__alloc_traits<std::allocator<double>, double>::value_type[m[K’ {aka ‘[01m[Kdouble[m[K’} to ‘[01m[Kstd::initializer_list<double>[m[K’
[1.395s]   730 |       operator=([01;36m[Kinitializer_list<value_type> __l[m[K)
[1.395s]       |                 [01;36m[K~~~~~~~~~~~~~~~~~~~~~~~~~~~~~^~~[m[K
[1.395s] [01m[K/home/hibiki/Robomech_HR/Eglantyne/simulation/src/simple_sim/src/test/zero_pub.cpp:34:25:[m[K [01;31m[Kerror: [m[Kno match for ‘[01m[Koperator=[m[K’ (operand types are ‘[01m[Ktrajectory_msgs::msg::JointTrajectoryPoint_<std::allocator<void> >::_positions_type[m[K’ {aka ‘[01m[Kstd::vector<double, std::allocator<double> >[m[K’} and ‘[01m[Kstd::vector<double, std::allocator<double> > [18][m[K’)
[1.395s]    34 |         pos.positions = [01;31m[Kpositions[m[K;
[1.395s]       |                         [01;31m[K^~~~~~~~~[m[K
[1.395s] In file included from [01m[K/usr/include/c++/11/vector:72[m[K,
[1.395s]                  from [01m[K/usr/include/c++/11/functional:62[m[K,
[1.395s]                  from [01m[K/home/hibiki/Robomech_HR/Eglantyne/simulation/src/simple_sim/src/test/zero_pub.cpp:2[m[K:
[1.395s] [01m[K/usr/include/c++/11/bits/vector.tcc:198:5:[m[K [01;36m[Knote: [m[Kcandidate: ‘[01m[Kstd::vector<_Tp, _Alloc>& std::vector<_Tp, _Alloc>::operator=(const std::vector<_Tp, _Alloc>&) [with _Tp = double; _Alloc = std::allocator<double>][m[K’
[1.395s]   198 |     [01;36m[Kvector<_Tp, _Alloc>[m[K::
[1.395s]       |     [01;36m[K^~~~~~~~~~~~~~~~~~~[m[K
[1.395s] [01m[K/usr/include/c++/11/bits/vector.tcc:199:42:[m[K [01;36m[Knote: [m[K  no known conversion for argument 1 from ‘[01m[Kstd::vector<double, std::allocator<double> > [18][m[K’ to ‘[01m[Kconst std::vector<double, std::allocator<double> >&[m[K’
[1.395s]   199 |     operator=([01;36m[Kconst vector<_Tp, _Alloc>& __x[m[K)
[1.395s]       |               [01;36m[K~~~~~~~~~~~~~~~~~~~~~~~~~~~^~~[m[K
[1.395s] In file included from [01m[K/usr/include/c++/11/vector:67[m[K,
[1.395s]                  from [01m[K/usr/include/c++/11/functional:62[m[K,
[1.395s]                  from [01m[K/home/hibiki/Robomech_HR/Eglantyne/simulation/src/simple_sim/src/test/zero_pub.cpp:2[m[K:
[1.395s] [01m[K/usr/include/c++/11/bits/stl_vector.h:709:7:[m[K [01;36m[Knote: [m[Kcandidate: ‘[01m[Kstd::vector<_Tp, _Alloc>& std::vector<_Tp, _Alloc>::operator=(std::vector<_Tp, _Alloc>&&) [with _Tp = double; _Alloc = std::allocator<double>][m[K’
[1.395s]   709 |       [01;36m[Koperator[m[K=(vector&& __x) noexcept(_Alloc_traits::_S_nothrow_move())
[1.395s]       |       [01;36m[K^~~~~~~~[m[K
[1.395s] [01m[K/usr/include/c++/11/bits/stl_vector.h:709:26:[m[K [01;36m[Knote: [m[K  no known conversion for argument 1 from ‘[01m[Kstd::vector<double, std::allocator<double> > [18][m[K’ to ‘[01m[Kstd::vector<double, std::allocator<double> >&&[m[K’
[1.395s]   709 |       operator=([01;36m[Kvector&& __x[m[K) noexcept(_Alloc_traits::_S_nothrow_move())
[1.395s]       |                 [01;36m[K~~~~~~~~~^~~[m[K
[1.395s] [01m[K/usr/include/c++/11/bits/stl_vector.h:730:7:[m[K [01;36m[Knote: [m[Kcandidate: ‘[01m[Kstd::vector<_Tp, _Alloc>& std::vector<_Tp, _Alloc>::operator=(std::initializer_list<_Tp>) [with _Tp = double; _Alloc = std::allocator<double>][m[K’
[1.395s]   730 |       [01;36m[Koperator[m[K=(initializer_list<value_type> __l)
[1.395s]       |       [01;36m[K^~~~~~~~[m[K
[1.395s] [01m[K/usr/include/c++/11/bits/stl_vector.h:730:46:[m[K [01;36m[Knote: [m[K  no known conversion for argument 1 from ‘[01m[Kstd::vector<double, std::allocator<double> > [18][m[K’ to ‘[01m[Kstd::initializer_list<double>[m[K’
[1.395s]   730 |       operator=([01;36m[Kinitializer_list<value_type> __l[m[K)
[1.395s]       |                 [01;36m[K~~~~~~~~~~~~~~~~~~~~~~~~~~~~~^~~[m[K
[1.860s] gmake[2]: *** [CMakeFiles/zero_pub.dir/build.make:76: CMakeFiles/zero_pub.dir/src/test/zero_pub.cpp.o] Error 1
[1.860s] gmake[1]: *** [CMakeFiles/Makefile2:167: CMakeFiles/zero_pub.dir/all] Error 2
[1.860s] gmake: *** [Makefile:146: all] Error 2
[1.862s] Invoked command in '/home/hibiki/Robomech_HR/Eglantyne/simulation/build/simple_sim' returned '2': CMAKE_PREFIX_PATH=${CMAKE_PREFIX_PATH}:/home/hibiki/Robomech_HR/Eglantyne/simulation/install/ros2_control_demo_testing:/opt/ros/humble /usr/bin/cmake --build /home/hibiki/Robomech_HR/Eglantyne/simulation/build/simple_sim -- -j16 -l16
