[0.123s] Invoking command in '/home/hibiki/Robomech_HR/Eglantyne/simulation/build/champ_description': CMAKE_PREFIX_PATH=/opt/ros/humble /usr/bin/cmake /home/hibiki/Robomech_HR/Eglantyne/simulation/src/champ/champ_description -DCMAKE_INSTALL_PREFIX=/home/hibiki/Robomech_HR/Eglantyne/simulation/install/champ_description
[0.131s] -- Found ament_cmake: 1.3.10 (/opt/ros/humble/share/ament_cmake/cmake)
[0.420s] -- Found Python3: /home/hibiki/.espressif/python_env/idf5.4_py3.10_env/bin/python3 (found version "3.10.12") found components: Interpreter 
[0.490s] -- Found ament_lint_auto: 0.12.11 (/opt/ros/humble/share/ament_lint_auto/cmake)
[0.550s] -- Configuring done
[0.552s] -- Generating done
[0.553s] -- Build files have been written to: /home/hibiki/Robomech_HR/Eglantyne/simulation/build/champ_description
[0.554s] Invoked command in '/home/hibiki/Robomech_HR/Eglantyne/simulation/build/champ_description' returned '0': CMAKE_PREFIX_PATH=/opt/ros/humble /usr/bin/cmake /home/hibiki/Robomech_HR/Eglantyne/simulation/src/champ/champ_description -DCMAKE_INSTALL_PREFIX=/home/hibiki/Robomech_HR/Eglantyne/simulation/install/champ_description
[0.556s] Invoking command in '/home/hibiki/Robomech_HR/Eglantyne/simulation/build/champ_description': CMAKE_PREFIX_PATH=/opt/ros/humble /usr/bin/cmake --build /home/hibiki/Robomech_HR/Eglantyne/simulation/build/champ_description -- -j16 -l16
[0.586s] Invoked command in '/home/hibiki/Robomech_HR/Eglantyne/simulation/build/champ_description' returned '0': CMAKE_PREFIX_PATH=/opt/ros/humble /usr/bin/cmake --build /home/hibiki/Robomech_HR/Eglantyne/simulation/build/champ_description -- -j16 -l16
[0.599s] Invoking command in '/home/hibiki/Robomech_HR/Eglantyne/simulation/build/champ_description': CMAKE_PREFIX_PATH=/opt/ros/humble /usr/bin/cmake --install /home/hibiki/Robomech_HR/Eglantyne/simulation/build/champ_description
[0.601s] -- Install configuration: ""
[0.601s] -- Installing: /home/hibiki/Robomech_HR/Eglantyne/simulation/install/champ_description/share/champ_description/launch
[0.601s] -- Installing: /home/hibiki/Robomech_HR/Eglantyne/simulation/install/champ_description/share/champ_description/launch/view_urdf.launch
[0.601s] -- Installing: /home/hibiki/Robomech_HR/Eglantyne/simulation/install/champ_description/share/champ_description/launch/description.launch
[0.601s] -- Installing: /home/hibiki/Robomech_HR/Eglantyne/simulation/install/champ_description/share/champ_description/launch/description.launch.py
[0.601s] -- Installing: /home/hibiki/Robomech_HR/Eglantyne/simulation/install/champ_description/share/champ_description/rviz
[0.601s] -- Installing: /home/hibiki/Robomech_HR/Eglantyne/simulation/install/champ_description/share/champ_description/rviz/urdf_viewer.rviz
[0.601s] -- Installing: /home/hibiki/Robomech_HR/Eglantyne/simulation/install/champ_description/share/champ_description/meshes
[0.601s] -- Installing: /home/hibiki/Robomech_HR/Eglantyne/simulation/install/champ_description/share/champ_description/meshes/upper_leg.stl
[0.601s] -- Installing: /home/hibiki/Robomech_HR/Eglantyne/simulation/install/champ_description/share/champ_description/meshes/base_simple.stl
[0.601s] -- Installing: /home/hibiki/Robomech_HR/Eglantyne/simulation/install/champ_description/share/champ_description/meshes/lower_leg_simple.stl
[0.601s] -- Installing: /home/hibiki/Robomech_HR/Eglantyne/simulation/install/champ_description/share/champ_description/meshes/hokuyo_utm_30lx.dae
[0.601s] -- Installing: /home/hibiki/Robomech_HR/Eglantyne/simulation/install/champ_description/share/champ_description/meshes/base.stl
[0.601s] -- Installing: /home/hibiki/Robomech_HR/Eglantyne/simulation/install/champ_description/share/champ_description/meshes/lower_leg.stl
[0.601s] -- Installing: /home/hibiki/Robomech_HR/Eglantyne/simulation/install/champ_description/share/champ_description/meshes/upper_leg_simple.stl
[0.601s] -- Installing: /home/hibiki/Robomech_HR/Eglantyne/simulation/install/champ_description/share/champ_description/meshes/hip.stl
[0.601s] -- Installing: /home/hibiki/Robomech_HR/Eglantyne/simulation/install/champ_description/share/champ_description/meshes/arm
[0.601s] -- Installing: /home/hibiki/Robomech_HR/Eglantyne/simulation/install/champ_description/share/champ_description/meshes/arm/base.stl
[0.602s] -- Installing: /home/hibiki/Robomech_HR/Eglantyne/simulation/install/champ_description/share/champ_description/meshes/arm/wrist2.stl
[0.602s] -- Installing: /home/hibiki/Robomech_HR/Eglantyne/simulation/install/champ_description/share/champ_description/meshes/arm/lower_arm.stl
[0.602s] -- Installing: /home/hibiki/Robomech_HR/Eglantyne/simulation/install/champ_description/share/champ_description/meshes/arm/wrist1.stl
[0.602s] -- Installing: /home/hibiki/Robomech_HR/Eglantyne/simulation/install/champ_description/share/champ_description/meshes/arm/upper_arm.stl
[0.602s] -- Installing: /home/hibiki/Robomech_HR/Eglantyne/simulation/install/champ_description/share/champ_description/meshes/asus_camera_simple.dae
[0.602s] -- Installing: /home/hibiki/Robomech_HR/Eglantyne/simulation/install/champ_description/share/champ_description/urdf
[0.602s] -- Installing: /home/hibiki/Robomech_HR/Eglantyne/simulation/install/champ_description/share/champ_description/urdf/hokuyo_utm30lx.urdf.xacro
[0.602s] -- Installing: /home/hibiki/Robomech_HR/Eglantyne/simulation/install/champ_description/share/champ_description/urdf/leg.urdf.xacro
[0.603s] -- Installing: /home/hibiki/Robomech_HR/Eglantyne/simulation/install/champ_description/share/champ_description/urdf/champ.urdf
[0.603s] -- Installing: /home/hibiki/Robomech_HR/Eglantyne/simulation/install/champ_description/share/champ_description/urdf/accessories.urdf.xacro
[0.603s] -- Installing: /home/hibiki/Robomech_HR/Eglantyne/simulation/install/champ_description/share/champ_description/urdf/champ.urdf.xacro
[0.603s] -- Installing: /home/hibiki/Robomech_HR/Eglantyne/simulation/install/champ_description/share/champ_description/urdf/champ_velodyne.urdf
[0.603s] -- Installing: /home/hibiki/Robomech_HR/Eglantyne/simulation/install/champ_description/share/champ_description/urdf/properties.urdf.xacro
[0.603s] -- Installing: /home/hibiki/Robomech_HR/Eglantyne/simulation/install/champ_description/share/champ_description/urdf/gen_urdf
[0.603s] -- Installing: /home/hibiki/Robomech_HR/Eglantyne/simulation/install/champ_description/share/champ_description/urdf/asus_camera.urdf.xacro
[0.603s] -- Installing: /home/hibiki/Robomech_HR/Eglantyne/simulation/install/champ_description/share/champ_description/urdf/champ_arm.urdf
[0.603s] -- Installing: /home/hibiki/Robomech_HR/Eglantyne/simulation/install/champ_description/share/ament_index/resource_index/package_run_dependencies/champ_description
[0.603s] -- Installing: /home/hibiki/Robomech_HR/Eglantyne/simulation/install/champ_description/share/ament_index/resource_index/parent_prefix_path/champ_description
[0.603s] -- Installing: /home/hibiki/Robomech_HR/Eglantyne/simulation/install/champ_description/share/champ_description/environment/ament_prefix_path.sh
[0.603s] -- Installing: /home/hibiki/Robomech_HR/Eglantyne/simulation/install/champ_description/share/champ_description/environment/ament_prefix_path.dsv
[0.604s] -- Installing: /home/hibiki/Robomech_HR/Eglantyne/simulation/install/champ_description/share/champ_description/environment/path.sh
[0.604s] -- Installing: /home/hibiki/Robomech_HR/Eglantyne/simulation/install/champ_description/share/champ_description/environment/path.dsv
[0.604s] -- Installing: /home/hibiki/Robomech_HR/Eglantyne/simulation/install/champ_description/share/champ_description/local_setup.bash
[0.604s] -- Installing: /home/hibiki/Robomech_HR/Eglantyne/simulation/install/champ_description/share/champ_description/local_setup.sh
[0.604s] -- Installing: /home/hibiki/Robomech_HR/Eglantyne/simulation/install/champ_description/share/champ_description/local_setup.zsh
[0.604s] -- Installing: /home/hibiki/Robomech_HR/Eglantyne/simulation/install/champ_description/share/champ_description/local_setup.dsv
[0.604s] -- Installing: /home/hibiki/Robomech_HR/Eglantyne/simulation/install/champ_description/share/champ_description/package.dsv
[0.604s] -- Installing: /home/hibiki/Robomech_HR/Eglantyne/simulation/install/champ_description/share/ament_index/resource_index/packages/champ_description
[0.604s] -- Installing: /home/hibiki/Robomech_HR/Eglantyne/simulation/install/champ_description/share/champ_description/cmake/champ_descriptionConfig.cmake
[0.604s] -- Installing: /home/hibiki/Robomech_HR/Eglantyne/simulation/install/champ_description/share/champ_description/cmake/champ_descriptionConfig-version.cmake
[0.604s] -- Installing: /home/hibiki/Robomech_HR/Eglantyne/simulation/install/champ_description/share/champ_description/package.xml
[0.605s] Invoked command in '/home/hibiki/Robomech_HR/Eglantyne/simulation/build/champ_description' returned '0': CMAKE_PREFIX_PATH=/opt/ros/humble /usr/bin/cmake --install /home/hibiki/Robomech_HR/Eglantyne/simulation/build/champ_description
