[0.197s] Invoking command in '/home/hibiki/Robomech_HR/Eglantyne/simulation/build/gazebo_ros2_control_demos': CMAKE_PREFIX_PATH=${CMAKE_PREFIX_PATH}:/home/hibiki/Robomech_HR/Eglantyne/simulation/install/ros2_control_demo_testing:/opt/ros/humble /usr/bin/cmake --build /home/hibiki/Robomech_HR/Eglantyne/simulation/build/gazebo_ros2_control_demos -- -j16 -l16
[0.276s] [ 21%] Built target example_position_pid
[0.277s] [ 28%] Built target example_position
[0.279s] [ 42%] Built target example_effort
[0.280s] [ 57%] Built target example_velocity
[0.284s] [ 71%] Built target example_gripper
[0.287s] [ 85%] Built target example_diff_drive
[0.287s] [100%] Built target example_tricycle_drive
[0.299s] Invoked command in '/home/hibiki/Robomech_HR/Eglantyne/simulation/build/gazebo_ros2_control_demos' returned '0': CMAKE_PREFIX_PATH=${CMAKE_PREFIX_PATH}:/home/hibiki/Robomech_HR/Eglantyne/simulation/install/ros2_control_demo_testing:/opt/ros/humble /usr/bin/cmake --build /home/hibiki/Robomech_HR/Eglantyne/simulation/build/gazebo_ros2_control_demos -- -j16 -l16
[0.420s] Invoking command in '/home/hibiki/Robomech_HR/Eglantyne/simulation/build/gazebo_ros2_control_demos': CMAKE_PREFIX_PATH=${CMAKE_PREFIX_PATH}:/home/hibiki/Robomech_HR/Eglantyne/simulation/install/ros2_control_demo_testing:/opt/ros/humble /usr/bin/cmake --install /home/hibiki/Robomech_HR/Eglantyne/simulation/build/gazebo_ros2_control_demos
[0.426s] -- Install configuration: ""
[0.426s] -- Up-to-date: /home/hibiki/Robomech_HR/Eglantyne/simulation/install/gazebo_ros2_control_demos/share/gazebo_ros2_control_demos//launch
[0.426s] -- Up-to-date: /home/hibiki/Robomech_HR/Eglantyne/simulation/install/gazebo_ros2_control_demos/share/gazebo_ros2_control_demos//launch/pendulum_example_effort.launch.py
[0.426s] -- Up-to-date: /home/hibiki/Robomech_HR/Eglantyne/simulation/install/gazebo_ros2_control_demos/share/gazebo_ros2_control_demos//launch/tricycle_drive.launch.py
[0.426s] -- Up-to-date: /home/hibiki/Robomech_HR/Eglantyne/simulation/install/gazebo_ros2_control_demos/share/gazebo_ros2_control_demos//launch/cart_example_velocity.launch.py
[0.427s] -- Up-to-date: /home/hibiki/Robomech_HR/Eglantyne/simulation/install/gazebo_ros2_control_demos/share/gazebo_ros2_control_demos//launch/cart_example_effort.launch.py
[0.427s] -- Up-to-date: /home/hibiki/Robomech_HR/Eglantyne/simulation/install/gazebo_ros2_control_demos/share/gazebo_ros2_control_demos//launch/cart_example_position.launch.py
[0.427s] -- Up-to-date: /home/hibiki/Robomech_HR/Eglantyne/simulation/install/gazebo_ros2_control_demos/share/gazebo_ros2_control_demos//launch/gripper_mimic_joint_example_effort.launch.py
[0.427s] -- Up-to-date: /home/hibiki/Robomech_HR/Eglantyne/simulation/install/gazebo_ros2_control_demos/share/gazebo_ros2_control_demos//launch/diff_drive.launch.py
[0.427s] -- Up-to-date: /home/hibiki/Robomech_HR/Eglantyne/simulation/install/gazebo_ros2_control_demos/share/gazebo_ros2_control_demos//launch/vertical_cart_example_position_pids_in_yaml.launch.py
[0.427s] -- Up-to-date: /home/hibiki/Robomech_HR/Eglantyne/simulation/install/gazebo_ros2_control_demos/share/gazebo_ros2_control_demos//launch/pendulum_example_position.launch.py
[0.427s] -- Up-to-date: /home/hibiki/Robomech_HR/Eglantyne/simulation/install/gazebo_ros2_control_demos/share/gazebo_ros2_control_demos//launch/vertical_cart_example_velocity_pid.launch.py
[0.427s] -- Up-to-date: /home/hibiki/Robomech_HR/Eglantyne/simulation/install/gazebo_ros2_control_demos/share/gazebo_ros2_control_demos//launch/gripper_mimic_joint_example_position.launch.py
[0.427s] -- Up-to-date: /home/hibiki/Robomech_HR/Eglantyne/simulation/install/gazebo_ros2_control_demos/share/gazebo_ros2_control_demos//launch/vertical_cart_example_position_pid.launch.py
[0.428s] -- Up-to-date: /home/hibiki/Robomech_HR/Eglantyne/simulation/install/gazebo_ros2_control_demos/share/gazebo_ros2_control_demos//config
[0.428s] -- Up-to-date: /home/hibiki/Robomech_HR/Eglantyne/simulation/install/gazebo_ros2_control_demos/share/gazebo_ros2_control_demos//config/cart_controller.yaml
[0.428s] -- Up-to-date: /home/hibiki/Robomech_HR/Eglantyne/simulation/install/gazebo_ros2_control_demos/share/gazebo_ros2_control_demos//config/cart_controller_velocity.yaml
[0.428s] -- Up-to-date: /home/hibiki/Robomech_HR/Eglantyne/simulation/install/gazebo_ros2_control_demos/share/gazebo_ros2_control_demos//config/gripper_controller_effort.yaml
[0.428s] -- Up-to-date: /home/hibiki/Robomech_HR/Eglantyne/simulation/install/gazebo_ros2_control_demos/share/gazebo_ros2_control_demos//config/cart_controller_position.yaml
[0.428s] -- Up-to-date: /home/hibiki/Robomech_HR/Eglantyne/simulation/install/gazebo_ros2_control_demos/share/gazebo_ros2_control_demos//config/cart_controller_position_with_pids.yaml
[0.428s] -- Up-to-date: /home/hibiki/Robomech_HR/Eglantyne/simulation/install/gazebo_ros2_control_demos/share/gazebo_ros2_control_demos//config/gripper_controller_position.yaml
[0.428s] -- Up-to-date: /home/hibiki/Robomech_HR/Eglantyne/simulation/install/gazebo_ros2_control_demos/share/gazebo_ros2_control_demos//config/config.rviz
[0.428s] -- Up-to-date: /home/hibiki/Robomech_HR/Eglantyne/simulation/install/gazebo_ros2_control_demos/share/gazebo_ros2_control_demos//config/tricycle_drive_controller.yaml
[0.428s] -- Up-to-date: /home/hibiki/Robomech_HR/Eglantyne/simulation/install/gazebo_ros2_control_demos/share/gazebo_ros2_control_demos//config/cart_controller_effort.yaml
[0.428s] -- Up-to-date: /home/hibiki/Robomech_HR/Eglantyne/simulation/install/gazebo_ros2_control_demos/share/gazebo_ros2_control_demos//config/diff_drive_controller.yaml
[0.429s] -- Up-to-date: /home/hibiki/Robomech_HR/Eglantyne/simulation/install/gazebo_ros2_control_demos/share/gazebo_ros2_control_demos//urdf
[0.429s] -- Up-to-date: /home/hibiki/Robomech_HR/Eglantyne/simulation/install/gazebo_ros2_control_demos/share/gazebo_ros2_control_demos//urdf/test_cart_velocity.xacro.urdf
[0.429s] -- Up-to-date: /home/hibiki/Robomech_HR/Eglantyne/simulation/install/gazebo_ros2_control_demos/share/gazebo_ros2_control_demos//urdf/test_pendulum_effort.xacro.urdf
[0.429s] -- Up-to-date: /home/hibiki/Robomech_HR/Eglantyne/simulation/install/gazebo_ros2_control_demos/share/gazebo_ros2_control_demos//urdf/test_cart_effort.xacro.urdf
[0.429s] -- Up-to-date: /home/hibiki/Robomech_HR/Eglantyne/simulation/install/gazebo_ros2_control_demos/share/gazebo_ros2_control_demos//urdf/test_pendulum_position.xacro.urdf
[0.429s] -- Up-to-date: /home/hibiki/Robomech_HR/Eglantyne/simulation/install/gazebo_ros2_control_demos/share/gazebo_ros2_control_demos//urdf/test_vertical_cart_position_pids_in_yaml.xacro.urdf
[0.429s] -- Up-to-date: /home/hibiki/Robomech_HR/Eglantyne/simulation/install/gazebo_ros2_control_demos/share/gazebo_ros2_control_demos//urdf/test_cart_position.xacro.urdf
[0.429s] -- Up-to-date: /home/hibiki/Robomech_HR/Eglantyne/simulation/install/gazebo_ros2_control_demos/share/gazebo_ros2_control_demos//urdf/test_gripper_mimic_joint_position.xacro.urdf
[0.429s] -- Up-to-date: /home/hibiki/Robomech_HR/Eglantyne/simulation/install/gazebo_ros2_control_demos/share/gazebo_ros2_control_demos//urdf/test_tricycle_drive.xacro.urdf
[0.429s] -- Up-to-date: /home/hibiki/Robomech_HR/Eglantyne/simulation/install/gazebo_ros2_control_demos/share/gazebo_ros2_control_demos//urdf/test_vertical_cart_velocity_pid.xacro.urdf
[0.429s] -- Up-to-date: /home/hibiki/Robomech_HR/Eglantyne/simulation/install/gazebo_ros2_control_demos/share/gazebo_ros2_control_demos//urdf/test_gripper_mimic_joint_effort.xacro.urdf
[0.429s] -- Up-to-date: /home/hibiki/Robomech_HR/Eglantyne/simulation/install/gazebo_ros2_control_demos/share/gazebo_ros2_control_demos//urdf/test_diff_drive.xacro.urdf
[0.429s] -- Up-to-date: /home/hibiki/Robomech_HR/Eglantyne/simulation/install/gazebo_ros2_control_demos/share/gazebo_ros2_control_demos//urdf/test_vertical_cart_position_pid.xacro.urdf
[0.430s] -- Up-to-date: /home/hibiki/Robomech_HR/Eglantyne/simulation/install/gazebo_ros2_control_demos/lib/gazebo_ros2_control_demos/example_position
[0.430s] -- Up-to-date: /home/hibiki/Robomech_HR/Eglantyne/simulation/install/gazebo_ros2_control_demos/lib/gazebo_ros2_control_demos/example_position_pid
[0.430s] -- Up-to-date: /home/hibiki/Robomech_HR/Eglantyne/simulation/install/gazebo_ros2_control_demos/lib/gazebo_ros2_control_demos/example_velocity
[0.430s] -- Up-to-date: /home/hibiki/Robomech_HR/Eglantyne/simulation/install/gazebo_ros2_control_demos/lib/gazebo_ros2_control_demos/example_effort
[0.430s] -- Up-to-date: /home/hibiki/Robomech_HR/Eglantyne/simulation/install/gazebo_ros2_control_demos/lib/gazebo_ros2_control_demos/example_diff_drive
[0.431s] -- Up-to-date: /home/hibiki/Robomech_HR/Eglantyne/simulation/install/gazebo_ros2_control_demos/lib/gazebo_ros2_control_demos/example_tricycle_drive
[0.432s] -- Up-to-date: /home/hibiki/Robomech_HR/Eglantyne/simulation/install/gazebo_ros2_control_demos/lib/gazebo_ros2_control_demos/example_gripper
[0.432s] -- Up-to-date: /home/hibiki/Robomech_HR/Eglantyne/simulation/install/gazebo_ros2_control_demos/share/ament_index/resource_index/package_run_dependencies/gazebo_ros2_control_demos
[0.432s] -- Up-to-date: /home/hibiki/Robomech_HR/Eglantyne/simulation/install/gazebo_ros2_control_demos/share/ament_index/resource_index/parent_prefix_path/gazebo_ros2_control_demos
[0.433s] -- Up-to-date: /home/hibiki/Robomech_HR/Eglantyne/simulation/install/gazebo_ros2_control_demos/share/gazebo_ros2_control_demos/environment/ament_prefix_path.sh
[0.433s] -- Up-to-date: /home/hibiki/Robomech_HR/Eglantyne/simulation/install/gazebo_ros2_control_demos/share/gazebo_ros2_control_demos/environment/ament_prefix_path.dsv
[0.433s] -- Up-to-date: /home/hibiki/Robomech_HR/Eglantyne/simulation/install/gazebo_ros2_control_demos/share/gazebo_ros2_control_demos/environment/path.sh
[0.433s] -- Up-to-date: /home/hibiki/Robomech_HR/Eglantyne/simulation/install/gazebo_ros2_control_demos/share/gazebo_ros2_control_demos/environment/path.dsv
[0.433s] -- Up-to-date: /home/hibiki/Robomech_HR/Eglantyne/simulation/install/gazebo_ros2_control_demos/share/gazebo_ros2_control_demos/local_setup.bash
[0.433s] -- Up-to-date: /home/hibiki/Robomech_HR/Eglantyne/simulation/install/gazebo_ros2_control_demos/share/gazebo_ros2_control_demos/local_setup.sh
[0.434s] -- Up-to-date: /home/hibiki/Robomech_HR/Eglantyne/simulation/install/gazebo_ros2_control_demos/share/gazebo_ros2_control_demos/local_setup.zsh
[0.434s] -- Up-to-date: /home/hibiki/Robomech_HR/Eglantyne/simulation/install/gazebo_ros2_control_demos/share/gazebo_ros2_control_demos/local_setup.dsv
[0.434s] -- Installing: /home/hibiki/Robomech_HR/Eglantyne/simulation/install/gazebo_ros2_control_demos/share/gazebo_ros2_control_demos/package.dsv
[0.434s] -- Up-to-date: /home/hibiki/Robomech_HR/Eglantyne/simulation/install/gazebo_ros2_control_demos/share/ament_index/resource_index/packages/gazebo_ros2_control_demos
[0.435s] -- Up-to-date: /home/hibiki/Robomech_HR/Eglantyne/simulation/install/gazebo_ros2_control_demos/share/gazebo_ros2_control_demos/cmake/gazebo_ros2_control_demosConfig.cmake
[0.435s] -- Up-to-date: /home/hibiki/Robomech_HR/Eglantyne/simulation/install/gazebo_ros2_control_demos/share/gazebo_ros2_control_demos/cmake/gazebo_ros2_control_demosConfig-version.cmake
[0.435s] -- Up-to-date: /home/hibiki/Robomech_HR/Eglantyne/simulation/install/gazebo_ros2_control_demos/share/gazebo_ros2_control_demos/package.xml
[0.440s] Invoked command in '/home/hibiki/Robomech_HR/Eglantyne/simulation/build/gazebo_ros2_control_demos' returned '0': CMAKE_PREFIX_PATH=${CMAKE_PREFIX_PATH}:/home/hibiki/Robomech_HR/Eglantyne/simulation/install/ros2_control_demo_testing:/opt/ros/humble /usr/bin/cmake --install /home/hibiki/Robomech_HR/Eglantyne/simulation/build/gazebo_ros2_control_demos
