[0.009s] Invoking command in '/home/hibiki/Robomech_HR/Eglantyne/simulation/build/simple_sim': CMAKE_PREFIX_PATH=${CMAKE_PREFIX_PATH}:/home/hibiki/Robomech_HR/Eglantyne/simulation/install/ros2_control_demo_testing:/opt/ros/humble /usr/bin/cmake --build /home/hibiki/Robomech_HR/Eglantyne/simulation/build/simple_sim -- -j16 -l16
[0.036s] [  2%] Built target simple_sim__cpp
[0.036s] [  8%] Built target pub_test
[0.038s] [ 17%] Built target simple_sim__rosidl_generator_c
[0.044s] [ 17%] Built target ament_cmake_python_copy_simple_sim
[0.044s] [ 20%] [32mBuilding CXX object CMakeFiles/pub_control.dir/src/controller/pub_control.cpp.o[0m
[0.053s] [ 28%] Built target simple_sim__rosidl_typesupport_fastrtps_cpp
[0.055s] [ 37%] Built target simple_sim__rosidl_typesupport_cpp
[0.056s] [ 45%] Built target simple_sim__rosidl_typesupport_introspection_cpp
[0.057s] [ 54%] Built target simple_sim__rosidl_typesupport_introspection_c
[0.060s] [ 62%] Built target simple_sim__rosidl_typesupport_c
[0.060s] [ 71%] Built target simple_sim__rosidl_typesupport_fastrtps_c
[0.070s] [ 71%] Built target simple_sim
[0.080s] [ 74%] Built target simple_sim__py
[0.092s] [ 80%] Built target simple_sim__rosidl_generator_py
[0.104s] [ 91%] Built target simple_sim__rosidl_typesupport_fastrtps_c__pyext
[0.104s] [ 91%] Built target simple_sim__rosidl_typesupport_introspection_c__pyext
[0.104s] [ 97%] Built target simple_sim__rosidl_typesupport_c__pyext
[0.160s] running egg_info
[0.166s] writing simple_sim.egg-info/PKG-INFO
[0.167s] writing dependency_links to simple_sim.egg-info/dependency_links.txt
[0.167s] writing top-level names to simple_sim.egg-info/top_level.txt
[0.185s] reading manifest file 'simple_sim.egg-info/SOURCES.txt'
[0.185s] writing manifest file 'simple_sim.egg-info/SOURCES.txt'
[0.201s] [ 97%] Built target ament_cmake_python_build_simple_sim_egg
[1.278s] [01m[K/home/hibiki/Robomech_HR/Eglantyne/simulation/src/simple_sim/src/controller/pub_control.cpp:[m[K In member function ‘[01m[Kvoid PubControl::update_motions(const JointTrajectory&) const[m[K’:
[1.278s] [01m[K/home/hibiki/Robomech_HR/Eglantyne/simulation/src/simple_sim/src/controller/pub_control.cpp:47:35:[m[K [01;31m[Kerror: [m[K‘[01m[KJointTrajectpryPoint[m[K’ is not a member of ‘[01m[Ktrajectory_msgs::msg[m[K’; did you mean ‘[01m[KJointTrajectoryPoint[m[K’?
[1.278s]    47 |             trajectory_msgs::msg::[01;31m[KJointTrajectpryPoint[m[K pos = motion;
[1.278s]       |                                   [01;31m[K^~~~~~~~~~~~~~~~~~~~[m[K
[1.278s]       |                                   [32m[KJointTrajectoryPoint[m[K
[1.281s] [01m[K/home/hibiki/Robomech_HR/Eglantyne/simulation/src/simple_sim/src/controller/pub_control.cpp:48:29:[m[K [01;31m[Kerror: [m[K‘[01m[Kpos[m[K’ was not declared in this scope; did you mean ‘[01m[Kpow[m[K’?
[1.281s]    48 |             order.push_back([01;31m[Kpos[m[K);
[1.281s]       |                             [01;31m[K^~~[m[K
[1.281s]       |                             [32m[Kpow[m[K
[1.281s] [01m[K/home/hibiki/Robomech_HR/Eglantyne/simulation/src/simple_sim/src/controller/pub_control.cpp:46:25:[m[K [01;35m[Kwarning: [m[Kunused variable ‘[01m[Kmotion[m[K’ [[01;35m[K]8;;https://gcc.gnu.org/onlinedocs/gcc/Warning-Options.html#index-Wunused-variable-Wunused-variable]8;;[m[K]
[1.281s]    46 |         for(const auto& [01;35m[Kmotion[m[K : motion_list){
[1.281s]       |                         [01;35m[K^~~~~~[m[K
[2.601s] gmake[2]: *** [CMakeFiles/pub_control.dir/build.make:76: CMakeFiles/pub_control.dir/src/controller/pub_control.cpp.o] Error 1
[2.602s] gmake[1]: *** [CMakeFiles/Makefile2:620: CMakeFiles/pub_control.dir/all] Error 2
[2.602s] gmake: *** [Makefile:146: all] Error 2
[2.603s] Invoked command in '/home/hibiki/Robomech_HR/Eglantyne/simulation/build/simple_sim' returned '2': CMAKE_PREFIX_PATH=${CMAKE_PREFIX_PATH}:/home/hibiki/Robomech_HR/Eglantyne/simulation/install/ros2_control_demo_testing:/opt/ros/humble /usr/bin/cmake --build /home/hibiki/Robomech_HR/Eglantyne/simulation/build/simple_sim -- -j16 -l16
