[0.012s] Invoking command in '/home/hibiki/Robomech_HR/Eglantyne/simulation/build/simple_sim': CMAKE_PREFIX_PATH=/opt/ros/humble /usr/bin/cmake --build /home/hibiki/Robomech_HR/Eglantyne/simulation/build/simple_sim -- -j16 -l16
[0.102s] Invoked command in '/home/hibiki/Robomech_HR/Eglantyne/simulation/build/simple_sim' returned '0': CMAKE_PREFIX_PATH=/opt/ros/humble /usr/bin/cmake --build /home/hibiki/Robomech_HR/Eglantyne/simulation/build/simple_sim -- -j16 -l16
[0.130s] Invoking command in '/home/hibiki/Robomech_HR/Eglantyne/simulation/build/simple_sim': CMAKE_PREFIX_PATH=/opt/ros/humble /usr/bin/cmake --install /home/hibiki/Robomech_HR/Eglantyne/simulation/build/simple_sim
[0.135s] -- Install configuration: ""
[0.136s] -- Up-to-date: /home/hibiki/Robomech_HR/Eglantyne/simulation/install/simple_sim/share/simple_sim//launch
[0.137s] -- Installing: /home/hibiki/Robomech_HR/Eglantyne/simulation/install/simple_sim/share/simple_sim//launch/simenv.launch.py
[0.137s] -- Up-to-date: /home/hibiki/Robomech_HR/Eglantyne/simulation/install/simple_sim/share/simple_sim//urdf
[0.137s] -- Installing: /home/hibiki/Robomech_HR/Eglantyne/simulation/install/simple_sim/share/simple_sim//urdf/eglantyne_arm.xacro
[0.137s] -- Installing: /home/hibiki/Robomech_HR/Eglantyne/simulation/install/simple_sim/share/simple_sim//urdf/eglantyne_leg.xacro
[0.137s] -- Installing: /home/hibiki/Robomech_HR/Eglantyne/simulation/install/simple_sim/share/simple_sim//urdf/shape_macro.xacro
[0.137s] -- Installing: /home/hibiki/Robomech_HR/Eglantyne/simulation/install/simple_sim/share/simple_sim//urdf/eglantyne.xacro
[0.137s] -- Up-to-date: /home/hibiki/Robomech_HR/Eglantyne/simulation/install/simple_sim/share/ament_index/resource_index/package_run_dependencies/simple_sim
[0.137s] -- Up-to-date: /home/hibiki/Robomech_HR/Eglantyne/simulation/install/simple_sim/share/ament_index/resource_index/parent_prefix_path/simple_sim
[0.137s] -- Up-to-date: /home/hibiki/Robomech_HR/Eglantyne/simulation/install/simple_sim/share/simple_sim/environment/ament_prefix_path.sh
[0.137s] -- Up-to-date: /home/hibiki/Robomech_HR/Eglantyne/simulation/install/simple_sim/share/simple_sim/environment/ament_prefix_path.dsv
[0.137s] -- Up-to-date: /home/hibiki/Robomech_HR/Eglantyne/simulation/install/simple_sim/share/simple_sim/environment/path.sh
[0.137s] -- Up-to-date: /home/hibiki/Robomech_HR/Eglantyne/simulation/install/simple_sim/share/simple_sim/environment/path.dsv
[0.137s] -- Up-to-date: /home/hibiki/Robomech_HR/Eglantyne/simulation/install/simple_sim/share/simple_sim/local_setup.bash
[0.137s] -- Up-to-date: /home/hibiki/Robomech_HR/Eglantyne/simulation/install/simple_sim/share/simple_sim/local_setup.sh
[0.137s] -- Up-to-date: /home/hibiki/Robomech_HR/Eglantyne/simulation/install/simple_sim/share/simple_sim/local_setup.zsh
[0.137s] -- Up-to-date: /home/hibiki/Robomech_HR/Eglantyne/simulation/install/simple_sim/share/simple_sim/local_setup.dsv
[0.137s] -- Installing: /home/hibiki/Robomech_HR/Eglantyne/simulation/install/simple_sim/share/simple_sim/package.dsv
[0.138s] -- Up-to-date: /home/hibiki/Robomech_HR/Eglantyne/simulation/install/simple_sim/share/ament_index/resource_index/packages/simple_sim
[0.138s] -- Up-to-date: /home/hibiki/Robomech_HR/Eglantyne/simulation/install/simple_sim/share/simple_sim/cmake/simple_simConfig.cmake
[0.138s] -- Up-to-date: /home/hibiki/Robomech_HR/Eglantyne/simulation/install/simple_sim/share/simple_sim/cmake/simple_simConfig-version.cmake
[0.138s] -- Up-to-date: /home/hibiki/Robomech_HR/Eglantyne/simulation/install/simple_sim/share/simple_sim/package.xml
[0.140s] Invoked command in '/home/hibiki/Robomech_HR/Eglantyne/simulation/build/simple_sim' returned '0': CMAKE_PREFIX_PATH=/opt/ros/humble /usr/bin/cmake --install /home/hibiki/Robomech_HR/Eglantyne/simulation/build/simple_sim
