[0.009s] Invoking command in '/home/hibiki/Robomech_HR/Eglantyne/simulation/build/simple_sim': CMAKE_PREFIX_PATH=${CMAKE_PREFIX_PATH}:/home/hibiki/Robomech_HR/Eglantyne/simulation/install/ros2_control_demo_testing:/opt/ros/humble /usr/bin/cmake --build /home/hibiki/Robomech_HR/Eglantyne/simulation/build/simple_sim -- -j16 -l16
[0.034s] [  8%] Built target simple_sim__rosidl_generator_c
[0.035s] [ 11%] Built target simple_sim__cpp
[0.040s] [ 11%] Built target ament_cmake_python_copy_simple_sim
[0.044s] [ 14%] [32mBuilding CXX object CMakeFiles/pub_control.dir/src/controller/pub_control.cpp.o[0m
[0.045s] [ 20%] Built target pub_test
[0.054s] [ 28%] Built target simple_sim__rosidl_typesupport_introspection_c
[0.058s] [ 37%] Built target simple_sim__rosidl_typesupport_fastrtps_c
[0.059s] [ 45%] Built target simple_sim__rosidl_typesupport_fastrtps_cpp
[0.059s] [ 54%] Built target simple_sim__rosidl_typesupport_introspection_cpp
[0.060s] [ 65%] Built target simple_sim__rosidl_typesupport_cpp
[0.061s] [ 71%] Built target simple_sim__rosidl_typesupport_c
[0.070s] [ 71%] Built target simple_sim
[0.081s] [ 74%] Built target simple_sim__py
[0.093s] [ 80%] Built target simple_sim__rosidl_generator_py
[0.105s] [ 91%] Built target simple_sim__rosidl_typesupport_c__pyext
[0.105s] [ 91%] Built target simple_sim__rosidl_typesupport_fastrtps_c__pyext
[0.105s] [ 97%] Built target simple_sim__rosidl_typesupport_introspection_c__pyext
[0.162s] running egg_info
[0.168s] writing simple_sim.egg-info/PKG-INFO
[0.169s] writing dependency_links to simple_sim.egg-info/dependency_links.txt
[0.169s] writing top-level names to simple_sim.egg-info/top_level.txt
[0.187s] reading manifest file 'simple_sim.egg-info/SOURCES.txt'
[0.187s] writing manifest file 'simple_sim.egg-info/SOURCES.txt'
[0.202s] [ 97%] Built target ament_cmake_python_build_simple_sim_egg
[1.257s] [01m[K/home/hibiki/Robomech_HR/Eglantyne/simulation/src/simple_sim/src/controller/pub_control.cpp:[m[K In member function ‘[01m[Kvoid PubControl::update_motions(const JointTrajectory&) const[m[K’:
[1.257s] [01m[K/home/hibiki/Robomech_HR/Eglantyne/simulation/src/simple_sim/src/controller/pub_control.cpp:43:71:[m[K [01;35m[Kwarning: [m[Kunused parameter ‘[01m[Kmotion[m[K’ [[01;35m[K]8;;https://gcc.gnu.org/onlinedocs/gcc/Warning-Options.html#index-Wunused-parameter-Wunused-parameter]8;;[m[K]
[1.257s]    43 |     void update_motions([01;35m[Kconst trajectory_msgs::msg::JointTrajectory & motion[m[K) const
[1.257s]       |                         [01;35m[K~~~~~~~~~~~~~~~~~~~~~~~~~~~~~~~~~~~~~~~~~~~~~~^~~~~~[m[K
[4.609s] [100%] [32m[1mLinking CXX executable pub_control[0m
[4.835s] [100%] Built target pub_control
[4.840s] Invoked command in '/home/hibiki/Robomech_HR/Eglantyne/simulation/build/simple_sim' returned '0': CMAKE_PREFIX_PATH=${CMAKE_PREFIX_PATH}:/home/hibiki/Robomech_HR/Eglantyne/simulation/install/ros2_control_demo_testing:/opt/ros/humble /usr/bin/cmake --build /home/hibiki/Robomech_HR/Eglantyne/simulation/build/simple_sim -- -j16 -l16
[4.906s] Invoking command in '/home/hibiki/Robomech_HR/Eglantyne/simulation/build/simple_sim': CMAKE_PREFIX_PATH=${CMAKE_PREFIX_PATH}:/home/hibiki/Robomech_HR/Eglantyne/simulation/install/ros2_control_demo_testing:/opt/ros/humble /usr/bin/cmake --install /home/hibiki/Robomech_HR/Eglantyne/simulation/build/simple_sim
[4.910s] -- Install configuration: ""
[4.910s] -- Up-to-date: /home/hibiki/Robomech_HR/Eglantyne/simulation/install/simple_sim/share/ament_index/resource_index/rosidl_interfaces/simple_sim
[4.910s] -- Up-to-date: /home/hibiki/Robomech_HR/Eglantyne/simulation/install/simple_sim/include/simple_sim/simple_sim
[4.910s] -- Up-to-date: /home/hibiki/Robomech_HR/Eglantyne/simulation/install/simple_sim/include/simple_sim/simple_sim/msg
[4.910s] -- Up-to-date: /home/hibiki/Robomech_HR/Eglantyne/simulation/install/simple_sim/include/simple_sim/simple_sim/msg/rosidl_generator_c__visibility_control.h
[4.910s] -- Up-to-date: /home/hibiki/Robomech_HR/Eglantyne/simulation/install/simple_sim/include/simple_sim/simple_sim/msg/motion.h
[4.910s] -- Up-to-date: /home/hibiki/Robomech_HR/Eglantyne/simulation/install/simple_sim/include/simple_sim/simple_sim/msg/detail
[4.910s] -- Up-to-date: /home/hibiki/Robomech_HR/Eglantyne/simulation/install/simple_sim/include/simple_sim/simple_sim/msg/detail/motion__functions.c
[4.910s] -- Up-to-date: /home/hibiki/Robomech_HR/Eglantyne/simulation/install/simple_sim/include/simple_sim/simple_sim/msg/detail/motion__functions.h
[4.910s] -- Up-to-date: /home/hibiki/Robomech_HR/Eglantyne/simulation/install/simple_sim/include/simple_sim/simple_sim/msg/detail/motion__struct.h
[4.910s] -- Up-to-date: /home/hibiki/Robomech_HR/Eglantyne/simulation/install/simple_sim/include/simple_sim/simple_sim/msg/detail/motion__type_support.h
[4.910s] -- Up-to-date: /home/hibiki/Robomech_HR/Eglantyne/simulation/install/simple_sim/share/simple_sim/environment/library_path.sh
[4.911s] -- Installing: /home/hibiki/Robomech_HR/Eglantyne/simulation/install/simple_sim/share/simple_sim/environment/library_path.dsv
[4.911s] -- Up-to-date: /home/hibiki/Robomech_HR/Eglantyne/simulation/install/simple_sim/lib/libsimple_sim__rosidl_generator_c.so
[4.911s] -- Up-to-date: /home/hibiki/Robomech_HR/Eglantyne/simulation/install/simple_sim/include/simple_sim/simple_sim
[4.911s] -- Up-to-date: /home/hibiki/Robomech_HR/Eglantyne/simulation/install/simple_sim/include/simple_sim/simple_sim/msg
[4.911s] -- Up-to-date: /home/hibiki/Robomech_HR/Eglantyne/simulation/install/simple_sim/include/simple_sim/simple_sim/msg/detail
[4.911s] -- Up-to-date: /home/hibiki/Robomech_HR/Eglantyne/simulation/install/simple_sim/include/simple_sim/simple_sim/msg/detail/motion__rosidl_typesupport_fastrtps_c.h
[4.911s] -- Up-to-date: /home/hibiki/Robomech_HR/Eglantyne/simulation/install/simple_sim/include/simple_sim/simple_sim/msg/rosidl_typesupport_fastrtps_c__visibility_control.h
[4.911s] -- Up-to-date: /home/hibiki/Robomech_HR/Eglantyne/simulation/install/simple_sim/lib/libsimple_sim__rosidl_typesupport_fastrtps_c.so
[4.911s] -- Up-to-date: /home/hibiki/Robomech_HR/Eglantyne/simulation/install/simple_sim/include/simple_sim/simple_sim
[4.911s] -- Up-to-date: /home/hibiki/Robomech_HR/Eglantyne/simulation/install/simple_sim/include/simple_sim/simple_sim/msg
[4.911s] -- Up-to-date: /home/hibiki/Robomech_HR/Eglantyne/simulation/install/simple_sim/include/simple_sim/simple_sim/msg/detail
[4.911s] -- Up-to-date: /home/hibiki/Robomech_HR/Eglantyne/simulation/install/simple_sim/include/simple_sim/simple_sim/msg/detail/motion__traits.hpp
[4.911s] -- Up-to-date: /home/hibiki/Robomech_HR/Eglantyne/simulation/install/simple_sim/include/simple_sim/simple_sim/msg/detail/motion__struct.hpp
[4.911s] -- Up-to-date: /home/hibiki/Robomech_HR/Eglantyne/simulation/install/simple_sim/include/simple_sim/simple_sim/msg/detail/motion__builder.hpp
[4.911s] -- Up-to-date: /home/hibiki/Robomech_HR/Eglantyne/simulation/install/simple_sim/include/simple_sim/simple_sim/msg/motion.hpp
[4.912s] -- Up-to-date: /home/hibiki/Robomech_HR/Eglantyne/simulation/install/simple_sim/include/simple_sim/simple_sim
[4.912s] -- Up-to-date: /home/hibiki/Robomech_HR/Eglantyne/simulation/install/simple_sim/include/simple_sim/simple_sim/msg
[4.912s] -- Up-to-date: /home/hibiki/Robomech_HR/Eglantyne/simulation/install/simple_sim/include/simple_sim/simple_sim/msg/detail
[4.912s] -- Up-to-date: /home/hibiki/Robomech_HR/Eglantyne/simulation/install/simple_sim/include/simple_sim/simple_sim/msg/detail/dds_fastrtps
[4.912s] -- Up-to-date: /home/hibiki/Robomech_HR/Eglantyne/simulation/install/simple_sim/include/simple_sim/simple_sim/msg/detail/motion__rosidl_typesupport_fastrtps_cpp.hpp
[4.912s] -- Up-to-date: /home/hibiki/Robomech_HR/Eglantyne/simulation/install/simple_sim/include/simple_sim/simple_sim/msg/rosidl_typesupport_fastrtps_cpp__visibility_control.h
[4.912s] -- Up-to-date: /home/hibiki/Robomech_HR/Eglantyne/simulation/install/simple_sim/lib/libsimple_sim__rosidl_typesupport_fastrtps_cpp.so
[4.912s] -- Up-to-date: /home/hibiki/Robomech_HR/Eglantyne/simulation/install/simple_sim/include/simple_sim/simple_sim
[4.912s] -- Up-to-date: /home/hibiki/Robomech_HR/Eglantyne/simulation/install/simple_sim/include/simple_sim/simple_sim/msg
[4.912s] -- Up-to-date: /home/hibiki/Robomech_HR/Eglantyne/simulation/install/simple_sim/include/simple_sim/simple_sim/msg/detail
[4.912s] -- Up-to-date: /home/hibiki/Robomech_HR/Eglantyne/simulation/install/simple_sim/include/simple_sim/simple_sim/msg/detail/motion__rosidl_typesupport_introspection_c.h
[4.912s] -- Up-to-date: /home/hibiki/Robomech_HR/Eglantyne/simulation/install/simple_sim/include/simple_sim/simple_sim/msg/detail/motion__type_support.c
[4.912s] -- Up-to-date: /home/hibiki/Robomech_HR/Eglantyne/simulation/install/simple_sim/include/simple_sim/simple_sim/msg/rosidl_typesupport_introspection_c__visibility_control.h
[4.912s] -- Up-to-date: /home/hibiki/Robomech_HR/Eglantyne/simulation/install/simple_sim/lib/libsimple_sim__rosidl_typesupport_introspection_c.so
[4.912s] -- Up-to-date: /home/hibiki/Robomech_HR/Eglantyne/simulation/install/simple_sim/lib/libsimple_sim__rosidl_typesupport_c.so
[4.912s] -- Up-to-date: /home/hibiki/Robomech_HR/Eglantyne/simulation/install/simple_sim/include/simple_sim/simple_sim
[4.912s] -- Up-to-date: /home/hibiki/Robomech_HR/Eglantyne/simulation/install/simple_sim/include/simple_sim/simple_sim/msg
[4.912s] -- Up-to-date: /home/hibiki/Robomech_HR/Eglantyne/simulation/install/simple_sim/include/simple_sim/simple_sim/msg/detail
[4.913s] -- Up-to-date: /home/hibiki/Robomech_HR/Eglantyne/simulation/install/simple_sim/include/simple_sim/simple_sim/msg/detail/motion__rosidl_typesupport_introspection_cpp.hpp
[4.913s] -- Up-to-date: /home/hibiki/Robomech_HR/Eglantyne/simulation/install/simple_sim/include/simple_sim/simple_sim/msg/detail/motion__type_support.cpp
[4.913s] -- Up-to-date: /home/hibiki/Robomech_HR/Eglantyne/simulation/install/simple_sim/lib/libsimple_sim__rosidl_typesupport_introspection_cpp.so
[4.913s] -- Up-to-date: /home/hibiki/Robomech_HR/Eglantyne/simulation/install/simple_sim/lib/libsimple_sim__rosidl_typesupport_cpp.so
[4.913s] -- Up-to-date: /home/hibiki/Robomech_HR/Eglantyne/simulation/install/simple_sim/share/simple_sim/environment/pythonpath.sh
[4.913s] -- Installing: /home/hibiki/Robomech_HR/Eglantyne/simulation/install/simple_sim/share/simple_sim/environment/pythonpath.dsv
[4.913s] -- Up-to-date: /home/hibiki/Robomech_HR/Eglantyne/simulation/install/simple_sim/lib/python3.10/site-packages/simple_sim-0.0.0-py3.10.egg-info
[4.913s] -- Installing: /home/hibiki/Robomech_HR/Eglantyne/simulation/install/simple_sim/lib/python3.10/site-packages/simple_sim-0.0.0-py3.10.egg-info/top_level.txt
[4.913s] -- Installing: /home/hibiki/Robomech_HR/Eglantyne/simulation/install/simple_sim/lib/python3.10/site-packages/simple_sim-0.0.0-py3.10.egg-info/dependency_links.txt
[4.913s] -- Installing: /home/hibiki/Robomech_HR/Eglantyne/simulation/install/simple_sim/lib/python3.10/site-packages/simple_sim-0.0.0-py3.10.egg-info/SOURCES.txt
[4.913s] -- Installing: /home/hibiki/Robomech_HR/Eglantyne/simulation/install/simple_sim/lib/python3.10/site-packages/simple_sim-0.0.0-py3.10.egg-info/PKG-INFO
[4.913s] -- Up-to-date: /home/hibiki/Robomech_HR/Eglantyne/simulation/install/simple_sim/lib/python3.10/site-packages/simple_sim
[4.913s] -- Up-to-date: /home/hibiki/Robomech_HR/Eglantyne/simulation/install/simple_sim/lib/python3.10/site-packages/simple_sim/libsimple_sim__rosidl_generator_py.so
[4.913s] -- Up-to-date: /home/hibiki/Robomech_HR/Eglantyne/simulation/install/simple_sim/lib/python3.10/site-packages/simple_sim/msg
[4.913s] -- Up-to-date: /home/hibiki/Robomech_HR/Eglantyne/simulation/install/simple_sim/lib/python3.10/site-packages/simple_sim/msg/__init__.py
[4.913s] -- Up-to-date: /home/hibiki/Robomech_HR/Eglantyne/simulation/install/simple_sim/lib/python3.10/site-packages/simple_sim/msg/_motion_s.c
[4.913s] -- Up-to-date: /home/hibiki/Robomech_HR/Eglantyne/simulation/install/simple_sim/lib/python3.10/site-packages/simple_sim/msg/_motion.py
[4.913s] -- Up-to-date: /home/hibiki/Robomech_HR/Eglantyne/simulation/install/simple_sim/lib/python3.10/site-packages/simple_sim/_simple_sim_s.ep.rosidl_typesupport_introspection_c.c
[4.913s] -- Up-to-date: /home/hibiki/Robomech_HR/Eglantyne/simulation/install/simple_sim/lib/python3.10/site-packages/simple_sim/_simple_sim_s.ep.rosidl_typesupport_c.c
[4.914s] -- Up-to-date: /home/hibiki/Robomech_HR/Eglantyne/simulation/install/simple_sim/lib/python3.10/site-packages/simple_sim/simple_sim_s__rosidl_typesupport_introspection_c.cpython-310-x86_64-linux-gnu.so
[4.914s] -- Installing: /home/hibiki/Robomech_HR/Eglantyne/simulation/install/simple_sim/lib/python3.10/site-packages/simple_sim/__init__.py
[4.914s] -- Up-to-date: /home/hibiki/Robomech_HR/Eglantyne/simulation/install/simple_sim/lib/python3.10/site-packages/simple_sim/simple_sim_s__rosidl_typesupport_c.cpython-310-x86_64-linux-gnu.so
[4.914s] -- Up-to-date: /home/hibiki/Robomech_HR/Eglantyne/simulation/install/simple_sim/lib/python3.10/site-packages/simple_sim/simple_sim_s__rosidl_typesupport_fastrtps_c.cpython-310-x86_64-linux-gnu.so
[4.914s] -- Up-to-date: /home/hibiki/Robomech_HR/Eglantyne/simulation/install/simple_sim/lib/python3.10/site-packages/simple_sim/_simple_sim_s.ep.rosidl_typesupport_fastrtps_c.c
[4.929s] Listing '/home/hibiki/Robomech_HR/Eglantyne/simulation/install/simple_sim/lib/python3.10/site-packages/simple_sim'...
[4.929s] Compiling '/home/hibiki/Robomech_HR/Eglantyne/simulation/install/simple_sim/lib/python3.10/site-packages/simple_sim/__init__.py'...
[4.929s] Listing '/home/hibiki/Robomech_HR/Eglantyne/simulation/install/simple_sim/lib/python3.10/site-packages/simple_sim/msg'...
[4.932s] -- Up-to-date: /home/hibiki/Robomech_HR/Eglantyne/simulation/install/simple_sim/lib/python3.10/site-packages/simple_sim/simple_sim_s__rosidl_typesupport_fastrtps_c.cpython-310-x86_64-linux-gnu.so
[4.932s] -- Up-to-date: /home/hibiki/Robomech_HR/Eglantyne/simulation/install/simple_sim/lib/python3.10/site-packages/simple_sim/simple_sim_s__rosidl_typesupport_introspection_c.cpython-310-x86_64-linux-gnu.so
[4.932s] -- Up-to-date: /home/hibiki/Robomech_HR/Eglantyne/simulation/install/simple_sim/lib/python3.10/site-packages/simple_sim/simple_sim_s__rosidl_typesupport_c.cpython-310-x86_64-linux-gnu.so
[4.932s] -- Up-to-date: /home/hibiki/Robomech_HR/Eglantyne/simulation/install/simple_sim/lib/libsimple_sim__rosidl_generator_py.so
[4.932s] -- Up-to-date: /home/hibiki/Robomech_HR/Eglantyne/simulation/install/simple_sim/share/simple_sim/msg/Motion.idl
[4.932s] -- Up-to-date: /home/hibiki/Robomech_HR/Eglantyne/simulation/install/simple_sim/share/simple_sim/msg/Motion.msg
[4.932s] -- Up-to-date: /home/hibiki/Robomech_HR/Eglantyne/simulation/install/simple_sim/lib/simple_sim/pub_test
[4.932s] -- Installing: /home/hibiki/Robomech_HR/Eglantyne/simulation/install/simple_sim/lib/simple_sim/pub_control
[4.934s] -- Set runtime path of "/home/hibiki/Robomech_HR/Eglantyne/simulation/install/simple_sim/lib/simple_sim/pub_control" to ""
[4.934s] -- Up-to-date: /home/hibiki/Robomech_HR/Eglantyne/simulation/install/simple_sim/share/simple_sim//launch
[4.934s] -- Up-to-date: /home/hibiki/Robomech_HR/Eglantyne/simulation/install/simple_sim/share/simple_sim//launch/view_robot.launch.py
[4.934s] -- Up-to-date: /home/hibiki/Robomech_HR/Eglantyne/simulation/install/simple_sim/share/simple_sim//urdf
[4.934s] -- Up-to-date: /home/hibiki/Robomech_HR/Eglantyne/simulation/install/simple_sim/share/simple_sim//urdf/ros2_control_conf.xacro
[4.934s] -- Up-to-date: /home/hibiki/Robomech_HR/Eglantyne/simulation/install/simple_sim/share/simple_sim//urdf/gazebo_setup.xacro
[4.934s] -- Up-to-date: /home/hibiki/Robomech_HR/Eglantyne/simulation/install/simple_sim/share/simple_sim//urdf/body_info
[4.934s] -- Up-to-date: /home/hibiki/Robomech_HR/Eglantyne/simulation/install/simple_sim/share/simple_sim//urdf/body_info/eglantyne_body.xacro
[4.934s] -- Up-to-date: /home/hibiki/Robomech_HR/Eglantyne/simulation/install/simple_sim/share/simple_sim//urdf/body_info/eglantyne_arm.xacro
[4.934s] -- Up-to-date: /home/hibiki/Robomech_HR/Eglantyne/simulation/install/simple_sim/share/simple_sim//urdf/body_info/eglantyne_leg.xacro
[4.934s] -- Up-to-date: /home/hibiki/Robomech_HR/Eglantyne/simulation/install/simple_sim/share/simple_sim//urdf/body_info/shape_macro.xacro
[4.934s] -- Up-to-date: /home/hibiki/Robomech_HR/Eglantyne/simulation/install/simple_sim/share/simple_sim//urdf/eglantyne.xacro
[4.934s] -- Up-to-date: /home/hibiki/Robomech_HR/Eglantyne/simulation/install/simple_sim/share/simple_sim//launch
[4.934s] -- Up-to-date: /home/hibiki/Robomech_HR/Eglantyne/simulation/install/simple_sim/share/simple_sim//launch/eglantyne_controller.launch.py
[4.934s] -- Up-to-date: /home/hibiki/Robomech_HR/Eglantyne/simulation/install/simple_sim/share/simple_sim//config
[4.934s] -- Up-to-date: /home/hibiki/Robomech_HR/Eglantyne/simulation/install/simple_sim/share/simple_sim//config/eglantyne_controller.yaml
[4.934s] -- Up-to-date: /home/hibiki/Robomech_HR/Eglantyne/simulation/install/simple_sim/share/ament_index/resource_index/package_run_dependencies/simple_sim
[4.934s] -- Installing: /home/hibiki/Robomech_HR/Eglantyne/simulation/install/simple_sim/share/ament_index/resource_index/parent_prefix_path/simple_sim
[4.934s] -- Up-to-date: /home/hibiki/Robomech_HR/Eglantyne/simulation/install/simple_sim/share/simple_sim/environment/ament_prefix_path.sh
[4.934s] -- Installing: /home/hibiki/Robomech_HR/Eglantyne/simulation/install/simple_sim/share/simple_sim/environment/ament_prefix_path.dsv
[4.934s] -- Up-to-date: /home/hibiki/Robomech_HR/Eglantyne/simulation/install/simple_sim/share/simple_sim/environment/path.sh
[4.934s] -- Installing: /home/hibiki/Robomech_HR/Eglantyne/simulation/install/simple_sim/share/simple_sim/environment/path.dsv
[4.934s] -- Up-to-date: /home/hibiki/Robomech_HR/Eglantyne/simulation/install/simple_sim/share/simple_sim/local_setup.bash
[4.935s] -- Up-to-date: /home/hibiki/Robomech_HR/Eglantyne/simulation/install/simple_sim/share/simple_sim/local_setup.sh
[4.935s] -- Up-to-date: /home/hibiki/Robomech_HR/Eglantyne/simulation/install/simple_sim/share/simple_sim/local_setup.zsh
[4.935s] -- Installing: /home/hibiki/Robomech_HR/Eglantyne/simulation/install/simple_sim/share/simple_sim/local_setup.dsv
[4.935s] -- Installing: /home/hibiki/Robomech_HR/Eglantyne/simulation/install/simple_sim/share/simple_sim/package.dsv
[4.935s] -- Up-to-date: /home/hibiki/Robomech_HR/Eglantyne/simulation/install/simple_sim/share/ament_index/resource_index/packages/simple_sim
[4.935s] -- Up-to-date: /home/hibiki/Robomech_HR/Eglantyne/simulation/install/simple_sim/share/simple_sim/cmake/export_simple_sim__rosidl_generator_cExport.cmake
[4.935s] -- Up-to-date: /home/hibiki/Robomech_HR/Eglantyne/simulation/install/simple_sim/share/simple_sim/cmake/export_simple_sim__rosidl_generator_cExport-noconfig.cmake
[4.935s] -- Up-to-date: /home/hibiki/Robomech_HR/Eglantyne/simulation/install/simple_sim/share/simple_sim/cmake/export_simple_sim__rosidl_typesupport_fastrtps_cExport.cmake
[4.935s] -- Up-to-date: /home/hibiki/Robomech_HR/Eglantyne/simulation/install/simple_sim/share/simple_sim/cmake/export_simple_sim__rosidl_typesupport_fastrtps_cExport-noconfig.cmake
[4.935s] -- Up-to-date: /home/hibiki/Robomech_HR/Eglantyne/simulation/install/simple_sim/share/simple_sim/cmake/export_simple_sim__rosidl_generator_cppExport.cmake
[4.935s] -- Up-to-date: /home/hibiki/Robomech_HR/Eglantyne/simulation/install/simple_sim/share/simple_sim/cmake/export_simple_sim__rosidl_typesupport_fastrtps_cppExport.cmake
[4.935s] -- Up-to-date: /home/hibiki/Robomech_HR/Eglantyne/simulation/install/simple_sim/share/simple_sim/cmake/export_simple_sim__rosidl_typesupport_fastrtps_cppExport-noconfig.cmake
[4.935s] -- Up-to-date: /home/hibiki/Robomech_HR/Eglantyne/simulation/install/simple_sim/share/simple_sim/cmake/simple_sim__rosidl_typesupport_introspection_cExport.cmake
[4.935s] -- Up-to-date: /home/hibiki/Robomech_HR/Eglantyne/simulation/install/simple_sim/share/simple_sim/cmake/simple_sim__rosidl_typesupport_introspection_cExport-noconfig.cmake
[4.935s] -- Up-to-date: /home/hibiki/Robomech_HR/Eglantyne/simulation/install/simple_sim/share/simple_sim/cmake/simple_sim__rosidl_typesupport_cExport.cmake
[4.935s] -- Up-to-date: /home/hibiki/Robomech_HR/Eglantyne/simulation/install/simple_sim/share/simple_sim/cmake/simple_sim__rosidl_typesupport_cExport-noconfig.cmake
[4.935s] -- Up-to-date: /home/hibiki/Robomech_HR/Eglantyne/simulation/install/simple_sim/share/simple_sim/cmake/simple_sim__rosidl_typesupport_introspection_cppExport.cmake
[4.935s] -- Up-to-date: /home/hibiki/Robomech_HR/Eglantyne/simulation/install/simple_sim/share/simple_sim/cmake/simple_sim__rosidl_typesupport_introspection_cppExport-noconfig.cmake
[4.935s] -- Up-to-date: /home/hibiki/Robomech_HR/Eglantyne/simulation/install/simple_sim/share/simple_sim/cmake/simple_sim__rosidl_typesupport_cppExport.cmake
[4.935s] -- Up-to-date: /home/hibiki/Robomech_HR/Eglantyne/simulation/install/simple_sim/share/simple_sim/cmake/simple_sim__rosidl_typesupport_cppExport-noconfig.cmake
[4.935s] -- Up-to-date: /home/hibiki/Robomech_HR/Eglantyne/simulation/install/simple_sim/share/simple_sim/cmake/export_simple_sim__rosidl_generator_pyExport.cmake
[4.935s] -- Up-to-date: /home/hibiki/Robomech_HR/Eglantyne/simulation/install/simple_sim/share/simple_sim/cmake/export_simple_sim__rosidl_generator_pyExport-noconfig.cmake
[4.935s] -- Up-to-date: /home/hibiki/Robomech_HR/Eglantyne/simulation/install/simple_sim/share/simple_sim/cmake/rosidl_cmake-extras.cmake
[4.935s] -- Up-to-date: /home/hibiki/Robomech_HR/Eglantyne/simulation/install/simple_sim/share/simple_sim/cmake/ament_cmake_export_dependencies-extras.cmake
[4.935s] -- Up-to-date: /home/hibiki/Robomech_HR/Eglantyne/simulation/install/simple_sim/share/simple_sim/cmake/ament_cmake_export_include_directories-extras.cmake
[4.935s] -- Up-to-date: /home/hibiki/Robomech_HR/Eglantyne/simulation/install/simple_sim/share/simple_sim/cmake/ament_cmake_export_libraries-extras.cmake
[4.935s] -- Up-to-date: /home/hibiki/Robomech_HR/Eglantyne/simulation/install/simple_sim/share/simple_sim/cmake/ament_cmake_export_targets-extras.cmake
[4.935s] -- Up-to-date: /home/hibiki/Robomech_HR/Eglantyne/simulation/install/simple_sim/share/simple_sim/cmake/rosidl_cmake_export_typesupport_targets-extras.cmake
[4.935s] -- Up-to-date: /home/hibiki/Robomech_HR/Eglantyne/simulation/install/simple_sim/share/simple_sim/cmake/rosidl_cmake_export_typesupport_libraries-extras.cmake
[4.935s] -- Up-to-date: /home/hibiki/Robomech_HR/Eglantyne/simulation/install/simple_sim/share/simple_sim/cmake/simple_simConfig.cmake
[4.935s] -- Up-to-date: /home/hibiki/Robomech_HR/Eglantyne/simulation/install/simple_sim/share/simple_sim/cmake/simple_simConfig-version.cmake
[4.935s] -- Up-to-date: /home/hibiki/Robomech_HR/Eglantyne/simulation/install/simple_sim/share/simple_sim/package.xml
[4.936s] Invoked command in '/home/hibiki/Robomech_HR/Eglantyne/simulation/build/simple_sim' returned '0': CMAKE_PREFIX_PATH=${CMAKE_PREFIX_PATH}:/home/hibiki/Robomech_HR/Eglantyne/simulation/install/ros2_control_demo_testing:/opt/ros/humble /usr/bin/cmake --install /home/hibiki/Robomech_HR/Eglantyne/simulation/build/simple_sim
