[0.032s] Invoking command in '/home/hibiki/Robomech_HR/Eglantyne/simulation/build/simple_sim': CMAKE_PREFIX_PATH=${CMAKE_PREFIX_PATH}:/home/hibiki/Robomech_HR/Eglantyne/simulation/install/ros2_control_demo_testing:/opt/ros/humble /usr/bin/cmake --build /home/hibiki/Robomech_HR/Eglantyne/simulation/build/simple_sim -- -j16 -l16
[0.073s] -- Found ament_cmake: 1.3.10 (/opt/ros/humble/share/ament_cmake/cmake)
[0.256s] -- Found control_msgs: 4.6.0 (/opt/ros/humble/share/control_msgs/cmake)
[0.311s] -- Found rosidl_generator_c: 3.1.5 (/opt/ros/humble/share/rosidl_generator_c/cmake)
[0.316s] -- Found rosidl_adapter: 3.1.5 (/opt/ros/humble/share/rosidl_adapter/cmake)
[0.328s] -- Found rosidl_generator_cpp: 3.1.5 (/opt/ros/humble/share/rosidl_generator_cpp/cmake)
[0.349s] -- Using all available rosidl_typesupport_c: rosidl_typesupport_fastrtps_c;rosidl_typesupport_introspection_c
[0.377s] -- Using all available rosidl_typesupport_cpp: rosidl_typesupport_fastrtps_cpp;rosidl_typesupport_introspection_cpp
[0.614s] -- Found rclcpp: 16.0.10 (/opt/ros/humble/share/rclcpp/cmake)
[0.667s] -- Found rmw_implementation_cmake: 6.1.2 (/opt/ros/humble/share/rmw_implementation_cmake/cmake)
[0.670s] -- Found rmw_fastrtps_cpp: 6.2.7 (/opt/ros/humble/share/rmw_fastrtps_cpp/cmake)
[0.899s] -- Using RMW implementation 'rmw_fastrtps_cpp' as default
[0.971s] -- Found rclcpp_action: 16.0.10 (/opt/ros/humble/share/rclcpp_action/cmake)
[0.991s] -- Found ament_lint_auto: 0.12.11 (/opt/ros/humble/share/ament_lint_auto/cmake)
[1.183s] -- Added test 'cppcheck' to perform static code analysis on C / C++ code
[1.183s] -- Configured cppcheck include dirs: 
[1.183s] -- Configured cppcheck exclude dirs and/or files: 
[1.184s] -- Added test 'flake8' to check Python code syntax and style conventions
[1.185s] -- Added test 'lint_cmake' to check CMake code style
[1.186s] -- Added test 'pep257' to check Python code against some of the docstring style conventions in PEP 257
[1.189s] -- Added test 'uncrustify' to check C / C++ code style
[1.189s] -- Configured uncrustify additional arguments: 
[1.190s] -- Added test 'xmllint' to check XML markup files
[1.191s] -- Configuring done
[1.198s] [31mCMake Error at CMakeLists.txt:37 (add_executable):
[1.199s]   Cannot find source file:
[1.199s] 
[1.199s]     pub_test.cpp
[1.199s] 
[1.199s]   Tried extensions .c .C .c++ .cc .cpp .cxx .cu .mpp .m .M .mm .ixx .cppm .h
[1.199s]   .hh .h++ .hm .hpp .hxx .in .txx .f .F .for .f77 .f90 .f95 .f03 .hip .ispc
[1.199s] 
[1.200s] [0m
[1.200s] [31mCMake Error at CMakeLists.txt:37 (add_executable):
[1.200s]   No SOURCES given to target: pub_test
[1.200s] 
[1.200s] [0m
[1.201s] [0mCMake Generate step failed.  Build files cannot be regenerated correctly.[0m
[1.214s] gmake: *** [Makefile:267: cmake_check_build_system] Error 1
[1.218s] Invoked command in '/home/hibiki/Robomech_HR/Eglantyne/simulation/build/simple_sim' returned '2': CMAKE_PREFIX_PATH=${CMAKE_PREFIX_PATH}:/home/hibiki/Robomech_HR/Eglantyne/simulation/install/ros2_control_demo_testing:/opt/ros/humble /usr/bin/cmake --build /home/hibiki/Robomech_HR/Eglantyne/simulation/build/simple_sim -- -j16 -l16
