[0.119s] Invoking command in '/home/hibiki/Robomech_HR/Eglantyne/simulation/build/gazebo_ros2_control_demos': CMAKE_PREFIX_PATH=${CMAKE_PREFIX_PATH}:/home/hibiki/Robomech_HR/Eglantyne/simulation/src/install/ros2_control_demo_testing:/home/hibiki/Robomech_HR/Eglantyne/simulation/install/ros2_control_demo_testing:/opt/ros/humble /usr/bin/cmake /home/hibiki/Robomech_HR/Eglantyne/simulation/src/gazebo_ros2_control/gazebo_ros2_control_demos -DCMAKE_INSTALL_PREFIX=/home/hibiki/Robomech_HR/Eglantyne/simulation/install/gazebo_ros2_control_demos
[0.168s] -- The C compiler identification is GNU 11.4.0
[0.215s] -- The CXX compiler identification is GNU 11.4.0
[0.224s] -- Detecting C compiler ABI info
[0.275s] -- Detecting C compiler ABI info - done
[0.282s] -- Check for working C compiler: /usr/bin/cc - skipped
[0.283s] -- Detecting C compile features
[0.283s] -- Detecting C compile features - done
[0.286s] -- Detecting CXX compiler ABI info
[0.346s] -- Detecting CXX compiler ABI info - done
[0.353s] -- Check for working CXX compiler: /usr/bin/c++ - skipped
[0.354s] -- Detecting CXX compile features
[0.354s] -- Detecting CXX compile features - done
[0.358s] -- Found ament_cmake: 1.3.10 (/opt/ros/humble/share/ament_cmake/cmake)
[0.564s] -- Found Python3: /home/hibiki/.espressif/python_env/idf5.4_py3.10_env/bin/python3 (found version "3.10.12") found components: Interpreter 
[0.628s] -- Found control_msgs: 4.6.0 (/opt/ros/humble/share/control_msgs/cmake)
[0.682s] -- Found rosidl_generator_c: 3.1.5 (/opt/ros/humble/share/rosidl_generator_c/cmake)
[0.690s] -- Found rosidl_adapter: 3.1.5 (/opt/ros/humble/share/rosidl_adapter/cmake)
[0.707s] -- Found rosidl_generator_cpp: 3.1.5 (/opt/ros/humble/share/rosidl_generator_cpp/cmake)
[0.722s] -- Using all available rosidl_typesupport_c: rosidl_typesupport_fastrtps_c;rosidl_typesupport_introspection_c
[0.749s] -- Using all available rosidl_typesupport_cpp: rosidl_typesupport_fastrtps_cpp;rosidl_typesupport_introspection_cpp
[0.839s] -- Found rclcpp: 16.0.10 (/opt/ros/humble/share/rclcpp/cmake)
[0.871s] -- Found rmw_implementation_cmake: 6.1.2 (/opt/ros/humble/share/rmw_implementation_cmake/cmake)
[0.874s] -- Found rmw_fastrtps_cpp: 6.2.7 (/opt/ros/humble/share/rmw_fastrtps_cpp/cmake)
[0.955s] -- Found OpenSSL: /usr/lib/x86_64-linux-gnu/libcrypto.so (found version "3.0.2")  
[0.978s] -- Found FastRTPS: /opt/ros/humble/include  
[1.014s] -- Using RMW implementation 'rmw_fastrtps_cpp' as default
[1.022s] -- Performing Test CMAKE_HAVE_LIBC_PTHREAD
[1.074s] -- Performing Test CMAKE_HAVE_LIBC_PTHREAD - Success
[1.075s] -- Found Threads: TRUE  
[1.103s] -- Found rclcpp_action: 16.0.10 (/opt/ros/humble/share/rclcpp_action/cmake)
[1.123s] -- Found ament_cmake_gtest: 1.3.10 (/opt/ros/humble/share/ament_cmake_gtest/cmake)
[1.126s] -- Found ament_lint_auto: 0.12.11 (/opt/ros/humble/share/ament_lint_auto/cmake)
[1.187s] -- Added test 'copyright' to check source files copyright and LICENSE
[1.189s] -- Added test 'cppcheck' to perform static code analysis on C / C++ code
[1.189s] -- Configured cppcheck include dirs: 
[1.189s] -- Configured cppcheck exclude dirs and/or files: 
[1.190s] -- Added test 'cpplint' to check C / C++ code against the Google style
[1.190s] -- Configured cpplint exclude dirs and/or files: 
[1.191s] -- Added test 'flake8' to check Python code syntax and style conventions
[1.192s] -- Added test 'lint_cmake' to check CMake code style
[1.192s] -- Added test 'pep257' to check Python code against some of the docstring style conventions in PEP 257
[1.194s] -- Added test 'uncrustify' to check C / C++ code style
[1.194s] -- Configured uncrustify additional arguments: 
[1.194s] -- Added test 'xmllint' to check XML markup files
[1.196s] -- Configuring done
[1.211s] -- Generating done
[1.212s] -- Build files have been written to: /home/hibiki/Robomech_HR/Eglantyne/simulation/build/gazebo_ros2_control_demos
[1.220s] Invoked command in '/home/hibiki/Robomech_HR/Eglantyne/simulation/build/gazebo_ros2_control_demos' returned '0': CMAKE_PREFIX_PATH=${CMAKE_PREFIX_PATH}:/home/hibiki/Robomech_HR/Eglantyne/simulation/src/install/ros2_control_demo_testing:/home/hibiki/Robomech_HR/Eglantyne/simulation/install/ros2_control_demo_testing:/opt/ros/humble /usr/bin/cmake /home/hibiki/Robomech_HR/Eglantyne/simulation/src/gazebo_ros2_control/gazebo_ros2_control_demos -DCMAKE_INSTALL_PREFIX=/home/hibiki/Robomech_HR/Eglantyne/simulation/install/gazebo_ros2_control_demos
[1.220s] Invoking command in '/home/hibiki/Robomech_HR/Eglantyne/simulation/build/gazebo_ros2_control_demos': CMAKE_PREFIX_PATH=${CMAKE_PREFIX_PATH}:/home/hibiki/Robomech_HR/Eglantyne/simulation/src/install/ros2_control_demo_testing:/home/hibiki/Robomech_HR/Eglantyne/simulation/install/ros2_control_demo_testing:/opt/ros/humble /usr/bin/cmake --build /home/hibiki/Robomech_HR/Eglantyne/simulation/build/gazebo_ros2_control_demos -- -j16 -l16
[1.249s] [  7%] [32mBuilding CXX object CMakeFiles/example_diff_drive.dir/examples/example_diff_drive.cpp.o[0m
[1.250s] [ 14%] [32mBuilding CXX object CMakeFiles/example_tricycle_drive.dir/examples/example_tricycle_drive.cpp.o[0m
[1.252s] [ 21%] [32mBuilding CXX object CMakeFiles/example_position_pid.dir/examples/example_position_pid.cpp.o[0m
[1.253s] [ 28%] [32mBuilding CXX object CMakeFiles/example_effort.dir/examples/example_effort.cpp.o[0m
[1.253s] [ 35%] [32mBuilding CXX object CMakeFiles/example_position.dir/examples/example_position.cpp.o[0m
[1.255s] [ 42%] [32mBuilding CXX object CMakeFiles/example_gripper.dir/examples/example_gripper.cpp.o[0m
[1.256s] [ 50%] [32mBuilding CXX object CMakeFiles/example_velocity.dir/examples/example_velocity.cpp.o[0m
[4.126s] [ 57%] [32m[1mLinking CXX executable example_tricycle_drive[0m
[4.135s] [ 64%] [32m[1mLinking CXX executable example_effort[0m
[4.220s] [ 71%] [32m[1mLinking CXX executable example_velocity[0m
[4.257s] [ 71%] Built target example_tricycle_drive
[4.269s] [ 71%] Built target example_effort
[4.349s] [ 71%] Built target example_velocity
[4.625s] [ 78%] [32m[1mLinking CXX executable example_gripper[0m
[4.742s] [ 78%] Built target example_gripper
[4.753s] [ 85%] [32m[1mLinking CXX executable example_position[0m
[4.888s] [ 85%] Built target example_position
[5.124s] [ 92%] [32m[1mLinking CXX executable example_diff_drive[0m
[5.145s] [100%] [32m[1mLinking CXX executable example_position_pid[0m
[5.228s] [100%] Built target example_diff_drive
[5.249s] [100%] Built target example_position_pid
[5.254s] Invoked command in '/home/hibiki/Robomech_HR/Eglantyne/simulation/build/gazebo_ros2_control_demos' returned '0': CMAKE_PREFIX_PATH=${CMAKE_PREFIX_PATH}:/home/hibiki/Robomech_HR/Eglantyne/simulation/src/install/ros2_control_demo_testing:/home/hibiki/Robomech_HR/Eglantyne/simulation/install/ros2_control_demo_testing:/opt/ros/humble /usr/bin/cmake --build /home/hibiki/Robomech_HR/Eglantyne/simulation/build/gazebo_ros2_control_demos -- -j16 -l16
[5.307s] Invoking command in '/home/hibiki/Robomech_HR/Eglantyne/simulation/build/gazebo_ros2_control_demos': CMAKE_PREFIX_PATH=${CMAKE_PREFIX_PATH}:/home/hibiki/Robomech_HR/Eglantyne/simulation/src/install/ros2_control_demo_testing:/home/hibiki/Robomech_HR/Eglantyne/simulation/install/ros2_control_demo_testing:/opt/ros/humble /usr/bin/cmake --install /home/hibiki/Robomech_HR/Eglantyne/simulation/build/gazebo_ros2_control_demos
[5.310s] -- Install configuration: ""
[5.310s] -- Installing: /home/hibiki/Robomech_HR/Eglantyne/simulation/install/gazebo_ros2_control_demos/share/gazebo_ros2_control_demos//launch
[5.310s] -- Installing: /home/hibiki/Robomech_HR/Eglantyne/simulation/install/gazebo_ros2_control_demos/share/gazebo_ros2_control_demos//launch/pendulum_example_effort.launch.py
[5.310s] -- Installing: /home/hibiki/Robomech_HR/Eglantyne/simulation/install/gazebo_ros2_control_demos/share/gazebo_ros2_control_demos//launch/tricycle_drive.launch.py
[5.310s] -- Installing: /home/hibiki/Robomech_HR/Eglantyne/simulation/install/gazebo_ros2_control_demos/share/gazebo_ros2_control_demos//launch/cart_example_velocity.launch.py
[5.310s] -- Installing: /home/hibiki/Robomech_HR/Eglantyne/simulation/install/gazebo_ros2_control_demos/share/gazebo_ros2_control_demos//launch/cart_example_effort.launch.py
[5.310s] -- Installing: /home/hibiki/Robomech_HR/Eglantyne/simulation/install/gazebo_ros2_control_demos/share/gazebo_ros2_control_demos//launch/cart_example_position.launch.py
[5.310s] -- Installing: /home/hibiki/Robomech_HR/Eglantyne/simulation/install/gazebo_ros2_control_demos/share/gazebo_ros2_control_demos//launch/gripper_mimic_joint_example_effort.launch.py
[5.310s] -- Installing: /home/hibiki/Robomech_HR/Eglantyne/simulation/install/gazebo_ros2_control_demos/share/gazebo_ros2_control_demos//launch/diff_drive.launch.py
[5.310s] -- Installing: /home/hibiki/Robomech_HR/Eglantyne/simulation/install/gazebo_ros2_control_demos/share/gazebo_ros2_control_demos//launch/vertical_cart_example_position_pids_in_yaml.launch.py
[5.310s] -- Installing: /home/hibiki/Robomech_HR/Eglantyne/simulation/install/gazebo_ros2_control_demos/share/gazebo_ros2_control_demos//launch/pendulum_example_position.launch.py
[5.310s] -- Installing: /home/hibiki/Robomech_HR/Eglantyne/simulation/install/gazebo_ros2_control_demos/share/gazebo_ros2_control_demos//launch/vertical_cart_example_velocity_pid.launch.py
[5.310s] -- Installing: /home/hibiki/Robomech_HR/Eglantyne/simulation/install/gazebo_ros2_control_demos/share/gazebo_ros2_control_demos//launch/gripper_mimic_joint_example_position.launch.py
[5.310s] -- Installing: /home/hibiki/Robomech_HR/Eglantyne/simulation/install/gazebo_ros2_control_demos/share/gazebo_ros2_control_demos//launch/vertical_cart_example_position_pid.launch.py
[5.310s] -- Installing: /home/hibiki/Robomech_HR/Eglantyne/simulation/install/gazebo_ros2_control_demos/share/gazebo_ros2_control_demos//config
[5.310s] -- Installing: /home/hibiki/Robomech_HR/Eglantyne/simulation/install/gazebo_ros2_control_demos/share/gazebo_ros2_control_demos//config/cart_controller.yaml
[5.310s] -- Installing: /home/hibiki/Robomech_HR/Eglantyne/simulation/install/gazebo_ros2_control_demos/share/gazebo_ros2_control_demos//config/cart_controller_velocity.yaml
[5.310s] -- Installing: /home/hibiki/Robomech_HR/Eglantyne/simulation/install/gazebo_ros2_control_demos/share/gazebo_ros2_control_demos//config/gripper_controller_effort.yaml
[5.310s] -- Installing: /home/hibiki/Robomech_HR/Eglantyne/simulation/install/gazebo_ros2_control_demos/share/gazebo_ros2_control_demos//config/cart_controller_position.yaml
[5.310s] -- Installing: /home/hibiki/Robomech_HR/Eglantyne/simulation/install/gazebo_ros2_control_demos/share/gazebo_ros2_control_demos//config/cart_controller_position_with_pids.yaml
[5.310s] -- Installing: /home/hibiki/Robomech_HR/Eglantyne/simulation/install/gazebo_ros2_control_demos/share/gazebo_ros2_control_demos//config/gripper_controller_position.yaml
[5.310s] -- Installing: /home/hibiki/Robomech_HR/Eglantyne/simulation/install/gazebo_ros2_control_demos/share/gazebo_ros2_control_demos//config/config.rviz
[5.311s] -- Installing: /home/hibiki/Robomech_HR/Eglantyne/simulation/install/gazebo_ros2_control_demos/share/gazebo_ros2_control_demos//config/tricycle_drive_controller.yaml
[5.311s] -- Installing: /home/hibiki/Robomech_HR/Eglantyne/simulation/install/gazebo_ros2_control_demos/share/gazebo_ros2_control_demos//config/cart_controller_effort.yaml
[5.311s] -- Installing: /home/hibiki/Robomech_HR/Eglantyne/simulation/install/gazebo_ros2_control_demos/share/gazebo_ros2_control_demos//config/diff_drive_controller.yaml
[5.311s] -- Installing: /home/hibiki/Robomech_HR/Eglantyne/simulation/install/gazebo_ros2_control_demos/share/gazebo_ros2_control_demos//urdf
[5.311s] -- Installing: /home/hibiki/Robomech_HR/Eglantyne/simulation/install/gazebo_ros2_control_demos/share/gazebo_ros2_control_demos//urdf/test_cart_velocity.xacro.urdf
[5.311s] -- Installing: /home/hibiki/Robomech_HR/Eglantyne/simulation/install/gazebo_ros2_control_demos/share/gazebo_ros2_control_demos//urdf/test_pendulum_effort.xacro.urdf
[5.311s] -- Installing: /home/hibiki/Robomech_HR/Eglantyne/simulation/install/gazebo_ros2_control_demos/share/gazebo_ros2_control_demos//urdf/test_cart_effort.xacro.urdf
[5.311s] -- Installing: /home/hibiki/Robomech_HR/Eglantyne/simulation/install/gazebo_ros2_control_demos/share/gazebo_ros2_control_demos//urdf/test_pendulum_position.xacro.urdf
[5.311s] -- Installing: /home/hibiki/Robomech_HR/Eglantyne/simulation/install/gazebo_ros2_control_demos/share/gazebo_ros2_control_demos//urdf/test_vertical_cart_position_pids_in_yaml.xacro.urdf
[5.311s] -- Installing: /home/hibiki/Robomech_HR/Eglantyne/simulation/install/gazebo_ros2_control_demos/share/gazebo_ros2_control_demos//urdf/test_cart_position.xacro.urdf
[5.311s] -- Installing: /home/hibiki/Robomech_HR/Eglantyne/simulation/install/gazebo_ros2_control_demos/share/gazebo_ros2_control_demos//urdf/test_gripper_mimic_joint_position.xacro.urdf
[5.311s] -- Installing: /home/hibiki/Robomech_HR/Eglantyne/simulation/install/gazebo_ros2_control_demos/share/gazebo_ros2_control_demos//urdf/test_tricycle_drive.xacro.urdf
[5.311s] -- Installing: /home/hibiki/Robomech_HR/Eglantyne/simulation/install/gazebo_ros2_control_demos/share/gazebo_ros2_control_demos//urdf/test_vertical_cart_velocity_pid.xacro.urdf
[5.311s] -- Installing: /home/hibiki/Robomech_HR/Eglantyne/simulation/install/gazebo_ros2_control_demos/share/gazebo_ros2_control_demos//urdf/test_gripper_mimic_joint_effort.xacro.urdf
[5.311s] -- Installing: /home/hibiki/Robomech_HR/Eglantyne/simulation/install/gazebo_ros2_control_demos/share/gazebo_ros2_control_demos//urdf/test_diff_drive.xacro.urdf
[5.311s] -- Installing: /home/hibiki/Robomech_HR/Eglantyne/simulation/install/gazebo_ros2_control_demos/share/gazebo_ros2_control_demos//urdf/test_vertical_cart_position_pid.xacro.urdf
[5.311s] -- Installing: /home/hibiki/Robomech_HR/Eglantyne/simulation/install/gazebo_ros2_control_demos/lib/gazebo_ros2_control_demos/example_position
[5.311s] -- Set runtime path of "/home/hibiki/Robomech_HR/Eglantyne/simulation/install/gazebo_ros2_control_demos/lib/gazebo_ros2_control_demos/example_position" to ""
[5.311s] -- Installing: /home/hibiki/Robomech_HR/Eglantyne/simulation/install/gazebo_ros2_control_demos/lib/gazebo_ros2_control_demos/example_position_pid
[5.312s] -- Set runtime path of "/home/hibiki/Robomech_HR/Eglantyne/simulation/install/gazebo_ros2_control_demos/lib/gazebo_ros2_control_demos/example_position_pid" to ""
[5.312s] -- Installing: /home/hibiki/Robomech_HR/Eglantyne/simulation/install/gazebo_ros2_control_demos/lib/gazebo_ros2_control_demos/example_velocity
[5.313s] -- Set runtime path of "/home/hibiki/Robomech_HR/Eglantyne/simulation/install/gazebo_ros2_control_demos/lib/gazebo_ros2_control_demos/example_velocity" to ""
[5.313s] -- Installing: /home/hibiki/Robomech_HR/Eglantyne/simulation/install/gazebo_ros2_control_demos/lib/gazebo_ros2_control_demos/example_effort
[5.313s] -- Set runtime path of "/home/hibiki/Robomech_HR/Eglantyne/simulation/install/gazebo_ros2_control_demos/lib/gazebo_ros2_control_demos/example_effort" to ""
[5.313s] -- Installing: /home/hibiki/Robomech_HR/Eglantyne/simulation/install/gazebo_ros2_control_demos/lib/gazebo_ros2_control_demos/example_diff_drive
[5.314s] -- Set runtime path of "/home/hibiki/Robomech_HR/Eglantyne/simulation/install/gazebo_ros2_control_demos/lib/gazebo_ros2_control_demos/example_diff_drive" to ""
[5.314s] -- Installing: /home/hibiki/Robomech_HR/Eglantyne/simulation/install/gazebo_ros2_control_demos/lib/gazebo_ros2_control_demos/example_tricycle_drive
[5.314s] -- Set runtime path of "/home/hibiki/Robomech_HR/Eglantyne/simulation/install/gazebo_ros2_control_demos/lib/gazebo_ros2_control_demos/example_tricycle_drive" to ""
[5.314s] -- Installing: /home/hibiki/Robomech_HR/Eglantyne/simulation/install/gazebo_ros2_control_demos/lib/gazebo_ros2_control_demos/example_gripper
[5.315s] -- Set runtime path of "/home/hibiki/Robomech_HR/Eglantyne/simulation/install/gazebo_ros2_control_demos/lib/gazebo_ros2_control_demos/example_gripper" to ""
[5.315s] -- Installing: /home/hibiki/Robomech_HR/Eglantyne/simulation/install/gazebo_ros2_control_demos/share/ament_index/resource_index/package_run_dependencies/gazebo_ros2_control_demos
[5.315s] -- Installing: /home/hibiki/Robomech_HR/Eglantyne/simulation/install/gazebo_ros2_control_demos/share/ament_index/resource_index/parent_prefix_path/gazebo_ros2_control_demos
[5.315s] -- Installing: /home/hibiki/Robomech_HR/Eglantyne/simulation/install/gazebo_ros2_control_demos/share/gazebo_ros2_control_demos/environment/ament_prefix_path.sh
[5.315s] -- Installing: /home/hibiki/Robomech_HR/Eglantyne/simulation/install/gazebo_ros2_control_demos/share/gazebo_ros2_control_demos/environment/ament_prefix_path.dsv
[5.315s] -- Installing: /home/hibiki/Robomech_HR/Eglantyne/simulation/install/gazebo_ros2_control_demos/share/gazebo_ros2_control_demos/environment/path.sh
[5.315s] -- Installing: /home/hibiki/Robomech_HR/Eglantyne/simulation/install/gazebo_ros2_control_demos/share/gazebo_ros2_control_demos/environment/path.dsv
[5.315s] -- Installing: /home/hibiki/Robomech_HR/Eglantyne/simulation/install/gazebo_ros2_control_demos/share/gazebo_ros2_control_demos/local_setup.bash
[5.315s] -- Installing: /home/hibiki/Robomech_HR/Eglantyne/simulation/install/gazebo_ros2_control_demos/share/gazebo_ros2_control_demos/local_setup.sh
[5.315s] -- Installing: /home/hibiki/Robomech_HR/Eglantyne/simulation/install/gazebo_ros2_control_demos/share/gazebo_ros2_control_demos/local_setup.zsh
[5.315s] -- Installing: /home/hibiki/Robomech_HR/Eglantyne/simulation/install/gazebo_ros2_control_demos/share/gazebo_ros2_control_demos/local_setup.dsv
[5.315s] -- Installing: /home/hibiki/Robomech_HR/Eglantyne/simulation/install/gazebo_ros2_control_demos/share/gazebo_ros2_control_demos/package.dsv
[5.315s] -- Installing: /home/hibiki/Robomech_HR/Eglantyne/simulation/install/gazebo_ros2_control_demos/share/ament_index/resource_index/packages/gazebo_ros2_control_demos
[5.315s] -- Installing: /home/hibiki/Robomech_HR/Eglantyne/simulation/install/gazebo_ros2_control_demos/share/gazebo_ros2_control_demos/cmake/gazebo_ros2_control_demosConfig.cmake
[5.315s] -- Installing: /home/hibiki/Robomech_HR/Eglantyne/simulation/install/gazebo_ros2_control_demos/share/gazebo_ros2_control_demos/cmake/gazebo_ros2_control_demosConfig-version.cmake
[5.316s] -- Installing: /home/hibiki/Robomech_HR/Eglantyne/simulation/install/gazebo_ros2_control_demos/share/gazebo_ros2_control_demos/package.xml
[5.317s] Invoked command in '/home/hibiki/Robomech_HR/Eglantyne/simulation/build/gazebo_ros2_control_demos' returned '0': CMAKE_PREFIX_PATH=${CMAKE_PREFIX_PATH}:/home/hibiki/Robomech_HR/Eglantyne/simulation/src/install/ros2_control_demo_testing:/home/hibiki/Robomech_HR/Eglantyne/simulation/install/ros2_control_demo_testing:/opt/ros/humble /usr/bin/cmake --install /home/hibiki/Robomech_HR/Eglantyne/simulation/build/gazebo_ros2_control_demos
