[0.048s] Invoking command in '/home/hibiki/Robomech_HR/Eglantyne/simulation/build/ros2_control_demo_example_7': AMENT_PREFIX_PATH=/home/hibiki/Robomech_HR/Eglantyne/simulation/install/ros2_control_demo_testing:/home/hibiki/Robomech_HR/Eglantyne/simulation/install/ros2_control_demo_description:${AMENT_PREFIX_PATH} CMAKE_PREFIX_PATH=/home/hibiki/Robomech_HR/Eglantyne/simulation/install/ros2_control_demo_description:/opt/ros/humble PYTHONPATH=/home/hibiki/Robomech_HR/Eglantyne/simulation/install/ros2_control_demo_testing/lib/python3.10/site-packages:${PYTHONPATH} /usr/bin/cmake /home/hibiki/Robomech_HR/Eglantyne/simulation/src/ros2_control_demos/example_7 -DCMAKE_INSTALL_PREFIX=/home/hibiki/Robomech_HR/Eglantyne/simulation/install/ros2_control_demo_example_7
[0.162s] -- The CXX compiler identification is GNU 11.4.0
[0.162s] -- Detecting CXX compiler ABI info
[0.162s] -- Detecting CXX compiler ABI info - done
[0.173s] -- Check for working CXX compiler: /usr/bin/c++ - skipped
[0.175s] -- Detecting CXX compile features
[0.175s] -- Detecting CXX compile features - done
[0.181s] -- Configuring incomplete, errors occurred!
[0.181s] See also "/home/hibiki/Robomech_HR/Eglantyne/simulation/build/ros2_control_demo_example_7/CMakeFiles/CMakeOutput.log".
[0.181s] [33mCMake Warning at CMakeLists.txt:31 (find_package):
[0.181s]   Could not find a configuration file for package "controller_manager" that
[0.181s]   is compatible with requested version "4.0.0".
[0.181s] 
[0.181s]   The following configuration files were considered but not accepted:
[0.181s] 
[0.181s]     /opt/ros/humble/share/controller_manager/cmake/controller_managerConfig.cmake, version: 2.42.0
[0.181s] 
[0.181s] 
[0.181s] [0m
[0.181s] [31mCMake Error at CMakeLists.txt:34 (message):
[0.181s]   ros2_control version 4.0.0 or higher is required.  Are you using the
[0.181s]   correct branch of the ros2_control_demos repository?
[0.181s] 
[0.181s] [0m
