[0.121s] Invoking command in '/home/hibiki/Robomech_HR/Eglantyne/simulation/build/champ_navigation': CMAKE_PREFIX_PATH=/opt/ros/humble /usr/bin/cmake /home/hibiki/Robomech_HR/Eglantyne/simulation/src/champ/champ_navigation -DCMAKE_INSTALL_PREFIX=/home/hibiki/Robomech_HR/Eglantyne/simulation/install/champ_navigation
[0.128s] -- Found ament_cmake: 1.3.10 (/opt/ros/humble/share/ament_cmake/cmake)
[0.394s] -- Found Python3: /home/hibiki/.espressif/python_env/idf5.4_py3.10_env/bin/python3 (found version "3.10.12") found components: Interpreter 
[0.522s] -- Configuring done
[0.525s] -- Generating done
[0.525s] -- Build files have been written to: /home/hibiki/Robomech_HR/Eglantyne/simulation/build/champ_navigation
[0.527s] Invoked command in '/home/hibiki/Robomech_HR/Eglantyne/simulation/build/champ_navigation' returned '0': CMAKE_PREFIX_PATH=/opt/ros/humble /usr/bin/cmake /home/hibiki/Robomech_HR/Eglantyne/simulation/src/champ/champ_navigation -DCMAKE_INSTALL_PREFIX=/home/hibiki/Robomech_HR/Eglantyne/simulation/install/champ_navigation
[0.528s] Invoking command in '/home/hibiki/Robomech_HR/Eglantyne/simulation/build/champ_navigation': CMAKE_PREFIX_PATH=/opt/ros/humble /usr/bin/cmake --build /home/hibiki/Robomech_HR/Eglantyne/simulation/build/champ_navigation -- -j16 -l16
[0.544s] Invoked command in '/home/hibiki/Robomech_HR/Eglantyne/simulation/build/champ_navigation' returned '0': CMAKE_PREFIX_PATH=/opt/ros/humble /usr/bin/cmake --build /home/hibiki/Robomech_HR/Eglantyne/simulation/build/champ_navigation -- -j16 -l16
[0.558s] Invoking command in '/home/hibiki/Robomech_HR/Eglantyne/simulation/build/champ_navigation': CMAKE_PREFIX_PATH=/opt/ros/humble /usr/bin/cmake --install /home/hibiki/Robomech_HR/Eglantyne/simulation/build/champ_navigation
[0.561s] -- Install configuration: ""
[0.561s] -- Installing: /home/hibiki/Robomech_HR/Eglantyne/simulation/install/champ_navigation/share/champ_navigation/launch
[0.561s] -- Installing: /home/hibiki/Robomech_HR/Eglantyne/simulation/install/champ_navigation/share/champ_navigation/launch/navigate.launch.py
[0.561s] -- Installing: /home/hibiki/Robomech_HR/Eglantyne/simulation/install/champ_navigation/share/champ_navigation/launch/slam.launch.py
[0.561s] -- Installing: /home/hibiki/Robomech_HR/Eglantyne/simulation/install/champ_navigation/share/champ_navigation/rviz
[0.561s] -- Installing: /home/hibiki/Robomech_HR/Eglantyne/simulation/install/champ_navigation/share/champ_navigation/rviz/slam.rviz
[0.561s] -- Installing: /home/hibiki/Robomech_HR/Eglantyne/simulation/install/champ_navigation/share/champ_navigation/rviz/navigation.rviz
[0.562s] -- Installing: /home/hibiki/Robomech_HR/Eglantyne/simulation/install/champ_navigation/share/champ_navigation/rviz/navigation_minimal.rviz
[0.562s] -- Installing: /home/hibiki/Robomech_HR/Eglantyne/simulation/install/champ_navigation/share/ament_index/resource_index/package_run_dependencies/champ_navigation
[0.562s] -- Installing: /home/hibiki/Robomech_HR/Eglantyne/simulation/install/champ_navigation/share/ament_index/resource_index/parent_prefix_path/champ_navigation
[0.562s] -- Installing: /home/hibiki/Robomech_HR/Eglantyne/simulation/install/champ_navigation/share/champ_navigation/environment/ament_prefix_path.sh
[0.562s] -- Installing: /home/hibiki/Robomech_HR/Eglantyne/simulation/install/champ_navigation/share/champ_navigation/environment/ament_prefix_path.dsv
[0.563s] -- Installing: /home/hibiki/Robomech_HR/Eglantyne/simulation/install/champ_navigation/share/champ_navigation/environment/path.sh
[0.563s] -- Installing: /home/hibiki/Robomech_HR/Eglantyne/simulation/install/champ_navigation/share/champ_navigation/environment/path.dsv
[0.563s] -- Installing: /home/hibiki/Robomech_HR/Eglantyne/simulation/install/champ_navigation/share/champ_navigation/local_setup.bash
[0.563s] -- Installing: /home/hibiki/Robomech_HR/Eglantyne/simulation/install/champ_navigation/share/champ_navigation/local_setup.sh
[0.563s] -- Installing: /home/hibiki/Robomech_HR/Eglantyne/simulation/install/champ_navigation/share/champ_navigation/local_setup.zsh
[0.563s] -- Installing: /home/hibiki/Robomech_HR/Eglantyne/simulation/install/champ_navigation/share/champ_navigation/local_setup.dsv
[0.563s] -- Installing: /home/hibiki/Robomech_HR/Eglantyne/simulation/install/champ_navigation/share/champ_navigation/package.dsv
[0.563s] -- Installing: /home/hibiki/Robomech_HR/Eglantyne/simulation/install/champ_navigation/share/ament_index/resource_index/packages/champ_navigation
[0.564s] -- Installing: /home/hibiki/Robomech_HR/Eglantyne/simulation/install/champ_navigation/share/champ_navigation/cmake/champ_navigationConfig.cmake
[0.564s] -- Installing: /home/hibiki/Robomech_HR/Eglantyne/simulation/install/champ_navigation/share/champ_navigation/cmake/champ_navigationConfig-version.cmake
[0.564s] -- Installing: /home/hibiki/Robomech_HR/Eglantyne/simulation/install/champ_navigation/share/champ_navigation/package.xml
[0.566s] Invoked command in '/home/hibiki/Robomech_HR/Eglantyne/simulation/build/champ_navigation' returned '0': CMAKE_PREFIX_PATH=/opt/ros/humble /usr/bin/cmake --install /home/hibiki/Robomech_HR/Eglantyne/simulation/build/champ_navigation
