[0.009s] Invoking command in '/home/hibiki/Robomech_HR/Eglantyne/simulation/build/champ_base': CMAKE_PREFIX_PATH=/home/hibiki/Robomech_HR/Eglantyne/simulation/install/champ_msgs:/home/hibiki/Robomech_HR/Eglantyne/simulation/install/ros2_control_demo_testing:/opt/ros/humble:/home/hibiki/Robomech_HR/Eglantyne/simulation/install/champ:/home/hibiki/Robomech_HR/Eglantyne/simulation/install/simple_sim:/home/hibiki/Robomech_HR/Eglantyne/simulation/install/ros2_control_demos:/home/hibiki/Robomech_HR/Eglantyne/simulation/install/ros2_control_demo_example_9:/home/hibiki/Robomech_HR/Eglantyne/simulation/install/ros2_control_demo_example_8:/home/hibiki/Robomech_HR/Eglantyne/simulation/install/ros2_control_demo_example_7:/home/hibiki/Robomech_HR/Eglantyne/simulation/install/ros2_control_demo_example_6:/home/hibiki/Robomech_HR/Eglantyne/simulation/install/ros2_control_demo_example_15:/home/hibiki/Robomech_HR/Eglantyne/simulation/install/ros2_control_demo_example_5:/home/hibiki/Robomech_HR/Eglantyne/simulation/install/ros2_control_demo_example_4:/home/hibiki/Robomech_HR/Eglantyne/simulation/install/ros2_control_demo_example_3:/home/hibiki/Robomech_HR/Eglantyne/simulation/install/ros2_control_demo_example_2:/home/hibiki/Robomech_HR/Eglantyne/simulation/install/ros2_control_demo_example_14:/home/hibiki/Robomech_HR/Eglantyne/simulation/install/ros2_control_demo_example_12:/home/hibiki/Robomech_HR/Eglantyne/simulation/install/ros2_control_demo_example_11:/home/hibiki/Robomech_HR/Eglantyne/simulation/install/ros2_control_demo_example_10:/home/hibiki/Robomech_HR/Eglantyne/simulation/install/ros2_control_demo_example_1:/home/hibiki/Robomech_HR/Eglantyne/simulation/install/ros2_control_demo_description:/home/hibiki/Robomech_HR/Eglantyne/simulation/install/gazebo_ros2_control_demos:/home/hibiki/Robomech_HR/Eglantyne/simulation/install/champ_teleop:/home/hibiki/Robomech_HR/Eglantyne/simulation/install/champ_navigation:/home/hibiki/Robomech_HR/Eglantyne/simulation/install/champ_description:/home/hibiki/Robomech_HR/Eglantyne/simulation/install/champ_config LD_LIBRARY_PATH=/home/hibiki/Robomech_HR/Eglantyne/simulation/install/champ_msgs/lib:/home/hibiki/Robomech_HR/Eglantyne/simulation/install/simple_sim/lib:/home/hibiki/Robomech_HR/Eglantyne/simulation/install/ros2_control_demo_example_9/lib:/home/hibiki/Robomech_HR/Eglantyne/simulation/install/ros2_control_demo_example_8/lib:/home/hibiki/Robomech_HR/Eglantyne/simulation/install/ros2_control_demo_example_7/lib:/home/hibiki/Robomech_HR/Eglantyne/simulation/install/ros2_control_demo_example_6/lib:/home/hibiki/Robomech_HR/Eglantyne/simulation/install/ros2_control_demo_example_5/lib:/home/hibiki/Robomech_HR/Eglantyne/simulation/install/ros2_control_demo_example_4/lib:/home/hibiki/Robomech_HR/Eglantyne/simulation/install/ros2_control_demo_example_3/lib:/home/hibiki/Robomech_HR/Eglantyne/simulation/install/ros2_control_demo_example_2/lib:/home/hibiki/Robomech_HR/Eglantyne/simulation/install/ros2_control_demo_example_14/lib:/home/hibiki/Robomech_HR/Eglantyne/simulation/install/ros2_control_demo_example_12/lib:/home/hibiki/Robomech_HR/Eglantyne/simulation/install/ros2_control_demo_example_11/lib:/home/hibiki/Robomech_HR/Eglantyne/simulation/install/ros2_control_demo_example_10/lib:/home/hibiki/Robomech_HR/Eglantyne/simulation/install/ros2_control_demo_example_1/lib:/opt/ros/humble/opt/rviz_ogre_vendor/lib:/opt/ros/humble/lib/x86_64-linux-gnu:/opt/ros/humble/lib:/usr/lib/x86_64-linux-gnu/gazebo-11/plugins PYTHONPATH=/home/hibiki/Robomech_HR/Eglantyne/simulation/install/champ_msgs/lib/python3.10/site-packages:/home/hibiki/Robomech_HR/Eglantyne/simulation/install/simple_sim/lib/python3.10/site-packages:/home/hibiki/Robomech_HR/Eglantyne/simulation/install/ros2_control_demo_testing/lib/python3.10/site-packages:/opt/ros/humble/lib/python3.10/site-packages:/opt/ros/humble/local/lib/python3.10/dist-packages /usr/bin/cmake --build /home/hibiki/Robomech_HR/Eglantyne/simulation/build/champ_base -- -j16 -l16
[0.023s] -- Found ament_cmake: 1.3.10 (/opt/ros/humble/share/ament_cmake/cmake)
[0.077s] -- Found rclcpp: 16.0.10 (/opt/ros/humble/share/rclcpp/cmake)
[0.095s] -- Found rosidl_generator_c: 3.1.5 (/opt/ros/humble/share/rosidl_generator_c/cmake)
[0.096s] -- Found rosidl_adapter: 3.1.5 (/opt/ros/humble/share/rosidl_adapter/cmake)
[0.099s] -- Found rosidl_generator_cpp: 3.1.5 (/opt/ros/humble/share/rosidl_generator_cpp/cmake)
[0.105s] -- Using all available rosidl_typesupport_c: rosidl_typesupport_fastrtps_c;rosidl_typesupport_introspection_c
[0.113s] -- Using all available rosidl_typesupport_cpp: rosidl_typesupport_fastrtps_cpp;rosidl_typesupport_introspection_cpp
[0.133s] -- Found rmw_implementation_cmake: 6.1.2 (/opt/ros/humble/share/rmw_implementation_cmake/cmake)
[0.134s] -- Found rmw_fastrtps_cpp: 6.2.7 (/opt/ros/humble/share/rmw_fastrtps_cpp/cmake)
[0.207s] -- Using RMW implementation 'rmw_fastrtps_cpp' as default
[0.235s] -- Found rclpy: 3.3.14 (/opt/ros/humble/share/rclpy/cmake)
[0.235s] -- Found champ_msgs: 0.1.0 (/home/hibiki/Robomech_HR/Eglantyne/simulation/install/champ_msgs/share/champ_msgs/cmake)
[0.252s] -- Found visualization_msgs: 4.2.4 (/opt/ros/humble/share/visualization_msgs/cmake)
[0.274s] -- Found trajectory_msgs: 4.2.4 (/opt/ros/humble/share/trajectory_msgs/cmake)
[0.284s] -- Found nav_msgs: 4.2.4 (/opt/ros/humble/share/nav_msgs/cmake)
[0.294s] -- Found tf2_ros: 0.25.8 (/opt/ros/humble/share/tf2_ros/cmake)
[0.343s] -- Found urdf: 2.6.1 (/opt/ros/humble/share/urdf/cmake)
[0.355s] -- Found champ: 0.1.0 (/home/hibiki/Robomech_HR/Eglantyne/simulation/install/champ/share/champ/cmake)
[0.438s] -- Configuring done
[0.463s] -- Generating done
[0.465s] -- Build files have been written to: /home/hibiki/Robomech_HR/Eglantyne/simulation/build/champ_base
[0.485s] [ 25%] [32mBuilding CXX object CMakeFiles/quadruped_controller.dir/src/quadruped_controller.cpp.o[0m
[0.485s] [ 25%] [32mBuilding CXX object CMakeFiles/message_relay.dir/src/message_relay.cpp.o[0m
[0.485s] [ 25%] [32mBuilding CXX object CMakeFiles/state_estimation.dir/src/state_estimation.cpp.o[0m
[8.555s] [ 33%] [32m[1mLinking CXX shared library libquadruped_controller.so[0m
[9.087s] [ 33%] Built target quadruped_controller
[9.099s] [ 41%] [32mBuilding CXX object CMakeFiles/quadruped_controller_node.dir/src/quadruped_controller_node.cpp.o[0m
[10.525s] [ 50%] [32m[1mLinking CXX shared library libmessage_relay.so[0m
[11.146s] [ 50%] Built target message_relay
[11.158s] [ 58%] [32mBuilding CXX object CMakeFiles/message_relay_node.dir/src/message_relay_node.cpp.o[0m
[11.202s] [ 66%] [32m[1mLinking CXX executable quadruped_controller_node[0m
[11.422s] [ 66%] Built target quadruped_controller_node
[11.917s] [ 75%] [32m[1mLinking CXX shared library libstate_estimation.so[0m
[12.769s] [ 75%] Built target state_estimation
[12.785s] [ 83%] [32mBuilding CXX object CMakeFiles/state_estimation_node.dir/src/state_estimation_node.cpp.o[0m
[13.738s] [ 91%] [32m[1mLinking CXX executable message_relay_node[0m
[14.111s] [ 91%] Built target message_relay_node
[16.964s] [100%] [32m[1mLinking CXX executable state_estimation_node[0m
[17.274s] [100%] Built target state_estimation_node
[17.280s] Invoked command in '/home/hibiki/Robomech_HR/Eglantyne/simulation/build/champ_base' returned '0': CMAKE_PREFIX_PATH=/home/hibiki/Robomech_HR/Eglantyne/simulation/install/champ_msgs:/home/hibiki/Robomech_HR/Eglantyne/simulation/install/ros2_control_demo_testing:/opt/ros/humble:/home/hibiki/Robomech_HR/Eglantyne/simulation/install/champ:/home/hibiki/Robomech_HR/Eglantyne/simulation/install/simple_sim:/home/hibiki/Robomech_HR/Eglantyne/simulation/install/ros2_control_demos:/home/hibiki/Robomech_HR/Eglantyne/simulation/install/ros2_control_demo_example_9:/home/hibiki/Robomech_HR/Eglantyne/simulation/install/ros2_control_demo_example_8:/home/hibiki/Robomech_HR/Eglantyne/simulation/install/ros2_control_demo_example_7:/home/hibiki/Robomech_HR/Eglantyne/simulation/install/ros2_control_demo_example_6:/home/hibiki/Robomech_HR/Eglantyne/simulation/install/ros2_control_demo_example_15:/home/hibiki/Robomech_HR/Eglantyne/simulation/install/ros2_control_demo_example_5:/home/hibiki/Robomech_HR/Eglantyne/simulation/install/ros2_control_demo_example_4:/home/hibiki/Robomech_HR/Eglantyne/simulation/install/ros2_control_demo_example_3:/home/hibiki/Robomech_HR/Eglantyne/simulation/install/ros2_control_demo_example_2:/home/hibiki/Robomech_HR/Eglantyne/simulation/install/ros2_control_demo_example_14:/home/hibiki/Robomech_HR/Eglantyne/simulation/install/ros2_control_demo_example_12:/home/hibiki/Robomech_HR/Eglantyne/simulation/install/ros2_control_demo_example_11:/home/hibiki/Robomech_HR/Eglantyne/simulation/install/ros2_control_demo_example_10:/home/hibiki/Robomech_HR/Eglantyne/simulation/install/ros2_control_demo_example_1:/home/hibiki/Robomech_HR/Eglantyne/simulation/install/ros2_control_demo_description:/home/hibiki/Robomech_HR/Eglantyne/simulation/install/gazebo_ros2_control_demos:/home/hibiki/Robomech_HR/Eglantyne/simulation/install/champ_teleop:/home/hibiki/Robomech_HR/Eglantyne/simulation/install/champ_navigation:/home/hibiki/Robomech_HR/Eglantyne/simulation/install/champ_description:/home/hibiki/Robomech_HR/Eglantyne/simulation/install/champ_config LD_LIBRARY_PATH=/home/hibiki/Robomech_HR/Eglantyne/simulation/install/champ_msgs/lib:/home/hibiki/Robomech_HR/Eglantyne/simulation/install/simple_sim/lib:/home/hibiki/Robomech_HR/Eglantyne/simulation/install/ros2_control_demo_example_9/lib:/home/hibiki/Robomech_HR/Eglantyne/simulation/install/ros2_control_demo_example_8/lib:/home/hibiki/Robomech_HR/Eglantyne/simulation/install/ros2_control_demo_example_7/lib:/home/hibiki/Robomech_HR/Eglantyne/simulation/install/ros2_control_demo_example_6/lib:/home/hibiki/Robomech_HR/Eglantyne/simulation/install/ros2_control_demo_example_5/lib:/home/hibiki/Robomech_HR/Eglantyne/simulation/install/ros2_control_demo_example_4/lib:/home/hibiki/Robomech_HR/Eglantyne/simulation/install/ros2_control_demo_example_3/lib:/home/hibiki/Robomech_HR/Eglantyne/simulation/install/ros2_control_demo_example_2/lib:/home/hibiki/Robomech_HR/Eglantyne/simulation/install/ros2_control_demo_example_14/lib:/home/hibiki/Robomech_HR/Eglantyne/simulation/install/ros2_control_demo_example_12/lib:/home/hibiki/Robomech_HR/Eglantyne/simulation/install/ros2_control_demo_example_11/lib:/home/hibiki/Robomech_HR/Eglantyne/simulation/install/ros2_control_demo_example_10/lib:/home/hibiki/Robomech_HR/Eglantyne/simulation/install/ros2_control_demo_example_1/lib:/opt/ros/humble/opt/rviz_ogre_vendor/lib:/opt/ros/humble/lib/x86_64-linux-gnu:/opt/ros/humble/lib:/usr/lib/x86_64-linux-gnu/gazebo-11/plugins PYTHONPATH=/home/hibiki/Robomech_HR/Eglantyne/simulation/install/champ_msgs/lib/python3.10/site-packages:/home/hibiki/Robomech_HR/Eglantyne/simulation/install/simple_sim/lib/python3.10/site-packages:/home/hibiki/Robomech_HR/Eglantyne/simulation/install/ros2_control_demo_testing/lib/python3.10/site-packages:/opt/ros/humble/lib/python3.10/site-packages:/opt/ros/humble/local/lib/python3.10/dist-packages /usr/bin/cmake --build /home/hibiki/Robomech_HR/Eglantyne/simulation/build/champ_base -- -j16 -l16
[17.323s] Invoking command in '/home/hibiki/Robomech_HR/Eglantyne/simulation/build/champ_base': CMAKE_PREFIX_PATH=/home/hibiki/Robomech_HR/Eglantyne/simulation/install/champ_msgs:/home/hibiki/Robomech_HR/Eglantyne/simulation/install/ros2_control_demo_testing:/opt/ros/humble:/home/hibiki/Robomech_HR/Eglantyne/simulation/install/champ:/home/hibiki/Robomech_HR/Eglantyne/simulation/install/simple_sim:/home/hibiki/Robomech_HR/Eglantyne/simulation/install/ros2_control_demos:/home/hibiki/Robomech_HR/Eglantyne/simulation/install/ros2_control_demo_example_9:/home/hibiki/Robomech_HR/Eglantyne/simulation/install/ros2_control_demo_example_8:/home/hibiki/Robomech_HR/Eglantyne/simulation/install/ros2_control_demo_example_7:/home/hibiki/Robomech_HR/Eglantyne/simulation/install/ros2_control_demo_example_6:/home/hibiki/Robomech_HR/Eglantyne/simulation/install/ros2_control_demo_example_15:/home/hibiki/Robomech_HR/Eglantyne/simulation/install/ros2_control_demo_example_5:/home/hibiki/Robomech_HR/Eglantyne/simulation/install/ros2_control_demo_example_4:/home/hibiki/Robomech_HR/Eglantyne/simulation/install/ros2_control_demo_example_3:/home/hibiki/Robomech_HR/Eglantyne/simulation/install/ros2_control_demo_example_2:/home/hibiki/Robomech_HR/Eglantyne/simulation/install/ros2_control_demo_example_14:/home/hibiki/Robomech_HR/Eglantyne/simulation/install/ros2_control_demo_example_12:/home/hibiki/Robomech_HR/Eglantyne/simulation/install/ros2_control_demo_example_11:/home/hibiki/Robomech_HR/Eglantyne/simulation/install/ros2_control_demo_example_10:/home/hibiki/Robomech_HR/Eglantyne/simulation/install/ros2_control_demo_example_1:/home/hibiki/Robomech_HR/Eglantyne/simulation/install/ros2_control_demo_description:/home/hibiki/Robomech_HR/Eglantyne/simulation/install/gazebo_ros2_control_demos:/home/hibiki/Robomech_HR/Eglantyne/simulation/install/champ_teleop:/home/hibiki/Robomech_HR/Eglantyne/simulation/install/champ_navigation:/home/hibiki/Robomech_HR/Eglantyne/simulation/install/champ_description:/home/hibiki/Robomech_HR/Eglantyne/simulation/install/champ_config LD_LIBRARY_PATH=/home/hibiki/Robomech_HR/Eglantyne/simulation/install/champ_msgs/lib:/home/hibiki/Robomech_HR/Eglantyne/simulation/install/simple_sim/lib:/home/hibiki/Robomech_HR/Eglantyne/simulation/install/ros2_control_demo_example_9/lib:/home/hibiki/Robomech_HR/Eglantyne/simulation/install/ros2_control_demo_example_8/lib:/home/hibiki/Robomech_HR/Eglantyne/simulation/install/ros2_control_demo_example_7/lib:/home/hibiki/Robomech_HR/Eglantyne/simulation/install/ros2_control_demo_example_6/lib:/home/hibiki/Robomech_HR/Eglantyne/simulation/install/ros2_control_demo_example_5/lib:/home/hibiki/Robomech_HR/Eglantyne/simulation/install/ros2_control_demo_example_4/lib:/home/hibiki/Robomech_HR/Eglantyne/simulation/install/ros2_control_demo_example_3/lib:/home/hibiki/Robomech_HR/Eglantyne/simulation/install/ros2_control_demo_example_2/lib:/home/hibiki/Robomech_HR/Eglantyne/simulation/install/ros2_control_demo_example_14/lib:/home/hibiki/Robomech_HR/Eglantyne/simulation/install/ros2_control_demo_example_12/lib:/home/hibiki/Robomech_HR/Eglantyne/simulation/install/ros2_control_demo_example_11/lib:/home/hibiki/Robomech_HR/Eglantyne/simulation/install/ros2_control_demo_example_10/lib:/home/hibiki/Robomech_HR/Eglantyne/simulation/install/ros2_control_demo_example_1/lib:/opt/ros/humble/opt/rviz_ogre_vendor/lib:/opt/ros/humble/lib/x86_64-linux-gnu:/opt/ros/humble/lib:/usr/lib/x86_64-linux-gnu/gazebo-11/plugins PYTHONPATH=/home/hibiki/Robomech_HR/Eglantyne/simulation/install/champ_msgs/lib/python3.10/site-packages:/home/hibiki/Robomech_HR/Eglantyne/simulation/install/simple_sim/lib/python3.10/site-packages:/home/hibiki/Robomech_HR/Eglantyne/simulation/install/ros2_control_demo_testing/lib/python3.10/site-packages:/opt/ros/humble/lib/python3.10/site-packages:/opt/ros/humble/local/lib/python3.10/dist-packages /usr/bin/cmake --install /home/hibiki/Robomech_HR/Eglantyne/simulation/build/champ_base
[17.326s] -- Install configuration: ""
[17.326s] -- Installing: /home/hibiki/Robomech_HR/Eglantyne/simulation/install/champ_base/share/champ_base/config
[17.326s] -- Installing: /home/hibiki/Robomech_HR/Eglantyne/simulation/install/champ_base/share/champ_base/config/velocity_smoother
[17.326s] -- Installing: /home/hibiki/Robomech_HR/Eglantyne/simulation/install/champ_base/share/champ_base/config/velocity_smoother/velocity_smoother.yaml
[17.326s] -- Installing: /home/hibiki/Robomech_HR/Eglantyne/simulation/install/champ_base/share/champ_base/config/ekf
[17.327s] -- Installing: /home/hibiki/Robomech_HR/Eglantyne/simulation/install/champ_base/share/champ_base/config/ekf/base_to_footprint.yaml
[17.327s] -- Installing: /home/hibiki/Robomech_HR/Eglantyne/simulation/install/champ_base/share/champ_base/config/ekf/footprint_to_odom.yaml
[17.327s] -- Installing: /home/hibiki/Robomech_HR/Eglantyne/simulation/install/champ_base/lib/libquadruped_controller.so
[17.333s] -- Set runtime path of "/home/hibiki/Robomech_HR/Eglantyne/simulation/install/champ_base/lib/libquadruped_controller.so" to ""
[17.333s] -- Installing: /home/hibiki/Robomech_HR/Eglantyne/simulation/install/champ_base/bin/quadruped_controller_node
[17.333s] -- Set runtime path of "/home/hibiki/Robomech_HR/Eglantyne/simulation/install/champ_base/bin/quadruped_controller_node" to ""
[17.333s] -- Installing: /home/hibiki/Robomech_HR/Eglantyne/simulation/install/champ_base/lib/libmessage_relay.so
[17.339s] -- Set runtime path of "/home/hibiki/Robomech_HR/Eglantyne/simulation/install/champ_base/lib/libmessage_relay.so" to ""
[17.339s] -- Installing: /home/hibiki/Robomech_HR/Eglantyne/simulation/install/champ_base/bin/message_relay_node
[17.340s] -- Set runtime path of "/home/hibiki/Robomech_HR/Eglantyne/simulation/install/champ_base/bin/message_relay_node" to ""
[17.340s] -- Installing: /home/hibiki/Robomech_HR/Eglantyne/simulation/install/champ_base/lib/libstate_estimation.so
[17.347s] -- Set runtime path of "/home/hibiki/Robomech_HR/Eglantyne/simulation/install/champ_base/lib/libstate_estimation.so" to ""
[17.347s] -- Installing: /home/hibiki/Robomech_HR/Eglantyne/simulation/install/champ_base/bin/state_estimation_node
[17.347s] -- Set runtime path of "/home/hibiki/Robomech_HR/Eglantyne/simulation/install/champ_base/bin/state_estimation_node" to ""
[17.347s] -- Installing: /home/hibiki/Robomech_HR/Eglantyne/simulation/install/champ_base/lib/champ_base/quadruped_controller_node
[17.347s] -- Set runtime path of "/home/hibiki/Robomech_HR/Eglantyne/simulation/install/champ_base/lib/champ_base/quadruped_controller_node" to ""
[17.347s] -- Installing: /home/hibiki/Robomech_HR/Eglantyne/simulation/install/champ_base/lib/champ_base/message_relay_node
[17.348s] -- Set runtime path of "/home/hibiki/Robomech_HR/Eglantyne/simulation/install/champ_base/lib/champ_base/message_relay_node" to ""
[17.348s] -- Installing: /home/hibiki/Robomech_HR/Eglantyne/simulation/install/champ_base/lib/champ_base/state_estimation_node
[17.348s] -- Set runtime path of "/home/hibiki/Robomech_HR/Eglantyne/simulation/install/champ_base/lib/champ_base/state_estimation_node" to ""
[17.348s] -- Installing: /home/hibiki/Robomech_HR/Eglantyne/simulation/install/champ_base/share/ament_index/resource_index/package_run_dependencies/champ_base
[17.348s] -- Installing: /home/hibiki/Robomech_HR/Eglantyne/simulation/install/champ_base/share/ament_index/resource_index/parent_prefix_path/champ_base
[17.348s] -- Installing: /home/hibiki/Robomech_HR/Eglantyne/simulation/install/champ_base/share/champ_base/environment/ament_prefix_path.sh
[17.348s] -- Installing: /home/hibiki/Robomech_HR/Eglantyne/simulation/install/champ_base/share/champ_base/environment/ament_prefix_path.dsv
[17.348s] -- Installing: /home/hibiki/Robomech_HR/Eglantyne/simulation/install/champ_base/share/champ_base/environment/path.sh
[17.348s] -- Installing: /home/hibiki/Robomech_HR/Eglantyne/simulation/install/champ_base/share/champ_base/environment/path.dsv
[17.348s] -- Installing: /home/hibiki/Robomech_HR/Eglantyne/simulation/install/champ_base/share/champ_base/local_setup.bash
[17.349s] -- Installing: /home/hibiki/Robomech_HR/Eglantyne/simulation/install/champ_base/share/champ_base/local_setup.sh
[17.349s] -- Installing: /home/hibiki/Robomech_HR/Eglantyne/simulation/install/champ_base/share/champ_base/local_setup.zsh
[17.349s] -- Installing: /home/hibiki/Robomech_HR/Eglantyne/simulation/install/champ_base/share/champ_base/local_setup.dsv
[17.349s] -- Installing: /home/hibiki/Robomech_HR/Eglantyne/simulation/install/champ_base/share/champ_base/package.dsv
[17.349s] -- Installing: /home/hibiki/Robomech_HR/Eglantyne/simulation/install/champ_base/share/ament_index/resource_index/packages/champ_base
[17.349s] -- Installing: /home/hibiki/Robomech_HR/Eglantyne/simulation/install/champ_base/share/champ_base/cmake/ament_cmake_export_include_directories-extras.cmake
[17.349s] -- Installing: /home/hibiki/Robomech_HR/Eglantyne/simulation/install/champ_base/share/champ_base/cmake/ament_cmake_export_dependencies-extras.cmake
[17.349s] -- Installing: /home/hibiki/Robomech_HR/Eglantyne/simulation/install/champ_base/share/champ_base/cmake/champ_baseConfig.cmake
[17.349s] -- Installing: /home/hibiki/Robomech_HR/Eglantyne/simulation/install/champ_base/share/champ_base/cmake/champ_baseConfig-version.cmake
[17.349s] -- Installing: /home/hibiki/Robomech_HR/Eglantyne/simulation/install/champ_base/share/champ_base/package.xml
[17.350s] Invoked command in '/home/hibiki/Robomech_HR/Eglantyne/simulation/build/champ_base' returned '0': CMAKE_PREFIX_PATH=/home/hibiki/Robomech_HR/Eglantyne/simulation/install/champ_msgs:/home/hibiki/Robomech_HR/Eglantyne/simulation/install/ros2_control_demo_testing:/opt/ros/humble:/home/hibiki/Robomech_HR/Eglantyne/simulation/install/champ:/home/hibiki/Robomech_HR/Eglantyne/simulation/install/simple_sim:/home/hibiki/Robomech_HR/Eglantyne/simulation/install/ros2_control_demos:/home/hibiki/Robomech_HR/Eglantyne/simulation/install/ros2_control_demo_example_9:/home/hibiki/Robomech_HR/Eglantyne/simulation/install/ros2_control_demo_example_8:/home/hibiki/Robomech_HR/Eglantyne/simulation/install/ros2_control_demo_example_7:/home/hibiki/Robomech_HR/Eglantyne/simulation/install/ros2_control_demo_example_6:/home/hibiki/Robomech_HR/Eglantyne/simulation/install/ros2_control_demo_example_15:/home/hibiki/Robomech_HR/Eglantyne/simulation/install/ros2_control_demo_example_5:/home/hibiki/Robomech_HR/Eglantyne/simulation/install/ros2_control_demo_example_4:/home/hibiki/Robomech_HR/Eglantyne/simulation/install/ros2_control_demo_example_3:/home/hibiki/Robomech_HR/Eglantyne/simulation/install/ros2_control_demo_example_2:/home/hibiki/Robomech_HR/Eglantyne/simulation/install/ros2_control_demo_example_14:/home/hibiki/Robomech_HR/Eglantyne/simulation/install/ros2_control_demo_example_12:/home/hibiki/Robomech_HR/Eglantyne/simulation/install/ros2_control_demo_example_11:/home/hibiki/Robomech_HR/Eglantyne/simulation/install/ros2_control_demo_example_10:/home/hibiki/Robomech_HR/Eglantyne/simulation/install/ros2_control_demo_example_1:/home/hibiki/Robomech_HR/Eglantyne/simulation/install/ros2_control_demo_description:/home/hibiki/Robomech_HR/Eglantyne/simulation/install/gazebo_ros2_control_demos:/home/hibiki/Robomech_HR/Eglantyne/simulation/install/champ_teleop:/home/hibiki/Robomech_HR/Eglantyne/simulation/install/champ_navigation:/home/hibiki/Robomech_HR/Eglantyne/simulation/install/champ_description:/home/hibiki/Robomech_HR/Eglantyne/simulation/install/champ_config LD_LIBRARY_PATH=/home/hibiki/Robomech_HR/Eglantyne/simulation/install/champ_msgs/lib:/home/hibiki/Robomech_HR/Eglantyne/simulation/install/simple_sim/lib:/home/hibiki/Robomech_HR/Eglantyne/simulation/install/ros2_control_demo_example_9/lib:/home/hibiki/Robomech_HR/Eglantyne/simulation/install/ros2_control_demo_example_8/lib:/home/hibiki/Robomech_HR/Eglantyne/simulation/install/ros2_control_demo_example_7/lib:/home/hibiki/Robomech_HR/Eglantyne/simulation/install/ros2_control_demo_example_6/lib:/home/hibiki/Robomech_HR/Eglantyne/simulation/install/ros2_control_demo_example_5/lib:/home/hibiki/Robomech_HR/Eglantyne/simulation/install/ros2_control_demo_example_4/lib:/home/hibiki/Robomech_HR/Eglantyne/simulation/install/ros2_control_demo_example_3/lib:/home/hibiki/Robomech_HR/Eglantyne/simulation/install/ros2_control_demo_example_2/lib:/home/hibiki/Robomech_HR/Eglantyne/simulation/install/ros2_control_demo_example_14/lib:/home/hibiki/Robomech_HR/Eglantyne/simulation/install/ros2_control_demo_example_12/lib:/home/hibiki/Robomech_HR/Eglantyne/simulation/install/ros2_control_demo_example_11/lib:/home/hibiki/Robomech_HR/Eglantyne/simulation/install/ros2_control_demo_example_10/lib:/home/hibiki/Robomech_HR/Eglantyne/simulation/install/ros2_control_demo_example_1/lib:/opt/ros/humble/opt/rviz_ogre_vendor/lib:/opt/ros/humble/lib/x86_64-linux-gnu:/opt/ros/humble/lib:/usr/lib/x86_64-linux-gnu/gazebo-11/plugins PYTHONPATH=/home/hibiki/Robomech_HR/Eglantyne/simulation/install/champ_msgs/lib/python3.10/site-packages:/home/hibiki/Robomech_HR/Eglantyne/simulation/install/simple_sim/lib/python3.10/site-packages:/home/hibiki/Robomech_HR/Eglantyne/simulation/install/ros2_control_demo_testing/lib/python3.10/site-packages:/opt/ros/humble/lib/python3.10/site-packages:/opt/ros/humble/local/lib/python3.10/dist-packages /usr/bin/cmake --install /home/hibiki/Robomech_HR/Eglantyne/simulation/build/champ_base
