[100%] Built target ros2_control_demo_example_8
-- Install configuration: ""
-- Installing: /home/hibiki/Robomech_HR/Eglantyne/simulation/install/ros2_control_demo_example_8/share/ros2_control_demo_example_8/ros2_control_demo_example_8.xml
-- Installing: /home/hibiki/Robomech_HR/Eglantyne/simulation/install/ros2_control_demo_example_8/include/ros2_control_demo_example_8
-- Installing: /home/hibiki/Robomech_HR/Eglantyne/simulation/install/ros2_control_demo_example_8/include/ros2_control_demo_example_8/ros2_control_demo_example_8
-- Installing: /home/hibiki/Robomech_HR/Eglantyne/simulation/install/ros2_control_demo_example_8/include/ros2_control_demo_example_8/ros2_control_demo_example_8/rrbot.hpp
-- Installing: /home/hibiki/Robomech_HR/Eglantyne/simulation/install/ros2_control_demo_example_8/include/ros2_control_demo_example_8/ros2_control_demo_example_8/rrbot_transmissions_system_position_only.hpp
-- Installing: /home/hibiki/Robomech_HR/Eglantyne/simulation/install/ros2_control_demo_example_8/share/ros2_control_demo_example_8/launch
-- Installing: /home/hibiki/Robomech_HR/Eglantyne/simulation/install/ros2_control_demo_example_8/share/ros2_control_demo_example_8/launch/view_robot.launch.py
-- Installing: /home/hibiki/Robomech_HR/Eglantyne/simulation/install/ros2_control_demo_example_8/share/ros2_control_demo_example_8/ros2_control
-- Installing: /home/hibiki/Robomech_HR/Eglantyne/simulation/install/ros2_control_demo_example_8/share/ros2_control_demo_example_8/ros2_control/rrbot_transmissions_system_position_only.ros2_control.xacro
-- Installing: /home/hibiki/Robomech_HR/Eglantyne/simulation/install/ros2_control_demo_example_8/share/ros2_control_demo_example_8/urdf
-- Installing: /home/hibiki/Robomech_HR/Eglantyne/simulation/install/ros2_control_demo_example_8/share/ros2_control_demo_example_8/urdf/rrbot_transmissions_system_position_only.urdf.xacro
-- Up-to-date: /home/hibiki/Robomech_HR/Eglantyne/simulation/install/ros2_control_demo_example_8/share/ros2_control_demo_example_8/launch
-- Installing: /home/hibiki/Robomech_HR/Eglantyne/simulation/install/ros2_control_demo_example_8/share/ros2_control_demo_example_8/launch/test_forward_position_controller.launch.py
-- Installing: /home/hibiki/Robomech_HR/Eglantyne/simulation/install/ros2_control_demo_example_8/share/ros2_control_demo_example_8/launch/rrbot_transmissions_system_position_only.launch.py
-- Installing: /home/hibiki/Robomech_HR/Eglantyne/simulation/install/ros2_control_demo_example_8/share/ros2_control_demo_example_8/config
-- Installing: /home/hibiki/Robomech_HR/Eglantyne/simulation/install/ros2_control_demo_example_8/share/ros2_control_demo_example_8/config/rrbot_controllers.yaml
-- Installing: /home/hibiki/Robomech_HR/Eglantyne/simulation/install/ros2_control_demo_example_8/share/ros2_control_demo_example_8/config/rrbot_forward_position_publisher.yaml
-- Installing: /home/hibiki/Robomech_HR/Eglantyne/simulation/install/ros2_control_demo_example_8/lib/libros2_control_demo_example_8.so
-- Set runtime path of "/home/hibiki/Robomech_HR/Eglantyne/simulation/install/ros2_control_demo_example_8/lib/libros2_control_demo_example_8.so" to ""
-- Installing: /home/hibiki/Robomech_HR/Eglantyne/simulation/install/ros2_control_demo_example_8/share/ros2_control_demo_example_8/environment/library_path.sh
-- Installing: /home/hibiki/Robomech_HR/Eglantyne/simulation/install/ros2_control_demo_example_8/share/ros2_control_demo_example_8/environment/library_path.dsv
-- Installing: /home/hibiki/Robomech_HR/Eglantyne/simulation/install/ros2_control_demo_example_8/share/ament_index/resource_index/package_run_dependencies/ros2_control_demo_example_8
-- Installing: /home/hibiki/Robomech_HR/Eglantyne/simulation/install/ros2_control_demo_example_8/share/ament_index/resource_index/parent_prefix_path/ros2_control_demo_example_8
-- Installing: /home/hibiki/Robomech_HR/Eglantyne/simulation/install/ros2_control_demo_example_8/share/ros2_control_demo_example_8/environment/ament_prefix_path.sh
-- Installing: /home/hibiki/Robomech_HR/Eglantyne/simulation/install/ros2_control_demo_example_8/share/ros2_control_demo_example_8/environment/ament_prefix_path.dsv
-- Installing: /home/hibiki/Robomech_HR/Eglantyne/simulation/install/ros2_control_demo_example_8/share/ros2_control_demo_example_8/environment/path.sh
-- Installing: /home/hibiki/Robomech_HR/Eglantyne/simulation/install/ros2_control_demo_example_8/share/ros2_control_demo_example_8/environment/path.dsv
-- Installing: /home/hibiki/Robomech_HR/Eglantyne/simulation/install/ros2_control_demo_example_8/share/ros2_control_demo_example_8/local_setup.bash
-- Installing: /home/hibiki/Robomech_HR/Eglantyne/simulation/install/ros2_control_demo_example_8/share/ros2_control_demo_example_8/local_setup.sh
-- Installing: /home/hibiki/Robomech_HR/Eglantyne/simulation/install/ros2_control_demo_example_8/share/ros2_control_demo_example_8/local_setup.zsh
-- Installing: /home/hibiki/Robomech_HR/Eglantyne/simulation/install/ros2_control_demo_example_8/share/ros2_control_demo_example_8/local_setup.dsv
-- Installing: /home/hibiki/Robomech_HR/Eglantyne/simulation/install/ros2_control_demo_example_8/share/ros2_control_demo_example_8/package.dsv
-- Installing: /home/hibiki/Robomech_HR/Eglantyne/simulation/install/ros2_control_demo_example_8/share/ament_index/resource_index/packages/ros2_control_demo_example_8
-- Installing: /home/hibiki/Robomech_HR/Eglantyne/simulation/install/ros2_control_demo_example_8/share/ament_index/resource_index/hardware_interface__pluginlib__plugin/ros2_control_demo_example_8
-- Installing: /home/hibiki/Robomech_HR/Eglantyne/simulation/install/ros2_control_demo_example_8/share/ros2_control_demo_example_8/cmake/export_ros2_control_demo_example_8Export.cmake
-- Installing: /home/hibiki/Robomech_HR/Eglantyne/simulation/install/ros2_control_demo_example_8/share/ros2_control_demo_example_8/cmake/export_ros2_control_demo_example_8Export-noconfig.cmake
-- Installing: /home/hibiki/Robomech_HR/Eglantyne/simulation/install/ros2_control_demo_example_8/share/ros2_control_demo_example_8/cmake/ament_cmake_export_targets-extras.cmake
-- Installing: /home/hibiki/Robomech_HR/Eglantyne/simulation/install/ros2_control_demo_example_8/share/ros2_control_demo_example_8/cmake/ament_cmake_export_dependencies-extras.cmake
-- Installing: /home/hibiki/Robomech_HR/Eglantyne/simulation/install/ros2_control_demo_example_8/share/ros2_control_demo_example_8/cmake/ros2_control_demo_example_8Config.cmake
-- Installing: /home/hibiki/Robomech_HR/Eglantyne/simulation/install/ros2_control_demo_example_8/share/ros2_control_demo_example_8/cmake/ros2_control_demo_example_8Config-version.cmake
-- Installing: /home/hibiki/Robomech_HR/Eglantyne/simulation/install/ros2_control_demo_example_8/share/ros2_control_demo_example_8/package.xml
