-- Found ament_cmake: 1.3.10 (/opt/ros/humble/share/ament_cmake/cmake)
-- Configuring done
-- Generating done
-- Build files have been written to: /home/hibiki/Robomech_HR/Eglantyne/simulation/build/champ_teleop
-- Install configuration: ""
-- Up-to-date: /home/hibiki/Robomech_HR/Eglantyne/simulation/install/champ_teleop/share/champ_teleop/launch
-- Installing: /home/hibiki/Robomech_HR/Eglantyne/simulation/install/champ_teleop/share/champ_teleop/launch/teleop.launch.py
-- Installing: /home/hibiki/Robomech_HR/Eglantyne/simulation/install/champ_teleop/lib/champ_teleop/champ_teleop.py
-- Up-to-date: /home/hibiki/Robomech_HR/Eglantyne/simulation/install/champ_teleop/share/ament_index/resource_index/package_run_dependencies/champ_teleop
-- Installing: /home/hibiki/Robomech_HR/Eglantyne/simulation/install/champ_teleop/share/ament_index/resource_index/parent_prefix_path/champ_teleop
-- Up-to-date: /home/hibiki/Robomech_HR/Eglantyne/simulation/install/champ_teleop/share/champ_teleop/environment/ament_prefix_path.sh
-- Installing: /home/hibiki/Robomech_HR/Eglantyne/simulation/install/champ_teleop/share/champ_teleop/environment/ament_prefix_path.dsv
-- Up-to-date: /home/hibiki/Robomech_HR/Eglantyne/simulation/install/champ_teleop/share/champ_teleop/environment/path.sh
-- Installing: /home/hibiki/Robomech_HR/Eglantyne/simulation/install/champ_teleop/share/champ_teleop/environment/path.dsv
-- Up-to-date: /home/hibiki/Robomech_HR/Eglantyne/simulation/install/champ_teleop/share/champ_teleop/local_setup.bash
-- Up-to-date: /home/hibiki/Robomech_HR/Eglantyne/simulation/install/champ_teleop/share/champ_teleop/local_setup.sh
-- Up-to-date: /home/hibiki/Robomech_HR/Eglantyne/simulation/install/champ_teleop/share/champ_teleop/local_setup.zsh
-- Installing: /home/hibiki/Robomech_HR/Eglantyne/simulation/install/champ_teleop/share/champ_teleop/local_setup.dsv
-- Installing: /home/hibiki/Robomech_HR/Eglantyne/simulation/install/champ_teleop/share/champ_teleop/package.dsv
-- Up-to-date: /home/hibiki/Robomech_HR/Eglantyne/simulation/install/champ_teleop/share/ament_index/resource_index/packages/champ_teleop
-- Up-to-date: /home/hibiki/Robomech_HR/Eglantyne/simulation/install/champ_teleop/share/champ_teleop/cmake/champ_teleopConfig.cmake
-- Up-to-date: /home/hibiki/Robomech_HR/Eglantyne/simulation/install/champ_teleop/share/champ_teleop/cmake/champ_teleopConfig-version.cmake
-- Installing: /home/hibiki/Robomech_HR/Eglantyne/simulation/install/champ_teleop/share/champ_teleop/package.xml
