[0.015s] Invoking command in '/home/hibiki/Robomech_HR/Eglantyne/simulation/build/simple_sim': CMAKE_PREFIX_PATH=${CMAKE_PREFIX_PATH}:/opt/ros/humble /usr/bin/cmake --build /home/hibiki/Robomech_HR/Eglantyne/simulation/build/simple_sim -- -j16 -l16
[0.033s] -- Found ament_cmake: 1.3.10 (/opt/ros/humble/share/ament_cmake/cmake)
[0.128s] [33mCMake Warning (dev) at /usr/share/cmake-3.25/Modules/FindPackageHandleStandardArgs.cmake:438 (message):
[0.129s]   The package name passed to `find_package_handle_standard_args` (PkgConfig)
[0.129s]   does not match the name of the calling package (gazebo).  This can lead to
[0.129s]   problems in calling code that expects `find_package` result variables
[0.129s]   (e.g., `_FOUND`) to follow a certain pattern.
[0.129s] Call Stack (most recent call first):
[0.129s]   /usr/share/cmake-3.25/Modules/FindPkgConfig.cmake:99 (find_package_handle_standard_args)
[0.129s]   /usr/lib/x86_64-linux-gnu/cmake/gazebo/gazebo-config.cmake:72 (include)
[0.129s]   CMakeLists.txt:14 (find_package)
[0.129s] This warning is for project developers.  Use -Wno-dev to suppress it.
[0.130s] [0m
[0.130s] -- Found PkgConfig: /usr/bin/pkg-config (found version "0.29.2") 
[0.136s] -- Checking for module 'bullet>=2.82'
[0.151s] --   Found bullet, version 3.05
[0.275s] -- Found fcl: /usr/include (found suitable version "0.7.0", minimum required is "0.5.0") 
[0.333s] -- Found assimp: /usr/include (found version "5.2.0") 
[0.375s] -- Found DART: /usr/include (Required is at least version "6.6") found components: dart 
[0.413s] -- Found Boost: /usr/lib/x86_64-linux-gnu/cmake/Boost-1.74.0/BoostConfig.cmake (found suitable version "1.74.0", minimum required is "1.40.0") found components: thread system filesystem program_options regex iostreams date_time 
[0.444s] -- Found Protobuf: /usr/lib/x86_64-linux-gnu/libprotobuf.so (found version "3.12.4") 
[0.454s] -- Looking for ignition-math6 -- found version 6.15.1
[0.470s] -- Searching for dependencies of ignition-math6
[0.473s] -- Looking for OGRE...
[0.474s] -- OGRE_PREFIX_WATCH changed.
[0.479s] -- Checking for module 'OGRE'
[0.495s] --   Found OGRE, version 1.9.0
[0.534s] -- Found Ogre Ghadamon (1.9.0)
[0.551s] -- Found OGRE: optimized;/usr/lib/x86_64-linux-gnu/libOgreMain.so;debug;/usr/lib/x86_64-linux-gnu/libOgreMain.so
[0.561s] -- Looking for OGRE_Paging...
[0.567s] -- Found OGRE_Paging: optimized;/usr/lib/x86_64-linux-gnu/libOgrePaging.so;debug;/usr/lib/x86_64-linux-gnu/libOgrePaging.so
[0.567s] -- Looking for OGRE_Terrain...
[0.573s] -- Found OGRE_Terrain: optimized;/usr/lib/x86_64-linux-gnu/libOgreTerrain.so;debug;/usr/lib/x86_64-linux-gnu/libOgreTerrain.so
[0.573s] -- Looking for OGRE_Property...
[0.577s] -- Found OGRE_Property: optimized;/usr/lib/x86_64-linux-gnu/libOgreProperty.so;debug;/usr/lib/x86_64-linux-gnu/libOgreProperty.so
[0.578s] -- Looking for OGRE_RTShaderSystem...
[0.583s] -- Found OGRE_RTShaderSystem: optimized;/usr/lib/x86_64-linux-gnu/libOgreRTShaderSystem.so;debug;/usr/lib/x86_64-linux-gnu/libOgreRTShaderSystem.so
[0.583s] -- Looking for OGRE_Volume...
[0.588s] -- Found OGRE_Volume: optimized;/usr/lib/x86_64-linux-gnu/libOgreVolume.so;debug;/usr/lib/x86_64-linux-gnu/libOgreVolume.so
[0.588s] -- Looking for OGRE_Overlay...
[0.593s] -- Found OGRE_Overlay: optimized;/usr/lib/x86_64-linux-gnu/libOgreOverlay.so;debug;/usr/lib/x86_64-linux-gnu/libOgreOverlay.so
[0.705s] -- Looking for ignition-math6 -- found version 6.15.1
[0.709s] -- Looking for ignition-transport8 -- found version 8.2.1
[0.710s] -- Searching for dependencies of ignition-transport8
[0.725s] -- Found Protobuf: /usr/lib/x86_64-linux-gnu/libprotobuf.so (found suitable version "3.12.4", minimum required is "3") 
[0.737s] -- Config-file not installed for ZeroMQ -- checking for pkg-config
[0.741s] -- Checking for module 'libzmq >= 4'
[0.762s] --   Found libzmq , version 4.3.4
[0.808s] -- Found ZeroMQ: TRUE (Required is at least version "4") 
[0.818s] -- Checking for module 'uuid'
[0.833s] --   Found uuid, version 2.37.2
[0.871s] -- Found UUID: TRUE  
[0.875s] -- Looking for ignition-msgs5 -- found version 5.8.1
[0.876s] -- Searching for dependencies of ignition-msgs5
[0.895s] -- Looking for ignition-math6 -- found version 6.15.1
[0.900s] -- Checking for module 'tinyxml2'
[0.913s] --   Found tinyxml2, version 9.0.0
[0.951s] -- Looking for ignition-msgs5 -- found version 5.8.1
[0.957s] -- Looking for ignition-common3 -- found version 3.14.0
[0.957s] -- Searching for dependencies of ignition-common3
[0.958s] -- Looking for dlfcn.h - found
[0.959s] -- Looking for libdl - found
[0.961s] -- Found DL: TRUE  
[0.973s] -- Found tinyobjloader: /usr/lib/x86_64-linux-gnu/cmake/tinyobjloader/tinyobjloader-config.cmake (found version "2.0.0") 
[0.975s] -- Searching for <ignition-common3> component [graphics]
[0.978s] -- Looking for ignition-common3-graphics -- found version 3.14.0
[0.978s] -- Searching for dependencies of ignition-common3-graphics
[0.979s] -- Looking for ignition-math6 -- found version 6.15.1
[0.983s] -- Looking for ignition-fuel_tools4 -- found version 4.4.0
[0.983s] -- Searching for dependencies of ignition-fuel_tools4
[1.072s] -- Found CURL: /usr/lib/x86_64-linux-gnu/libcurl.so (found version "7.81.0")  
[1.087s] -- Checking for module 'jsoncpp'
[1.104s] --   Found jsoncpp, version 1.9.5
[1.139s] -- Found JSONCPP: TRUE  
[1.148s] -- Checking for module 'libzip'
[1.165s] --   Found libzip, version 1.7.3
[1.200s] -- Found ZIP: TRUE  
[1.201s] -- Looking for ignition-common3 -- found version 3.14.0
[1.201s] -- Looking for ignition-math6 -- found version 6.15.1
[1.202s] -- Looking for ignition-msgs5 -- found version 5.8.1
[1.209s] -- Found robot_state_publisher: 3.0.3 (/opt/ros/humble/share/robot_state_publisher/cmake)
[1.225s] -- Found rosidl_generator_c: 3.1.5 (/opt/ros/humble/share/rosidl_generator_c/cmake)
[1.227s] -- Found rosidl_adapter: 3.1.5 (/opt/ros/humble/share/rosidl_adapter/cmake)
[1.232s] -- Found rosidl_generator_cpp: 3.1.5 (/opt/ros/humble/share/rosidl_generator_cpp/cmake)
[1.241s] -- Using all available rosidl_typesupport_c: rosidl_typesupport_fastrtps_c;rosidl_typesupport_introspection_c
[1.254s] -- Using all available rosidl_typesupport_cpp: rosidl_typesupport_fastrtps_cpp;rosidl_typesupport_introspection_cpp
[1.286s] -- Found eigen3_cmake_module: 0.1.1 (/opt/ros/humble/share/eigen3_cmake_module/cmake)
[1.288s] -- Ensuring Eigen3 include directory is part of orocos-kdl CMake target
[1.309s] -- Found rmw_implementation_cmake: 6.1.2 (/opt/ros/humble/share/rmw_implementation_cmake/cmake)
[1.310s] -- Found rmw_fastrtps_cpp: 6.2.7 (/opt/ros/humble/share/rmw_fastrtps_cpp/cmake)
[1.408s] -- Using RMW implementation 'rmw_fastrtps_cpp' as default
[1.543s] -- Found ament_lint_auto: 0.12.11 (/opt/ros/humble/share/ament_lint_auto/cmake)
[1.627s] -- Added test 'flake8' to check Python code syntax and style conventions
[1.628s] -- Added test 'lint_cmake' to check CMake code style
[1.628s] -- Added test 'pep257' to check Python code against some of the docstring style conventions in PEP 257
[1.629s] -- Added test 'xmllint' to check XML markup files
[1.629s] -- Configuring done
[1.635s] -- Generating done
[1.637s] -- Build files have been written to: /home/hibiki/Robomech_HR/Eglantyne/simulation/build/simple_sim
[1.660s] Invoked command in '/home/hibiki/Robomech_HR/Eglantyne/simulation/build/simple_sim' returned '0': CMAKE_PREFIX_PATH=${CMAKE_PREFIX_PATH}:/opt/ros/humble /usr/bin/cmake --build /home/hibiki/Robomech_HR/Eglantyne/simulation/build/simple_sim -- -j16 -l16
[1.691s] Invoking command in '/home/hibiki/Robomech_HR/Eglantyne/simulation/build/simple_sim': CMAKE_PREFIX_PATH=${CMAKE_PREFIX_PATH}:/opt/ros/humble /usr/bin/cmake --install /home/hibiki/Robomech_HR/Eglantyne/simulation/build/simple_sim
[1.695s] -- Install configuration: ""
[1.695s] -- Up-to-date: /home/hibiki/Robomech_HR/Eglantyne/simulation/install/simple_sim/share/simple_sim//launch
[1.695s] -- Up-to-date: /home/hibiki/Robomech_HR/Eglantyne/simulation/install/simple_sim/share/simple_sim//launch/simenv.launch.py
[1.695s] -- Up-to-date: /home/hibiki/Robomech_HR/Eglantyne/simulation/install/simple_sim/share/simple_sim//urdf
[1.696s] -- Up-to-date: /home/hibiki/Robomech_HR/Eglantyne/simulation/install/simple_sim/share/simple_sim//urdf/model.urdf
[1.696s] -- Up-to-date: /home/hibiki/Robomech_HR/Eglantyne/simulation/install/simple_sim/share/ament_index/resource_index/package_run_dependencies/simple_sim
[1.696s] -- Up-to-date: /home/hibiki/Robomech_HR/Eglantyne/simulation/install/simple_sim/share/ament_index/resource_index/parent_prefix_path/simple_sim
[1.696s] -- Up-to-date: /home/hibiki/Robomech_HR/Eglantyne/simulation/install/simple_sim/share/simple_sim/environment/ament_prefix_path.sh
[1.696s] -- Installing: /home/hibiki/Robomech_HR/Eglantyne/simulation/install/simple_sim/share/simple_sim/environment/ament_prefix_path.dsv
[1.696s] -- Up-to-date: /home/hibiki/Robomech_HR/Eglantyne/simulation/install/simple_sim/share/simple_sim/environment/path.sh
[1.696s] -- Installing: /home/hibiki/Robomech_HR/Eglantyne/simulation/install/simple_sim/share/simple_sim/environment/path.dsv
[1.697s] -- Up-to-date: /home/hibiki/Robomech_HR/Eglantyne/simulation/install/simple_sim/share/simple_sim/local_setup.bash
[1.697s] -- Up-to-date: /home/hibiki/Robomech_HR/Eglantyne/simulation/install/simple_sim/share/simple_sim/local_setup.sh
[1.697s] -- Up-to-date: /home/hibiki/Robomech_HR/Eglantyne/simulation/install/simple_sim/share/simple_sim/local_setup.zsh
[1.697s] -- Installing: /home/hibiki/Robomech_HR/Eglantyne/simulation/install/simple_sim/share/simple_sim/local_setup.dsv
[1.697s] -- Installing: /home/hibiki/Robomech_HR/Eglantyne/simulation/install/simple_sim/share/simple_sim/package.dsv
[1.697s] -- Up-to-date: /home/hibiki/Robomech_HR/Eglantyne/simulation/install/simple_sim/share/ament_index/resource_index/packages/simple_sim
[1.697s] -- Up-to-date: /home/hibiki/Robomech_HR/Eglantyne/simulation/install/simple_sim/share/simple_sim/cmake/simple_simConfig.cmake
[1.697s] -- Up-to-date: /home/hibiki/Robomech_HR/Eglantyne/simulation/install/simple_sim/share/simple_sim/cmake/simple_simConfig-version.cmake
[1.698s] -- Up-to-date: /home/hibiki/Robomech_HR/Eglantyne/simulation/install/simple_sim/share/simple_sim/package.xml
[1.699s] Invoked command in '/home/hibiki/Robomech_HR/Eglantyne/simulation/build/simple_sim' returned '0': CMAKE_PREFIX_PATH=${CMAKE_PREFIX_PATH}:/opt/ros/humble /usr/bin/cmake --install /home/hibiki/Robomech_HR/Eglantyne/simulation/build/simple_sim
