[  2%] Built target simple_sim__cpp
[  8%] Built target ament_cmake_python_copy_simple_sim
[ 11%] Built target simple_sim__rosidl_generator_c
[ 14%] [32mBuilding CXX object CMakeFiles/pub_control.dir/src/controller/pub_control.cpp.o[0m
[ 20%] Built target pub_test
[ 28%] Built target simple_sim__rosidl_typesupport_fastrtps_cpp
[ 37%] Built target simple_sim__rosidl_typesupport_introspection_cpp
[ 45%] Built target simple_sim__rosidl_typesupport_cpp
[ 54%] Built target simple_sim__rosidl_typesupport_introspection_c
[ 71%] Built target simple_sim__rosidl_typesupport_c
[ 71%] Built target simple_sim__rosidl_typesupport_fastrtps_c
[ 71%] Built target simple_sim
[ 74%] Built target simple_sim__py
[ 80%] Built target simple_sim__rosidl_generator_py
[ 97%] Built target simple_sim__rosidl_typesupport_c__pyext
[ 97%] Built target simple_sim__rosidl_typesupport_introspection_c__pyext
[ 97%] Built target simple_sim__rosidl_typesupport_fastrtps_c__pyext
running egg_info
writing simple_sim.egg-info/PKG-INFO
writing dependency_links to simple_sim.egg-info/dependency_links.txt
writing top-level names to simple_sim.egg-info/top_level.txt
reading manifest file 'simple_sim.egg-info/SOURCES.txt'
writing manifest file 'simple_sim.egg-info/SOURCES.txt'
[ 97%] Built target ament_cmake_python_build_simple_sim_egg
[01m[K/home/hibiki/Robomech_HR/Eglantyne/simulation/src/simple_sim/src/controller/pub_control.cpp:[m[K In member function ‘[01m[Kvoid PubControl::update_motions(trajectory_msgs::msg::JointTrajectory_<std::allocator<void> >::SharedPtr) const[m[K’:
[01m[K/home/hibiki/Robomech_HR/Eglantyne/simulation/src/simple_sim/src/controller/pub_control.cpp:46:50:[m[K [01;31m[Kerror: [m[Kbase operand of ‘[01m[K->[m[K’ has non-pointer type ‘[01m[Kstd::vector<trajectory_msgs::msg::JointTrajectoryPoint_<std::allocator<void> >, std::allocator<trajectory_msgs::msg::JointTrajectoryPoint_<std::allocator<void> > > >[m[K’
   46 |         order.insert(order.begin(), motion_points[01;31m[K->[m[Kbegin(), motion_points->end());
      |                                                  [01;31m[K^~[m[K
[01m[K/home/hibiki/Robomech_HR/Eglantyne/simulation/src/simple_sim/src/controller/pub_control.cpp:46:74:[m[K [01;31m[Kerror: [m[Kbase operand of ‘[01m[K->[m[K’ has non-pointer type ‘[01m[Kstd::vector<trajectory_msgs::msg::JointTrajectoryPoint_<std::allocator<void> >, std::allocator<trajectory_msgs::msg::JointTrajectoryPoint_<std::allocator<void> > > >[m[K’
   46 |         order.insert(order.begin(), motion_points->begin(), motion_points[01;31m[K->[m[Kend());
      |                                                                          [01;31m[K^~[m[K
gmake[2]: *** [CMakeFiles/pub_control.dir/build.make:76: CMakeFiles/pub_control.dir/src/controller/pub_control.cpp.o] Error 1
gmake[1]: *** [CMakeFiles/Makefile2:620: CMakeFiles/pub_control.dir/all] Error 2
gmake: *** [Makefile:146: all] Error 2
