[0.117s] Invoking command in '/home/hibiki/Robomech_HR/Eglantyne/simulation/build/ros2_control_demo_example_7': AMENT_PREFIX_PATH=/home/hibiki/Robomech_HR/Eglantyne/simulation/install/ros2_control_demo_testing:/home/hibiki/Robomech_HR/Eglantyne/simulation/install/ros2_control_demo_description:${AMENT_PREFIX_PATH} CMAKE_PREFIX_PATH=/home/hibiki/Robomech_HR/Eglantyne/simulation/install/ros2_control_demo_description:/opt/ros/humble PYTHONPATH=/home/hibiki/Robomech_HR/Eglantyne/simulation/install/ros2_control_demo_testing/lib/python3.10/site-packages:${PYTHONPATH} /usr/bin/cmake --build /home/hibiki/Robomech_HR/Eglantyne/simulation/build/ros2_control_demo_example_7 -- -j16 -l16
[0.268s] [ 40%] Built target send_trajectory
[0.272s] [100%] Built target ros2_control_demo_example_7
[0.348s] Invoked command in '/home/hibiki/Robomech_HR/Eglantyne/simulation/build/ros2_control_demo_example_7' returned '0': AMENT_PREFIX_PATH=/home/hibiki/Robomech_HR/Eglantyne/simulation/install/ros2_control_demo_testing:/home/hibiki/Robomech_HR/Eglantyne/simulation/install/ros2_control_demo_description:${AMENT_PREFIX_PATH} CMAKE_PREFIX_PATH=/home/hibiki/Robomech_HR/Eglantyne/simulation/install/ros2_control_demo_description:/opt/ros/humble PYTHONPATH=/home/hibiki/Robomech_HR/Eglantyne/simulation/install/ros2_control_demo_testing/lib/python3.10/site-packages:${PYTHONPATH} /usr/bin/cmake --build /home/hibiki/Robomech_HR/Eglantyne/simulation/build/ros2_control_demo_example_7 -- -j16 -l16
[0.617s] Invoking command in '/home/hibiki/Robomech_HR/Eglantyne/simulation/build/ros2_control_demo_example_7': AMENT_PREFIX_PATH=/home/hibiki/Robomech_HR/Eglantyne/simulation/install/ros2_control_demo_testing:/home/hibiki/Robomech_HR/Eglantyne/simulation/install/ros2_control_demo_description:${AMENT_PREFIX_PATH} CMAKE_PREFIX_PATH=/home/hibiki/Robomech_HR/Eglantyne/simulation/install/ros2_control_demo_description:/opt/ros/humble PYTHONPATH=/home/hibiki/Robomech_HR/Eglantyne/simulation/install/ros2_control_demo_testing/lib/python3.10/site-packages:${PYTHONPATH} /usr/bin/cmake --install /home/hibiki/Robomech_HR/Eglantyne/simulation/build/ros2_control_demo_example_7
[0.627s] -- Install configuration: ""
[0.627s] -- Up-to-date: /home/hibiki/Robomech_HR/Eglantyne/simulation/install/ros2_control_demo_example_7/share/ros2_control_demo_example_7/ros2_control_demo_example_7.xml
[0.627s] -- Up-to-date: /home/hibiki/Robomech_HR/Eglantyne/simulation/install/ros2_control_demo_example_7/share/ros2_control_demo_example_7/ros2_control_demo_example_7.xml
[0.627s] -- Up-to-date: /home/hibiki/Robomech_HR/Eglantyne/simulation/install/ros2_control_demo_example_7/include/ros2_control_demo_example_7
[0.627s] -- Up-to-date: /home/hibiki/Robomech_HR/Eglantyne/simulation/install/ros2_control_demo_example_7/include/ros2_control_demo_example_7/ros2_control_demo_example_7
[0.627s] -- Up-to-date: /home/hibiki/Robomech_HR/Eglantyne/simulation/install/ros2_control_demo_example_7/include/ros2_control_demo_example_7/ros2_control_demo_example_7/r6bot_hardware.hpp
[0.627s] -- Up-to-date: /home/hibiki/Robomech_HR/Eglantyne/simulation/install/ros2_control_demo_example_7/share/ros2_control_demo_example_7/launch
[0.628s] -- Up-to-date: /home/hibiki/Robomech_HR/Eglantyne/simulation/install/ros2_control_demo_example_7/share/ros2_control_demo_example_7/launch/view_r6bot.launch.py
[0.628s] -- Up-to-date: /home/hibiki/Robomech_HR/Eglantyne/simulation/install/ros2_control_demo_example_7/share/ros2_control_demo_example_7/ros2_control
[0.629s] -- Up-to-date: /home/hibiki/Robomech_HR/Eglantyne/simulation/install/ros2_control_demo_example_7/share/ros2_control_demo_example_7/ros2_control/r6bot.ros2_control.xacro
[0.629s] -- Up-to-date: /home/hibiki/Robomech_HR/Eglantyne/simulation/install/ros2_control_demo_example_7/share/ros2_control_demo_example_7/urdf
[0.629s] -- Up-to-date: /home/hibiki/Robomech_HR/Eglantyne/simulation/install/ros2_control_demo_example_7/share/ros2_control_demo_example_7/urdf/r6bot.urdf.xacro
[0.630s] -- Up-to-date: /home/hibiki/Robomech_HR/Eglantyne/simulation/install/ros2_control_demo_example_7/share/ros2_control_demo_example_7/launch
[0.630s] -- Up-to-date: /home/hibiki/Robomech_HR/Eglantyne/simulation/install/ros2_control_demo_example_7/share/ros2_control_demo_example_7/launch/send_trajectory.launch.py
[0.630s] -- Up-to-date: /home/hibiki/Robomech_HR/Eglantyne/simulation/install/ros2_control_demo_example_7/share/ros2_control_demo_example_7/launch/r6bot_controller.launch.py
[0.631s] -- Up-to-date: /home/hibiki/Robomech_HR/Eglantyne/simulation/install/ros2_control_demo_example_7/share/ros2_control_demo_example_7/config
[0.633s] -- Up-to-date: /home/hibiki/Robomech_HR/Eglantyne/simulation/install/ros2_control_demo_example_7/share/ros2_control_demo_example_7/config/r6bot_controller.yaml
[0.634s] -- Up-to-date: /home/hibiki/Robomech_HR/Eglantyne/simulation/install/ros2_control_demo_example_7/lib/ros2_control_demo_example_7/send_trajectory
[0.636s] -- Up-to-date: /home/hibiki/Robomech_HR/Eglantyne/simulation/install/ros2_control_demo_example_7/lib/libros2_control_demo_example_7.so
[0.637s] -- Up-to-date: /home/hibiki/Robomech_HR/Eglantyne/simulation/install/ros2_control_demo_example_7/share/ros2_control_demo_example_7/environment/library_path.sh
[0.637s] -- Up-to-date: /home/hibiki/Robomech_HR/Eglantyne/simulation/install/ros2_control_demo_example_7/share/ros2_control_demo_example_7/environment/library_path.dsv
[0.638s] -- Up-to-date: /home/hibiki/Robomech_HR/Eglantyne/simulation/install/ros2_control_demo_example_7/share/ament_index/resource_index/package_run_dependencies/ros2_control_demo_example_7
[0.639s] -- Up-to-date: /home/hibiki/Robomech_HR/Eglantyne/simulation/install/ros2_control_demo_example_7/share/ament_index/resource_index/parent_prefix_path/ros2_control_demo_example_7
[0.639s] -- Up-to-date: /home/hibiki/Robomech_HR/Eglantyne/simulation/install/ros2_control_demo_example_7/share/ros2_control_demo_example_7/environment/ament_prefix_path.sh
[0.639s] -- Up-to-date: /home/hibiki/Robomech_HR/Eglantyne/simulation/install/ros2_control_demo_example_7/share/ros2_control_demo_example_7/environment/ament_prefix_path.dsv
[0.639s] -- Up-to-date: /home/hibiki/Robomech_HR/Eglantyne/simulation/install/ros2_control_demo_example_7/share/ros2_control_demo_example_7/environment/path.sh
[0.640s] -- Up-to-date: /home/hibiki/Robomech_HR/Eglantyne/simulation/install/ros2_control_demo_example_7/share/ros2_control_demo_example_7/environment/path.dsv
[0.640s] -- Up-to-date: /home/hibiki/Robomech_HR/Eglantyne/simulation/install/ros2_control_demo_example_7/share/ros2_control_demo_example_7/local_setup.bash
[0.640s] -- Up-to-date: /home/hibiki/Robomech_HR/Eglantyne/simulation/install/ros2_control_demo_example_7/share/ros2_control_demo_example_7/local_setup.sh
[0.640s] -- Up-to-date: /home/hibiki/Robomech_HR/Eglantyne/simulation/install/ros2_control_demo_example_7/share/ros2_control_demo_example_7/local_setup.zsh
[0.640s] -- Up-to-date: /home/hibiki/Robomech_HR/Eglantyne/simulation/install/ros2_control_demo_example_7/share/ros2_control_demo_example_7/local_setup.dsv
[0.640s] -- Installing: /home/hibiki/Robomech_HR/Eglantyne/simulation/install/ros2_control_demo_example_7/share/ros2_control_demo_example_7/package.dsv
[0.640s] -- Up-to-date: /home/hibiki/Robomech_HR/Eglantyne/simulation/install/ros2_control_demo_example_7/share/ament_index/resource_index/packages/ros2_control_demo_example_7
[0.641s] -- Up-to-date: /home/hibiki/Robomech_HR/Eglantyne/simulation/install/ros2_control_demo_example_7/share/ament_index/resource_index/hardware_interface__pluginlib__plugin/ros2_control_demo_example_7
[0.642s] -- Up-to-date: /home/hibiki/Robomech_HR/Eglantyne/simulation/install/ros2_control_demo_example_7/share/ament_index/resource_index/controller_interface__pluginlib__plugin/ros2_control_demo_example_7
[0.644s] -- Up-to-date: /home/hibiki/Robomech_HR/Eglantyne/simulation/install/ros2_control_demo_example_7/share/ros2_control_demo_example_7/cmake/export_ros2_control_demo_example_7Export.cmake
[0.644s] -- Up-to-date: /home/hibiki/Robomech_HR/Eglantyne/simulation/install/ros2_control_demo_example_7/share/ros2_control_demo_example_7/cmake/export_ros2_control_demo_example_7Export-noconfig.cmake
[0.644s] -- Up-to-date: /home/hibiki/Robomech_HR/Eglantyne/simulation/install/ros2_control_demo_example_7/share/ros2_control_demo_example_7/cmake/ament_cmake_export_targets-extras.cmake
[0.644s] -- Up-to-date: /home/hibiki/Robomech_HR/Eglantyne/simulation/install/ros2_control_demo_example_7/share/ros2_control_demo_example_7/cmake/ament_cmake_export_dependencies-extras.cmake
[0.644s] -- Up-to-date: /home/hibiki/Robomech_HR/Eglantyne/simulation/install/ros2_control_demo_example_7/share/ros2_control_demo_example_7/cmake/ros2_control_demo_example_7Config.cmake
[0.644s] -- Up-to-date: /home/hibiki/Robomech_HR/Eglantyne/simulation/install/ros2_control_demo_example_7/share/ros2_control_demo_example_7/cmake/ros2_control_demo_example_7Config-version.cmake
[0.644s] -- Up-to-date: /home/hibiki/Robomech_HR/Eglantyne/simulation/install/ros2_control_demo_example_7/share/ros2_control_demo_example_7/package.xml
[0.795s] Invoked command in '/home/hibiki/Robomech_HR/Eglantyne/simulation/build/ros2_control_demo_example_7' returned '0': AMENT_PREFIX_PATH=/home/hibiki/Robomech_HR/Eglantyne/simulation/install/ros2_control_demo_testing:/home/hibiki/Robomech_HR/Eglantyne/simulation/install/ros2_control_demo_description:${AMENT_PREFIX_PATH} CMAKE_PREFIX_PATH=/home/hibiki/Robomech_HR/Eglantyne/simulation/install/ros2_control_demo_description:/opt/ros/humble PYTHONPATH=/home/hibiki/Robomech_HR/Eglantyne/simulation/install/ros2_control_demo_testing/lib/python3.10/site-packages:${PYTHONPATH} /usr/bin/cmake --install /home/hibiki/Robomech_HR/Eglantyne/simulation/build/ros2_control_demo_example_7
