[ 50%] [32mBuilding CXX object CMakeFiles/pub_test.dir/test/pub_test.cpp.o[0m
[01m[K/home/hibiki/Robomech_HR/Eglantyne/simulation/src/simple_sim/test/pub_test.cpp:[m[K In member function ‘[01m[Kvoid PubTest::timer_callback()[m[K’:
[01m[K/home/hibiki/Robomech_HR/Eglantyne/simulation/src/simple_sim/test/pub_test.cpp:25:50:[m[K [01;31m[Kerror: [m[Kexpected identifier before string constant
   25 |         std::vector<std::string> joint_names =  [[01;31m[K"arm_pitch_right"[m[K, "arm_roll_right", "hand_right",
      |                                                  [01;31m[K^~~~~~~~~~~~~~~~~[m[K
[01m[K/home/hibiki/Robomech_HR/Eglantyne/simulation/src/simple_sim/test/pub_test.cpp:25:67:[m[K [01;31m[Kerror: [m[Kexpected ‘[01m[K][m[K’ before ‘[01m[K,[m[K’ token
   25 |   std::vector<std::string> joint_names =  ["arm_pitch_right"[01;31m[K,[m[K "arm_roll_right", "hand_right",
      |                                                             [01;31m[K^[m[K

[01m[K/home/hibiki/Robomech_HR/Eglantyne/simulation/src/simple_sim/test/pub_test.cpp:[m[K In lambda function:
[01m[K/home/hibiki/Robomech_HR/Eglantyne/simulation/src/simple_sim/test/pub_test.cpp:25:67:[m[K [01;31m[Kerror: [m[Kexpected ‘[01m[K{[m[K’ before ‘[01m[K,[m[K’ token
[01m[K/home/hibiki/Robomech_HR/Eglantyne/simulation/src/simple_sim/test/pub_test.cpp:[m[K In member function ‘[01m[Kvoid PubTest::timer_callback()[m[K’:
[01m[K/home/hibiki/Robomech_HR/Eglantyne/simulation/src/simple_sim/test/pub_test.cpp:25:67:[m[K [01;31m[Kerror: [m[Kconversion from ‘[01m[KPubTest::timer_callback()::<lambda()>[m[K’ to non-scalar type ‘[01m[Kstd::vector<std::__cxx11::basic_string<char> >[m[K’ requested
[01m[K/home/hibiki/Robomech_HR/Eglantyne/simulation/src/simple_sim/test/pub_test.cpp:25:69:[m[K [01;31m[Kerror: [m[Kexpected unqualified-id before string constant
   25 | std::vector<std::string> joint_names =  ["arm_pitch_right", [01;31m[K"arm_roll_right"[m[K, "hand_right",
      |                                                             [01;31m[K^~~~~~~~~~~~~~~~[m[K

[01m[K/home/hibiki/Robomech_HR/Eglantyne/simulation/src/simple_sim/test/pub_test.cpp:31:31:[m[K [01;31m[Kerror: [m[K‘[01m[Kjoit_name[m[K’ was not declared in this scope; did you mean ‘[01m[Kjoint_names[m[K’?
   31 |         pos1.positions.resize([01;31m[Kjoit_name[m[K.size());
      |                               [01;31m[K^~~~~~~~~[m[K
      |                               [32m[Kjoint_names[m[K
[01m[K/home/hibiki/Robomech_HR/Eglantyne/simulation/src/simple_sim/test/pub_test.cpp:32:27:[m[K [01;31m[Kerror: [m[Kexpected identifier before numeric constant
   32 |         pos1.positions = [[01;31m[K0.0[m[K, 0.0, -0.8,
      |                           [01;31m[K^~~[m[K
[01m[K/home/hibiki/Robomech_HR/Eglantyne/simulation/src/simple_sim/test/pub_test.cpp:32:30:[m[K [01;31m[Kerror: [m[Kexpected ‘[01m[K][m[K’ before ‘[01m[K,[m[K’ token
   32 |         pos1.positions = [0.0[01;31m[K,[m[K 0.0, -0.8,
      |                              [01;31m[K^[m[K
[01m[K/home/hibiki/Robomech_HR/Eglantyne/simulation/src/simple_sim/test/pub_test.cpp:[m[K In lambda function:
[01m[K/home/hibiki/Robomech_HR/Eglantyne/simulation/src/simple_sim/test/pub_test.cpp:32:30:[m[K [01;31m[Kerror: [m[Kexpected ‘[01m[K{[m[K’ before ‘[01m[K,[m[K’ token
[01m[K/home/hibiki/Robomech_HR/Eglantyne/simulation/src/simple_sim/test/pub_test.cpp:[m[K In member function ‘[01m[Kvoid PubTest::timer_callback()[m[K’:
[01m[K/home/hibiki/Robomech_HR/Eglantyne/simulation/src/simple_sim/test/pub_test.cpp:32:30:[m[K [01;31m[Kerror: [m[Kno match for ‘[01m[Koperator=[m[K’ (operand types are ‘[01m[Ktrajectory_msgs::msg::JointTrajectoryPoint_<std::allocator<void> >::_positions_type[m[K’ {aka ‘[01m[Kstd::vector<double, std::allocator<double> >[m[K’} and ‘[01m[KPubTest::timer_callback()::<lambda()>[m[K’)
In file included from [01m[K/usr/include/c++/11/vector:72[m[K,
                 from [01m[K/usr/include/c++/11/functional:62[m[K,
                 from [01m[K/home/hibiki/Robomech_HR/Eglantyne/simulation/src/simple_sim/test/pub_test.cpp:2[m[K:
[01m[K/usr/include/c++/11/bits/vector.tcc:198:5:[m[K [01;36m[Knote: [m[Kcandidate: ‘[01m[Kstd::vector<_Tp, _Alloc>& std::vector<_Tp, _Alloc>::operator=(const std::vector<_Tp, _Alloc>&) [with _Tp = double; _Alloc = std::allocator<double>][m[K’
  198 |     [01;36m[Kvector<_Tp, _Alloc>[m[K::
      |     [01;36m[K^~~~~~~~~~~~~~~~~~~[m[K
[01m[K/usr/include/c++/11/bits/vector.tcc:199:42:[m[K [01;36m[Knote: [m[K  no known conversion for argument 1 from ‘[01m[KPubTest::timer_callback()::<lambda()>[m[K’ to ‘[01m[Kconst std::vector<double, std::allocator<double> >&[m[K’
  199 |     operator=([01;36m[Kconst vector<_Tp, _Alloc>& __x[m[K)
      |               [01;36m[K~~~~~~~~~~~~~~~~~~~~~~~~~~~^~~[m[K
In file included from [01m[K/usr/include/c++/11/vector:67[m[K,
                 from [01m[K/usr/include/c++/11/functional:62[m[K,
                 from [01m[K/home/hibiki/Robomech_HR/Eglantyne/simulation/src/simple_sim/test/pub_test.cpp:2[m[K:
[01m[K/usr/include/c++/11/bits/stl_vector.h:709:7:[m[K [01;36m[Knote: [m[Kcandidate: ‘[01m[Kstd::vector<_Tp, _Alloc>& std::vector<_Tp, _Alloc>::operator=(std::vector<_Tp, _Alloc>&&) [with _Tp = double; _Alloc = std::allocator<double>][m[K’
  709 |       [01;36m[Koperator[m[K=(vector&& __x) noexcept(_Alloc_traits::_S_nothrow_move())
      |       [01;36m[K^~~~~~~~[m[K
[01m[K/usr/include/c++/11/bits/stl_vector.h:709:26:[m[K [01;36m[Knote: [m[K  no known conversion for argument 1 from ‘[01m[KPubTest::timer_callback()::<lambda()>[m[K’ to ‘[01m[Kstd::vector<double, std::allocator<double> >&&[m[K’
  709 |       operator=([01;36m[Kvector&& __x[m[K) noexcept(_Alloc_traits::_S_nothrow_move())
      |                 [01;36m[K~~~~~~~~~^~~[m[K
[01m[K/usr/include/c++/11/bits/stl_vector.h:730:7:[m[K [01;36m[Knote: [m[Kcandidate: ‘[01m[Kstd::vector<_Tp, _Alloc>& std::vector<_Tp, _Alloc>::operator=(std::initializer_list<_Tp>) [with _Tp = double; _Alloc = std::allocator<double>][m[K’
  730 |       [01;36m[Koperator[m[K=(initializer_list<value_type> __l)
      |       [01;36m[K^~~~~~~~[m[K
[01m[K/usr/include/c++/11/bits/stl_vector.h:730:46:[m[K [01;36m[Knote: [m[K  no known conversion for argument 1 from ‘[01m[KPubTest::timer_callback()::<lambda()>[m[K’ to ‘[01m[Kstd::initializer_list<double>[m[K’
  730 |       operator=([01;36m[Kinitializer_list<value_type> __l[m[K)
      |                 [01;36m[K~~~~~~~~~~~~~~~~~~~~~~~~~~~~~^~~[m[K
[01m[K/home/hibiki/Robomech_HR/Eglantyne/simulation/src/simple_sim/test/pub_test.cpp:38:31:[m[K [01;31m[Kerror: [m[K‘[01m[Kjoint_name[m[K’ was not declared in this scope; did you mean ‘[01m[Kjoint_names[m[K’?
   38 |         pos2.positions.resize([01;31m[Kjoint_name[m[K.size());
      |                               [01;31m[K^~~~~~~~~~[m[K
      |                               [32m[Kjoint_names[m[K
[01m[K/home/hibiki/Robomech_HR/Eglantyne/simulation/src/simple_sim/test/pub_test.cpp:39:27:[m[K [01;31m[Kerror: [m[Kexpected identifier before numeric constant
   39 |         pos2.positions = [[01;31m[K0.0[m[K, 0.0, 0.0,
      |                           [01;31m[K^~~[m[K
[01m[K/home/hibiki/Robomech_HR/Eglantyne/simulation/src/simple_sim/test/pub_test.cpp:39:30:[m[K [01;31m[Kerror: [m[Kexpected ‘[01m[K][m[K’ before ‘[01m[K,[m[K’ token
   39 |         pos2.positions = [0.0[01;31m[K,[m[K 0.0, 0.0,
      |                              [01;31m[K^[m[K
[01m[K/home/hibiki/Robomech_HR/Eglantyne/simulation/src/simple_sim/test/pub_test.cpp:[m[K In lambda function:
[01m[K/home/hibiki/Robomech_HR/Eglantyne/simulation/src/simple_sim/test/pub_test.cpp:39:30:[m[K [01;31m[Kerror: [m[Kexpected ‘[01m[K{[m[K’ before ‘[01m[K,[m[K’ token
[01m[K/home/hibiki/Robomech_HR/Eglantyne/simulation/src/simple_sim/test/pub_test.cpp:[m[K In member function ‘[01m[Kvoid PubTest::timer_callback()[m[K’:
[01m[K/home/hibiki/Robomech_HR/Eglantyne/simulation/src/simple_sim/test/pub_test.cpp:39:30:[m[K [01;31m[Kerror: [m[Kno match for ‘[01m[Koperator=[m[K’ (operand types are ‘[01m[Ktrajectory_msgs::msg::JointTrajectoryPoint_<std::allocator<void> >::_positions_type[m[K’ {aka ‘[01m[Kstd::vector<double, std::allocator<double> >[m[K’} and ‘[01m[KPubTest::timer_callback()::<lambda()>[m[K’)
In file included from [01m[K/usr/include/c++/11/vector:72[m[K,
                 from [01m[K/usr/include/c++/11/functional:62[m[K,
                 from [01m[K/home/hibiki/Robomech_HR/Eglantyne/simulation/src/simple_sim/test/pub_test.cpp:2[m[K:
[01m[K/usr/include/c++/11/bits/vector.tcc:198:5:[m[K [01;36m[Knote: [m[Kcandidate: ‘[01m[Kstd::vector<_Tp, _Alloc>& std::vector<_Tp, _Alloc>::operator=(const std::vector<_Tp, _Alloc>&) [with _Tp = double; _Alloc = std::allocator<double>][m[K’
  198 |     [01;36m[Kvector<_Tp, _Alloc>[m[K::
      |     [01;36m[K^~~~~~~~~~~~~~~~~~~[m[K
[01m[K/usr/include/c++/11/bits/vector.tcc:199:42:[m[K [01;36m[Knote: [m[K  no known conversion for argument 1 from ‘[01m[KPubTest::timer_callback()::<lambda()>[m[K’ to ‘[01m[Kconst std::vector<double, std::allocator<double> >&[m[K’
  199 |     operator=([01;36m[Kconst vector<_Tp, _Alloc>& __x[m[K)
      |               [01;36m[K~~~~~~~~~~~~~~~~~~~~~~~~~~~^~~[m[K
In file included from [01m[K/usr/include/c++/11/vector:67[m[K,
                 from [01m[K/usr/include/c++/11/functional:62[m[K,
                 from [01m[K/home/hibiki/Robomech_HR/Eglantyne/simulation/src/simple_sim/test/pub_test.cpp:2[m[K:
[01m[K/usr/include/c++/11/bits/stl_vector.h:709:7:[m[K [01;36m[Knote: [m[Kcandidate: ‘[01m[Kstd::vector<_Tp, _Alloc>& std::vector<_Tp, _Alloc>::operator=(std::vector<_Tp, _Alloc>&&) [with _Tp = double; _Alloc = std::allocator<double>][m[K’
  709 |       [01;36m[Koperator[m[K=(vector&& __x) noexcept(_Alloc_traits::_S_nothrow_move())
      |       [01;36m[K^~~~~~~~[m[K
[01m[K/usr/include/c++/11/bits/stl_vector.h:709:26:[m[K [01;36m[Knote: [m[K  no known conversion for argument 1 from ‘[01m[KPubTest::timer_callback()::<lambda()>[m[K’ to ‘[01m[Kstd::vector<double, std::allocator<double> >&&[m[K’
  709 |       operator=([01;36m[Kvector&& __x[m[K) noexcept(_Alloc_traits::_S_nothrow_move())
      |                 [01;36m[K~~~~~~~~~^~~[m[K
[01m[K/usr/include/c++/11/bits/stl_vector.h:730:7:[m[K [01;36m[Knote: [m[Kcandidate: ‘[01m[Kstd::vector<_Tp, _Alloc>& std::vector<_Tp, _Alloc>::operator=(std::initializer_list<_Tp>) [with _Tp = double; _Alloc = std::allocator<double>][m[K’
  730 |       [01;36m[Koperator[m[K=(initializer_list<value_type> __l)
      |       [01;36m[K^~~~~~~~[m[K
[01m[K/usr/include/c++/11/bits/stl_vector.h:730:46:[m[K [01;36m[Knote: [m[K  no known conversion for argument 1 from ‘[01m[KPubTest::timer_callback()::<lambda()>[m[K’ to ‘[01m[Kstd::initializer_list<double>[m[K’
  730 |       operator=([01;36m[Kinitializer_list<value_type> __l[m[K)
      |                 [01;36m[K~~~~~~~~~~~~~~~~~~~~~~~~~~~~~^~~[m[K
[01m[K/home/hibiki/Robomech_HR/Eglantyne/simulation/src/simple_sim/test/pub_test.cpp:44:56:[m[K [01;35m[Kwarning: [m[Kempty parentheses were disambiguated as a function declaration [[01;35m[K]8;;https://gcc.gnu.org/onlinedocs/gcc/Warning-Options.html#index-Wvexing-parse-Wvexing-parse]8;;[m[K]
   44 |         trajectory_msgs::msg::JointTrajectory positions[01;35m[K()[m[K;
      |                                                        [01;35m[K^~[m[K
[01m[K/home/hibiki/Robomech_HR/Eglantyne/simulation/src/simple_sim/test/pub_test.cpp:44:56:[m[K [01;36m[Knote: [m[Kremove parentheses to default-initialize a variable
   44 |         trajectory_msgs::msg::JointTrajectory positions[01;36m[K()[m[K;
      |                                                        [01;36m[K^~[m[K
      |                                                        [31m[K--[m[K
[01m[K/home/hibiki/Robomech_HR/Eglantyne/simulation/src/simple_sim/test/pub_test.cpp:44:56:[m[K [01;36m[Knote: [m[Kor replace parentheses with braces to value-initialize a variable
[01m[K/home/hibiki/Robomech_HR/Eglantyne/simulation/src/simple_sim/test/pub_test.cpp:45:19:[m[K [01;31m[Kerror: [m[Krequest for member ‘[01m[Kjoint_names[m[K’ in ‘[01m[Kpositions[m[K’, which is of non-class type ‘[01m[Ktrajectory_msgs::msg::JointTrajectory()[m[K’ {aka ‘[01m[Ktrajectory_msgs::msg::JointTrajectory_<std::allocator<void> >()[m[K’}
   45 |         positions.[01;31m[Kjoint_names[m[K = joint_names;
      |                   [01;31m[K^~~~~~~~~~~[m[K
[01m[K/home/hibiki/Robomech_HR/Eglantyne/simulation/src/simple_sim/test/pub_test.cpp:47:42:[m[K [01;31m[Kerror: [m[Krequest for member ‘[01m[Kpoints[m[K’ in ‘[01m[Kpositions[m[K’, which is of non-class type ‘[01m[Ktrajectory_msgs::msg::JointTrajectory()[m[K’ {aka ‘[01m[Ktrajectory_msgs::msg::JointTrajectory_<std::allocator<void> >()[m[K’}
   47 |         if(count_++ % 2 == 0){ positions.[01;31m[Kpoints[m[K = pos1;
      |                                          [01;31m[K^~~~~~[m[K
[01m[K/home/hibiki/Robomech_HR/Eglantyne/simulation/src/simple_sim/test/pub_test.cpp:48:25:[m[K [01;31m[Kerror: [m[Krequest for member ‘[01m[Kpoints[m[K’ in ‘[01m[Kpositions[m[K’, which is of non-class type ‘[01m[Ktrajectory_msgs::msg::JointTrajectory()[m[K’ {aka ‘[01m[Ktrajectory_msgs::msg::JointTrajectory_<std::allocator<void> >()[m[K’}
   48 |         }else{positions.[01;31m[Kpoints[m[K = pos2; }
      |                         [01;31m[K^~~~~~[m[K
[01m[K/home/hibiki/Robomech_HR/Eglantyne/simulation/src/simple_sim/test/pub_test.cpp:49:30:[m[K [01;31m[Kerror: [m[Kno matching function for call to ‘[01m[Krclcpp::Publisher<trajectory_msgs::msg::JointTrajectory_<std::allocator<void> > >::publish(trajectory_msgs::msg::JointTrajectory (&)())[m[K’
   49 |         [01;31m[Kpublisher_ -> publish(positions)[m[K;
      |         [01;31m[K~~~~~~~~~~~~~~~~~~~~~^~~~~~~~~~~[m[K
In file included from [01m[K/opt/ros/humble/include/rclcpp/rclcpp/topic_statistics/subscription_topic_statistics.hpp:31[m[K,
                 from [01m[K/opt/ros/humble/include/rclcpp/rclcpp/subscription.hpp:50[m[K,
                 from [01m[K/opt/ros/humble/include/rclcpp/rclcpp/any_executable.hpp:25[m[K,
                 from [01m[K/opt/ros/humble/include/rclcpp/rclcpp/memory_strategy.hpp:25[m[K,
                 from [01m[K/opt/ros/humble/include/rclcpp/rclcpp/memory_strategies.hpp:18[m[K,
                 from [01m[K/opt/ros/humble/include/rclcpp/rclcpp/executor_options.hpp:20[m[K,
                 from [01m[K/opt/ros/humble/include/rclcpp/rclcpp/executor.hpp:37[m[K,
                 from [01m[K/opt/ros/humble/include/rclcpp/rclcpp/executors/multi_threaded_executor.hpp:25[m[K,
                 from [01m[K/opt/ros/humble/include/rclcpp/rclcpp/executors.hpp:21[m[K,
                 from [01m[K/opt/ros/humble/include/rclcpp/rclcpp/rclcpp.hpp:155[m[K,
                 from [01m[K/home/hibiki/Robomech_HR/Eglantyne/simulation/src/simple_sim/test/pub_test.cpp:6[m[K:
[01m[K/opt/ros/humble/include/rclcpp/rclcpp/publisher.hpp:251:3:[m[K [01;36m[Knote: [m[Kcandidate: ‘[01m[Ktemplate<class T> std::enable_if_t<(rosidl_generator_traits::is_message<T>::value && std::is_same<T, typename rclcpp::TypeAdapter<MessageT>::ros_message_type>::value)> rclcpp::Publisher<MessageT, AllocatorT>::publish(std::unique_ptr<T, typename std::conditional<std::is_same<typename std::allocator_traits<typename std::allocator_traits<_Allocator>::rebind_traits<typename rclcpp::TypeAdapter<MessageT, void, void>::ros_message_type>::allocator_type>::rebind_alloc<typename rclcpp::TypeAdapter<MessageT, void, void>::ros_message_type>, std::allocator<typename rclcpp::TypeAdapter<MessageT>::ros_message_type> >::value, std::default_delete<typename rclcpp::TypeAdapter<MessageT>::ros_message_type>, rclcpp::allocator::AllocatorDeleter<typename std::allocator_traits<_Allocator>::rebind_traits<typename rclcpp::TypeAdapter<MessageT, void, void>::ros_message_type>::allocator_type> >::type>) [with T = T; MessageT = trajectory_msgs::msg::JointTrajectory_<std::allocator<void> >; AllocatorT = std::allocator<void>][m[K’
  251 |   [01;36m[Kpublish[m[K(std::unique_ptr<T, ROSMessageTypeDeleter> msg)
      |   [01;36m[K^~~~~~~[m[K
[01m[K/opt/ros/humble/include/rclcpp/rclcpp/publisher.hpp:251:3:[m[K [01;36m[Knote: [m[K  template argument deduction/substitution failed:
[01m[K/home/hibiki/Robomech_HR/Eglantyne/simulation/src/simple_sim/test/pub_test.cpp:49:30:[m[K [01;36m[Knote: [m[K  mismatched types ‘[01m[Kstd::unique_ptr<T, std::default_delete<trajectory_msgs::msg::JointTrajectory_<std::allocator<void> > > >[m[K’ and ‘[01m[Ktrajectory_msgs::msg::JointTrajectory (*)()[m[K’ {aka ‘[01m[Ktrajectory_msgs::msg::JointTrajectory_<std::allocator<void> > (*)()[m[K’}
   49 |         [01;36m[Kpublisher_ -> publish(positions)[m[K;
      |         [01;36m[K~~~~~~~~~~~~~~~~~~~~~^~~~~~~~~~~[m[K
In file included from [01m[K/opt/ros/humble/include/rclcpp/rclcpp/topic_statistics/subscription_topic_statistics.hpp:31[m[K,
                 from [01m[K/opt/ros/humble/include/rclcpp/rclcpp/subscription.hpp:50[m[K,
                 from [01m[K/opt/ros/humble/include/rclcpp/rclcpp/any_executable.hpp:25[m[K,
                 from [01m[K/opt/ros/humble/include/rclcpp/rclcpp/memory_strategy.hpp:25[m[K,
                 from [01m[K/opt/ros/humble/include/rclcpp/rclcpp/memory_strategies.hpp:18[m[K,
                 from [01m[K/opt/ros/humble/include/rclcpp/rclcpp/executor_options.hpp:20[m[K,
                 from [01m[K/opt/ros/humble/include/rclcpp/rclcpp/executor.hpp:37[m[K,
                 from [01m[K/opt/ros/humble/include/rclcpp/rclcpp/executors/multi_threaded_executor.hpp:25[m[K,
                 from [01m[K/opt/ros/humble/include/rclcpp/rclcpp/executors.hpp:21[m[K,
                 from [01m[K/opt/ros/humble/include/rclcpp/rclcpp/rclcpp.hpp:155[m[K,
                 from [01m[K/home/hibiki/Robomech_HR/Eglantyne/simulation/src/simple_sim/test/pub_test.cpp:6[m[K:
[01m[K/opt/ros/humble/include/rclcpp/rclcpp/publisher.hpp:292:3:[m[K [01;36m[Knote: [m[Kcandidate: ‘[01m[Ktemplate<class T> std::enable_if_t<(rosidl_generator_traits::is_message<T>::value && std::is_same<T, typename rclcpp::TypeAdapter<MessageT>::ros_message_type>::value)> rclcpp::Publisher<MessageT, AllocatorT>::publish(const T&) [with T = T; MessageT = trajectory_msgs::msg::JointTrajectory_<std::allocator<void> >; AllocatorT = std::allocator<void>][m[K’
  292 |   [01;36m[Kpublish[m[K(const T & msg)
      |   [01;36m[K^~~~~~~[m[K
[01m[K/opt/ros/humble/include/rclcpp/rclcpp/publisher.hpp:292:3:[m[K [01;36m[Knote: [m[K  template argument deduction/substitution failed:
In file included from [01m[K/usr/include/c++/11/ratio:39[m[K,
                 from [01m[K/usr/include/c++/11/chrono:39[m[K,
                 from [01m[K/home/hibiki/Robomech_HR/Eglantyne/simulation/src/simple_sim/test/pub_test.cpp:1[m[K:
/usr/include/c++/11/type_traits: In substitution of ‘[01m[Ktemplate<bool _Cond, class _Tp> using enable_if_t = typename std::enable_if::type [with bool _Cond = false; _Tp = void][m[K’:
[01m[K/opt/ros/humble/include/rclcpp/rclcpp/publisher.hpp:292:3:[m[K   required by substitution of ‘[01m[Ktemplate<class T> std::enable_if_t<(rosidl_generator_traits::is_message<T>::value && std::is_same<T, trajectory_msgs::msg::JointTrajectory_<std::allocator<void> > >::value), void> rclcpp::Publisher<trajectory_msgs::msg::JointTrajectory_<std::allocator<void> > >::publish<T>(const T&) [with T = trajectory_msgs::msg::JointTrajectory_<std::allocator<void> >()][m[K’
[01m[K/home/hibiki/Robomech_HR/Eglantyne/simulation/src/simple_sim/test/pub_test.cpp:49:30:[m[K   required from here
[01m[K/usr/include/c++/11/type_traits:2579:11:[m[K [01;31m[Kerror: [m[Kno type named ‘[01m[Ktype[m[K’ in ‘[01m[Kstruct std::enable_if<false, void>[m[K’
 2579 |     using [01;31m[Kenable_if_t[m[K = typename enable_if<_Cond, _Tp>::type;
      |           [01;31m[K^~~~~~~~~~~[m[K
In file included from [01m[K/opt/ros/humble/include/rclcpp/rclcpp/topic_statistics/subscription_topic_statistics.hpp:31[m[K,
                 from [01m[K/opt/ros/humble/include/rclcpp/rclcpp/subscription.hpp:50[m[K,
                 from [01m[K/opt/ros/humble/include/rclcpp/rclcpp/any_executable.hpp:25[m[K,
                 from [01m[K/opt/ros/humble/include/rclcpp/rclcpp/memory_strategy.hpp:25[m[K,
                 from [01m[K/opt/ros/humble/include/rclcpp/rclcpp/memory_strategies.hpp:18[m[K,
                 from [01m[K/opt/ros/humble/include/rclcpp/rclcpp/executor_options.hpp:20[m[K,
                 from [01m[K/opt/ros/humble/include/rclcpp/rclcpp/executor.hpp:37[m[K,
                 from [01m[K/opt/ros/humble/include/rclcpp/rclcpp/executors/multi_threaded_executor.hpp:25[m[K,
                 from [01m[K/opt/ros/humble/include/rclcpp/rclcpp/executors.hpp:21[m[K,
                 from [01m[K/opt/ros/humble/include/rclcpp/rclcpp/rclcpp.hpp:155[m[K,
                 from [01m[K/home/hibiki/Robomech_HR/Eglantyne/simulation/src/simple_sim/test/pub_test.cpp:6[m[K:
[01m[K/opt/ros/humble/include/rclcpp/rclcpp/publisher.hpp:322:3:[m[K [01;36m[Knote: [m[Kcandidate: ‘[01m[Ktemplate<class T> std::enable_if_t<(typename rclcpp::TypeAdapter<MessageT>::is_specialized::value && std::is_same<T, typename rclcpp::TypeAdapter<MessageT>::custom_type>::value)> rclcpp::Publisher<MessageT, AllocatorT>::publish(std::unique_ptr<T, typename std::conditional<std::is_same<typename std::allocator_traits<typename std::allocator_traits<_Allocator>::rebind_traits<typename rclcpp::TypeAdapter<MessageT, void, void>::custom_type>::allocator_type>::rebind_alloc<typename rclcpp::TypeAdapter<MessageT, void, void>::custom_type>, std::allocator<typename rclcpp::TypeAdapter<MessageT>::custom_type> >::value, std::default_delete<typename rclcpp::TypeAdapter<MessageT>::custom_type>, rclcpp::allocator::AllocatorDeleter<typename std::allocator_traits<_Allocator>::rebind_traits<typename rclcpp::TypeAdapter<MessageT, void, void>::custom_type>::allocator_type> >::type>) [with T = T; MessageT = trajectory_msgs::msg::JointTrajectory_<std::allocator<void> >; AllocatorT = std::allocator<void>][m[K’
  322 |   [01;36m[Kpublish[m[K(std::unique_ptr<T, PublishedTypeDeleter> msg)
      |   [01;36m[K^~~~~~~[m[K
[01m[K/opt/ros/humble/include/rclcpp/rclcpp/publisher.hpp:322:3:[m[K [01;36m[Knote: [m[K  template argument deduction/substitution failed:
[01m[K/home/hibiki/Robomech_HR/Eglantyne/simulation/src/simple_sim/test/pub_test.cpp:49:30:[m[K [01;36m[Knote: [m[K  mismatched types ‘[01m[Kstd::unique_ptr<T, std::default_delete<trajectory_msgs::msg::JointTrajectory_<std::allocator<void> > > >[m[K’ and ‘[01m[Ktrajectory_msgs::msg::JointTrajectory (*)()[m[K’ {aka ‘[01m[Ktrajectory_msgs::msg::JointTrajectory_<std::allocator<void> > (*)()[m[K’}
   49 |         [01;36m[Kpublisher_ -> publish(positions)[m[K;
      |         [01;36m[K~~~~~~~~~~~~~~~~~~~~~^~~~~~~~~~~[m[K
In file included from [01m[K/opt/ros/humble/include/rclcpp/rclcpp/topic_statistics/subscription_topic_statistics.hpp:31[m[K,
                 from [01m[K/opt/ros/humble/include/rclcpp/rclcpp/subscription.hpp:50[m[K,
                 from [01m[K/opt/ros/humble/include/rclcpp/rclcpp/any_executable.hpp:25[m[K,
                 from [01m[K/opt/ros/humble/include/rclcpp/rclcpp/memory_strategy.hpp:25[m[K,
                 from [01m[K/opt/ros/humble/include/rclcpp/rclcpp/memory_strategies.hpp:18[m[K,
                 from [01m[K/opt/ros/humble/include/rclcpp/rclcpp/executor_options.hpp:20[m[K,
                 from [01m[K/opt/ros/humble/include/rclcpp/rclcpp/executor.hpp:37[m[K,
                 from [01m[K/opt/ros/humble/include/rclcpp/rclcpp/executors/multi_threaded_executor.hpp:25[m[K,
                 from [01m[K/opt/ros/humble/include/rclcpp/rclcpp/executors.hpp:21[m[K,
                 from [01m[K/opt/ros/humble/include/rclcpp/rclcpp/rclcpp.hpp:155[m[K,
                 from [01m[K/home/hibiki/Robomech_HR/Eglantyne/simulation/src/simple_sim/test/pub_test.cpp:6[m[K:
[01m[K/opt/ros/humble/include/rclcpp/rclcpp/publisher.hpp:364:3:[m[K [01;36m[Knote: [m[Kcandidate: ‘[01m[Ktemplate<class T> std::enable_if_t<(typename rclcpp::TypeAdapter<MessageT>::is_specialized::value && std::is_same<T, typename rclcpp::TypeAdapter<MessageT>::custom_type>::value)> rclcpp::Publisher<MessageT, AllocatorT>::publish(const T&) [with T = T; MessageT = trajectory_msgs::msg::JointTrajectory_<std::allocator<void> >; AllocatorT = std::allocator<void>][m[K’
  364 |   [01;36m[Kpublish[m[K(const T & msg)
      |   [01;36m[K^~~~~~~[m[K
[01m[K/opt/ros/humble/include/rclcpp/rclcpp/publisher.hpp:364:3:[m[K [01;36m[Knote: [m[K  template argument deduction/substitution failed:
[01m[K/opt/ros/humble/include/rclcpp/rclcpp/publisher.hpp:383:3:[m[K [01;36m[Knote: [m[Kcandidate: ‘[01m[Kvoid rclcpp::Publisher<MessageT, AllocatorT>::publish(const rcl_serialized_message_t&) [with MessageT = trajectory_msgs::msg::JointTrajectory_<std::allocator<void> >; AllocatorT = std::allocator<void>; rcl_serialized_message_t = rcutils_uint8_array_s][m[K’
  383 |   [01;36m[Kpublish[m[K(const rcl_serialized_message_t & serialized_msg)
      |   [01;36m[K^~~~~~~[m[K
[01m[K/opt/ros/humble/include/rclcpp/rclcpp/publisher.hpp:383:44:[m[K [01;36m[Knote: [m[K  no known conversion for argument 1 from ‘[01m[Ktrajectory_msgs::msg::JointTrajectory()[m[K’ {aka ‘[01m[Ktrajectory_msgs::msg::JointTrajectory_<std::allocator<void> >()[m[K’} to ‘[01m[Kconst rcl_serialized_message_t&[m[K’ {aka ‘[01m[Kconst rcutils_uint8_array_s&[m[K’}
  383 |   publish([01;36m[Kconst rcl_serialized_message_t & serialized_msg[m[K)
      |           [01;36m[K~~~~~~~~~~~~~~~~~~~~~~~~~~~~~~~~~^~~~~~~~~~~~~~[m[K
[01m[K/opt/ros/humble/include/rclcpp/rclcpp/publisher.hpp:389:3:[m[K [01;36m[Knote: [m[Kcandidate: ‘[01m[Kvoid rclcpp::Publisher<MessageT, AllocatorT>::publish(const rclcpp::SerializedMessage&) [with MessageT = trajectory_msgs::msg::JointTrajectory_<std::allocator<void> >; AllocatorT = std::allocator<void>][m[K’
  389 |   [01;36m[Kpublish[m[K(const SerializedMessage & serialized_msg)
      |   [01;36m[K^~~~~~~[m[K
[01m[K/opt/ros/humble/include/rclcpp/rclcpp/publisher.hpp:389:37:[m[K [01;36m[Knote: [m[K  no known conversion for argument 1 from ‘[01m[Ktrajectory_msgs::msg::JointTrajectory()[m[K’ {aka ‘[01m[Ktrajectory_msgs::msg::JointTrajectory_<std::allocator<void> >()[m[K’} to ‘[01m[Kconst rclcpp::SerializedMessage&[m[K’
  389 |   publish([01;36m[Kconst SerializedMessage & serialized_msg[m[K)
      |           [01;36m[K~~~~~~~~~~~~~~~~~~~~~~~~~~^~~~~~~~~~~~~~[m[K
[01m[K/opt/ros/humble/include/rclcpp/rclcpp/publisher.hpp:403:3:[m[K [01;36m[Knote: [m[Kcandidate: ‘[01m[Kvoid rclcpp::Publisher<MessageT, AllocatorT>::publish(rclcpp::LoanedMessage<typename rclcpp::TypeAdapter<MessageT>::ros_message_type, AllocatorT>&&) [with MessageT = trajectory_msgs::msg::JointTrajectory_<std::allocator<void> >; AllocatorT = std::allocator<void>; typename rclcpp::TypeAdapter<MessageT>::ros_message_type = trajectory_msgs::msg::JointTrajectory_<std::allocator<void> >][m[K’
  403 |   [01;36m[Kpublish[m[K(rclcpp::LoanedMessage<ROSMessageType, AllocatorT> && loaned_msg)
      |   [01;36m[K^~~~~~~[m[K
[01m[K/opt/ros/humble/include/rclcpp/rclcpp/publisher.hpp:403:64:[m[K [01;36m[Knote: [m[K  no known conversion for argument 1 from ‘[01m[Ktrajectory_msgs::msg::JointTrajectory()[m[K’ {aka ‘[01m[Ktrajectory_msgs::msg::JointTrajectory_<std::allocator<void> >()[m[K’} to ‘[01m[Krclcpp::LoanedMessage<trajectory_msgs::msg::JointTrajectory_<std::allocator<void> >, std::allocator<void> >&&[m[K’
  403 | ublish([01;36m[Krclcpp::LoanedMessage<ROSMessageType, AllocatorT> && loaned_msg[m[K)
      |        [01;36m[K~~~~~~~~~~~~~~~~~~~~~~~~~~~~~~~~~~~~~~~~~~~~~~~~~~~~~^~~~~~~~~~[m[K

gmake[2]: *** [CMakeFiles/pub_test.dir/build.make:76: CMakeFiles/pub_test.dir/test/pub_test.cpp.o] Error 1
gmake[1]: *** [CMakeFiles/Makefile2:137: CMakeFiles/pub_test.dir/all] Error 2
gmake: *** [Makefile:146: all] Error 2
