[0.004s] Invoking command in '/home/hibiki/Robomech_HR/Eglantyne/simulation/src/build/nao_state_publisher': AMENT_PREFIX_PATH=/home/hibiki/Robomech_HR/Eglantyne/simulation/src/install/nao_description:${AMENT_PREFIX_PATH} CMAKE_PREFIX_PATH=/home/hibiki/Robomech_HR/Eglantyne/simulation/src/install/nao_description:/opt/ros/humble /usr/bin/cmake /home/hibiki/Robomech_HR/Eglantyne/simulation/src/nao/nao_state_publisher -DCMAKE_INSTALL_PREFIX=/home/hibiki/Robomech_HR/Eglantyne/simulation/src/install/nao_state_publisher
[0.040s] -- The C compiler identification is GNU 11.4.0
[0.082s] -- The CXX compiler identification is GNU 11.4.0
[0.090s] -- Detecting C compiler ABI info
[0.151s] -- Detecting C compiler ABI info - done
[0.157s] -- Check for working C compiler: /usr/bin/cc - skipped
[0.157s] -- Detecting C compile features
[0.158s] -- Detecting C compile features - done
[0.159s] -- Detecting CXX compiler ABI info
[0.211s] -- Detecting CXX compiler ABI info - done
[0.216s] -- Check for working CXX compiler: /usr/bin/c++ - skipped
[0.216s] -- Detecting CXX compile features
[0.216s] -- Detecting CXX compile features - done
[0.218s] -- Found ament_cmake: 1.3.10 (/opt/ros/humble/share/ament_cmake/cmake)
[0.407s] -- Found Python3: /home/hibiki/.espressif/python_env/idf5.4_py3.10_env/bin/python3 (found version "3.10.12") found components: Interpreter 
[0.456s] -- Found rclcpp: 16.0.10 (/opt/ros/humble/share/rclcpp/cmake)
[0.478s] -- Found rosidl_generator_c: 3.1.5 (/opt/ros/humble/share/rosidl_generator_c/cmake)
[0.480s] -- Found rosidl_adapter: 3.1.5 (/opt/ros/humble/share/rosidl_adapter/cmake)
[0.485s] -- Found rosidl_generator_cpp: 3.1.5 (/opt/ros/humble/share/rosidl_generator_cpp/cmake)
[0.491s] -- Using all available rosidl_typesupport_c: rosidl_typesupport_fastrtps_c;rosidl_typesupport_introspection_c
[0.500s] -- Using all available rosidl_typesupport_cpp: rosidl_typesupport_fastrtps_cpp;rosidl_typesupport_introspection_cpp
[0.524s] -- Found rmw_implementation_cmake: 6.1.2 (/opt/ros/humble/share/rmw_implementation_cmake/cmake)
[0.525s] -- Found rmw_fastrtps_cpp: 6.2.7 (/opt/ros/humble/share/rmw_fastrtps_cpp/cmake)
[0.578s] -- Found OpenSSL: /usr/lib/x86_64-linux-gnu/libcrypto.so (found version "3.0.2")  
[0.601s] -- Found FastRTPS: /opt/ros/humble/include  
[0.634s] -- Using RMW implementation 'rmw_fastrtps_cpp' as default
[0.638s] -- Performing Test CMAKE_HAVE_LIBC_PTHREAD
[0.691s] -- Performing Test CMAKE_HAVE_LIBC_PTHREAD - Success
[0.692s] -- Found Threads: TRUE  
[0.724s] -- Found nao_sensor_msgs: 0.0.5 (/opt/ros/humble/share/nao_sensor_msgs/cmake)
[0.731s] -- Found robot_state_publisher: 3.0.3 (/opt/ros/humble/share/robot_state_publisher/cmake)
[0.763s] -- Found eigen3_cmake_module: 0.1.1 (/opt/ros/humble/share/eigen3_cmake_module/cmake)
[0.764s] -- Found Eigen3: TRUE (found version "3.4.0") 
[0.764s] -- Ensuring Eigen3 include directory is part of orocos-kdl CMake target
[0.918s] -- Found ament_lint_auto: 0.12.11 (/opt/ros/humble/share/ament_lint_auto/cmake)
[0.969s] -- Added test 'copyright' to check source files copyright and LICENSE
[0.970s] -- Added test 'cppcheck' to perform static code analysis on C / C++ code
[0.970s] -- Configured cppcheck include dirs: 
[0.970s] -- Configured cppcheck exclude dirs and/or files: 
[0.970s] -- Added test 'cpplint' to check C / C++ code against the Google style
[0.970s] -- Configured cpplint exclude dirs and/or files: 
[0.970s] -- Added test 'flake8' to check Python code syntax and style conventions
[0.971s] -- Added test 'lint_cmake' to check CMake code style
[0.971s] -- Added test 'pep257' to check Python code against some of the docstring style conventions in PEP 257
[0.971s] -- Added test 'uncrustify' to check C / C++ code style
[0.971s] -- Configured uncrustify additional arguments: 
[0.971s] -- Added test 'xmllint' to check XML markup files
[0.972s] -- Configuring done
[0.985s] -- Generating done
[0.986s] -- Build files have been written to: /home/hibiki/Robomech_HR/Eglantyne/simulation/src/build/nao_state_publisher
[0.992s] Invoked command in '/home/hibiki/Robomech_HR/Eglantyne/simulation/src/build/nao_state_publisher' returned '0': AMENT_PREFIX_PATH=/home/hibiki/Robomech_HR/Eglantyne/simulation/src/install/nao_description:${AMENT_PREFIX_PATH} CMAKE_PREFIX_PATH=/home/hibiki/Robomech_HR/Eglantyne/simulation/src/install/nao_description:/opt/ros/humble /usr/bin/cmake /home/hibiki/Robomech_HR/Eglantyne/simulation/src/nao/nao_state_publisher -DCMAKE_INSTALL_PREFIX=/home/hibiki/Robomech_HR/Eglantyne/simulation/src/install/nao_state_publisher
[0.994s] Invoking command in '/home/hibiki/Robomech_HR/Eglantyne/simulation/src/build/nao_state_publisher': AMENT_PREFIX_PATH=/home/hibiki/Robomech_HR/Eglantyne/simulation/src/install/nao_description:${AMENT_PREFIX_PATH} CMAKE_PREFIX_PATH=/home/hibiki/Robomech_HR/Eglantyne/simulation/src/install/nao_description:/opt/ros/humble /usr/bin/cmake --build /home/hibiki/Robomech_HR/Eglantyne/simulation/src/build/nao_state_publisher -- -j16 -l16
[1.016s] [ 50%] [32mBuilding CXX object CMakeFiles/nao_state_publisher.dir/src/nao_state_publisher.cpp.o[0m
[6.017s] [100%] [32m[1mLinking CXX executable nao_state_publisher[0m
[6.394s] [100%] Built target nao_state_publisher
[6.398s] Invoked command in '/home/hibiki/Robomech_HR/Eglantyne/simulation/src/build/nao_state_publisher' returned '0': AMENT_PREFIX_PATH=/home/hibiki/Robomech_HR/Eglantyne/simulation/src/install/nao_description:${AMENT_PREFIX_PATH} CMAKE_PREFIX_PATH=/home/hibiki/Robomech_HR/Eglantyne/simulation/src/install/nao_description:/opt/ros/humble /usr/bin/cmake --build /home/hibiki/Robomech_HR/Eglantyne/simulation/src/build/nao_state_publisher -- -j16 -l16
[6.413s] Invoking command in '/home/hibiki/Robomech_HR/Eglantyne/simulation/src/build/nao_state_publisher': AMENT_PREFIX_PATH=/home/hibiki/Robomech_HR/Eglantyne/simulation/src/install/nao_description:${AMENT_PREFIX_PATH} CMAKE_PREFIX_PATH=/home/hibiki/Robomech_HR/Eglantyne/simulation/src/install/nao_description:/opt/ros/humble /usr/bin/cmake --install /home/hibiki/Robomech_HR/Eglantyne/simulation/src/build/nao_state_publisher
[6.415s] -- Install configuration: ""
[6.415s] -- Installing: /home/hibiki/Robomech_HR/Eglantyne/simulation/src/install/nao_state_publisher/lib/nao_state_publisher/nao_state_publisher
[6.418s] -- Set runtime path of "/home/hibiki/Robomech_HR/Eglantyne/simulation/src/install/nao_state_publisher/lib/nao_state_publisher/nao_state_publisher" to ""
[6.418s] -- Installing: /home/hibiki/Robomech_HR/Eglantyne/simulation/src/install/nao_state_publisher/share/nao_state_publisher/launch/
[6.418s] -- Installing: /home/hibiki/Robomech_HR/Eglantyne/simulation/src/install/nao_state_publisher/share/nao_state_publisher/launch//nao_state_publisher_launch.py
[6.418s] -- Installing: /home/hibiki/Robomech_HR/Eglantyne/simulation/src/install/nao_state_publisher/share/ament_index/resource_index/package_run_dependencies/nao_state_publisher
[6.418s] -- Installing: /home/hibiki/Robomech_HR/Eglantyne/simulation/src/install/nao_state_publisher/share/ament_index/resource_index/parent_prefix_path/nao_state_publisher
[6.418s] -- Installing: /home/hibiki/Robomech_HR/Eglantyne/simulation/src/install/nao_state_publisher/share/nao_state_publisher/environment/ament_prefix_path.sh
[6.418s] -- Installing: /home/hibiki/Robomech_HR/Eglantyne/simulation/src/install/nao_state_publisher/share/nao_state_publisher/environment/ament_prefix_path.dsv
[6.418s] -- Installing: /home/hibiki/Robomech_HR/Eglantyne/simulation/src/install/nao_state_publisher/share/nao_state_publisher/environment/path.sh
[6.418s] -- Installing: /home/hibiki/Robomech_HR/Eglantyne/simulation/src/install/nao_state_publisher/share/nao_state_publisher/environment/path.dsv
[6.418s] -- Installing: /home/hibiki/Robomech_HR/Eglantyne/simulation/src/install/nao_state_publisher/share/nao_state_publisher/local_setup.bash
[6.418s] -- Installing: /home/hibiki/Robomech_HR/Eglantyne/simulation/src/install/nao_state_publisher/share/nao_state_publisher/local_setup.sh
[6.418s] -- Installing: /home/hibiki/Robomech_HR/Eglantyne/simulation/src/install/nao_state_publisher/share/nao_state_publisher/local_setup.zsh
[6.418s] -- Installing: /home/hibiki/Robomech_HR/Eglantyne/simulation/src/install/nao_state_publisher/share/nao_state_publisher/local_setup.dsv
[6.418s] -- Installing: /home/hibiki/Robomech_HR/Eglantyne/simulation/src/install/nao_state_publisher/share/nao_state_publisher/package.dsv
[6.418s] -- Installing: /home/hibiki/Robomech_HR/Eglantyne/simulation/src/install/nao_state_publisher/share/ament_index/resource_index/packages/nao_state_publisher
[6.419s] -- Installing: /home/hibiki/Robomech_HR/Eglantyne/simulation/src/install/nao_state_publisher/share/nao_state_publisher/cmake/nao_state_publisherConfig.cmake
[6.419s] -- Installing: /home/hibiki/Robomech_HR/Eglantyne/simulation/src/install/nao_state_publisher/share/nao_state_publisher/cmake/nao_state_publisherConfig-version.cmake
[6.419s] -- Installing: /home/hibiki/Robomech_HR/Eglantyne/simulation/src/install/nao_state_publisher/share/nao_state_publisher/package.xml
[6.420s] Invoked command in '/home/hibiki/Robomech_HR/Eglantyne/simulation/src/build/nao_state_publisher' returned '0': AMENT_PREFIX_PATH=/home/hibiki/Robomech_HR/Eglantyne/simulation/src/install/nao_description:${AMENT_PREFIX_PATH} CMAKE_PREFIX_PATH=/home/hibiki/Robomech_HR/Eglantyne/simulation/src/install/nao_description:/opt/ros/humble /usr/bin/cmake --install /home/hibiki/Robomech_HR/Eglantyne/simulation/src/build/nao_state_publisher
