[01m[K/home/hibiki/Robomech_HR/Eglantyne/simulation/src/simple_sim/src/test/zero_pub.cpp:[m[K In function ‘[01m[Kint main(int, char**)[m[K’:
[01m[K/home/hibiki/Robomech_HR/Eglantyne/simulation/src/simple_sim/src/test/zero_pub.cpp:28:37:[m[K [01;35m[Kwarning: [m[Kfor increment expression has no effect [[01;35m[K]8;;https://gcc.gnu.org/onlinedocs/gcc/Warning-Options.html#index-Wunused-value-Wunused-value]8;;[m[K]
   28 |     for (int count=0; count++; [01;35m[Kcount<max_count[m[K;){
      |                                [01;35m[K~~~~~^~~~~~~~~~[m[K
[01m[K/home/hibiki/Robomech_HR/Eglantyne/simulation/src/simple_sim/src/test/zero_pub.cpp:28:47:[m[K [01;31m[Kerror: [m[Kexpected ‘[01m[K)[m[K’ before ‘[01m[K;[m[K’ token
   28 |     for [34m[K([m[Kint count=0; count++; count<max_count[01;31m[K;[m[K){
      |         [34m[K~[m[K                                     [01;31m[K^[m[K
      |                                               [32m[K)[m[K
[01m[K/home/hibiki/Robomech_HR/Eglantyne/simulation/src/simple_sim/src/test/zero_pub.cpp:28:5:[m[K [01;35m[Kwarning: [m[Kthis ‘[01m[Kfor[m[K’ clause does not guard... [[01;35m[K]8;;https://gcc.gnu.org/onlinedocs/gcc/Warning-Options.html#index-Wmisleading-indentation-Wmisleading-indentation]8;;[m[K]
   28 |     [01;35m[Kfor[m[K (int count=0; count++; count<max_count;){
      |     [01;35m[K^~~[m[K
[01m[K/home/hibiki/Robomech_HR/Eglantyne/simulation/src/simple_sim/src/test/zero_pub.cpp:28:48:[m[K [01;36m[Knote: [m[K...this statement, but the latter is misleadingly indented as if it were guarded by the ‘[01m[Kfor[m[K’
   28 |     for (int count=0; count++; count<max_count;[01;36m[K)[m[K{
      |                                                [01;36m[K^[m[K
[01m[K/home/hibiki/Robomech_HR/Eglantyne/simulation/src/simple_sim/src/test/zero_pub.cpp:28:48:[m[K [01;31m[Kerror: [m[Kexpected primary-expression before ‘[01m[K)[m[K’ token
[01m[K/home/hibiki/Robomech_HR/Eglantyne/simulation/src/simple_sim/src/test/zero_pub.cpp:38:5:[m[K [01;31m[Kerror: [m[K‘[01m[Kpub_publish[m[K’ was not declared in this scope; did you mean ‘[01m[Krmw_publish[m[K’?
   38 |     [01;31m[Kpub_publish[m[K(motion);
      |     [01;31m[K^~~~~~~~~~~[m[K
      |     [32m[Krmw_publish[m[K
gmake[2]: *** [CMakeFiles/zero_pub.dir/build.make:76: CMakeFiles/zero_pub.dir/src/test/zero_pub.cpp.o] Error 1
gmake[1]: *** [CMakeFiles/Makefile2:167: CMakeFiles/zero_pub.dir/all] Error 2
gmake: *** [Makefile:146: all] Error 2
