[0.128s] Invoking command in '/home/hibiki/Robomech_HR/Eglantyne/simulation/build/champ': /usr/bin/cmake /home/hibiki/Robomech_HR/Eglantyne/simulation/src/champ/champ -DCATKIN_INSTALL_INTO_PREFIX_ROOT=0 -DCMAKE_INSTALL_PREFIX=/home/hibiki/Robomech_HR/Eglantyne/simulation/install/champ
[0.138s] [0mCMake Deprecation Warning at CMakeLists.txt:2 (cmake_minimum_required):
[0.139s]   Compatibility with CMake < 2.8.12 will be removed from a future version of
[0.139s]   CMake.
[0.139s] 
[0.139s]   Update the VERSION argument <min> value or use a ...<max> suffix to tell
[0.139s]   CMake that the project does not need compatibility with older versions.
[0.139s] 
[0.139s] [0m
[0.333s] -- The C compiler identification is GNU 11.4.0
[0.516s] -- The CXX compiler identification is GNU 11.4.0
[0.531s] -- Detecting C compiler ABI info
[0.582s] -- Detecting C compiler ABI info - done
[0.588s] -- Check for working C compiler: /usr/bin/cc - skipped
[0.589s] -- Detecting C compile features
[0.589s] -- Detecting C compile features - done
[0.593s] -- Detecting CXX compiler ABI info
[0.649s] -- Detecting CXX compiler ABI info - done
[0.657s] -- Check for working CXX compiler: /usr/bin/c++ - skipped
[0.657s] -- Detecting CXX compile features
[0.658s] -- Detecting CXX compile features - done
[0.667s] -- Configuring incomplete, errors occurred!
[0.667s] See also "/home/hibiki/Robomech_HR/Eglantyne/simulation/build/champ/CMakeFiles/CMakeOutput.log".
[0.668s] [31mCMake Error at CMakeLists.txt:5 (find_package):
[0.668s]   By not providing "Findcatkin.cmake" in CMAKE_MODULE_PATH this project has
[0.668s]   asked CMake to find a package configuration file provided by "catkin", but
[0.668s]   CMake did not find one.
[0.668s] 
[0.668s]   Could not find a package configuration file provided by "catkin" with any
[0.668s]   of the following names:
[0.668s] 
[0.668s]     catkinConfig.cmake
[0.668s]     catkin-config.cmake
[0.668s] 
[0.669s]   Add the installation prefix of "catkin" to CMAKE_PREFIX_PATH or set
[0.669s]   "catkin_DIR" to a directory containing one of the above files.  If "catkin"
[0.669s]   provides a separate development package or SDK, be sure it has been
[0.669s]   installed.
[0.669s] 
[0.669s] [0m
[0.673s] Invoked command in '/home/hibiki/Robomech_HR/Eglantyne/simulation/build/champ' returned '1': /usr/bin/cmake /home/hibiki/Robomech_HR/Eglantyne/simulation/src/champ/champ -DCATKIN_INSTALL_INTO_PREFIX_ROOT=0 -DCMAKE_INSTALL_PREFIX=/home/hibiki/Robomech_HR/Eglantyne/simulation/install/champ
