[0.122s] Invoking command in '/home/hibiki/Robomech_HR/Eglantyne/simulation/build/simple_sim': CMAKE_PREFIX_PATH=/opt/ros/humble /usr/bin/cmake --build /home/hibiki/Robomech_HR/Eglantyne/simulation/build/simple_sim -- -j16 -l16
[0.141s] Invoked command in '/home/hibiki/Robomech_HR/Eglantyne/simulation/build/simple_sim' returned '0': CMAKE_PREFIX_PATH=/opt/ros/humble /usr/bin/cmake --build /home/hibiki/Robomech_HR/Eglantyne/simulation/build/simple_sim -- -j16 -l16
[0.156s] Invoking command in '/home/hibiki/Robomech_HR/Eglantyne/simulation/build/simple_sim': CMAKE_PREFIX_PATH=/opt/ros/humble /usr/bin/cmake --install /home/hibiki/Robomech_HR/Eglantyne/simulation/build/simple_sim
[0.159s] -- Install configuration: ""
[0.159s] -- Up-to-date: /home/hibiki/Robomech_HR/Eglantyne/simulation/install/simple_sim/share/simple_sim//launch
[0.159s] -- Up-to-date: /home/hibiki/Robomech_HR/Eglantyne/simulation/install/simple_sim/share/simple_sim//launch/simenv.launch.py
[0.159s] -- Up-to-date: /home/hibiki/Robomech_HR/Eglantyne/simulation/install/simple_sim/share/simple_sim//urdf
[0.159s] -- Up-to-date: /home/hibiki/Robomech_HR/Eglantyne/simulation/install/simple_sim/share/simple_sim//urdf/eglantyne_leg_left.xacro
[0.159s] -- Up-to-date: /home/hibiki/Robomech_HR/Eglantyne/simulation/install/simple_sim/share/simple_sim//urdf/ros2_control_conf.xacro
[0.159s] -- Up-to-date: /home/hibiki/Robomech_HR/Eglantyne/simulation/install/simple_sim/share/simple_sim//urdf/eglantyne_leg_right.xacro
[0.159s] -- Up-to-date: /home/hibiki/Robomech_HR/Eglantyne/simulation/install/simple_sim/share/simple_sim//urdf/gazebo_setup.xacro
[0.159s] -- Up-to-date: /home/hibiki/Robomech_HR/Eglantyne/simulation/install/simple_sim/share/simple_sim//urdf/eglantyne_arm_right.xacro
[0.159s] -- Up-to-date: /home/hibiki/Robomech_HR/Eglantyne/simulation/install/simple_sim/share/simple_sim//urdf/shape_macro.xacro
[0.159s] -- Up-to-date: /home/hibiki/Robomech_HR/Eglantyne/simulation/install/simple_sim/share/simple_sim//urdf/eglantyne.xacro
[0.159s] -- Up-to-date: /home/hibiki/Robomech_HR/Eglantyne/simulation/install/simple_sim/share/simple_sim//urdf/eglantyne_arm_left.xacro
[0.159s] -- Up-to-date: /home/hibiki/Robomech_HR/Eglantyne/simulation/install/simple_sim/share/ament_index/resource_index/package_run_dependencies/simple_sim
[0.159s] -- Up-to-date: /home/hibiki/Robomech_HR/Eglantyne/simulation/install/simple_sim/share/ament_index/resource_index/parent_prefix_path/simple_sim
[0.159s] -- Up-to-date: /home/hibiki/Robomech_HR/Eglantyne/simulation/install/simple_sim/share/simple_sim/environment/ament_prefix_path.sh
[0.159s] -- Up-to-date: /home/hibiki/Robomech_HR/Eglantyne/simulation/install/simple_sim/share/simple_sim/environment/ament_prefix_path.dsv
[0.159s] -- Up-to-date: /home/hibiki/Robomech_HR/Eglantyne/simulation/install/simple_sim/share/simple_sim/environment/path.sh
[0.159s] -- Up-to-date: /home/hibiki/Robomech_HR/Eglantyne/simulation/install/simple_sim/share/simple_sim/environment/path.dsv
[0.160s] -- Up-to-date: /home/hibiki/Robomech_HR/Eglantyne/simulation/install/simple_sim/share/simple_sim/local_setup.bash
[0.160s] -- Up-to-date: /home/hibiki/Robomech_HR/Eglantyne/simulation/install/simple_sim/share/simple_sim/local_setup.sh
[0.160s] -- Up-to-date: /home/hibiki/Robomech_HR/Eglantyne/simulation/install/simple_sim/share/simple_sim/local_setup.zsh
[0.160s] -- Up-to-date: /home/hibiki/Robomech_HR/Eglantyne/simulation/install/simple_sim/share/simple_sim/local_setup.dsv
[0.160s] -- Installing: /home/hibiki/Robomech_HR/Eglantyne/simulation/install/simple_sim/share/simple_sim/package.dsv
[0.160s] -- Up-to-date: /home/hibiki/Robomech_HR/Eglantyne/simulation/install/simple_sim/share/ament_index/resource_index/packages/simple_sim
[0.160s] -- Up-to-date: /home/hibiki/Robomech_HR/Eglantyne/simulation/install/simple_sim/share/simple_sim/cmake/simple_simConfig.cmake
[0.160s] -- Up-to-date: /home/hibiki/Robomech_HR/Eglantyne/simulation/install/simple_sim/share/simple_sim/cmake/simple_simConfig-version.cmake
[0.160s] -- Up-to-date: /home/hibiki/Robomech_HR/Eglantyne/simulation/install/simple_sim/share/simple_sim/package.xml
[0.161s] Invoked command in '/home/hibiki/Robomech_HR/Eglantyne/simulation/build/simple_sim' returned '0': CMAKE_PREFIX_PATH=/opt/ros/humble /usr/bin/cmake --install /home/hibiki/Robomech_HR/Eglantyne/simulation/build/simple_sim
