-- Found ament_cmake: 1.3.10 (/opt/ros/humble/share/ament_cmake/cmake)
-- Found control_msgs: 4.6.0 (/opt/ros/humble/share/control_msgs/cmake)
-- Found rosidl_generator_c: 3.1.5 (/opt/ros/humble/share/rosidl_generator_c/cmake)
-- Found rosidl_adapter: 3.1.5 (/opt/ros/humble/share/rosidl_adapter/cmake)
-- Found rosidl_generator_cpp: 3.1.5 (/opt/ros/humble/share/rosidl_generator_cpp/cmake)
-- Using all available rosidl_typesupport_c: rosidl_typesupport_fastrtps_c;rosidl_typesupport_introspection_c
-- Using all available rosidl_typesupport_cpp: rosidl_typesupport_fastrtps_cpp;rosidl_typesupport_introspection_cpp
-- Found rclcpp: 16.0.10 (/opt/ros/humble/share/rclcpp/cmake)
-- Found rmw_implementation_cmake: 6.1.2 (/opt/ros/humble/share/rmw_implementation_cmake/cmake)
-- Found rmw_fastrtps_cpp: 6.2.7 (/opt/ros/humble/share/rmw_fastrtps_cpp/cmake)
-- Using RMW implementation 'rmw_fastrtps_cpp' as default
-- Found rclcpp_action: 16.0.10 (/opt/ros/humble/share/rclcpp_action/cmake)
-- Found rosidl_default_generators: 1.2.0 (/opt/ros/humble/share/rosidl_default_generators/cmake)
-- Found ament_lint_auto: 0.12.11 (/opt/ros/humble/share/ament_lint_auto/cmake)
-- Found ament_cmake_ros: 0.10.0 (/opt/ros/humble/share/ament_cmake_ros/cmake)
-- Using all available rosidl_typesupport_c: rosidl_typesupport_fastrtps_c;rosidl_typesupport_introspection_c
-- Using all available rosidl_typesupport_cpp: rosidl_typesupport_fastrtps_cpp;rosidl_typesupport_introspection_cpp
-- Found PythonInterp: /home/hibiki/.espressif/python_env/idf5.4_py3.10_env/bin/python3 (found suitable version "3.10.12", minimum required is "3.6") 
-- Found python_cmake_module: 0.10.0 (/opt/ros/humble/share/python_cmake_module/cmake)
-- Found PythonLibs: /usr/lib/x86_64-linux-gnu/libpython3.10.so (found suitable version "3.10.12", minimum required is "3.5") 
-- Using PYTHON_EXECUTABLE: /home/hibiki/.espressif/python_env/idf5.4_py3.10_env/bin/python3
-- Using PYTHON_INCLUDE_DIRS: /usr/include/python3.10
-- Using PYTHON_LIBRARIES: /usr/lib/x86_64-linux-gnu/libpython3.10.so
-- Found PythonExtra: .so  
-- Added test 'cppcheck' to perform static code analysis on C / C++ code
-- Configured cppcheck include dirs: 
-- Configured cppcheck exclude dirs and/or files: 
-- Added test 'flake8' to check Python code syntax and style conventions
-- Added test 'lint_cmake' to check CMake code style
-- Added test 'pep257' to check Python code against some of the docstring style conventions in PEP 257
-- Added test 'uncrustify' to check C / C++ code style
-- Configured uncrustify additional arguments: 
-- Added test 'xmllint' to check XML markup files
-- Configuring done
-- Generating done
-- Build files have been written to: /home/hibiki/Robomech_HR/Eglantyne/simulation/build/simple_sim
[  3%] [34m[1mGenerating C code for ROS interfaces[0m
[  6%] [34m[1mGenerating C++ code for ROS interfaces[0m
[  6%] Built target ament_cmake_python_copy_simple_sim
[  9%] [32mBuilding CXX object CMakeFiles/pub_test.dir/src/test/pub_test.cpp.o[0m
running egg_info
creating simple_sim.egg-info
writing simple_sim.egg-info/PKG-INFO
writing dependency_links to simple_sim.egg-info/dependency_links.txt
writing top-level names to simple_sim.egg-info/top_level.txt
writing manifest file 'simple_sim.egg-info/SOURCES.txt'
reading manifest file 'simple_sim.egg-info/SOURCES.txt'
writing manifest file 'simple_sim.egg-info/SOURCES.txt'
[  9%] Built target simple_sim__cpp
[ 15%] [34m[1mGenerating C++ type support for eProsima Fast-RTPS[0m
[ 15%] [34m[1mGenerating C++ introspection for ROS interfaces[0m
[ 18%] [34m[1mGenerating C++ type support dispatch for ROS interfaces[0m
[ 18%] Built target ament_cmake_python_build_simple_sim_egg
[ 21%] [32mBuilding C object CMakeFiles/simple_sim__rosidl_generator_c.dir/rosidl_generator_c/simple_sim/msg/detail/motion__functions.c.o[0m
[ 24%] [32mBuilding CXX object CMakeFiles/simple_sim__rosidl_typesupport_cpp.dir/rosidl_typesupport_cpp/simple_sim/msg/motion__type_support.cpp.o[0m
[ 27%] [32mBuilding CXX object CMakeFiles/simple_sim__rosidl_typesupport_fastrtps_cpp.dir/rosidl_typesupport_fastrtps_cpp/simple_sim/msg/detail/dds_fastrtps/motion__type_support.cpp.o[0m
[ 30%] [32mBuilding CXX object CMakeFiles/simple_sim__rosidl_typesupport_introspection_cpp.dir/rosidl_typesupport_introspection_cpp/simple_sim/msg/detail/motion__type_support.cpp.o[0m
[ 33%] [32m[1mLinking C shared library libsimple_sim__rosidl_generator_c.so[0m
[ 33%] Built target simple_sim__rosidl_generator_c
[ 39%] [34m[1mGenerating C introspection for ROS interfaces[0m
[ 39%] [34m[1mGenerating C type support for eProsima Fast-RTPS[0m
[ 42%] [34m[1mGenerating C type support dispatch for ROS interfaces[0m
[ 45%] [32mBuilding CXX object CMakeFiles/simple_sim__rosidl_typesupport_c.dir/rosidl_typesupport_c/simple_sim/msg/motion__type_support.cpp.o[0m
[ 48%] [32mBuilding C object CMakeFiles/simple_sim__rosidl_typesupport_introspection_c.dir/rosidl_typesupport_introspection_c/simple_sim/msg/detail/motion__type_support.c.o[0m
[ 51%] [32mBuilding CXX object CMakeFiles/simple_sim__rosidl_typesupport_fastrtps_c.dir/rosidl_typesupport_fastrtps_c/simple_sim/msg/detail/motion__type_support_c.cpp.o[0m
[ 54%] [32m[1mLinking CXX shared library libsimple_sim__rosidl_typesupport_c.so[0m
[ 57%] [32m[1mLinking C shared library libsimple_sim__rosidl_typesupport_introspection_c.so[0m
[ 60%] [32m[1mLinking CXX shared library libsimple_sim__rosidl_typesupport_cpp.so[0m
[ 60%] Built target simple_sim__rosidl_typesupport_introspection_c
[ 60%] Built target simple_sim__rosidl_typesupport_c
[ 60%] Built target simple_sim__rosidl_typesupport_cpp
[ 63%] [32m[1mLinking CXX shared library libsimple_sim__rosidl_typesupport_introspection_cpp.so[0m
[ 66%] [32m[1mLinking CXX shared library libsimple_sim__rosidl_typesupport_fastrtps_cpp.so[0m
[ 66%] Built target simple_sim__rosidl_typesupport_introspection_cpp
[ 66%] Built target simple_sim__rosidl_typesupport_fastrtps_cpp
[ 69%] [32m[1mLinking CXX shared library libsimple_sim__rosidl_typesupport_fastrtps_c.so[0m
[ 69%] Built target simple_sim__rosidl_typesupport_fastrtps_c
[ 69%] Built target simple_sim
[ 72%] [34m[1mGenerating Python code for ROS interfaces[0m
[ 72%] Built target simple_sim__py
[ 75%] [32mBuilding C object CMakeFiles/simple_sim__rosidl_generator_py.dir/rosidl_generator_py/simple_sim/msg/_motion_s.c.o[0m
[ 78%] [32m[1mLinking C shared library rosidl_generator_py/simple_sim/libsimple_sim__rosidl_generator_py.so[0m
[ 78%] Built target simple_sim__rosidl_generator_py
[ 87%] [32mBuilding C object CMakeFiles/simple_sim__rosidl_typesupport_introspection_c__pyext.dir/rosidl_generator_py/simple_sim/_simple_sim_s.ep.rosidl_typesupport_introspection_c.c.o[0m
[ 87%] [32mBuilding C object CMakeFiles/simple_sim__rosidl_typesupport_c__pyext.dir/rosidl_generator_py/simple_sim/_simple_sim_s.ep.rosidl_typesupport_c.c.o[0m
[ 87%] [32mBuilding C object CMakeFiles/simple_sim__rosidl_typesupport_fastrtps_c__pyext.dir/rosidl_generator_py/simple_sim/_simple_sim_s.ep.rosidl_typesupport_fastrtps_c.c.o[0m
[ 90%] [32m[1mLinking C shared library rosidl_generator_py/simple_sim/simple_sim_s__rosidl_typesupport_introspection_c.cpython-310-x86_64-linux-gnu.so[0m
[ 93%] [32m[1mLinking C shared library rosidl_generator_py/simple_sim/simple_sim_s__rosidl_typesupport_fastrtps_c.cpython-310-x86_64-linux-gnu.so[0m
[ 96%] [32m[1mLinking C shared library rosidl_generator_py/simple_sim/simple_sim_s__rosidl_typesupport_c.cpython-310-x86_64-linux-gnu.so[0m
[ 96%] Built target simple_sim__rosidl_typesupport_introspection_c__pyext
[ 96%] Built target simple_sim__rosidl_typesupport_fastrtps_c__pyext
[ 96%] Built target simple_sim__rosidl_typesupport_c__pyext
[100%] [32m[1mLinking CXX executable pub_test[0m
[100%] Built target pub_test
-- Install configuration: ""
-- Installing: /home/hibiki/Robomech_HR/Eglantyne/simulation/install/simple_sim/share/ament_index/resource_index/rosidl_interfaces/simple_sim
-- Installing: /home/hibiki/Robomech_HR/Eglantyne/simulation/install/simple_sim/include/simple_sim/simple_sim
-- Installing: /home/hibiki/Robomech_HR/Eglantyne/simulation/install/simple_sim/include/simple_sim/simple_sim/msg
-- Installing: /home/hibiki/Robomech_HR/Eglantyne/simulation/install/simple_sim/include/simple_sim/simple_sim/msg/rosidl_generator_c__visibility_control.h
-- Installing: /home/hibiki/Robomech_HR/Eglantyne/simulation/install/simple_sim/include/simple_sim/simple_sim/msg/motion.h
-- Installing: /home/hibiki/Robomech_HR/Eglantyne/simulation/install/simple_sim/include/simple_sim/simple_sim/msg/detail
-- Installing: /home/hibiki/Robomech_HR/Eglantyne/simulation/install/simple_sim/include/simple_sim/simple_sim/msg/detail/motion__functions.c
-- Installing: /home/hibiki/Robomech_HR/Eglantyne/simulation/install/simple_sim/include/simple_sim/simple_sim/msg/detail/motion__functions.h
-- Installing: /home/hibiki/Robomech_HR/Eglantyne/simulation/install/simple_sim/include/simple_sim/simple_sim/msg/detail/motion__struct.h
-- Installing: /home/hibiki/Robomech_HR/Eglantyne/simulation/install/simple_sim/include/simple_sim/simple_sim/msg/detail/motion__type_support.h
-- Installing: /home/hibiki/Robomech_HR/Eglantyne/simulation/install/simple_sim/share/simple_sim/environment/library_path.sh
-- Installing: /home/hibiki/Robomech_HR/Eglantyne/simulation/install/simple_sim/share/simple_sim/environment/library_path.dsv
-- Installing: /home/hibiki/Robomech_HR/Eglantyne/simulation/install/simple_sim/lib/libsimple_sim__rosidl_generator_c.so
-- Set runtime path of "/home/hibiki/Robomech_HR/Eglantyne/simulation/install/simple_sim/lib/libsimple_sim__rosidl_generator_c.so" to ""
-- Up-to-date: /home/hibiki/Robomech_HR/Eglantyne/simulation/install/simple_sim/include/simple_sim/simple_sim
-- Up-to-date: /home/hibiki/Robomech_HR/Eglantyne/simulation/install/simple_sim/include/simple_sim/simple_sim/msg
-- Up-to-date: /home/hibiki/Robomech_HR/Eglantyne/simulation/install/simple_sim/include/simple_sim/simple_sim/msg/detail
-- Installing: /home/hibiki/Robomech_HR/Eglantyne/simulation/install/simple_sim/include/simple_sim/simple_sim/msg/detail/motion__rosidl_typesupport_fastrtps_c.h
-- Installing: /home/hibiki/Robomech_HR/Eglantyne/simulation/install/simple_sim/include/simple_sim/simple_sim/msg/rosidl_typesupport_fastrtps_c__visibility_control.h
-- Installing: /home/hibiki/Robomech_HR/Eglantyne/simulation/install/simple_sim/lib/libsimple_sim__rosidl_typesupport_fastrtps_c.so
-- Set runtime path of "/home/hibiki/Robomech_HR/Eglantyne/simulation/install/simple_sim/lib/libsimple_sim__rosidl_typesupport_fastrtps_c.so" to ""
-- Up-to-date: /home/hibiki/Robomech_HR/Eglantyne/simulation/install/simple_sim/include/simple_sim/simple_sim
-- Up-to-date: /home/hibiki/Robomech_HR/Eglantyne/simulation/install/simple_sim/include/simple_sim/simple_sim/msg
-- Up-to-date: /home/hibiki/Robomech_HR/Eglantyne/simulation/install/simple_sim/include/simple_sim/simple_sim/msg/detail
-- Installing: /home/hibiki/Robomech_HR/Eglantyne/simulation/install/simple_sim/include/simple_sim/simple_sim/msg/detail/motion__traits.hpp
-- Installing: /home/hibiki/Robomech_HR/Eglantyne/simulation/install/simple_sim/include/simple_sim/simple_sim/msg/detail/motion__struct.hpp
-- Installing: /home/hibiki/Robomech_HR/Eglantyne/simulation/install/simple_sim/include/simple_sim/simple_sim/msg/detail/motion__builder.hpp
-- Installing: /home/hibiki/Robomech_HR/Eglantyne/simulation/install/simple_sim/include/simple_sim/simple_sim/msg/motion.hpp
-- Up-to-date: /home/hibiki/Robomech_HR/Eglantyne/simulation/install/simple_sim/include/simple_sim/simple_sim
-- Up-to-date: /home/hibiki/Robomech_HR/Eglantyne/simulation/install/simple_sim/include/simple_sim/simple_sim/msg
-- Up-to-date: /home/hibiki/Robomech_HR/Eglantyne/simulation/install/simple_sim/include/simple_sim/simple_sim/msg/detail
-- Installing: /home/hibiki/Robomech_HR/Eglantyne/simulation/install/simple_sim/include/simple_sim/simple_sim/msg/detail/dds_fastrtps
-- Installing: /home/hibiki/Robomech_HR/Eglantyne/simulation/install/simple_sim/include/simple_sim/simple_sim/msg/detail/motion__rosidl_typesupport_fastrtps_cpp.hpp
-- Installing: /home/hibiki/Robomech_HR/Eglantyne/simulation/install/simple_sim/include/simple_sim/simple_sim/msg/rosidl_typesupport_fastrtps_cpp__visibility_control.h
-- Installing: /home/hibiki/Robomech_HR/Eglantyne/simulation/install/simple_sim/lib/libsimple_sim__rosidl_typesupport_fastrtps_cpp.so
-- Set runtime path of "/home/hibiki/Robomech_HR/Eglantyne/simulation/install/simple_sim/lib/libsimple_sim__rosidl_typesupport_fastrtps_cpp.so" to ""
-- Up-to-date: /home/hibiki/Robomech_HR/Eglantyne/simulation/install/simple_sim/include/simple_sim/simple_sim
-- Up-to-date: /home/hibiki/Robomech_HR/Eglantyne/simulation/install/simple_sim/include/simple_sim/simple_sim/msg
-- Up-to-date: /home/hibiki/Robomech_HR/Eglantyne/simulation/install/simple_sim/include/simple_sim/simple_sim/msg/detail
-- Installing: /home/hibiki/Robomech_HR/Eglantyne/simulation/install/simple_sim/include/simple_sim/simple_sim/msg/detail/motion__rosidl_typesupport_introspection_c.h
-- Installing: /home/hibiki/Robomech_HR/Eglantyne/simulation/install/simple_sim/include/simple_sim/simple_sim/msg/detail/motion__type_support.c
-- Installing: /home/hibiki/Robomech_HR/Eglantyne/simulation/install/simple_sim/include/simple_sim/simple_sim/msg/rosidl_typesupport_introspection_c__visibility_control.h
-- Installing: /home/hibiki/Robomech_HR/Eglantyne/simulation/install/simple_sim/lib/libsimple_sim__rosidl_typesupport_introspection_c.so
-- Set runtime path of "/home/hibiki/Robomech_HR/Eglantyne/simulation/install/simple_sim/lib/libsimple_sim__rosidl_typesupport_introspection_c.so" to ""
-- Installing: /home/hibiki/Robomech_HR/Eglantyne/simulation/install/simple_sim/lib/libsimple_sim__rosidl_typesupport_c.so
-- Set runtime path of "/home/hibiki/Robomech_HR/Eglantyne/simulation/install/simple_sim/lib/libsimple_sim__rosidl_typesupport_c.so" to ""
-- Up-to-date: /home/hibiki/Robomech_HR/Eglantyne/simulation/install/simple_sim/include/simple_sim/simple_sim
-- Up-to-date: /home/hibiki/Robomech_HR/Eglantyne/simulation/install/simple_sim/include/simple_sim/simple_sim/msg
-- Up-to-date: /home/hibiki/Robomech_HR/Eglantyne/simulation/install/simple_sim/include/simple_sim/simple_sim/msg/detail
-- Installing: /home/hibiki/Robomech_HR/Eglantyne/simulation/install/simple_sim/include/simple_sim/simple_sim/msg/detail/motion__rosidl_typesupport_introspection_cpp.hpp
-- Installing: /home/hibiki/Robomech_HR/Eglantyne/simulation/install/simple_sim/include/simple_sim/simple_sim/msg/detail/motion__type_support.cpp
-- Installing: /home/hibiki/Robomech_HR/Eglantyne/simulation/install/simple_sim/lib/libsimple_sim__rosidl_typesupport_introspection_cpp.so
-- Set runtime path of "/home/hibiki/Robomech_HR/Eglantyne/simulation/install/simple_sim/lib/libsimple_sim__rosidl_typesupport_introspection_cpp.so" to ""
-- Installing: /home/hibiki/Robomech_HR/Eglantyne/simulation/install/simple_sim/lib/libsimple_sim__rosidl_typesupport_cpp.so
-- Set runtime path of "/home/hibiki/Robomech_HR/Eglantyne/simulation/install/simple_sim/lib/libsimple_sim__rosidl_typesupport_cpp.so" to ""
-- Installing: /home/hibiki/Robomech_HR/Eglantyne/simulation/install/simple_sim/share/simple_sim/environment/pythonpath.sh
-- Installing: /home/hibiki/Robomech_HR/Eglantyne/simulation/install/simple_sim/share/simple_sim/environment/pythonpath.dsv
-- Installing: /home/hibiki/Robomech_HR/Eglantyne/simulation/install/simple_sim/lib/python3.10/site-packages/simple_sim-0.0.0-py3.10.egg-info
-- Installing: /home/hibiki/Robomech_HR/Eglantyne/simulation/install/simple_sim/lib/python3.10/site-packages/simple_sim-0.0.0-py3.10.egg-info/top_level.txt
-- Installing: /home/hibiki/Robomech_HR/Eglantyne/simulation/install/simple_sim/lib/python3.10/site-packages/simple_sim-0.0.0-py3.10.egg-info/dependency_links.txt
-- Installing: /home/hibiki/Robomech_HR/Eglantyne/simulation/install/simple_sim/lib/python3.10/site-packages/simple_sim-0.0.0-py3.10.egg-info/SOURCES.txt
-- Installing: /home/hibiki/Robomech_HR/Eglantyne/simulation/install/simple_sim/lib/python3.10/site-packages/simple_sim-0.0.0-py3.10.egg-info/PKG-INFO
-- Installing: /home/hibiki/Robomech_HR/Eglantyne/simulation/install/simple_sim/lib/python3.10/site-packages/simple_sim
-- Installing: /home/hibiki/Robomech_HR/Eglantyne/simulation/install/simple_sim/lib/python3.10/site-packages/simple_sim/libsimple_sim__rosidl_generator_py.so
-- Installing: /home/hibiki/Robomech_HR/Eglantyne/simulation/install/simple_sim/lib/python3.10/site-packages/simple_sim/msg
-- Installing: /home/hibiki/Robomech_HR/Eglantyne/simulation/install/simple_sim/lib/python3.10/site-packages/simple_sim/msg/__init__.py
-- Installing: /home/hibiki/Robomech_HR/Eglantyne/simulation/install/simple_sim/lib/python3.10/site-packages/simple_sim/msg/_motion_s.c
-- Installing: /home/hibiki/Robomech_HR/Eglantyne/simulation/install/simple_sim/lib/python3.10/site-packages/simple_sim/msg/_motion.py
-- Installing: /home/hibiki/Robomech_HR/Eglantyne/simulation/install/simple_sim/lib/python3.10/site-packages/simple_sim/_simple_sim_s.ep.rosidl_typesupport_introspection_c.c
-- Installing: /home/hibiki/Robomech_HR/Eglantyne/simulation/install/simple_sim/lib/python3.10/site-packages/simple_sim/_simple_sim_s.ep.rosidl_typesupport_c.c
-- Installing: /home/hibiki/Robomech_HR/Eglantyne/simulation/install/simple_sim/lib/python3.10/site-packages/simple_sim/simple_sim_s__rosidl_typesupport_introspection_c.cpython-310-x86_64-linux-gnu.so
-- Installing: /home/hibiki/Robomech_HR/Eglantyne/simulation/install/simple_sim/lib/python3.10/site-packages/simple_sim/__init__.py
-- Installing: /home/hibiki/Robomech_HR/Eglantyne/simulation/install/simple_sim/lib/python3.10/site-packages/simple_sim/simple_sim_s__rosidl_typesupport_c.cpython-310-x86_64-linux-gnu.so
-- Installing: /home/hibiki/Robomech_HR/Eglantyne/simulation/install/simple_sim/lib/python3.10/site-packages/simple_sim/simple_sim_s__rosidl_typesupport_fastrtps_c.cpython-310-x86_64-linux-gnu.so
-- Installing: /home/hibiki/Robomech_HR/Eglantyne/simulation/install/simple_sim/lib/python3.10/site-packages/simple_sim/_simple_sim_s.ep.rosidl_typesupport_fastrtps_c.c
Listing '/home/hibiki/Robomech_HR/Eglantyne/simulation/install/simple_sim/lib/python3.10/site-packages/simple_sim'...
Compiling '/home/hibiki/Robomech_HR/Eglantyne/simulation/install/simple_sim/lib/python3.10/site-packages/simple_sim/__init__.py'...
Listing '/home/hibiki/Robomech_HR/Eglantyne/simulation/install/simple_sim/lib/python3.10/site-packages/simple_sim/msg'...
Compiling '/home/hibiki/Robomech_HR/Eglantyne/simulation/install/simple_sim/lib/python3.10/site-packages/simple_sim/msg/__init__.py'...
Compiling '/home/hibiki/Robomech_HR/Eglantyne/simulation/install/simple_sim/lib/python3.10/site-packages/simple_sim/msg/_motion.py'...
-- Installing: /home/hibiki/Robomech_HR/Eglantyne/simulation/install/simple_sim/lib/python3.10/site-packages/simple_sim/simple_sim_s__rosidl_typesupport_fastrtps_c.cpython-310-x86_64-linux-gnu.so
-- Set runtime path of "/home/hibiki/Robomech_HR/Eglantyne/simulation/install/simple_sim/lib/python3.10/site-packages/simple_sim/simple_sim_s__rosidl_typesupport_fastrtps_c.cpython-310-x86_64-linux-gnu.so" to ""
-- Installing: /home/hibiki/Robomech_HR/Eglantyne/simulation/install/simple_sim/lib/python3.10/site-packages/simple_sim/simple_sim_s__rosidl_typesupport_introspection_c.cpython-310-x86_64-linux-gnu.so
-- Set runtime path of "/home/hibiki/Robomech_HR/Eglantyne/simulation/install/simple_sim/lib/python3.10/site-packages/simple_sim/simple_sim_s__rosidl_typesupport_introspection_c.cpython-310-x86_64-linux-gnu.so" to ""
-- Installing: /home/hibiki/Robomech_HR/Eglantyne/simulation/install/simple_sim/lib/python3.10/site-packages/simple_sim/simple_sim_s__rosidl_typesupport_c.cpython-310-x86_64-linux-gnu.so
-- Set runtime path of "/home/hibiki/Robomech_HR/Eglantyne/simulation/install/simple_sim/lib/python3.10/site-packages/simple_sim/simple_sim_s__rosidl_typesupport_c.cpython-310-x86_64-linux-gnu.so" to ""
-- Installing: /home/hibiki/Robomech_HR/Eglantyne/simulation/install/simple_sim/lib/libsimple_sim__rosidl_generator_py.so
-- Set runtime path of "/home/hibiki/Robomech_HR/Eglantyne/simulation/install/simple_sim/lib/libsimple_sim__rosidl_generator_py.so" to ""
-- Installing: /home/hibiki/Robomech_HR/Eglantyne/simulation/install/simple_sim/share/simple_sim/msg/Motion.idl
-- Installing: /home/hibiki/Robomech_HR/Eglantyne/simulation/install/simple_sim/share/simple_sim/msg/Motion.msg
-- Installing: /home/hibiki/Robomech_HR/Eglantyne/simulation/install/simple_sim/lib/simple_sim/pub_test
-- Set runtime path of "/home/hibiki/Robomech_HR/Eglantyne/simulation/install/simple_sim/lib/simple_sim/pub_test" to ""
-- Up-to-date: /home/hibiki/Robomech_HR/Eglantyne/simulation/install/simple_sim/share/simple_sim//launch
-- Up-to-date: /home/hibiki/Robomech_HR/Eglantyne/simulation/install/simple_sim/share/simple_sim//launch/view_robot.launch.py
-- Up-to-date: /home/hibiki/Robomech_HR/Eglantyne/simulation/install/simple_sim/share/simple_sim//urdf
-- Up-to-date: /home/hibiki/Robomech_HR/Eglantyne/simulation/install/simple_sim/share/simple_sim//urdf/ros2_control_conf.xacro
-- Up-to-date: /home/hibiki/Robomech_HR/Eglantyne/simulation/install/simple_sim/share/simple_sim//urdf/gazebo_setup.xacro
-- Up-to-date: /home/hibiki/Robomech_HR/Eglantyne/simulation/install/simple_sim/share/simple_sim//urdf/body_info
-- Up-to-date: /home/hibiki/Robomech_HR/Eglantyne/simulation/install/simple_sim/share/simple_sim//urdf/body_info/eglantyne_body.xacro
-- Up-to-date: /home/hibiki/Robomech_HR/Eglantyne/simulation/install/simple_sim/share/simple_sim//urdf/body_info/eglantyne_arm.xacro
-- Up-to-date: /home/hibiki/Robomech_HR/Eglantyne/simulation/install/simple_sim/share/simple_sim//urdf/body_info/eglantyne_leg.xacro
-- Up-to-date: /home/hibiki/Robomech_HR/Eglantyne/simulation/install/simple_sim/share/simple_sim//urdf/body_info/shape_macro.xacro
-- Up-to-date: /home/hibiki/Robomech_HR/Eglantyne/simulation/install/simple_sim/share/simple_sim//urdf/eglantyne.xacro
-- Up-to-date: /home/hibiki/Robomech_HR/Eglantyne/simulation/install/simple_sim/share/simple_sim//launch
-- Up-to-date: /home/hibiki/Robomech_HR/Eglantyne/simulation/install/simple_sim/share/simple_sim//launch/eglantyne_controller.launch.py
-- Up-to-date: /home/hibiki/Robomech_HR/Eglantyne/simulation/install/simple_sim/share/simple_sim//config
-- Up-to-date: /home/hibiki/Robomech_HR/Eglantyne/simulation/install/simple_sim/share/simple_sim//config/eglantyne_controller.yaml
-- Installing: /home/hibiki/Robomech_HR/Eglantyne/simulation/install/simple_sim/share/ament_index/resource_index/package_run_dependencies/simple_sim
-- Installing: /home/hibiki/Robomech_HR/Eglantyne/simulation/install/simple_sim/share/ament_index/resource_index/parent_prefix_path/simple_sim
-- Up-to-date: /home/hibiki/Robomech_HR/Eglantyne/simulation/install/simple_sim/share/simple_sim/environment/ament_prefix_path.sh
-- Installing: /home/hibiki/Robomech_HR/Eglantyne/simulation/install/simple_sim/share/simple_sim/environment/ament_prefix_path.dsv
-- Up-to-date: /home/hibiki/Robomech_HR/Eglantyne/simulation/install/simple_sim/share/simple_sim/environment/path.sh
-- Installing: /home/hibiki/Robomech_HR/Eglantyne/simulation/install/simple_sim/share/simple_sim/environment/path.dsv
-- Up-to-date: /home/hibiki/Robomech_HR/Eglantyne/simulation/install/simple_sim/share/simple_sim/local_setup.bash
-- Installing: /home/hibiki/Robomech_HR/Eglantyne/simulation/install/simple_sim/share/simple_sim/local_setup.sh
-- Up-to-date: /home/hibiki/Robomech_HR/Eglantyne/simulation/install/simple_sim/share/simple_sim/local_setup.zsh
-- Installing: /home/hibiki/Robomech_HR/Eglantyne/simulation/install/simple_sim/share/simple_sim/local_setup.dsv
-- Installing: /home/hibiki/Robomech_HR/Eglantyne/simulation/install/simple_sim/share/simple_sim/package.dsv
-- Up-to-date: /home/hibiki/Robomech_HR/Eglantyne/simulation/install/simple_sim/share/ament_index/resource_index/packages/simple_sim
-- Installing: /home/hibiki/Robomech_HR/Eglantyne/simulation/install/simple_sim/share/simple_sim/cmake/export_simple_sim__rosidl_generator_cExport.cmake
-- Installing: /home/hibiki/Robomech_HR/Eglantyne/simulation/install/simple_sim/share/simple_sim/cmake/export_simple_sim__rosidl_generator_cExport-noconfig.cmake
-- Installing: /home/hibiki/Robomech_HR/Eglantyne/simulation/install/simple_sim/share/simple_sim/cmake/export_simple_sim__rosidl_typesupport_fastrtps_cExport.cmake
-- Installing: /home/hibiki/Robomech_HR/Eglantyne/simulation/install/simple_sim/share/simple_sim/cmake/export_simple_sim__rosidl_typesupport_fastrtps_cExport-noconfig.cmake
-- Installing: /home/hibiki/Robomech_HR/Eglantyne/simulation/install/simple_sim/share/simple_sim/cmake/export_simple_sim__rosidl_generator_cppExport.cmake
-- Installing: /home/hibiki/Robomech_HR/Eglantyne/simulation/install/simple_sim/share/simple_sim/cmake/export_simple_sim__rosidl_typesupport_fastrtps_cppExport.cmake
-- Installing: /home/hibiki/Robomech_HR/Eglantyne/simulation/install/simple_sim/share/simple_sim/cmake/export_simple_sim__rosidl_typesupport_fastrtps_cppExport-noconfig.cmake
-- Installing: /home/hibiki/Robomech_HR/Eglantyne/simulation/install/simple_sim/share/simple_sim/cmake/simple_sim__rosidl_typesupport_introspection_cExport.cmake
-- Installing: /home/hibiki/Robomech_HR/Eglantyne/simulation/install/simple_sim/share/simple_sim/cmake/simple_sim__rosidl_typesupport_introspection_cExport-noconfig.cmake
-- Installing: /home/hibiki/Robomech_HR/Eglantyne/simulation/install/simple_sim/share/simple_sim/cmake/simple_sim__rosidl_typesupport_cExport.cmake
-- Installing: /home/hibiki/Robomech_HR/Eglantyne/simulation/install/simple_sim/share/simple_sim/cmake/simple_sim__rosidl_typesupport_cExport-noconfig.cmake
-- Installing: /home/hibiki/Robomech_HR/Eglantyne/simulation/install/simple_sim/share/simple_sim/cmake/simple_sim__rosidl_typesupport_introspection_cppExport.cmake
-- Installing: /home/hibiki/Robomech_HR/Eglantyne/simulation/install/simple_sim/share/simple_sim/cmake/simple_sim__rosidl_typesupport_introspection_cppExport-noconfig.cmake
-- Installing: /home/hibiki/Robomech_HR/Eglantyne/simulation/install/simple_sim/share/simple_sim/cmake/simple_sim__rosidl_typesupport_cppExport.cmake
-- Installing: /home/hibiki/Robomech_HR/Eglantyne/simulation/install/simple_sim/share/simple_sim/cmake/simple_sim__rosidl_typesupport_cppExport-noconfig.cmake
-- Installing: /home/hibiki/Robomech_HR/Eglantyne/simulation/install/simple_sim/share/simple_sim/cmake/export_simple_sim__rosidl_generator_pyExport.cmake
-- Installing: /home/hibiki/Robomech_HR/Eglantyne/simulation/install/simple_sim/share/simple_sim/cmake/export_simple_sim__rosidl_generator_pyExport-noconfig.cmake
-- Installing: /home/hibiki/Robomech_HR/Eglantyne/simulation/install/simple_sim/share/simple_sim/cmake/rosidl_cmake-extras.cmake
-- Installing: /home/hibiki/Robomech_HR/Eglantyne/simulation/install/simple_sim/share/simple_sim/cmake/ament_cmake_export_dependencies-extras.cmake
-- Installing: /home/hibiki/Robomech_HR/Eglantyne/simulation/install/simple_sim/share/simple_sim/cmake/ament_cmake_export_include_directories-extras.cmake
-- Installing: /home/hibiki/Robomech_HR/Eglantyne/simulation/install/simple_sim/share/simple_sim/cmake/ament_cmake_export_libraries-extras.cmake
-- Installing: /home/hibiki/Robomech_HR/Eglantyne/simulation/install/simple_sim/share/simple_sim/cmake/ament_cmake_export_targets-extras.cmake
-- Installing: /home/hibiki/Robomech_HR/Eglantyne/simulation/install/simple_sim/share/simple_sim/cmake/rosidl_cmake_export_typesupport_targets-extras.cmake
-- Installing: /home/hibiki/Robomech_HR/Eglantyne/simulation/install/simple_sim/share/simple_sim/cmake/rosidl_cmake_export_typesupport_libraries-extras.cmake
-- Installing: /home/hibiki/Robomech_HR/Eglantyne/simulation/install/simple_sim/share/simple_sim/cmake/simple_simConfig.cmake
-- Up-to-date: /home/hibiki/Robomech_HR/Eglantyne/simulation/install/simple_sim/share/simple_sim/cmake/simple_simConfig-version.cmake
-- Installing: /home/hibiki/Robomech_HR/Eglantyne/simulation/install/simple_sim/share/simple_sim/package.xml
