[0.060s] Invoking command in '/home/hibiki/Robomech_HR/Eglantyne/simulation/build/champ_base': AMENT_PREFIX_PATH=/home/hibiki/Robomech_HR/Eglantyne/simulation/install/champ_msgs:/home/hibiki/Robomech_HR/Eglantyne/simulation/install/champ:${AMENT_PREFIX_PATH} CMAKE_PREFIX_PATH=/home/hibiki/Robomech_HR/Eglantyne/simulation/install/champ_msgs:/opt/ros/humble:/home/hibiki/Robomech_HR/Eglantyne/simulation/install/champ LD_LIBRARY_PATH=/home/hibiki/Robomech_HR/Eglantyne/simulation/install/champ_msgs/lib:/opt/ros/humble/opt/rviz_ogre_vendor/lib:/opt/ros/humble/lib/x86_64-linux-gnu:/opt/ros/humble/lib:/usr/lib/x86_64-linux-gnu/gazebo-11/plugins PYTHONPATH=/home/hibiki/Robomech_HR/Eglantyne/simulation/install/champ_msgs/lib/python3.10/site-packages:${PYTHONPATH} /usr/bin/cmake --build /home/hibiki/Robomech_HR/Eglantyne/simulation/build/champ_base -- -j16 -l16
[0.081s] [  8%] [32mBuilding CXX object CMakeFiles/message_relay.dir/src/message_relay.cpp.o[0m
[0.081s] [ 16%] [32mBuilding CXX object CMakeFiles/state_estimation.dir/src/state_estimation.cpp.o[0m
[0.081s] [ 25%] [32mBuilding CXX object CMakeFiles/quadruped_controller.dir/src/quadruped_controller.cpp.o[0m
[0.230s] In file included from [01m[K/home/hibiki/Robomech_HR/Eglantyne/simulation/src/champ/champ_base/src/state_estimation.cpp:28[m[K:
[0.230s] [01m[K/home/hibiki/Robomech_HR/Eglantyne/simulation/src/champ/champ_base/include/state_estimation.h:35:10:[m[K [01;31m[Kfatal error: [m[Kchamp/odometry/odometry.h: No such file or directory
[0.230s]    35 | #include [01;31m[K<champ/odometry/odometry.h>[m[K
[0.230s]       |          [01;31m[K^~~~~~~~~~~~~~~~~~~~~~~~~~~[m[K
[0.231s] compilation terminated.
[0.232s] gmake[2]: *** [CMakeFiles/state_estimation.dir/build.make:76: CMakeFiles/state_estimation.dir/src/state_estimation.cpp.o] Error 1
[0.233s] gmake[1]: *** [CMakeFiles/Makefile2:251: CMakeFiles/state_estimation.dir/all] Error 2
[0.233s] gmake[1]: *** Waiting for unfinished jobs....
[0.237s] In file included from [01m[K/home/hibiki/Robomech_HR/Eglantyne/simulation/src/champ/champ_base/src/quadruped_controller.cpp:29[m[K:
[0.238s] [01m[K/home/hibiki/Robomech_HR/Eglantyne/simulation/src/champ/champ_base/include/quadruped_controller.h:38:10:[m[K [01;31m[Kfatal error: [m[Kchamp/body_controller/body_controller.h: No such file or directory
[0.238s]    38 | #include [01;31m[K<champ/body_controller/body_controller.h>[m[K
[0.238s]       |          [01;31m[K^~~~~~~~~~~~~~~~~~~~~~~~~~~~~~~~~~~~~~~~~[m[K
[0.238s] compilation terminated.
[0.242s] gmake[2]: *** [CMakeFiles/quadruped_controller.dir/build.make:76: CMakeFiles/quadruped_controller.dir/src/quadruped_controller.cpp.o] Error 1
[0.242s] gmake[1]: *** [CMakeFiles/Makefile2:147: CMakeFiles/quadruped_controller.dir/all] Error 2
[0.295s] In file included from [01m[K/home/hibiki/Robomech_HR/Eglantyne/simulation/src/champ/champ_base/src/message_relay.cpp:28[m[K:
[0.295s] [01m[K/home/hibiki/Robomech_HR/Eglantyne/simulation/src/champ/champ_base/include/message_relay.h:39:10:[m[K [01;31m[Kfatal error: [m[Kchamp/utils/urdf_loader.h: No such file or directory
[0.295s]    39 | #include [01;31m[K<champ/utils/urdf_loader.h>[m[K
[0.295s]       |          [01;31m[K^~~~~~~~~~~~~~~~~~~~~~~~~~~[m[K
[0.295s] compilation terminated.
[0.296s] gmake[2]: *** [CMakeFiles/message_relay.dir/build.make:76: CMakeFiles/message_relay.dir/src/message_relay.cpp.o] Error 1
[0.296s] gmake[1]: *** [CMakeFiles/Makefile2:199: CMakeFiles/message_relay.dir/all] Error 2
[0.296s] gmake: *** [Makefile:146: all] Error 2
[0.323s] Invoked command in '/home/hibiki/Robomech_HR/Eglantyne/simulation/build/champ_base' returned '2': AMENT_PREFIX_PATH=/home/hibiki/Robomech_HR/Eglantyne/simulation/install/champ_msgs:/home/hibiki/Robomech_HR/Eglantyne/simulation/install/champ:${AMENT_PREFIX_PATH} CMAKE_PREFIX_PATH=/home/hibiki/Robomech_HR/Eglantyne/simulation/install/champ_msgs:/opt/ros/humble:/home/hibiki/Robomech_HR/Eglantyne/simulation/install/champ LD_LIBRARY_PATH=/home/hibiki/Robomech_HR/Eglantyne/simulation/install/champ_msgs/lib:/opt/ros/humble/opt/rviz_ogre_vendor/lib:/opt/ros/humble/lib/x86_64-linux-gnu:/opt/ros/humble/lib:/usr/lib/x86_64-linux-gnu/gazebo-11/plugins PYTHONPATH=/home/hibiki/Robomech_HR/Eglantyne/simulation/install/champ_msgs/lib/python3.10/site-packages:${PYTHONPATH} /usr/bin/cmake --build /home/hibiki/Robomech_HR/Eglantyne/simulation/build/champ_base -- -j16 -l16
