[100%] Built target ros2_control_demo_example_5
-- Install configuration: ""
-- Installing: /home/hibiki/Robomech_HR/Eglantyne/simulation/install/ros2_control_demo_example_5/share/ros2_control_demo_example_5/ros2_control_demo_example_5.xml
-- Installing: /home/hibiki/Robomech_HR/Eglantyne/simulation/install/ros2_control_demo_example_5/include/ros2_control_demo_example_5
-- Installing: /home/hibiki/Robomech_HR/Eglantyne/simulation/install/ros2_control_demo_example_5/include/ros2_control_demo_example_5/ros2_control_demo_example_5
-- Installing: /home/hibiki/Robomech_HR/Eglantyne/simulation/install/ros2_control_demo_example_5/include/ros2_control_demo_example_5/ros2_control_demo_example_5/external_rrbot_force_torque_sensor.hpp
-- Installing: /home/hibiki/Robomech_HR/Eglantyne/simulation/install/ros2_control_demo_example_5/include/ros2_control_demo_example_5/ros2_control_demo_example_5/rrbot.hpp
-- Installing: /home/hibiki/Robomech_HR/Eglantyne/simulation/install/ros2_control_demo_example_5/share/ros2_control_demo_example_5/launch
-- Installing: /home/hibiki/Robomech_HR/Eglantyne/simulation/install/ros2_control_demo_example_5/share/ros2_control_demo_example_5/launch/view_robot.launch.py
-- Installing: /home/hibiki/Robomech_HR/Eglantyne/simulation/install/ros2_control_demo_example_5/share/ros2_control_demo_example_5/ros2_control
-- Installing: /home/hibiki/Robomech_HR/Eglantyne/simulation/install/ros2_control_demo_example_5/share/ros2_control_demo_example_5/ros2_control/external_rrbot_force_torque_sensor.ros2_control.xacro
-- Installing: /home/hibiki/Robomech_HR/Eglantyne/simulation/install/ros2_control_demo_example_5/share/ros2_control_demo_example_5/ros2_control/rrbot_system_position_only.ros2_control.xacro
-- Installing: /home/hibiki/Robomech_HR/Eglantyne/simulation/install/ros2_control_demo_example_5/share/ros2_control_demo_example_5/urdf
-- Installing: /home/hibiki/Robomech_HR/Eglantyne/simulation/install/ros2_control_demo_example_5/share/ros2_control_demo_example_5/urdf/rrbot_system_with_external_sensor.urdf.xacro
-- Installing: /home/hibiki/Robomech_HR/Eglantyne/simulation/install/ros2_control_demo_example_5/share/ros2_control_demo_example_5/rviz
-- Installing: /home/hibiki/Robomech_HR/Eglantyne/simulation/install/ros2_control_demo_example_5/share/ros2_control_demo_example_5/rviz/rrbot.rviz
-- Up-to-date: /home/hibiki/Robomech_HR/Eglantyne/simulation/install/ros2_control_demo_example_5/share/ros2_control_demo_example_5/launch
-- Installing: /home/hibiki/Robomech_HR/Eglantyne/simulation/install/ros2_control_demo_example_5/share/ros2_control_demo_example_5/launch/test_forward_position_controller.launch.py
-- Installing: /home/hibiki/Robomech_HR/Eglantyne/simulation/install/ros2_control_demo_example_5/share/ros2_control_demo_example_5/launch/rrbot_system_with_external_sensor.launch.py
-- Installing: /home/hibiki/Robomech_HR/Eglantyne/simulation/install/ros2_control_demo_example_5/share/ros2_control_demo_example_5/config
-- Installing: /home/hibiki/Robomech_HR/Eglantyne/simulation/install/ros2_control_demo_example_5/share/ros2_control_demo_example_5/config/rrbot_with_external_sensor_controllers.yaml
-- Installing: /home/hibiki/Robomech_HR/Eglantyne/simulation/install/ros2_control_demo_example_5/share/ros2_control_demo_example_5/config/rrbot_forward_position_publisher.yaml
-- Installing: /home/hibiki/Robomech_HR/Eglantyne/simulation/install/ros2_control_demo_example_5/lib/libros2_control_demo_example_5.so
-- Set runtime path of "/home/hibiki/Robomech_HR/Eglantyne/simulation/install/ros2_control_demo_example_5/lib/libros2_control_demo_example_5.so" to ""
-- Installing: /home/hibiki/Robomech_HR/Eglantyne/simulation/install/ros2_control_demo_example_5/share/ros2_control_demo_example_5/environment/library_path.sh
-- Installing: /home/hibiki/Robomech_HR/Eglantyne/simulation/install/ros2_control_demo_example_5/share/ros2_control_demo_example_5/environment/library_path.dsv
-- Installing: /home/hibiki/Robomech_HR/Eglantyne/simulation/install/ros2_control_demo_example_5/share/ament_index/resource_index/package_run_dependencies/ros2_control_demo_example_5
-- Installing: /home/hibiki/Robomech_HR/Eglantyne/simulation/install/ros2_control_demo_example_5/share/ament_index/resource_index/parent_prefix_path/ros2_control_demo_example_5
-- Installing: /home/hibiki/Robomech_HR/Eglantyne/simulation/install/ros2_control_demo_example_5/share/ros2_control_demo_example_5/environment/ament_prefix_path.sh
-- Installing: /home/hibiki/Robomech_HR/Eglantyne/simulation/install/ros2_control_demo_example_5/share/ros2_control_demo_example_5/environment/ament_prefix_path.dsv
-- Installing: /home/hibiki/Robomech_HR/Eglantyne/simulation/install/ros2_control_demo_example_5/share/ros2_control_demo_example_5/environment/path.sh
-- Installing: /home/hibiki/Robomech_HR/Eglantyne/simulation/install/ros2_control_demo_example_5/share/ros2_control_demo_example_5/environment/path.dsv
-- Installing: /home/hibiki/Robomech_HR/Eglantyne/simulation/install/ros2_control_demo_example_5/share/ros2_control_demo_example_5/local_setup.bash
-- Installing: /home/hibiki/Robomech_HR/Eglantyne/simulation/install/ros2_control_demo_example_5/share/ros2_control_demo_example_5/local_setup.sh
-- Installing: /home/hibiki/Robomech_HR/Eglantyne/simulation/install/ros2_control_demo_example_5/share/ros2_control_demo_example_5/local_setup.zsh
-- Installing: /home/hibiki/Robomech_HR/Eglantyne/simulation/install/ros2_control_demo_example_5/share/ros2_control_demo_example_5/local_setup.dsv
-- Installing: /home/hibiki/Robomech_HR/Eglantyne/simulation/install/ros2_control_demo_example_5/share/ros2_control_demo_example_5/package.dsv
-- Installing: /home/hibiki/Robomech_HR/Eglantyne/simulation/install/ros2_control_demo_example_5/share/ament_index/resource_index/packages/ros2_control_demo_example_5
-- Installing: /home/hibiki/Robomech_HR/Eglantyne/simulation/install/ros2_control_demo_example_5/share/ament_index/resource_index/hardware_interface__pluginlib__plugin/ros2_control_demo_example_5
-- Installing: /home/hibiki/Robomech_HR/Eglantyne/simulation/install/ros2_control_demo_example_5/share/ros2_control_demo_example_5/cmake/export_ros2_control_demo_example_5Export.cmake
-- Installing: /home/hibiki/Robomech_HR/Eglantyne/simulation/install/ros2_control_demo_example_5/share/ros2_control_demo_example_5/cmake/export_ros2_control_demo_example_5Export-noconfig.cmake
-- Installing: /home/hibiki/Robomech_HR/Eglantyne/simulation/install/ros2_control_demo_example_5/share/ros2_control_demo_example_5/cmake/ament_cmake_export_targets-extras.cmake
-- Installing: /home/hibiki/Robomech_HR/Eglantyne/simulation/install/ros2_control_demo_example_5/share/ros2_control_demo_example_5/cmake/ament_cmake_export_dependencies-extras.cmake
-- Installing: /home/hibiki/Robomech_HR/Eglantyne/simulation/install/ros2_control_demo_example_5/share/ros2_control_demo_example_5/cmake/ros2_control_demo_example_5Config.cmake
-- Installing: /home/hibiki/Robomech_HR/Eglantyne/simulation/install/ros2_control_demo_example_5/share/ros2_control_demo_example_5/cmake/ros2_control_demo_example_5Config-version.cmake
-- Installing: /home/hibiki/Robomech_HR/Eglantyne/simulation/install/ros2_control_demo_example_5/share/ros2_control_demo_example_5/package.xml
