[0.009s] Invoking command in '/home/hibiki/Robomech_HR/Eglantyne/simulation/build/champ_gazebo': CMAKE_PREFIX_PATH=/home/hibiki/Robomech_HR/Eglantyne/simulation/install/champ_msgs:/home/hibiki/Robomech_HR/Eglantyne/simulation/install/ros2_control_demo_testing:/opt/ros/humble:/home/hibiki/Robomech_HR/Eglantyne/simulation/install/champ:/home/hibiki/Robomech_HR/Eglantyne/simulation/install/simple_sim:/home/hibiki/Robomech_HR/Eglantyne/simulation/install/ros2_control_demos:/home/hibiki/Robomech_HR/Eglantyne/simulation/install/ros2_control_demo_example_9:/home/hibiki/Robomech_HR/Eglantyne/simulation/install/ros2_control_demo_example_8:/home/hibiki/Robomech_HR/Eglantyne/simulation/install/ros2_control_demo_example_7:/home/hibiki/Robomech_HR/Eglantyne/simulation/install/ros2_control_demo_example_6:/home/hibiki/Robomech_HR/Eglantyne/simulation/install/ros2_control_demo_example_15:/home/hibiki/Robomech_HR/Eglantyne/simulation/install/ros2_control_demo_example_5:/home/hibiki/Robomech_HR/Eglantyne/simulation/install/ros2_control_demo_example_4:/home/hibiki/Robomech_HR/Eglantyne/simulation/install/ros2_control_demo_example_3:/home/hibiki/Robomech_HR/Eglantyne/simulation/install/ros2_control_demo_example_2:/home/hibiki/Robomech_HR/Eglantyne/simulation/install/ros2_control_demo_example_14:/home/hibiki/Robomech_HR/Eglantyne/simulation/install/ros2_control_demo_example_12:/home/hibiki/Robomech_HR/Eglantyne/simulation/install/ros2_control_demo_example_11:/home/hibiki/Robomech_HR/Eglantyne/simulation/install/ros2_control_demo_example_10:/home/hibiki/Robomech_HR/Eglantyne/simulation/install/ros2_control_demo_example_1:/home/hibiki/Robomech_HR/Eglantyne/simulation/install/ros2_control_demo_description:/home/hibiki/Robomech_HR/Eglantyne/simulation/install/gazebo_ros2_control_demos:/home/hibiki/Robomech_HR/Eglantyne/simulation/install/champ_teleop:/home/hibiki/Robomech_HR/Eglantyne/simulation/install/champ_navigation:/home/hibiki/Robomech_HR/Eglantyne/simulation/install/champ_description:/home/hibiki/Robomech_HR/Eglantyne/simulation/install/champ_config LD_LIBRARY_PATH=/home/hibiki/Robomech_HR/Eglantyne/simulation/install/champ_msgs/lib:/home/hibiki/Robomech_HR/Eglantyne/simulation/install/simple_sim/lib:/home/hibiki/Robomech_HR/Eglantyne/simulation/install/ros2_control_demo_example_9/lib:/home/hibiki/Robomech_HR/Eglantyne/simulation/install/ros2_control_demo_example_8/lib:/home/hibiki/Robomech_HR/Eglantyne/simulation/install/ros2_control_demo_example_7/lib:/home/hibiki/Robomech_HR/Eglantyne/simulation/install/ros2_control_demo_example_6/lib:/home/hibiki/Robomech_HR/Eglantyne/simulation/install/ros2_control_demo_example_5/lib:/home/hibiki/Robomech_HR/Eglantyne/simulation/install/ros2_control_demo_example_4/lib:/home/hibiki/Robomech_HR/Eglantyne/simulation/install/ros2_control_demo_example_3/lib:/home/hibiki/Robomech_HR/Eglantyne/simulation/install/ros2_control_demo_example_2/lib:/home/hibiki/Robomech_HR/Eglantyne/simulation/install/ros2_control_demo_example_14/lib:/home/hibiki/Robomech_HR/Eglantyne/simulation/install/ros2_control_demo_example_12/lib:/home/hibiki/Robomech_HR/Eglantyne/simulation/install/ros2_control_demo_example_11/lib:/home/hibiki/Robomech_HR/Eglantyne/simulation/install/ros2_control_demo_example_10/lib:/home/hibiki/Robomech_HR/Eglantyne/simulation/install/ros2_control_demo_example_1/lib:/opt/ros/humble/opt/rviz_ogre_vendor/lib:/opt/ros/humble/lib/x86_64-linux-gnu:/opt/ros/humble/lib:/usr/lib/x86_64-linux-gnu/gazebo-11/plugins PYTHONPATH=/home/hibiki/Robomech_HR/Eglantyne/simulation/install/champ_msgs/lib/python3.10/site-packages:/home/hibiki/Robomech_HR/Eglantyne/simulation/install/simple_sim/lib/python3.10/site-packages:/home/hibiki/Robomech_HR/Eglantyne/simulation/install/ros2_control_demo_testing/lib/python3.10/site-packages:/opt/ros/humble/lib/python3.10/site-packages:/opt/ros/humble/local/lib/python3.10/dist-packages /usr/bin/cmake --build /home/hibiki/Robomech_HR/Eglantyne/simulation/build/champ_gazebo -- -j16 -l16
[0.023s] -- Found ament_cmake: 1.3.10 (/opt/ros/humble/share/ament_cmake/cmake)
[0.077s] -- Found rclcpp: 16.0.10 (/opt/ros/humble/share/rclcpp/cmake)
[0.094s] -- Found rosidl_generator_c: 3.1.5 (/opt/ros/humble/share/rosidl_generator_c/cmake)
[0.096s] -- Found rosidl_adapter: 3.1.5 (/opt/ros/humble/share/rosidl_adapter/cmake)
[0.099s] -- Found rosidl_generator_cpp: 3.1.5 (/opt/ros/humble/share/rosidl_generator_cpp/cmake)
[0.105s] -- Using all available rosidl_typesupport_c: rosidl_typesupport_fastrtps_c;rosidl_typesupport_introspection_c
[0.113s] -- Using all available rosidl_typesupport_cpp: rosidl_typesupport_fastrtps_cpp;rosidl_typesupport_introspection_cpp
[0.133s] -- Found rmw_implementation_cmake: 6.1.2 (/opt/ros/humble/share/rmw_implementation_cmake/cmake)
[0.134s] -- Found rmw_fastrtps_cpp: 6.2.7 (/opt/ros/humble/share/rmw_fastrtps_cpp/cmake)
[0.213s] -- Using RMW implementation 'rmw_fastrtps_cpp' as default
[0.242s] -- Found urdf: 2.6.1 (/opt/ros/humble/share/urdf/cmake)
[0.256s] -- Found champ: 0.1.0 (/home/hibiki/Robomech_HR/Eglantyne/simulation/install/champ/share/champ/cmake)
[0.257s] -- Found champ_msgs: 0.1.0 (/home/hibiki/Robomech_HR/Eglantyne/simulation/install/champ_msgs/share/champ_msgs/cmake)
[0.273s] -- Found gazebo_ros2_control: 0.4.10 (/opt/ros/humble/share/gazebo_ros2_control/cmake)
[0.380s] -- Found DART: /usr/include (Required is at least version "6.6") found components: dart 
[0.399s] -- Found Protobuf: /usr/lib/x86_64-linux-gnu/libprotobuf.so (found version "3.12.4") 
[0.400s] -- Looking for ignition-math6 -- found version 6.15.1
[0.403s] -- Searching for dependencies of ignition-math6
[0.404s] -- Looking for OGRE...
[0.409s] -- Found Ogre Ghadamon (1.9.0)
[0.409s] -- Found OGRE: optimized;/usr/lib/x86_64-linux-gnu/libOgreMain.so;debug;/usr/lib/x86_64-linux-gnu/libOgreMain.so
[0.418s] -- Looking for OGRE_Paging...
[0.418s] -- Found OGRE_Paging: optimized;/usr/lib/x86_64-linux-gnu/libOgrePaging.so;debug;/usr/lib/x86_64-linux-gnu/libOgrePaging.so
[0.418s] -- Looking for OGRE_Terrain...
[0.418s] -- Found OGRE_Terrain: optimized;/usr/lib/x86_64-linux-gnu/libOgreTerrain.so;debug;/usr/lib/x86_64-linux-gnu/libOgreTerrain.so
[0.418s] -- Looking for OGRE_Property...
[0.419s] -- Found OGRE_Property: optimized;/usr/lib/x86_64-linux-gnu/libOgreProperty.so;debug;/usr/lib/x86_64-linux-gnu/libOgreProperty.so
[0.419s] -- Looking for OGRE_RTShaderSystem...
[0.419s] -- Found OGRE_RTShaderSystem: optimized;/usr/lib/x86_64-linux-gnu/libOgreRTShaderSystem.so;debug;/usr/lib/x86_64-linux-gnu/libOgreRTShaderSystem.so
[0.419s] -- Looking for OGRE_Volume...
[0.419s] -- Found OGRE_Volume: optimized;/usr/lib/x86_64-linux-gnu/libOgreVolume.so;debug;/usr/lib/x86_64-linux-gnu/libOgreVolume.so
[0.419s] -- Looking for OGRE_Overlay...
[0.419s] -- Found OGRE_Overlay: optimized;/usr/lib/x86_64-linux-gnu/libOgreOverlay.so;debug;/usr/lib/x86_64-linux-gnu/libOgreOverlay.so
[0.538s] -- Looking for ignition-math6 -- found version 6.15.1
[0.538s] -- Looking for ignition-transport8 -- found version 8.2.1
[0.538s] -- Searching for dependencies of ignition-transport8
[0.553s] -- Found Protobuf: /usr/lib/x86_64-linux-gnu/libprotobuf.so (found suitable version "3.12.4", minimum required is "3") 
[0.566s] -- Config-file not installed for ZeroMQ -- checking for pkg-config
[0.571s] -- Checking for module 'libzmq >= 4'
[0.583s] --   Found libzmq , version 4.3.4
[0.620s] -- Checking for module 'uuid'
[0.631s] --   Found uuid, version 2.37.2
[0.654s] -- Looking for ignition-msgs5 -- found version 5.8.1
[0.654s] -- Searching for dependencies of ignition-msgs5
[0.671s] -- Looking for ignition-math6 -- found version 6.15.1
[0.676s] -- Looking for ignition-msgs5 -- found version 5.8.1
[0.676s] -- Looking for ignition-common3 -- found version 3.14.0
[0.677s] -- Searching for dependencies of ignition-common3
[0.677s] -- Looking for dlfcn.h - found
[0.677s] -- Looking for libdl - found
[0.686s] -- Searching for <ignition-common3> component [graphics]
[0.686s] -- Looking for ignition-common3-graphics -- found version 3.14.0
[0.686s] -- Searching for dependencies of ignition-common3-graphics
[0.687s] -- Looking for ignition-math6 -- found version 6.15.1
[0.687s] -- Looking for ignition-fuel_tools4 -- found version 4.4.0
[0.688s] -- Searching for dependencies of ignition-fuel_tools4
[0.727s] -- Checking for module 'jsoncpp'
[0.739s] --   Found jsoncpp, version 1.9.5
[0.771s] -- Checking for module 'libzip'
[0.783s] --   Found libzip, version 1.7.3
[0.812s] -- Looking for ignition-common3 -- found version 3.14.0
[0.812s] -- Looking for ignition-math6 -- found version 6.15.1
[0.812s] -- Looking for ignition-msgs5 -- found version 5.8.1
[0.814s] -- Gazebo version: 11.10
[0.930s] -- Configuring done
[0.960s] -- Generating done
[0.961s] -- Build files have been written to: /home/hibiki/Robomech_HR/Eglantyne/simulation/build/champ_gazebo
[0.987s] [ 50%] [32mBuilding CXX object CMakeFiles/contact_sensor.dir/src/contact_sensor.cpp.o[0m
[11.811s] [100%] [32m[1mLinking CXX executable contact_sensor[0m
[13.361s] [100%] Built target contact_sensor
[13.369s] Invoked command in '/home/hibiki/Robomech_HR/Eglantyne/simulation/build/champ_gazebo' returned '0': CMAKE_PREFIX_PATH=/home/hibiki/Robomech_HR/Eglantyne/simulation/install/champ_msgs:/home/hibiki/Robomech_HR/Eglantyne/simulation/install/ros2_control_demo_testing:/opt/ros/humble:/home/hibiki/Robomech_HR/Eglantyne/simulation/install/champ:/home/hibiki/Robomech_HR/Eglantyne/simulation/install/simple_sim:/home/hibiki/Robomech_HR/Eglantyne/simulation/install/ros2_control_demos:/home/hibiki/Robomech_HR/Eglantyne/simulation/install/ros2_control_demo_example_9:/home/hibiki/Robomech_HR/Eglantyne/simulation/install/ros2_control_demo_example_8:/home/hibiki/Robomech_HR/Eglantyne/simulation/install/ros2_control_demo_example_7:/home/hibiki/Robomech_HR/Eglantyne/simulation/install/ros2_control_demo_example_6:/home/hibiki/Robomech_HR/Eglantyne/simulation/install/ros2_control_demo_example_15:/home/hibiki/Robomech_HR/Eglantyne/simulation/install/ros2_control_demo_example_5:/home/hibiki/Robomech_HR/Eglantyne/simulation/install/ros2_control_demo_example_4:/home/hibiki/Robomech_HR/Eglantyne/simulation/install/ros2_control_demo_example_3:/home/hibiki/Robomech_HR/Eglantyne/simulation/install/ros2_control_demo_example_2:/home/hibiki/Robomech_HR/Eglantyne/simulation/install/ros2_control_demo_example_14:/home/hibiki/Robomech_HR/Eglantyne/simulation/install/ros2_control_demo_example_12:/home/hibiki/Robomech_HR/Eglantyne/simulation/install/ros2_control_demo_example_11:/home/hibiki/Robomech_HR/Eglantyne/simulation/install/ros2_control_demo_example_10:/home/hibiki/Robomech_HR/Eglantyne/simulation/install/ros2_control_demo_example_1:/home/hibiki/Robomech_HR/Eglantyne/simulation/install/ros2_control_demo_description:/home/hibiki/Robomech_HR/Eglantyne/simulation/install/gazebo_ros2_control_demos:/home/hibiki/Robomech_HR/Eglantyne/simulation/install/champ_teleop:/home/hibiki/Robomech_HR/Eglantyne/simulation/install/champ_navigation:/home/hibiki/Robomech_HR/Eglantyne/simulation/install/champ_description:/home/hibiki/Robomech_HR/Eglantyne/simulation/install/champ_config LD_LIBRARY_PATH=/home/hibiki/Robomech_HR/Eglantyne/simulation/install/champ_msgs/lib:/home/hibiki/Robomech_HR/Eglantyne/simulation/install/simple_sim/lib:/home/hibiki/Robomech_HR/Eglantyne/simulation/install/ros2_control_demo_example_9/lib:/home/hibiki/Robomech_HR/Eglantyne/simulation/install/ros2_control_demo_example_8/lib:/home/hibiki/Robomech_HR/Eglantyne/simulation/install/ros2_control_demo_example_7/lib:/home/hibiki/Robomech_HR/Eglantyne/simulation/install/ros2_control_demo_example_6/lib:/home/hibiki/Robomech_HR/Eglantyne/simulation/install/ros2_control_demo_example_5/lib:/home/hibiki/Robomech_HR/Eglantyne/simulation/install/ros2_control_demo_example_4/lib:/home/hibiki/Robomech_HR/Eglantyne/simulation/install/ros2_control_demo_example_3/lib:/home/hibiki/Robomech_HR/Eglantyne/simulation/install/ros2_control_demo_example_2/lib:/home/hibiki/Robomech_HR/Eglantyne/simulation/install/ros2_control_demo_example_14/lib:/home/hibiki/Robomech_HR/Eglantyne/simulation/install/ros2_control_demo_example_12/lib:/home/hibiki/Robomech_HR/Eglantyne/simulation/install/ros2_control_demo_example_11/lib:/home/hibiki/Robomech_HR/Eglantyne/simulation/install/ros2_control_demo_example_10/lib:/home/hibiki/Robomech_HR/Eglantyne/simulation/install/ros2_control_demo_example_1/lib:/opt/ros/humble/opt/rviz_ogre_vendor/lib:/opt/ros/humble/lib/x86_64-linux-gnu:/opt/ros/humble/lib:/usr/lib/x86_64-linux-gnu/gazebo-11/plugins PYTHONPATH=/home/hibiki/Robomech_HR/Eglantyne/simulation/install/champ_msgs/lib/python3.10/site-packages:/home/hibiki/Robomech_HR/Eglantyne/simulation/install/simple_sim/lib/python3.10/site-packages:/home/hibiki/Robomech_HR/Eglantyne/simulation/install/ros2_control_demo_testing/lib/python3.10/site-packages:/opt/ros/humble/lib/python3.10/site-packages:/opt/ros/humble/local/lib/python3.10/dist-packages /usr/bin/cmake --build /home/hibiki/Robomech_HR/Eglantyne/simulation/build/champ_gazebo -- -j16 -l16
[13.407s] Invoking command in '/home/hibiki/Robomech_HR/Eglantyne/simulation/build/champ_gazebo': CMAKE_PREFIX_PATH=/home/hibiki/Robomech_HR/Eglantyne/simulation/install/champ_msgs:/home/hibiki/Robomech_HR/Eglantyne/simulation/install/ros2_control_demo_testing:/opt/ros/humble:/home/hibiki/Robomech_HR/Eglantyne/simulation/install/champ:/home/hibiki/Robomech_HR/Eglantyne/simulation/install/simple_sim:/home/hibiki/Robomech_HR/Eglantyne/simulation/install/ros2_control_demos:/home/hibiki/Robomech_HR/Eglantyne/simulation/install/ros2_control_demo_example_9:/home/hibiki/Robomech_HR/Eglantyne/simulation/install/ros2_control_demo_example_8:/home/hibiki/Robomech_HR/Eglantyne/simulation/install/ros2_control_demo_example_7:/home/hibiki/Robomech_HR/Eglantyne/simulation/install/ros2_control_demo_example_6:/home/hibiki/Robomech_HR/Eglantyne/simulation/install/ros2_control_demo_example_15:/home/hibiki/Robomech_HR/Eglantyne/simulation/install/ros2_control_demo_example_5:/home/hibiki/Robomech_HR/Eglantyne/simulation/install/ros2_control_demo_example_4:/home/hibiki/Robomech_HR/Eglantyne/simulation/install/ros2_control_demo_example_3:/home/hibiki/Robomech_HR/Eglantyne/simulation/install/ros2_control_demo_example_2:/home/hibiki/Robomech_HR/Eglantyne/simulation/install/ros2_control_demo_example_14:/home/hibiki/Robomech_HR/Eglantyne/simulation/install/ros2_control_demo_example_12:/home/hibiki/Robomech_HR/Eglantyne/simulation/install/ros2_control_demo_example_11:/home/hibiki/Robomech_HR/Eglantyne/simulation/install/ros2_control_demo_example_10:/home/hibiki/Robomech_HR/Eglantyne/simulation/install/ros2_control_demo_example_1:/home/hibiki/Robomech_HR/Eglantyne/simulation/install/ros2_control_demo_description:/home/hibiki/Robomech_HR/Eglantyne/simulation/install/gazebo_ros2_control_demos:/home/hibiki/Robomech_HR/Eglantyne/simulation/install/champ_teleop:/home/hibiki/Robomech_HR/Eglantyne/simulation/install/champ_navigation:/home/hibiki/Robomech_HR/Eglantyne/simulation/install/champ_description:/home/hibiki/Robomech_HR/Eglantyne/simulation/install/champ_config LD_LIBRARY_PATH=/home/hibiki/Robomech_HR/Eglantyne/simulation/install/champ_msgs/lib:/home/hibiki/Robomech_HR/Eglantyne/simulation/install/simple_sim/lib:/home/hibiki/Robomech_HR/Eglantyne/simulation/install/ros2_control_demo_example_9/lib:/home/hibiki/Robomech_HR/Eglantyne/simulation/install/ros2_control_demo_example_8/lib:/home/hibiki/Robomech_HR/Eglantyne/simulation/install/ros2_control_demo_example_7/lib:/home/hibiki/Robomech_HR/Eglantyne/simulation/install/ros2_control_demo_example_6/lib:/home/hibiki/Robomech_HR/Eglantyne/simulation/install/ros2_control_demo_example_5/lib:/home/hibiki/Robomech_HR/Eglantyne/simulation/install/ros2_control_demo_example_4/lib:/home/hibiki/Robomech_HR/Eglantyne/simulation/install/ros2_control_demo_example_3/lib:/home/hibiki/Robomech_HR/Eglantyne/simulation/install/ros2_control_demo_example_2/lib:/home/hibiki/Robomech_HR/Eglantyne/simulation/install/ros2_control_demo_example_14/lib:/home/hibiki/Robomech_HR/Eglantyne/simulation/install/ros2_control_demo_example_12/lib:/home/hibiki/Robomech_HR/Eglantyne/simulation/install/ros2_control_demo_example_11/lib:/home/hibiki/Robomech_HR/Eglantyne/simulation/install/ros2_control_demo_example_10/lib:/home/hibiki/Robomech_HR/Eglantyne/simulation/install/ros2_control_demo_example_1/lib:/opt/ros/humble/opt/rviz_ogre_vendor/lib:/opt/ros/humble/lib/x86_64-linux-gnu:/opt/ros/humble/lib:/usr/lib/x86_64-linux-gnu/gazebo-11/plugins PYTHONPATH=/home/hibiki/Robomech_HR/Eglantyne/simulation/install/champ_msgs/lib/python3.10/site-packages:/home/hibiki/Robomech_HR/Eglantyne/simulation/install/simple_sim/lib/python3.10/site-packages:/home/hibiki/Robomech_HR/Eglantyne/simulation/install/ros2_control_demo_testing/lib/python3.10/site-packages:/opt/ros/humble/lib/python3.10/site-packages:/opt/ros/humble/local/lib/python3.10/dist-packages /usr/bin/cmake --install /home/hibiki/Robomech_HR/Eglantyne/simulation/build/champ_gazebo
[13.411s] -- Install configuration: ""
[13.412s] -- Installing: /home/hibiki/Robomech_HR/Eglantyne/simulation/install/champ_gazebo/bin/imu_sensor.py
[13.412s] -- Installing: /home/hibiki/Robomech_HR/Eglantyne/simulation/install/champ_gazebo/bin/odometry_tf.py
[13.412s] -- Installing: /home/hibiki/Robomech_HR/Eglantyne/simulation/install/champ_gazebo/bin/odometry.py
[13.412s] -- Installing: /home/hibiki/Robomech_HR/Eglantyne/simulation/install/champ_gazebo/lib/champ_gazebo/contact_sensor
[13.413s] -- Set runtime path of "/home/hibiki/Robomech_HR/Eglantyne/simulation/install/champ_gazebo/lib/champ_gazebo/contact_sensor" to ""
[13.414s] -- Installing: /home/hibiki/Robomech_HR/Eglantyne/simulation/install/champ_gazebo/share/champ_gazebo/launch
[13.414s] -- Installing: /home/hibiki/Robomech_HR/Eglantyne/simulation/install/champ_gazebo/share/champ_gazebo/launch/gazebo.launch
[13.414s] -- Installing: /home/hibiki/Robomech_HR/Eglantyne/simulation/install/champ_gazebo/share/champ_gazebo/launch/gazebo.launch.py
[13.414s] -- Installing: /home/hibiki/Robomech_HR/Eglantyne/simulation/install/champ_gazebo/share/champ_gazebo/launch/spawn_robot.launch
[13.414s] -- Installing: /home/hibiki/Robomech_HR/Eglantyne/simulation/install/champ_gazebo/share/champ_gazebo/launch/spawn_world.launch
[13.414s] -- Installing: /home/hibiki/Robomech_HR/Eglantyne/simulation/install/champ_gazebo/share/champ_gazebo/config
[13.414s] -- Installing: /home/hibiki/Robomech_HR/Eglantyne/simulation/install/champ_gazebo/share/champ_gazebo/config/gazebo.yaml
[13.414s] -- Installing: /home/hibiki/Robomech_HR/Eglantyne/simulation/install/champ_gazebo/share/champ_gazebo/config/ros_control.yaml
[13.414s] -- Installing: /home/hibiki/Robomech_HR/Eglantyne/simulation/install/champ_gazebo/share/champ_gazebo/worlds
[13.414s] -- Installing: /home/hibiki/Robomech_HR/Eglantyne/simulation/install/champ_gazebo/share/champ_gazebo/worlds/default.world
[13.414s] -- Installing: /home/hibiki/Robomech_HR/Eglantyne/simulation/install/champ_gazebo/share/champ_gazebo/worlds/playground.world
[13.414s] -- Installing: /home/hibiki/Robomech_HR/Eglantyne/simulation/install/champ_gazebo/share/champ_gazebo/worlds/outdoor.world
[13.414s] -- Installing: /home/hibiki/Robomech_HR/Eglantyne/simulation/install/champ_gazebo/share/ament_index/resource_index/package_run_dependencies/champ_gazebo
[13.414s] -- Installing: /home/hibiki/Robomech_HR/Eglantyne/simulation/install/champ_gazebo/share/ament_index/resource_index/parent_prefix_path/champ_gazebo
[13.414s] -- Installing: /home/hibiki/Robomech_HR/Eglantyne/simulation/install/champ_gazebo/share/champ_gazebo/environment/ament_prefix_path.sh
[13.415s] -- Installing: /home/hibiki/Robomech_HR/Eglantyne/simulation/install/champ_gazebo/share/champ_gazebo/environment/ament_prefix_path.dsv
[13.415s] -- Installing: /home/hibiki/Robomech_HR/Eglantyne/simulation/install/champ_gazebo/share/champ_gazebo/environment/path.sh
[13.415s] -- Installing: /home/hibiki/Robomech_HR/Eglantyne/simulation/install/champ_gazebo/share/champ_gazebo/environment/path.dsv
[13.415s] -- Installing: /home/hibiki/Robomech_HR/Eglantyne/simulation/install/champ_gazebo/share/champ_gazebo/local_setup.bash
[13.415s] -- Installing: /home/hibiki/Robomech_HR/Eglantyne/simulation/install/champ_gazebo/share/champ_gazebo/local_setup.sh
[13.415s] -- Installing: /home/hibiki/Robomech_HR/Eglantyne/simulation/install/champ_gazebo/share/champ_gazebo/local_setup.zsh
[13.415s] -- Installing: /home/hibiki/Robomech_HR/Eglantyne/simulation/install/champ_gazebo/share/champ_gazebo/local_setup.dsv
[13.415s] -- Installing: /home/hibiki/Robomech_HR/Eglantyne/simulation/install/champ_gazebo/share/champ_gazebo/package.dsv
[13.415s] -- Installing: /home/hibiki/Robomech_HR/Eglantyne/simulation/install/champ_gazebo/share/ament_index/resource_index/packages/champ_gazebo
[13.415s] -- Installing: /home/hibiki/Robomech_HR/Eglantyne/simulation/install/champ_gazebo/share/champ_gazebo/cmake/ament_cmake_export_include_directories-extras.cmake
[13.415s] -- Installing: /home/hibiki/Robomech_HR/Eglantyne/simulation/install/champ_gazebo/share/champ_gazebo/cmake/ament_cmake_export_dependencies-extras.cmake
[13.415s] -- Installing: /home/hibiki/Robomech_HR/Eglantyne/simulation/install/champ_gazebo/share/champ_gazebo/cmake/champ_gazeboConfig.cmake
[13.415s] -- Installing: /home/hibiki/Robomech_HR/Eglantyne/simulation/install/champ_gazebo/share/champ_gazebo/cmake/champ_gazeboConfig-version.cmake
[13.415s] -- Installing: /home/hibiki/Robomech_HR/Eglantyne/simulation/install/champ_gazebo/share/champ_gazebo/package.xml
[13.418s] Invoked command in '/home/hibiki/Robomech_HR/Eglantyne/simulation/build/champ_gazebo' returned '0': CMAKE_PREFIX_PATH=/home/hibiki/Robomech_HR/Eglantyne/simulation/install/champ_msgs:/home/hibiki/Robomech_HR/Eglantyne/simulation/install/ros2_control_demo_testing:/opt/ros/humble:/home/hibiki/Robomech_HR/Eglantyne/simulation/install/champ:/home/hibiki/Robomech_HR/Eglantyne/simulation/install/simple_sim:/home/hibiki/Robomech_HR/Eglantyne/simulation/install/ros2_control_demos:/home/hibiki/Robomech_HR/Eglantyne/simulation/install/ros2_control_demo_example_9:/home/hibiki/Robomech_HR/Eglantyne/simulation/install/ros2_control_demo_example_8:/home/hibiki/Robomech_HR/Eglantyne/simulation/install/ros2_control_demo_example_7:/home/hibiki/Robomech_HR/Eglantyne/simulation/install/ros2_control_demo_example_6:/home/hibiki/Robomech_HR/Eglantyne/simulation/install/ros2_control_demo_example_15:/home/hibiki/Robomech_HR/Eglantyne/simulation/install/ros2_control_demo_example_5:/home/hibiki/Robomech_HR/Eglantyne/simulation/install/ros2_control_demo_example_4:/home/hibiki/Robomech_HR/Eglantyne/simulation/install/ros2_control_demo_example_3:/home/hibiki/Robomech_HR/Eglantyne/simulation/install/ros2_control_demo_example_2:/home/hibiki/Robomech_HR/Eglantyne/simulation/install/ros2_control_demo_example_14:/home/hibiki/Robomech_HR/Eglantyne/simulation/install/ros2_control_demo_example_12:/home/hibiki/Robomech_HR/Eglantyne/simulation/install/ros2_control_demo_example_11:/home/hibiki/Robomech_HR/Eglantyne/simulation/install/ros2_control_demo_example_10:/home/hibiki/Robomech_HR/Eglantyne/simulation/install/ros2_control_demo_example_1:/home/hibiki/Robomech_HR/Eglantyne/simulation/install/ros2_control_demo_description:/home/hibiki/Robomech_HR/Eglantyne/simulation/install/gazebo_ros2_control_demos:/home/hibiki/Robomech_HR/Eglantyne/simulation/install/champ_teleop:/home/hibiki/Robomech_HR/Eglantyne/simulation/install/champ_navigation:/home/hibiki/Robomech_HR/Eglantyne/simulation/install/champ_description:/home/hibiki/Robomech_HR/Eglantyne/simulation/install/champ_config LD_LIBRARY_PATH=/home/hibiki/Robomech_HR/Eglantyne/simulation/install/champ_msgs/lib:/home/hibiki/Robomech_HR/Eglantyne/simulation/install/simple_sim/lib:/home/hibiki/Robomech_HR/Eglantyne/simulation/install/ros2_control_demo_example_9/lib:/home/hibiki/Robomech_HR/Eglantyne/simulation/install/ros2_control_demo_example_8/lib:/home/hibiki/Robomech_HR/Eglantyne/simulation/install/ros2_control_demo_example_7/lib:/home/hibiki/Robomech_HR/Eglantyne/simulation/install/ros2_control_demo_example_6/lib:/home/hibiki/Robomech_HR/Eglantyne/simulation/install/ros2_control_demo_example_5/lib:/home/hibiki/Robomech_HR/Eglantyne/simulation/install/ros2_control_demo_example_4/lib:/home/hibiki/Robomech_HR/Eglantyne/simulation/install/ros2_control_demo_example_3/lib:/home/hibiki/Robomech_HR/Eglantyne/simulation/install/ros2_control_demo_example_2/lib:/home/hibiki/Robomech_HR/Eglantyne/simulation/install/ros2_control_demo_example_14/lib:/home/hibiki/Robomech_HR/Eglantyne/simulation/install/ros2_control_demo_example_12/lib:/home/hibiki/Robomech_HR/Eglantyne/simulation/install/ros2_control_demo_example_11/lib:/home/hibiki/Robomech_HR/Eglantyne/simulation/install/ros2_control_demo_example_10/lib:/home/hibiki/Robomech_HR/Eglantyne/simulation/install/ros2_control_demo_example_1/lib:/opt/ros/humble/opt/rviz_ogre_vendor/lib:/opt/ros/humble/lib/x86_64-linux-gnu:/opt/ros/humble/lib:/usr/lib/x86_64-linux-gnu/gazebo-11/plugins PYTHONPATH=/home/hibiki/Robomech_HR/Eglantyne/simulation/install/champ_msgs/lib/python3.10/site-packages:/home/hibiki/Robomech_HR/Eglantyne/simulation/install/simple_sim/lib/python3.10/site-packages:/home/hibiki/Robomech_HR/Eglantyne/simulation/install/ros2_control_demo_testing/lib/python3.10/site-packages:/opt/ros/humble/lib/python3.10/site-packages:/opt/ros/humble/local/lib/python3.10/dist-packages /usr/bin/cmake --install /home/hibiki/Robomech_HR/Eglantyne/simulation/build/champ_gazebo
