[0.123s] Invoking command in '/home/hibiki/Robomech_HR/Eglantyne/simulation/build/champ': CMAKE_PREFIX_PATH=/opt/ros/humble /usr/bin/cmake /home/hibiki/Robomech_HR/Eglantyne/simulation/src/champ/champ -DCMAKE_INSTALL_PREFIX=/home/hibiki/Robomech_HR/Eglantyne/simulation/install/champ
[0.133s] -- Found ament_cmake: 1.3.10 (/opt/ros/humble/share/ament_cmake/cmake)
[0.366s] -- Found Python3: /home/hibiki/.espressif/python_env/idf5.4_py3.10_env/bin/python3 (found version "3.10.12") found components: Interpreter 
[0.457s] -- Found rclcpp: 16.0.10 (/opt/ros/humble/share/rclcpp/cmake)
[0.532s] -- Found rosidl_generator_c: 3.1.5 (/opt/ros/humble/share/rosidl_generator_c/cmake)
[0.537s] -- Found rosidl_adapter: 3.1.5 (/opt/ros/humble/share/rosidl_adapter/cmake)
[0.548s] -- Found rosidl_generator_cpp: 3.1.5 (/opt/ros/humble/share/rosidl_generator_cpp/cmake)
[0.566s] -- Using all available rosidl_typesupport_c: rosidl_typesupport_fastrtps_c;rosidl_typesupport_introspection_c
[0.588s] -- Using all available rosidl_typesupport_cpp: rosidl_typesupport_fastrtps_cpp;rosidl_typesupport_introspection_cpp
[0.648s] -- Found rmw_implementation_cmake: 6.1.2 (/opt/ros/humble/share/rmw_implementation_cmake/cmake)
[0.651s] -- Found rmw_fastrtps_cpp: 6.2.7 (/opt/ros/humble/share/rmw_fastrtps_cpp/cmake)
[0.734s] -- Found OpenSSL: /usr/lib/x86_64-linux-gnu/libcrypto.so (found version "3.0.2")  
[0.761s] -- Found FastRTPS: /opt/ros/humble/include  
[0.794s] -- Using RMW implementation 'rmw_fastrtps_cpp' as default
[0.804s] -- Performing Test CMAKE_HAVE_LIBC_PTHREAD
[0.871s] -- Performing Test CMAKE_HAVE_LIBC_PTHREAD - Success
[0.872s] -- Found Threads: TRUE  
[0.960s] -- Found ament_lint_auto: 0.12.11 (/opt/ros/humble/share/ament_lint_auto/cmake)
[1.020s] -- Configuring done
[1.023s] -- Generating done
[1.023s] -- Build files have been written to: /home/hibiki/Robomech_HR/Eglantyne/simulation/build/champ
[1.078s] Invoked command in '/home/hibiki/Robomech_HR/Eglantyne/simulation/build/champ' returned '0': CMAKE_PREFIX_PATH=/opt/ros/humble /usr/bin/cmake /home/hibiki/Robomech_HR/Eglantyne/simulation/src/champ/champ -DCMAKE_INSTALL_PREFIX=/home/hibiki/Robomech_HR/Eglantyne/simulation/install/champ
[1.078s] Invoking command in '/home/hibiki/Robomech_HR/Eglantyne/simulation/build/champ': CMAKE_PREFIX_PATH=/opt/ros/humble /usr/bin/cmake --build /home/hibiki/Robomech_HR/Eglantyne/simulation/build/champ -- -j16 -l16
[1.118s] Invoked command in '/home/hibiki/Robomech_HR/Eglantyne/simulation/build/champ' returned '0': CMAKE_PREFIX_PATH=/opt/ros/humble /usr/bin/cmake --build /home/hibiki/Robomech_HR/Eglantyne/simulation/build/champ -- -j16 -l16
[1.130s] Invoking command in '/home/hibiki/Robomech_HR/Eglantyne/simulation/build/champ': CMAKE_PREFIX_PATH=/opt/ros/humble /usr/bin/cmake --install /home/hibiki/Robomech_HR/Eglantyne/simulation/build/champ
[1.132s] -- Install configuration: ""
[1.132s] -- Installing: /home/hibiki/Robomech_HR/Eglantyne/simulation/install/champ/include
[1.132s] -- Installing: /home/hibiki/Robomech_HR/Eglantyne/simulation/install/champ/include/champ
[1.133s] -- Installing: /home/hibiki/Robomech_HR/Eglantyne/simulation/install/champ/share/ament_index/resource_index/package_run_dependencies/champ
[1.133s] -- Installing: /home/hibiki/Robomech_HR/Eglantyne/simulation/install/champ/share/ament_index/resource_index/parent_prefix_path/champ
[1.133s] -- Installing: /home/hibiki/Robomech_HR/Eglantyne/simulation/install/champ/share/champ/environment/ament_prefix_path.sh
[1.133s] -- Installing: /home/hibiki/Robomech_HR/Eglantyne/simulation/install/champ/share/champ/environment/ament_prefix_path.dsv
[1.133s] -- Installing: /home/hibiki/Robomech_HR/Eglantyne/simulation/install/champ/share/champ/environment/path.sh
[1.133s] -- Installing: /home/hibiki/Robomech_HR/Eglantyne/simulation/install/champ/share/champ/environment/path.dsv
[1.133s] -- Installing: /home/hibiki/Robomech_HR/Eglantyne/simulation/install/champ/share/champ/local_setup.bash
[1.133s] -- Installing: /home/hibiki/Robomech_HR/Eglantyne/simulation/install/champ/share/champ/local_setup.sh
[1.133s] -- Installing: /home/hibiki/Robomech_HR/Eglantyne/simulation/install/champ/share/champ/local_setup.zsh
[1.133s] -- Installing: /home/hibiki/Robomech_HR/Eglantyne/simulation/install/champ/share/champ/local_setup.dsv
[1.133s] -- Installing: /home/hibiki/Robomech_HR/Eglantyne/simulation/install/champ/share/champ/package.dsv
[1.133s] -- Installing: /home/hibiki/Robomech_HR/Eglantyne/simulation/install/champ/share/ament_index/resource_index/packages/champ
[1.133s] -- Installing: /home/hibiki/Robomech_HR/Eglantyne/simulation/install/champ/share/champ/cmake/ament_cmake_export_include_directories-extras.cmake
[1.133s] -- Installing: /home/hibiki/Robomech_HR/Eglantyne/simulation/install/champ/share/champ/cmake/champConfig.cmake
[1.133s] -- Installing: /home/hibiki/Robomech_HR/Eglantyne/simulation/install/champ/share/champ/cmake/champConfig-version.cmake
[1.133s] -- Installing: /home/hibiki/Robomech_HR/Eglantyne/simulation/install/champ/share/champ/package.xml
[1.134s] Invoked command in '/home/hibiki/Robomech_HR/Eglantyne/simulation/build/champ' returned '0': CMAKE_PREFIX_PATH=/opt/ros/humble /usr/bin/cmake --install /home/hibiki/Robomech_HR/Eglantyne/simulation/build/champ
