[0.137s] Invoking command in '/home/hibiki/Robomech_HR/Eglantyne/simulation/build/champ_config': CMAKE_PREFIX_PATH=/home/hibiki/Robomech_HR/Eglantyne/simulation/install/simple_sim:/home/hibiki/Robomech_HR/Eglantyne/simulation/install/ros2_control_demos:/home/hibiki/Robomech_HR/Eglantyne/simulation/install/ros2_control_demo_example_9:/home/hibiki/Robomech_HR/Eglantyne/simulation/install/ros2_control_demo_example_8:/home/hibiki/Robomech_HR/Eglantyne/simulation/install/ros2_control_demo_example_7:/home/hibiki/Robomech_HR/Eglantyne/simulation/install/ros2_control_demo_example_6:/home/hibiki/Robomech_HR/Eglantyne/simulation/install/ros2_control_demo_example_15:/home/hibiki/Robomech_HR/Eglantyne/simulation/install/ros2_control_demo_example_5:/home/hibiki/Robomech_HR/Eglantyne/simulation/install/ros2_control_demo_example_4:/home/hibiki/Robomech_HR/Eglantyne/simulation/install/ros2_control_demo_example_3:/home/hibiki/Robomech_HR/Eglantyne/simulation/install/ros2_control_demo_example_2:/home/hibiki/Robomech_HR/Eglantyne/simulation/install/ros2_control_demo_example_14:/home/hibiki/Robomech_HR/Eglantyne/simulation/install/ros2_control_demo_example_12:/home/hibiki/Robomech_HR/Eglantyne/simulation/install/ros2_control_demo_example_11:/home/hibiki/Robomech_HR/Eglantyne/simulation/install/ros2_control_demo_example_10:/home/hibiki/Robomech_HR/Eglantyne/simulation/install/ros2_control_demo_example_1:/home/hibiki/Robomech_HR/Eglantyne/simulation/install/ros2_control_demo_description:/home/hibiki/Robomech_HR/Eglantyne/simulation/install/gazebo_ros2_control_demos:/home/hibiki/Robomech_HR/Eglantyne/simulation/install/champ_teleop:/home/hibiki/Robomech_HR/Eglantyne/simulation/install/champ_navigation:/home/hibiki/Robomech_HR/Eglantyne/simulation/install/champ_msgs:/home/hibiki/Robomech_HR/Eglantyne/simulation/install/champ_description:/home/hibiki/Robomech_HR/Eglantyne/simulation/install/champ_config:/home/hibiki/Robomech_HR/Eglantyne/simulation/install/ros2_control_demo_testing:/opt/ros/humble:/home/hibiki/Robomech_HR/Eglantyne/simulation/install/champ /usr/bin/cmake --build /home/hibiki/Robomech_HR/Eglantyne/simulation/build/champ_config -- -j16 -l16
[0.151s] -- Found ament_cmake: 1.3.10 (/opt/ros/humble/share/ament_cmake/cmake)
[0.284s] -- Configuring done
[0.286s] -- Generating done
[0.286s] -- Build files have been written to: /home/hibiki/Robomech_HR/Eglantyne/simulation/build/champ_config
[0.295s] Invoked command in '/home/hibiki/Robomech_HR/Eglantyne/simulation/build/champ_config' returned '0': CMAKE_PREFIX_PATH=/home/hibiki/Robomech_HR/Eglantyne/simulation/install/simple_sim:/home/hibiki/Robomech_HR/Eglantyne/simulation/install/ros2_control_demos:/home/hibiki/Robomech_HR/Eglantyne/simulation/install/ros2_control_demo_example_9:/home/hibiki/Robomech_HR/Eglantyne/simulation/install/ros2_control_demo_example_8:/home/hibiki/Robomech_HR/Eglantyne/simulation/install/ros2_control_demo_example_7:/home/hibiki/Robomech_HR/Eglantyne/simulation/install/ros2_control_demo_example_6:/home/hibiki/Robomech_HR/Eglantyne/simulation/install/ros2_control_demo_example_15:/home/hibiki/Robomech_HR/Eglantyne/simulation/install/ros2_control_demo_example_5:/home/hibiki/Robomech_HR/Eglantyne/simulation/install/ros2_control_demo_example_4:/home/hibiki/Robomech_HR/Eglantyne/simulation/install/ros2_control_demo_example_3:/home/hibiki/Robomech_HR/Eglantyne/simulation/install/ros2_control_demo_example_2:/home/hibiki/Robomech_HR/Eglantyne/simulation/install/ros2_control_demo_example_14:/home/hibiki/Robomech_HR/Eglantyne/simulation/install/ros2_control_demo_example_12:/home/hibiki/Robomech_HR/Eglantyne/simulation/install/ros2_control_demo_example_11:/home/hibiki/Robomech_HR/Eglantyne/simulation/install/ros2_control_demo_example_10:/home/hibiki/Robomech_HR/Eglantyne/simulation/install/ros2_control_demo_example_1:/home/hibiki/Robomech_HR/Eglantyne/simulation/install/ros2_control_demo_description:/home/hibiki/Robomech_HR/Eglantyne/simulation/install/gazebo_ros2_control_demos:/home/hibiki/Robomech_HR/Eglantyne/simulation/install/champ_teleop:/home/hibiki/Robomech_HR/Eglantyne/simulation/install/champ_navigation:/home/hibiki/Robomech_HR/Eglantyne/simulation/install/champ_msgs:/home/hibiki/Robomech_HR/Eglantyne/simulation/install/champ_description:/home/hibiki/Robomech_HR/Eglantyne/simulation/install/champ_config:/home/hibiki/Robomech_HR/Eglantyne/simulation/install/ros2_control_demo_testing:/opt/ros/humble:/home/hibiki/Robomech_HR/Eglantyne/simulation/install/champ /usr/bin/cmake --build /home/hibiki/Robomech_HR/Eglantyne/simulation/build/champ_config -- -j16 -l16
[0.315s] Invoking command in '/home/hibiki/Robomech_HR/Eglantyne/simulation/build/champ_config': CMAKE_PREFIX_PATH=/home/hibiki/Robomech_HR/Eglantyne/simulation/install/simple_sim:/home/hibiki/Robomech_HR/Eglantyne/simulation/install/ros2_control_demos:/home/hibiki/Robomech_HR/Eglantyne/simulation/install/ros2_control_demo_example_9:/home/hibiki/Robomech_HR/Eglantyne/simulation/install/ros2_control_demo_example_8:/home/hibiki/Robomech_HR/Eglantyne/simulation/install/ros2_control_demo_example_7:/home/hibiki/Robomech_HR/Eglantyne/simulation/install/ros2_control_demo_example_6:/home/hibiki/Robomech_HR/Eglantyne/simulation/install/ros2_control_demo_example_15:/home/hibiki/Robomech_HR/Eglantyne/simulation/install/ros2_control_demo_example_5:/home/hibiki/Robomech_HR/Eglantyne/simulation/install/ros2_control_demo_example_4:/home/hibiki/Robomech_HR/Eglantyne/simulation/install/ros2_control_demo_example_3:/home/hibiki/Robomech_HR/Eglantyne/simulation/install/ros2_control_demo_example_2:/home/hibiki/Robomech_HR/Eglantyne/simulation/install/ros2_control_demo_example_14:/home/hibiki/Robomech_HR/Eglantyne/simulation/install/ros2_control_demo_example_12:/home/hibiki/Robomech_HR/Eglantyne/simulation/install/ros2_control_demo_example_11:/home/hibiki/Robomech_HR/Eglantyne/simulation/install/ros2_control_demo_example_10:/home/hibiki/Robomech_HR/Eglantyne/simulation/install/ros2_control_demo_example_1:/home/hibiki/Robomech_HR/Eglantyne/simulation/install/ros2_control_demo_description:/home/hibiki/Robomech_HR/Eglantyne/simulation/install/gazebo_ros2_control_demos:/home/hibiki/Robomech_HR/Eglantyne/simulation/install/champ_teleop:/home/hibiki/Robomech_HR/Eglantyne/simulation/install/champ_navigation:/home/hibiki/Robomech_HR/Eglantyne/simulation/install/champ_msgs:/home/hibiki/Robomech_HR/Eglantyne/simulation/install/champ_description:/home/hibiki/Robomech_HR/Eglantyne/simulation/install/champ_config:/home/hibiki/Robomech_HR/Eglantyne/simulation/install/ros2_control_demo_testing:/opt/ros/humble:/home/hibiki/Robomech_HR/Eglantyne/simulation/install/champ /usr/bin/cmake --install /home/hibiki/Robomech_HR/Eglantyne/simulation/build/champ_config
[0.318s] -- Install configuration: ""
[0.318s] -- Up-to-date: /home/hibiki/Robomech_HR/Eglantyne/simulation/install/champ_config/share/champ_config/launch
[0.318s] -- Installing: /home/hibiki/Robomech_HR/Eglantyne/simulation/install/champ_config/share/champ_config/launch/gazebo.launch.py
[0.318s] -- Installing: /home/hibiki/Robomech_HR/Eglantyne/simulation/install/champ_config/share/champ_config/launch/navigate.launch.py
[0.318s] -- Installing: /home/hibiki/Robomech_HR/Eglantyne/simulation/install/champ_config/share/champ_config/launch/bringup.launch.py
[0.318s] -- Installing: /home/hibiki/Robomech_HR/Eglantyne/simulation/install/champ_config/share/champ_config/launch/slam.launch.py
[0.318s] -- Up-to-date: /home/hibiki/Robomech_HR/Eglantyne/simulation/install/champ_config/share/champ_config/config
[0.318s] -- Up-to-date: /home/hibiki/Robomech_HR/Eglantyne/simulation/install/champ_config/share/champ_config/config/gait
[0.318s] -- Installing: /home/hibiki/Robomech_HR/Eglantyne/simulation/install/champ_config/share/champ_config/config/gait/gait.yaml
[0.319s] -- Up-to-date: /home/hibiki/Robomech_HR/Eglantyne/simulation/install/champ_config/share/champ_config/config/autonomy
[0.319s] -- Installing: /home/hibiki/Robomech_HR/Eglantyne/simulation/install/champ_config/share/champ_config/config/autonomy/slam.yaml
[0.319s] -- Installing: /home/hibiki/Robomech_HR/Eglantyne/simulation/install/champ_config/share/champ_config/config/autonomy/navigation.yaml
[0.319s] -- Up-to-date: /home/hibiki/Robomech_HR/Eglantyne/simulation/install/champ_config/share/champ_config/config/joints
[0.319s] -- Installing: /home/hibiki/Robomech_HR/Eglantyne/simulation/install/champ_config/share/champ_config/config/joints/joints.yaml
[0.319s] -- Up-to-date: /home/hibiki/Robomech_HR/Eglantyne/simulation/install/champ_config/share/champ_config/config/links
[0.319s] -- Installing: /home/hibiki/Robomech_HR/Eglantyne/simulation/install/champ_config/share/champ_config/config/links/links.yaml
[0.319s] -- Up-to-date: /home/hibiki/Robomech_HR/Eglantyne/simulation/install/champ_config/share/champ_config/maps
[0.319s] -- Installing: /home/hibiki/Robomech_HR/Eglantyne/simulation/install/champ_config/share/champ_config/maps/playground.pgm
[0.319s] -- Installing: /home/hibiki/Robomech_HR/Eglantyne/simulation/install/champ_config/share/champ_config/maps/map.yaml
[0.319s] -- Installing: /home/hibiki/Robomech_HR/Eglantyne/simulation/install/champ_config/share/champ_config/maps/map.pgm
[0.324s] -- Installing: /home/hibiki/Robomech_HR/Eglantyne/simulation/install/champ_config/share/champ_config/maps/playground.yaml
[0.324s] -- Up-to-date: /home/hibiki/Robomech_HR/Eglantyne/simulation/install/champ_config/share/champ_config/worlds
[0.324s] -- Installing: /home/hibiki/Robomech_HR/Eglantyne/simulation/install/champ_config/share/champ_config/worlds/default.world
[0.324s] -- Installing: /home/hibiki/Robomech_HR/Eglantyne/simulation/install/champ_config/share/champ_config/worlds/playground.world
[0.324s] -- Installing: /home/hibiki/Robomech_HR/Eglantyne/simulation/install/champ_config/share/champ_config/worlds/outdoor.world
[0.324s] -- Up-to-date: /home/hibiki/Robomech_HR/Eglantyne/simulation/install/champ_config/share/ament_index/resource_index/package_run_dependencies/champ_config
[0.324s] -- Installing: /home/hibiki/Robomech_HR/Eglantyne/simulation/install/champ_config/share/ament_index/resource_index/parent_prefix_path/champ_config
[0.324s] -- Up-to-date: /home/hibiki/Robomech_HR/Eglantyne/simulation/install/champ_config/share/champ_config/environment/ament_prefix_path.sh
[0.324s] -- Installing: /home/hibiki/Robomech_HR/Eglantyne/simulation/install/champ_config/share/champ_config/environment/ament_prefix_path.dsv
[0.325s] -- Up-to-date: /home/hibiki/Robomech_HR/Eglantyne/simulation/install/champ_config/share/champ_config/environment/path.sh
[0.325s] -- Installing: /home/hibiki/Robomech_HR/Eglantyne/simulation/install/champ_config/share/champ_config/environment/path.dsv
[0.325s] -- Up-to-date: /home/hibiki/Robomech_HR/Eglantyne/simulation/install/champ_config/share/champ_config/local_setup.bash
[0.325s] -- Up-to-date: /home/hibiki/Robomech_HR/Eglantyne/simulation/install/champ_config/share/champ_config/local_setup.sh
[0.325s] -- Up-to-date: /home/hibiki/Robomech_HR/Eglantyne/simulation/install/champ_config/share/champ_config/local_setup.zsh
[0.325s] -- Installing: /home/hibiki/Robomech_HR/Eglantyne/simulation/install/champ_config/share/champ_config/local_setup.dsv
[0.325s] -- Installing: /home/hibiki/Robomech_HR/Eglantyne/simulation/install/champ_config/share/champ_config/package.dsv
[0.325s] -- Up-to-date: /home/hibiki/Robomech_HR/Eglantyne/simulation/install/champ_config/share/ament_index/resource_index/packages/champ_config
[0.325s] -- Up-to-date: /home/hibiki/Robomech_HR/Eglantyne/simulation/install/champ_config/share/champ_config/cmake/champ_configConfig.cmake
[0.325s] -- Up-to-date: /home/hibiki/Robomech_HR/Eglantyne/simulation/install/champ_config/share/champ_config/cmake/champ_configConfig-version.cmake
[0.325s] -- Installing: /home/hibiki/Robomech_HR/Eglantyne/simulation/install/champ_config/share/champ_config/package.xml
[0.327s] Invoked command in '/home/hibiki/Robomech_HR/Eglantyne/simulation/build/champ_config' returned '0': CMAKE_PREFIX_PATH=/home/hibiki/Robomech_HR/Eglantyne/simulation/install/simple_sim:/home/hibiki/Robomech_HR/Eglantyne/simulation/install/ros2_control_demos:/home/hibiki/Robomech_HR/Eglantyne/simulation/install/ros2_control_demo_example_9:/home/hibiki/Robomech_HR/Eglantyne/simulation/install/ros2_control_demo_example_8:/home/hibiki/Robomech_HR/Eglantyne/simulation/install/ros2_control_demo_example_7:/home/hibiki/Robomech_HR/Eglantyne/simulation/install/ros2_control_demo_example_6:/home/hibiki/Robomech_HR/Eglantyne/simulation/install/ros2_control_demo_example_15:/home/hibiki/Robomech_HR/Eglantyne/simulation/install/ros2_control_demo_example_5:/home/hibiki/Robomech_HR/Eglantyne/simulation/install/ros2_control_demo_example_4:/home/hibiki/Robomech_HR/Eglantyne/simulation/install/ros2_control_demo_example_3:/home/hibiki/Robomech_HR/Eglantyne/simulation/install/ros2_control_demo_example_2:/home/hibiki/Robomech_HR/Eglantyne/simulation/install/ros2_control_demo_example_14:/home/hibiki/Robomech_HR/Eglantyne/simulation/install/ros2_control_demo_example_12:/home/hibiki/Robomech_HR/Eglantyne/simulation/install/ros2_control_demo_example_11:/home/hibiki/Robomech_HR/Eglantyne/simulation/install/ros2_control_demo_example_10:/home/hibiki/Robomech_HR/Eglantyne/simulation/install/ros2_control_demo_example_1:/home/hibiki/Robomech_HR/Eglantyne/simulation/install/ros2_control_demo_description:/home/hibiki/Robomech_HR/Eglantyne/simulation/install/gazebo_ros2_control_demos:/home/hibiki/Robomech_HR/Eglantyne/simulation/install/champ_teleop:/home/hibiki/Robomech_HR/Eglantyne/simulation/install/champ_navigation:/home/hibiki/Robomech_HR/Eglantyne/simulation/install/champ_msgs:/home/hibiki/Robomech_HR/Eglantyne/simulation/install/champ_description:/home/hibiki/Robomech_HR/Eglantyne/simulation/install/champ_config:/home/hibiki/Robomech_HR/Eglantyne/simulation/install/ros2_control_demo_testing:/opt/ros/humble:/home/hibiki/Robomech_HR/Eglantyne/simulation/install/champ /usr/bin/cmake --install /home/hibiki/Robomech_HR/Eglantyne/simulation/build/champ_config
