[0.026s] Invoking command in '/home/hibiki/Robomech_HR/Eglantyne/simulation/build/ros2_control_demo_example_12': AMENT_PREFIX_PATH=/home/hibiki/Robomech_HR/Eglantyne/simulation/install/ros2_control_demo_testing:/home/hibiki/Robomech_HR/Eglantyne/simulation/install/ros2_control_demo_description:${AMENT_PREFIX_PATH} CMAKE_PREFIX_PATH=/home/hibiki/Robomech_HR/Eglantyne/simulation/install/ros2_control_demo_description:/opt/ros/humble PYTHONPATH=/home/hibiki/Robomech_HR/Eglantyne/simulation/install/ros2_control_demo_testing/lib/python3.10/site-packages:${PYTHONPATH} /usr/bin/cmake /home/hibiki/Robomech_HR/Eglantyne/simulation/src/ros2_control_demos/example_12 -DCMAKE_INSTALL_PREFIX=/home/hibiki/Robomech_HR/Eglantyne/simulation/install/ros2_control_demo_example_12
[0.082s] -- The CXX compiler identification is GNU 11.4.0
[0.092s] -- Detecting CXX compiler ABI info
[0.153s] -- Detecting CXX compiler ABI info - done
[0.160s] -- Check for working CXX compiler: /usr/bin/c++ - skipped
[0.160s] -- Detecting CXX compile features
[0.161s] -- Detecting CXX compile features - done
[0.175s] [33mCMake Warning at CMakeLists.txt:26 (find_package):
[0.175s]   Could not find a configuration file for package "controller_manager" that
[0.175s]   is compatible with requested version "4.0.0".
[0.175s] 
[0.175s]   The following configuration files were considered but not accepted:
[0.175s] 
[0.175s]     /opt/ros/humble/share/controller_manager/cmake/controller_managerConfig.cmake, version: 2.42.0
[0.175s] 
[0.175s] 
[0.175s] [0m
[0.175s] [31mCMake Error at CMakeLists.txt:29 (message):
[0.175s]   ros2_control version 4.0.0 or higher is required.  Are you using the
[0.175s]   correct branch of the ros2_control_demos repository?
[0.175s] 
[0.175s] [0m
[0.175s] -- Configuring incomplete, errors occurred!
[0.175s] See also "/home/hibiki/Robomech_HR/Eglantyne/simulation/build/ros2_control_demo_example_12/CMakeFiles/CMakeOutput.log".
[0.182s] Invoked command in '/home/hibiki/Robomech_HR/Eglantyne/simulation/build/ros2_control_demo_example_12' returned '1': AMENT_PREFIX_PATH=/home/hibiki/Robomech_HR/Eglantyne/simulation/install/ros2_control_demo_testing:/home/hibiki/Robomech_HR/Eglantyne/simulation/install/ros2_control_demo_description:${AMENT_PREFIX_PATH} CMAKE_PREFIX_PATH=/home/hibiki/Robomech_HR/Eglantyne/simulation/install/ros2_control_demo_description:/opt/ros/humble PYTHONPATH=/home/hibiki/Robomech_HR/Eglantyne/simulation/install/ros2_control_demo_testing/lib/python3.10/site-packages:${PYTHONPATH} /usr/bin/cmake /home/hibiki/Robomech_HR/Eglantyne/simulation/src/ros2_control_demos/example_12 -DCMAKE_INSTALL_PREFIX=/home/hibiki/Robomech_HR/Eglantyne/simulation/install/ros2_control_demo_example_12
