[0.115s] Invoking command in '/home/hibiki/Robomech_HR/Eglantyne/simulation/build/simple_sim': CMAKE_PREFIX_PATH=${CMAKE_PREFIX_PATH}:/home/hibiki/Robomech_HR/Eglantyne/simulation/install/ros2_control_demo_testing:/opt/ros/humble /usr/bin/cmake --build /home/hibiki/Robomech_HR/Eglantyne/simulation/build/simple_sim -- -j16 -l16
[0.129s] -- Found ament_cmake: 1.3.10 (/opt/ros/humble/share/ament_cmake/cmake)
[0.186s] -- Found gazebo_ros: 3.7.0 (/opt/ros/humble/share/gazebo_ros/cmake)
[0.205s] -- Found rosidl_generator_c: 3.1.5 (/opt/ros/humble/share/rosidl_generator_c/cmake)
[0.207s] -- Found rosidl_adapter: 3.1.5 (/opt/ros/humble/share/rosidl_adapter/cmake)
[0.210s] -- Found rosidl_generator_cpp: 3.1.5 (/opt/ros/humble/share/rosidl_generator_cpp/cmake)
[0.216s] -- Using all available rosidl_typesupport_c: rosidl_typesupport_fastrtps_c;rosidl_typesupport_introspection_c
[0.224s] -- Using all available rosidl_typesupport_cpp: rosidl_typesupport_fastrtps_cpp;rosidl_typesupport_introspection_cpp
[0.243s] -- Found rmw_implementation_cmake: 6.1.2 (/opt/ros/humble/share/rmw_implementation_cmake/cmake)
[0.245s] -- Found rmw_fastrtps_cpp: 6.2.7 (/opt/ros/humble/share/rmw_fastrtps_cpp/cmake)
[0.321s] -- Using RMW implementation 'rmw_fastrtps_cpp' as default
[0.376s] -- Found DART: /usr/include (Required is at least version "6.6") found components: dart 
[0.393s] -- Found Protobuf: /usr/lib/x86_64-linux-gnu/libprotobuf.so (found version "3.12.4") 
[0.394s] -- Looking for ignition-math6 -- found version 6.15.1
[0.397s] -- Searching for dependencies of ignition-math6
[0.398s] -- Looking for OGRE...
[0.402s] -- Found Ogre Ghadamon (1.9.0)
[0.402s] -- Found OGRE: optimized;/usr/lib/x86_64-linux-gnu/libOgreMain.so;debug;/usr/lib/x86_64-linux-gnu/libOgreMain.so
[0.408s] -- Looking for OGRE_Paging...
[0.408s] -- Found OGRE_Paging: optimized;/usr/lib/x86_64-linux-gnu/libOgrePaging.so;debug;/usr/lib/x86_64-linux-gnu/libOgrePaging.so
[0.408s] -- Looking for OGRE_Terrain...
[0.408s] -- Found OGRE_Terrain: optimized;/usr/lib/x86_64-linux-gnu/libOgreTerrain.so;debug;/usr/lib/x86_64-linux-gnu/libOgreTerrain.so
[0.408s] -- Looking for OGRE_Property...
[0.409s] -- Found OGRE_Property: optimized;/usr/lib/x86_64-linux-gnu/libOgreProperty.so;debug;/usr/lib/x86_64-linux-gnu/libOgreProperty.so
[0.409s] -- Looking for OGRE_RTShaderSystem...
[0.409s] -- Found OGRE_RTShaderSystem: optimized;/usr/lib/x86_64-linux-gnu/libOgreRTShaderSystem.so;debug;/usr/lib/x86_64-linux-gnu/libOgreRTShaderSystem.so
[0.409s] -- Looking for OGRE_Volume...
[0.409s] -- Found OGRE_Volume: optimized;/usr/lib/x86_64-linux-gnu/libOgreVolume.so;debug;/usr/lib/x86_64-linux-gnu/libOgreVolume.so
[0.409s] -- Looking for OGRE_Overlay...
[0.409s] -- Found OGRE_Overlay: optimized;/usr/lib/x86_64-linux-gnu/libOgreOverlay.so;debug;/usr/lib/x86_64-linux-gnu/libOgreOverlay.so
[0.513s] -- Looking for ignition-math6 -- found version 6.15.1
[0.514s] -- Looking for ignition-transport8 -- found version 8.2.1
[0.514s] -- Searching for dependencies of ignition-transport8
[0.527s] -- Found Protobuf: /usr/lib/x86_64-linux-gnu/libprotobuf.so (found suitable version "3.12.4", minimum required is "3") 
[0.535s] -- Config-file not installed for ZeroMQ -- checking for pkg-config
[0.539s] -- Checking for module 'libzmq >= 4'
[0.551s] --   Found libzmq , version 4.3.4
[0.585s] -- Checking for module 'uuid'
[0.595s] --   Found uuid, version 2.37.2
[0.626s] -- Looking for ignition-msgs5 -- found version 5.8.1
[0.626s] -- Searching for dependencies of ignition-msgs5
[0.650s] -- Looking for ignition-math6 -- found version 6.15.1
[0.654s] -- Checking for module 'tinyxml2'
[0.669s] --   Found tinyxml2, version 9.0.0
[0.694s] -- Looking for ignition-msgs5 -- found version 5.8.1
[0.694s] -- Looking for ignition-common3 -- found version 3.14.0
[0.695s] -- Searching for dependencies of ignition-common3
[0.695s] -- Looking for dlfcn.h - found
[0.695s] -- Looking for libdl - found
[0.717s] -- Searching for <ignition-common3> component [graphics]
[0.721s] -- Looking for ignition-common3-graphics -- found version 3.14.0
[0.721s] -- Searching for dependencies of ignition-common3-graphics
[0.722s] -- Looking for ignition-math6 -- found version 6.15.1
[0.722s] -- Looking for ignition-fuel_tools4 -- found version 4.4.0
[0.722s] -- Searching for dependencies of ignition-fuel_tools4
[0.741s] -- Checking for module 'jsoncpp'
[0.751s] --   Found jsoncpp, version 1.9.5
[0.788s] -- Checking for module 'libzip'
[0.791s] --   Found libzip, version 1.7.3
[0.823s] -- Looking for ignition-common3 -- found version 3.14.0
[0.823s] -- Looking for ignition-math6 -- found version 6.15.1
[0.823s] -- Looking for ignition-msgs5 -- found version 5.8.1
[0.823s] -- Gazebo version: 11.10
[0.823s] -- Found robot_state_publisher: 3.0.3 (/opt/ros/humble/share/robot_state_publisher/cmake)
[0.837s] -- Found eigen3_cmake_module: 0.1.1 (/opt/ros/humble/share/eigen3_cmake_module/cmake)
[0.837s] -- Ensuring Eigen3 include directory is part of orocos-kdl CMake target
[0.926s] -- Found ament_lint_auto: 0.12.11 (/opt/ros/humble/share/ament_lint_auto/cmake)
[0.984s] [31mCMake Error at CMakeLists.txt:33 (install):
[0.984s]   install DIRECTORY given no DESTINATION!
[0.985s] 
[0.985s] [0m
[0.986s] -- Added test 'flake8' to check Python code syntax and style conventions
[0.986s] -- Added test 'lint_cmake' to check CMake code style
[0.986s] -- Added test 'pep257' to check Python code against some of the docstring style conventions in PEP 257
[0.987s] -- Added test 'xmllint' to check XML markup files
[0.988s] -- Configuring incomplete, errors occurred!
[0.988s] See also "/home/hibiki/Robomech_HR/Eglantyne/simulation/build/simple_sim/CMakeFiles/CMakeOutput.log".
[0.995s] gmake: *** [Makefile:226: cmake_check_build_system] Error 1
[0.996s] Invoked command in '/home/hibiki/Robomech_HR/Eglantyne/simulation/build/simple_sim' returned '2': CMAKE_PREFIX_PATH=${CMAKE_PREFIX_PATH}:/home/hibiki/Robomech_HR/Eglantyne/simulation/install/ros2_control_demo_testing:/opt/ros/humble /usr/bin/cmake --build /home/hibiki/Robomech_HR/Eglantyne/simulation/build/simple_sim -- -j16 -l16
