[  2%] Built target simple_sim__cpp
[ 11%] Built target simple_sim__rosidl_generator_c
[ 11%] Built target ament_cmake_python_copy_simple_sim
[ 17%] Built target pub_test
[ 20%] [32mBuilding CXX object CMakeFiles/pub_control.dir/src/controller/pub_control.cpp.o[0m
[ 28%] Built target simple_sim__rosidl_typesupport_cpp
[ 37%] Built target simple_sim__rosidl_typesupport_fastrtps_cpp
[ 45%] Built target simple_sim__rosidl_typesupport_fastrtps_c
[ 54%] Built target simple_sim__rosidl_typesupport_introspection_c
[ 62%] Built target simple_sim__rosidl_typesupport_introspection_cpp
[ 71%] Built target simple_sim__rosidl_typesupport_c
[ 71%] Built target simple_sim
[ 74%] Built target simple_sim__py
[ 80%] Built target simple_sim__rosidl_generator_py
[ 91%] Built target simple_sim__rosidl_typesupport_fastrtps_c__pyext
[ 91%] Built target simple_sim__rosidl_typesupport_introspection_c__pyext
[ 97%] Built target simple_sim__rosidl_typesupport_c__pyext
running egg_info
writing simple_sim.egg-info/PKG-INFO
writing dependency_links to simple_sim.egg-info/dependency_links.txt
writing top-level names to simple_sim.egg-info/top_level.txt
reading manifest file 'simple_sim.egg-info/SOURCES.txt'
writing manifest file 'simple_sim.egg-info/SOURCES.txt'
[ 97%] Built target ament_cmake_python_build_simple_sim_egg
