[0.008s] Invoking command in '/home/hibiki/Robomech_HR/Eglantyne/simulation/build/simple_sim': CMAKE_PREFIX_PATH=${CMAKE_PREFIX_PATH}:/home/hibiki/Robomech_HR/Eglantyne/simulation/install/ros2_control_demo_testing:/opt/ros/humble /usr/bin/cmake --build /home/hibiki/Robomech_HR/Eglantyne/simulation/build/simple_sim -- -j16 -l16
[0.033s] [  2%] Built target simple_sim__cpp
[0.036s] [ 11%] Built target simple_sim__rosidl_generator_c
[0.042s] [ 11%] Built target ament_cmake_python_copy_simple_sim
[0.046s] [ 17%] Built target pub_test
[0.049s] [ 20%] [32mBuilding CXX object CMakeFiles/pub_control.dir/src/controller/pub_control.cpp.o[0m
[0.053s] [ 28%] Built target simple_sim__rosidl_typesupport_cpp
[0.056s] [ 37%] Built target simple_sim__rosidl_typesupport_fastrtps_cpp
[0.059s] [ 45%] Built target simple_sim__rosidl_typesupport_fastrtps_c
[0.059s] [ 54%] Built target simple_sim__rosidl_typesupport_introspection_c
[0.059s] [ 62%] Built target simple_sim__rosidl_typesupport_introspection_cpp
[0.060s] [ 71%] Built target simple_sim__rosidl_typesupport_c
[0.070s] [ 71%] Built target simple_sim
[0.081s] [ 74%] Built target simple_sim__py
[0.093s] [ 80%] Built target simple_sim__rosidl_generator_py
[0.105s] [ 91%] Built target simple_sim__rosidl_typesupport_fastrtps_c__pyext
[0.105s] [ 91%] Built target simple_sim__rosidl_typesupport_introspection_c__pyext
[0.105s] [ 97%] Built target simple_sim__rosidl_typesupport_c__pyext
[0.167s] running egg_info
[0.174s] writing simple_sim.egg-info/PKG-INFO
[0.174s] writing dependency_links to simple_sim.egg-info/dependency_links.txt
[0.174s] writing top-level names to simple_sim.egg-info/top_level.txt
[0.191s] reading manifest file 'simple_sim.egg-info/SOURCES.txt'
[0.192s] writing manifest file 'simple_sim.egg-info/SOURCES.txt'
[0.207s] [ 97%] Built target ament_cmake_python_build_simple_sim_egg
[1.281s] [01m[K/home/hibiki/Robomech_HR/Eglantyne/simulation/src/simple_sim/src/controller/pub_control.cpp:[m[K In member function ‘[01m[Kvoid PubControl::update_motions(const JointTrajectory&) const[m[K’:
[1.282s] [01m[K/home/hibiki/Robomech_HR/Eglantyne/simulation/src/simple_sim/src/controller/pub_control.cpp:47:41:[m[K [01;31m[Kerror: [m[K‘[01m[Kclass std::vector<trajectory_msgs::msg::JointTrajectoryPoint_<std::allocator<void> >, std::allocator<trajectory_msgs::msg::JointTrajectoryPoint_<std::allocator<void> > > >[m[K’ has no member named ‘[01m[Kpoints[m[K’; did you mean ‘[01m[Kpointer[m[K’?
[1.282s]    47 |         for(int i=0; i++; i<motion_list.[01;31m[Kpoints[m[K.size()){
[1.282s]       |                                         [01;31m[K^~~~~~[m[K
[1.282s]       |                                         [32m[Kpointer[m[K
[1.282s] [01m[K/home/hibiki/Robomech_HR/Eglantyne/simulation/src/simple_sim/src/controller/pub_control.cpp:48:28:[m[K [01;31m[Kerror: [m[Kpassing ‘[01m[Kconst std::vector<trajectory_msgs::msg::JointTrajectoryPoint_<std::allocator<void> >, std::allocator<trajectory_msgs::msg::JointTrajectoryPoint_<std::allocator<void> > > >[m[K’ as ‘[01m[Kthis[m[K’ argument discards qualifiers [[01;31m[K]8;;https://gcc.gnu.org/onlinedocs/gcc/Warning-Options.html#index-fpermissive-fpermissive]8;;[m[K]
[1.282s]    48 |             [01;31m[Korder.push_back(motion.points[i])[m[K;
[1.282s]       |             [01;31m[K~~~~~~~~~~~~~~~^~~~~~~~~~~~~~~~~~[m[K
[1.282s] In file included from [01m[K/usr/include/c++/11/vector:67[m[K,
[1.282s]                  from [01m[K/usr/include/c++/11/functional:62[m[K,
[1.282s]                  from [01m[K/home/hibiki/Robomech_HR/Eglantyne/simulation/src/simple_sim/src/controller/pub_control.cpp:2[m[K:
[1.282s] [01m[K/usr/include/c++/11/bits/stl_vector.h:1187:7:[m[K [01;36m[Knote: [m[K  in call to ‘[01m[Kvoid std::vector<_Tp, _Alloc>::push_back(const value_type&) [with _Tp = trajectory_msgs::msg::JointTrajectoryPoint_<std::allocator<void> >; _Alloc = std::allocator<trajectory_msgs::msg::JointTrajectoryPoint_<std::allocator<void> > >; std::vector<_Tp, _Alloc>::value_type = trajectory_msgs::msg::JointTrajectoryPoint_<std::allocator<void> >][m[K’
[1.282s]  1187 |       [01;36m[Kpush_back[m[K(const value_type& __x)
[1.282s]       |       [01;36m[K^~~~~~~~~[m[K
[2.601s] gmake[2]: *** [CMakeFiles/pub_control.dir/build.make:76: CMakeFiles/pub_control.dir/src/controller/pub_control.cpp.o] Error 1
[2.601s] gmake[1]: *** [CMakeFiles/Makefile2:620: CMakeFiles/pub_control.dir/all] Error 2
[2.601s] gmake: *** [Makefile:146: all] Error 2
[2.603s] Invoked command in '/home/hibiki/Robomech_HR/Eglantyne/simulation/build/simple_sim' returned '2': CMAKE_PREFIX_PATH=${CMAKE_PREFIX_PATH}:/home/hibiki/Robomech_HR/Eglantyne/simulation/install/ros2_control_demo_testing:/opt/ros/humble /usr/bin/cmake --build /home/hibiki/Robomech_HR/Eglantyne/simulation/build/simple_sim -- -j16 -l16
