[0.009s] Invoking command in '/home/hibiki/Robomech_HR/Eglantyne/simulation/build/simple_sim': CMAKE_PREFIX_PATH=${CMAKE_PREFIX_PATH}:/home/hibiki/Robomech_HR/Eglantyne/simulation/install/ros2_control_demo_testing:/opt/ros/humble /usr/bin/cmake --build /home/hibiki/Robomech_HR/Eglantyne/simulation/build/simple_sim -- -j16 -l16
[0.036s] [  2%] Built target simple_sim__cpp
[0.037s] [ 11%] Built target simple_sim__rosidl_generator_c
[0.039s] [ 14%] [32mBuilding CXX object CMakeFiles/pub_control.dir/src/controller/pub_control.cpp.o[0m
[0.040s] [ 14%] Built target ament_cmake_python_copy_simple_sim
[0.040s] [ 20%] Built target pub_test
[0.053s] [ 28%] Built target simple_sim__rosidl_typesupport_introspection_c
[0.055s] [ 37%] Built target simple_sim__rosidl_typesupport_cpp
[0.056s] [ 45%] Built target simple_sim__rosidl_typesupport_introspection_cpp
[0.058s] [ 54%] Built target simple_sim__rosidl_typesupport_fastrtps_cpp
[0.058s] [ 62%] Built target simple_sim__rosidl_typesupport_c
[0.059s] [ 71%] Built target simple_sim__rosidl_typesupport_fastrtps_c
[0.068s] [ 71%] Built target simple_sim
[0.079s] [ 74%] Built target simple_sim__py
[0.091s] [ 80%] Built target simple_sim__rosidl_generator_py
[0.104s] [ 97%] Built target simple_sim__rosidl_typesupport_introspection_c__pyext
[0.104s] [ 97%] Built target simple_sim__rosidl_typesupport_fastrtps_c__pyext
[0.104s] [ 97%] Built target simple_sim__rosidl_typesupport_c__pyext
[0.167s] running egg_info
[0.174s] writing simple_sim.egg-info/PKG-INFO
[0.174s] writing dependency_links to simple_sim.egg-info/dependency_links.txt
[0.174s] writing top-level names to simple_sim.egg-info/top_level.txt
[0.194s] reading manifest file 'simple_sim.egg-info/SOURCES.txt'
[0.195s] writing manifest file 'simple_sim.egg-info/SOURCES.txt'
[0.211s] [ 97%] Built target ament_cmake_python_build_simple_sim_egg
[4.749s] [100%] [32m[1mLinking CXX executable pub_control[0m
[4.976s] [100%] Built target pub_control
[4.982s] Invoked command in '/home/hibiki/Robomech_HR/Eglantyne/simulation/build/simple_sim' returned '0': CMAKE_PREFIX_PATH=${CMAKE_PREFIX_PATH}:/home/hibiki/Robomech_HR/Eglantyne/simulation/install/ros2_control_demo_testing:/opt/ros/humble /usr/bin/cmake --build /home/hibiki/Robomech_HR/Eglantyne/simulation/build/simple_sim -- -j16 -l16
[5.047s] Invoking command in '/home/hibiki/Robomech_HR/Eglantyne/simulation/build/simple_sim': CMAKE_PREFIX_PATH=${CMAKE_PREFIX_PATH}:/home/hibiki/Robomech_HR/Eglantyne/simulation/install/ros2_control_demo_testing:/opt/ros/humble /usr/bin/cmake --install /home/hibiki/Robomech_HR/Eglantyne/simulation/build/simple_sim
[5.050s] -- Install configuration: ""
[5.050s] -- Up-to-date: /home/hibiki/Robomech_HR/Eglantyne/simulation/install/simple_sim/share/ament_index/resource_index/rosidl_interfaces/simple_sim
[5.050s] -- Up-to-date: /home/hibiki/Robomech_HR/Eglantyne/simulation/install/simple_sim/include/simple_sim/simple_sim
[5.050s] -- Up-to-date: /home/hibiki/Robomech_HR/Eglantyne/simulation/install/simple_sim/include/simple_sim/simple_sim/msg
[5.050s] -- Up-to-date: /home/hibiki/Robomech_HR/Eglantyne/simulation/install/simple_sim/include/simple_sim/simple_sim/msg/rosidl_generator_c__visibility_control.h
[5.050s] -- Up-to-date: /home/hibiki/Robomech_HR/Eglantyne/simulation/install/simple_sim/include/simple_sim/simple_sim/msg/motion.h
[5.050s] -- Up-to-date: /home/hibiki/Robomech_HR/Eglantyne/simulation/install/simple_sim/include/simple_sim/simple_sim/msg/detail
[5.050s] -- Up-to-date: /home/hibiki/Robomech_HR/Eglantyne/simulation/install/simple_sim/include/simple_sim/simple_sim/msg/detail/motion__functions.c
[5.050s] -- Up-to-date: /home/hibiki/Robomech_HR/Eglantyne/simulation/install/simple_sim/include/simple_sim/simple_sim/msg/detail/motion__functions.h
[5.050s] -- Up-to-date: /home/hibiki/Robomech_HR/Eglantyne/simulation/install/simple_sim/include/simple_sim/simple_sim/msg/detail/motion__struct.h
[5.051s] -- Up-to-date: /home/hibiki/Robomech_HR/Eglantyne/simulation/install/simple_sim/include/simple_sim/simple_sim/msg/detail/motion__type_support.h
[5.051s] -- Up-to-date: /home/hibiki/Robomech_HR/Eglantyne/simulation/install/simple_sim/share/simple_sim/environment/library_path.sh
[5.051s] -- Up-to-date: /home/hibiki/Robomech_HR/Eglantyne/simulation/install/simple_sim/share/simple_sim/environment/library_path.dsv
[5.051s] -- Up-to-date: /home/hibiki/Robomech_HR/Eglantyne/simulation/install/simple_sim/lib/libsimple_sim__rosidl_generator_c.so
[5.051s] -- Up-to-date: /home/hibiki/Robomech_HR/Eglantyne/simulation/install/simple_sim/include/simple_sim/simple_sim
[5.051s] -- Up-to-date: /home/hibiki/Robomech_HR/Eglantyne/simulation/install/simple_sim/include/simple_sim/simple_sim/msg
[5.051s] -- Up-to-date: /home/hibiki/Robomech_HR/Eglantyne/simulation/install/simple_sim/include/simple_sim/simple_sim/msg/detail
[5.051s] -- Up-to-date: /home/hibiki/Robomech_HR/Eglantyne/simulation/install/simple_sim/include/simple_sim/simple_sim/msg/detail/motion__rosidl_typesupport_fastrtps_c.h
[5.051s] -- Up-to-date: /home/hibiki/Robomech_HR/Eglantyne/simulation/install/simple_sim/include/simple_sim/simple_sim/msg/rosidl_typesupport_fastrtps_c__visibility_control.h
[5.051s] -- Up-to-date: /home/hibiki/Robomech_HR/Eglantyne/simulation/install/simple_sim/lib/libsimple_sim__rosidl_typesupport_fastrtps_c.so
[5.051s] -- Up-to-date: /home/hibiki/Robomech_HR/Eglantyne/simulation/install/simple_sim/include/simple_sim/simple_sim
[5.051s] -- Up-to-date: /home/hibiki/Robomech_HR/Eglantyne/simulation/install/simple_sim/include/simple_sim/simple_sim/msg
[5.051s] -- Up-to-date: /home/hibiki/Robomech_HR/Eglantyne/simulation/install/simple_sim/include/simple_sim/simple_sim/msg/detail
[5.051s] -- Up-to-date: /home/hibiki/Robomech_HR/Eglantyne/simulation/install/simple_sim/include/simple_sim/simple_sim/msg/detail/motion__traits.hpp
[5.051s] -- Up-to-date: /home/hibiki/Robomech_HR/Eglantyne/simulation/install/simple_sim/include/simple_sim/simple_sim/msg/detail/motion__struct.hpp
[5.052s] -- Up-to-date: /home/hibiki/Robomech_HR/Eglantyne/simulation/install/simple_sim/include/simple_sim/simple_sim/msg/detail/motion__builder.hpp
[5.052s] -- Up-to-date: /home/hibiki/Robomech_HR/Eglantyne/simulation/install/simple_sim/include/simple_sim/simple_sim/msg/motion.hpp
[5.052s] -- Up-to-date: /home/hibiki/Robomech_HR/Eglantyne/simulation/install/simple_sim/include/simple_sim/simple_sim
[5.052s] -- Up-to-date: /home/hibiki/Robomech_HR/Eglantyne/simulation/install/simple_sim/include/simple_sim/simple_sim/msg
[5.052s] -- Up-to-date: /home/hibiki/Robomech_HR/Eglantyne/simulation/install/simple_sim/include/simple_sim/simple_sim/msg/detail
[5.052s] -- Up-to-date: /home/hibiki/Robomech_HR/Eglantyne/simulation/install/simple_sim/include/simple_sim/simple_sim/msg/detail/dds_fastrtps
[5.052s] -- Up-to-date: /home/hibiki/Robomech_HR/Eglantyne/simulation/install/simple_sim/include/simple_sim/simple_sim/msg/detail/motion__rosidl_typesupport_fastrtps_cpp.hpp
[5.052s] -- Up-to-date: /home/hibiki/Robomech_HR/Eglantyne/simulation/install/simple_sim/include/simple_sim/simple_sim/msg/rosidl_typesupport_fastrtps_cpp__visibility_control.h
[5.052s] -- Up-to-date: /home/hibiki/Robomech_HR/Eglantyne/simulation/install/simple_sim/lib/libsimple_sim__rosidl_typesupport_fastrtps_cpp.so
[5.052s] -- Up-to-date: /home/hibiki/Robomech_HR/Eglantyne/simulation/install/simple_sim/include/simple_sim/simple_sim
[5.052s] -- Up-to-date: /home/hibiki/Robomech_HR/Eglantyne/simulation/install/simple_sim/include/simple_sim/simple_sim/msg
[5.052s] -- Up-to-date: /home/hibiki/Robomech_HR/Eglantyne/simulation/install/simple_sim/include/simple_sim/simple_sim/msg/detail
[5.052s] -- Up-to-date: /home/hibiki/Robomech_HR/Eglantyne/simulation/install/simple_sim/include/simple_sim/simple_sim/msg/detail/motion__rosidl_typesupport_introspection_c.h
[5.052s] -- Up-to-date: /home/hibiki/Robomech_HR/Eglantyne/simulation/install/simple_sim/include/simple_sim/simple_sim/msg/detail/motion__type_support.c
[5.052s] -- Up-to-date: /home/hibiki/Robomech_HR/Eglantyne/simulation/install/simple_sim/include/simple_sim/simple_sim/msg/rosidl_typesupport_introspection_c__visibility_control.h
[5.052s] -- Up-to-date: /home/hibiki/Robomech_HR/Eglantyne/simulation/install/simple_sim/lib/libsimple_sim__rosidl_typesupport_introspection_c.so
[5.052s] -- Up-to-date: /home/hibiki/Robomech_HR/Eglantyne/simulation/install/simple_sim/lib/libsimple_sim__rosidl_typesupport_c.so
[5.052s] -- Up-to-date: /home/hibiki/Robomech_HR/Eglantyne/simulation/install/simple_sim/include/simple_sim/simple_sim
[5.053s] -- Up-to-date: /home/hibiki/Robomech_HR/Eglantyne/simulation/install/simple_sim/include/simple_sim/simple_sim/msg
[5.053s] -- Up-to-date: /home/hibiki/Robomech_HR/Eglantyne/simulation/install/simple_sim/include/simple_sim/simple_sim/msg/detail
[5.053s] -- Up-to-date: /home/hibiki/Robomech_HR/Eglantyne/simulation/install/simple_sim/include/simple_sim/simple_sim/msg/detail/motion__rosidl_typesupport_introspection_cpp.hpp
[5.053s] -- Up-to-date: /home/hibiki/Robomech_HR/Eglantyne/simulation/install/simple_sim/include/simple_sim/simple_sim/msg/detail/motion__type_support.cpp
[5.053s] -- Up-to-date: /home/hibiki/Robomech_HR/Eglantyne/simulation/install/simple_sim/lib/libsimple_sim__rosidl_typesupport_introspection_cpp.so
[5.053s] -- Up-to-date: /home/hibiki/Robomech_HR/Eglantyne/simulation/install/simple_sim/lib/libsimple_sim__rosidl_typesupport_cpp.so
[5.053s] -- Up-to-date: /home/hibiki/Robomech_HR/Eglantyne/simulation/install/simple_sim/share/simple_sim/environment/pythonpath.sh
[5.053s] -- Up-to-date: /home/hibiki/Robomech_HR/Eglantyne/simulation/install/simple_sim/share/simple_sim/environment/pythonpath.dsv
[5.053s] -- Up-to-date: /home/hibiki/Robomech_HR/Eglantyne/simulation/install/simple_sim/lib/python3.10/site-packages/simple_sim-0.0.0-py3.10.egg-info
[5.053s] -- Installing: /home/hibiki/Robomech_HR/Eglantyne/simulation/install/simple_sim/lib/python3.10/site-packages/simple_sim-0.0.0-py3.10.egg-info/top_level.txt
[5.053s] -- Installing: /home/hibiki/Robomech_HR/Eglantyne/simulation/install/simple_sim/lib/python3.10/site-packages/simple_sim-0.0.0-py3.10.egg-info/dependency_links.txt
[5.053s] -- Installing: /home/hibiki/Robomech_HR/Eglantyne/simulation/install/simple_sim/lib/python3.10/site-packages/simple_sim-0.0.0-py3.10.egg-info/SOURCES.txt
[5.053s] -- Installing: /home/hibiki/Robomech_HR/Eglantyne/simulation/install/simple_sim/lib/python3.10/site-packages/simple_sim-0.0.0-py3.10.egg-info/PKG-INFO
[5.053s] -- Up-to-date: /home/hibiki/Robomech_HR/Eglantyne/simulation/install/simple_sim/lib/python3.10/site-packages/simple_sim
[5.053s] -- Up-to-date: /home/hibiki/Robomech_HR/Eglantyne/simulation/install/simple_sim/lib/python3.10/site-packages/simple_sim/libsimple_sim__rosidl_generator_py.so
[5.053s] -- Up-to-date: /home/hibiki/Robomech_HR/Eglantyne/simulation/install/simple_sim/lib/python3.10/site-packages/simple_sim/msg
[5.053s] -- Up-to-date: /home/hibiki/Robomech_HR/Eglantyne/simulation/install/simple_sim/lib/python3.10/site-packages/simple_sim/msg/__init__.py
[5.054s] -- Up-to-date: /home/hibiki/Robomech_HR/Eglantyne/simulation/install/simple_sim/lib/python3.10/site-packages/simple_sim/msg/_motion_s.c
[5.054s] -- Up-to-date: /home/hibiki/Robomech_HR/Eglantyne/simulation/install/simple_sim/lib/python3.10/site-packages/simple_sim/msg/_motion.py
[5.054s] -- Up-to-date: /home/hibiki/Robomech_HR/Eglantyne/simulation/install/simple_sim/lib/python3.10/site-packages/simple_sim/_simple_sim_s.ep.rosidl_typesupport_introspection_c.c
[5.054s] -- Up-to-date: /home/hibiki/Robomech_HR/Eglantyne/simulation/install/simple_sim/lib/python3.10/site-packages/simple_sim/_simple_sim_s.ep.rosidl_typesupport_c.c
[5.054s] -- Up-to-date: /home/hibiki/Robomech_HR/Eglantyne/simulation/install/simple_sim/lib/python3.10/site-packages/simple_sim/simple_sim_s__rosidl_typesupport_introspection_c.cpython-310-x86_64-linux-gnu.so
[5.054s] -- Up-to-date: /home/hibiki/Robomech_HR/Eglantyne/simulation/install/simple_sim/lib/python3.10/site-packages/simple_sim/__init__.py
[5.054s] -- Up-to-date: /home/hibiki/Robomech_HR/Eglantyne/simulation/install/simple_sim/lib/python3.10/site-packages/simple_sim/simple_sim_s__rosidl_typesupport_c.cpython-310-x86_64-linux-gnu.so
[5.054s] -- Up-to-date: /home/hibiki/Robomech_HR/Eglantyne/simulation/install/simple_sim/lib/python3.10/site-packages/simple_sim/simple_sim_s__rosidl_typesupport_fastrtps_c.cpython-310-x86_64-linux-gnu.so
[5.054s] -- Up-to-date: /home/hibiki/Robomech_HR/Eglantyne/simulation/install/simple_sim/lib/python3.10/site-packages/simple_sim/_simple_sim_s.ep.rosidl_typesupport_fastrtps_c.c
[5.069s] Listing '/home/hibiki/Robomech_HR/Eglantyne/simulation/install/simple_sim/lib/python3.10/site-packages/simple_sim'...
[5.069s] Listing '/home/hibiki/Robomech_HR/Eglantyne/simulation/install/simple_sim/lib/python3.10/site-packages/simple_sim/msg'...
[5.071s] -- Up-to-date: /home/hibiki/Robomech_HR/Eglantyne/simulation/install/simple_sim/lib/python3.10/site-packages/simple_sim/simple_sim_s__rosidl_typesupport_fastrtps_c.cpython-310-x86_64-linux-gnu.so
[5.071s] -- Up-to-date: /home/hibiki/Robomech_HR/Eglantyne/simulation/install/simple_sim/lib/python3.10/site-packages/simple_sim/simple_sim_s__rosidl_typesupport_introspection_c.cpython-310-x86_64-linux-gnu.so
[5.072s] -- Up-to-date: /home/hibiki/Robomech_HR/Eglantyne/simulation/install/simple_sim/lib/python3.10/site-packages/simple_sim/simple_sim_s__rosidl_typesupport_c.cpython-310-x86_64-linux-gnu.so
[5.072s] -- Up-to-date: /home/hibiki/Robomech_HR/Eglantyne/simulation/install/simple_sim/lib/libsimple_sim__rosidl_generator_py.so
[5.072s] -- Up-to-date: /home/hibiki/Robomech_HR/Eglantyne/simulation/install/simple_sim/share/simple_sim/msg/Motion.idl
[5.072s] -- Up-to-date: /home/hibiki/Robomech_HR/Eglantyne/simulation/install/simple_sim/share/simple_sim/msg/Motion.msg
[5.072s] -- Up-to-date: /home/hibiki/Robomech_HR/Eglantyne/simulation/install/simple_sim/lib/simple_sim/pub_test
[5.072s] -- Installing: /home/hibiki/Robomech_HR/Eglantyne/simulation/install/simple_sim/lib/simple_sim/pub_control
[5.074s] -- Set runtime path of "/home/hibiki/Robomech_HR/Eglantyne/simulation/install/simple_sim/lib/simple_sim/pub_control" to ""
[5.074s] -- Up-to-date: /home/hibiki/Robomech_HR/Eglantyne/simulation/install/simple_sim/share/simple_sim//launch
[5.074s] -- Up-to-date: /home/hibiki/Robomech_HR/Eglantyne/simulation/install/simple_sim/share/simple_sim//launch/view_robot.launch.py
[5.074s] -- Up-to-date: /home/hibiki/Robomech_HR/Eglantyne/simulation/install/simple_sim/share/simple_sim//urdf
[5.074s] -- Up-to-date: /home/hibiki/Robomech_HR/Eglantyne/simulation/install/simple_sim/share/simple_sim//urdf/ros2_control_conf.xacro
[5.074s] -- Up-to-date: /home/hibiki/Robomech_HR/Eglantyne/simulation/install/simple_sim/share/simple_sim//urdf/gazebo_setup.xacro
[5.074s] -- Up-to-date: /home/hibiki/Robomech_HR/Eglantyne/simulation/install/simple_sim/share/simple_sim//urdf/body_info
[5.074s] -- Up-to-date: /home/hibiki/Robomech_HR/Eglantyne/simulation/install/simple_sim/share/simple_sim//urdf/body_info/eglantyne_body.xacro
[5.074s] -- Up-to-date: /home/hibiki/Robomech_HR/Eglantyne/simulation/install/simple_sim/share/simple_sim//urdf/body_info/eglantyne_arm.xacro
[5.074s] -- Up-to-date: /home/hibiki/Robomech_HR/Eglantyne/simulation/install/simple_sim/share/simple_sim//urdf/body_info/eglantyne_leg.xacro
[5.074s] -- Up-to-date: /home/hibiki/Robomech_HR/Eglantyne/simulation/install/simple_sim/share/simple_sim//urdf/body_info/shape_macro.xacro
[5.074s] -- Up-to-date: /home/hibiki/Robomech_HR/Eglantyne/simulation/install/simple_sim/share/simple_sim//urdf/eglantyne.xacro
[5.074s] -- Up-to-date: /home/hibiki/Robomech_HR/Eglantyne/simulation/install/simple_sim/share/simple_sim//launch
[5.075s] -- Up-to-date: /home/hibiki/Robomech_HR/Eglantyne/simulation/install/simple_sim/share/simple_sim//launch/eglantyne_controller.launch.py
[5.075s] -- Up-to-date: /home/hibiki/Robomech_HR/Eglantyne/simulation/install/simple_sim/share/simple_sim//config
[5.075s] -- Up-to-date: /home/hibiki/Robomech_HR/Eglantyne/simulation/install/simple_sim/share/simple_sim//config/eglantyne_controller.yaml
[5.075s] -- Up-to-date: /home/hibiki/Robomech_HR/Eglantyne/simulation/install/simple_sim/share/ament_index/resource_index/package_run_dependencies/simple_sim
[5.075s] -- Up-to-date: /home/hibiki/Robomech_HR/Eglantyne/simulation/install/simple_sim/share/ament_index/resource_index/parent_prefix_path/simple_sim
[5.075s] -- Up-to-date: /home/hibiki/Robomech_HR/Eglantyne/simulation/install/simple_sim/share/simple_sim/environment/ament_prefix_path.sh
[5.075s] -- Up-to-date: /home/hibiki/Robomech_HR/Eglantyne/simulation/install/simple_sim/share/simple_sim/environment/ament_prefix_path.dsv
[5.075s] -- Up-to-date: /home/hibiki/Robomech_HR/Eglantyne/simulation/install/simple_sim/share/simple_sim/environment/path.sh
[5.075s] -- Up-to-date: /home/hibiki/Robomech_HR/Eglantyne/simulation/install/simple_sim/share/simple_sim/environment/path.dsv
[5.075s] -- Up-to-date: /home/hibiki/Robomech_HR/Eglantyne/simulation/install/simple_sim/share/simple_sim/local_setup.bash
[5.075s] -- Up-to-date: /home/hibiki/Robomech_HR/Eglantyne/simulation/install/simple_sim/share/simple_sim/local_setup.sh
[5.075s] -- Up-to-date: /home/hibiki/Robomech_HR/Eglantyne/simulation/install/simple_sim/share/simple_sim/local_setup.zsh
[5.075s] -- Up-to-date: /home/hibiki/Robomech_HR/Eglantyne/simulation/install/simple_sim/share/simple_sim/local_setup.dsv
[5.075s] -- Installing: /home/hibiki/Robomech_HR/Eglantyne/simulation/install/simple_sim/share/simple_sim/package.dsv
[5.075s] -- Up-to-date: /home/hibiki/Robomech_HR/Eglantyne/simulation/install/simple_sim/share/ament_index/resource_index/packages/simple_sim
[5.075s] -- Up-to-date: /home/hibiki/Robomech_HR/Eglantyne/simulation/install/simple_sim/share/simple_sim/cmake/export_simple_sim__rosidl_generator_cExport.cmake
[5.075s] -- Up-to-date: /home/hibiki/Robomech_HR/Eglantyne/simulation/install/simple_sim/share/simple_sim/cmake/export_simple_sim__rosidl_generator_cExport-noconfig.cmake
[5.075s] -- Up-to-date: /home/hibiki/Robomech_HR/Eglantyne/simulation/install/simple_sim/share/simple_sim/cmake/export_simple_sim__rosidl_typesupport_fastrtps_cExport.cmake
[5.075s] -- Up-to-date: /home/hibiki/Robomech_HR/Eglantyne/simulation/install/simple_sim/share/simple_sim/cmake/export_simple_sim__rosidl_typesupport_fastrtps_cExport-noconfig.cmake
[5.075s] -- Up-to-date: /home/hibiki/Robomech_HR/Eglantyne/simulation/install/simple_sim/share/simple_sim/cmake/export_simple_sim__rosidl_generator_cppExport.cmake
[5.075s] -- Up-to-date: /home/hibiki/Robomech_HR/Eglantyne/simulation/install/simple_sim/share/simple_sim/cmake/export_simple_sim__rosidl_typesupport_fastrtps_cppExport.cmake
[5.075s] -- Up-to-date: /home/hibiki/Robomech_HR/Eglantyne/simulation/install/simple_sim/share/simple_sim/cmake/export_simple_sim__rosidl_typesupport_fastrtps_cppExport-noconfig.cmake
[5.075s] -- Up-to-date: /home/hibiki/Robomech_HR/Eglantyne/simulation/install/simple_sim/share/simple_sim/cmake/simple_sim__rosidl_typesupport_introspection_cExport.cmake
[5.075s] -- Up-to-date: /home/hibiki/Robomech_HR/Eglantyne/simulation/install/simple_sim/share/simple_sim/cmake/simple_sim__rosidl_typesupport_introspection_cExport-noconfig.cmake
[5.075s] -- Up-to-date: /home/hibiki/Robomech_HR/Eglantyne/simulation/install/simple_sim/share/simple_sim/cmake/simple_sim__rosidl_typesupport_cExport.cmake
[5.075s] -- Up-to-date: /home/hibiki/Robomech_HR/Eglantyne/simulation/install/simple_sim/share/simple_sim/cmake/simple_sim__rosidl_typesupport_cExport-noconfig.cmake
[5.075s] -- Up-to-date: /home/hibiki/Robomech_HR/Eglantyne/simulation/install/simple_sim/share/simple_sim/cmake/simple_sim__rosidl_typesupport_introspection_cppExport.cmake
[5.075s] -- Up-to-date: /home/hibiki/Robomech_HR/Eglantyne/simulation/install/simple_sim/share/simple_sim/cmake/simple_sim__rosidl_typesupport_introspection_cppExport-noconfig.cmake
[5.075s] -- Up-to-date: /home/hibiki/Robomech_HR/Eglantyne/simulation/install/simple_sim/share/simple_sim/cmake/simple_sim__rosidl_typesupport_cppExport.cmake
[5.075s] -- Up-to-date: /home/hibiki/Robomech_HR/Eglantyne/simulation/install/simple_sim/share/simple_sim/cmake/simple_sim__rosidl_typesupport_cppExport-noconfig.cmake
[5.075s] -- Up-to-date: /home/hibiki/Robomech_HR/Eglantyne/simulation/install/simple_sim/share/simple_sim/cmake/export_simple_sim__rosidl_generator_pyExport.cmake
[5.075s] -- Up-to-date: /home/hibiki/Robomech_HR/Eglantyne/simulation/install/simple_sim/share/simple_sim/cmake/export_simple_sim__rosidl_generator_pyExport-noconfig.cmake
[5.076s] -- Up-to-date: /home/hibiki/Robomech_HR/Eglantyne/simulation/install/simple_sim/share/simple_sim/cmake/rosidl_cmake-extras.cmake
[5.076s] -- Up-to-date: /home/hibiki/Robomech_HR/Eglantyne/simulation/install/simple_sim/share/simple_sim/cmake/ament_cmake_export_dependencies-extras.cmake
[5.076s] -- Up-to-date: /home/hibiki/Robomech_HR/Eglantyne/simulation/install/simple_sim/share/simple_sim/cmake/ament_cmake_export_include_directories-extras.cmake
[5.076s] -- Up-to-date: /home/hibiki/Robomech_HR/Eglantyne/simulation/install/simple_sim/share/simple_sim/cmake/ament_cmake_export_libraries-extras.cmake
[5.076s] -- Up-to-date: /home/hibiki/Robomech_HR/Eglantyne/simulation/install/simple_sim/share/simple_sim/cmake/ament_cmake_export_targets-extras.cmake
[5.076s] -- Up-to-date: /home/hibiki/Robomech_HR/Eglantyne/simulation/install/simple_sim/share/simple_sim/cmake/rosidl_cmake_export_typesupport_targets-extras.cmake
[5.076s] -- Up-to-date: /home/hibiki/Robomech_HR/Eglantyne/simulation/install/simple_sim/share/simple_sim/cmake/rosidl_cmake_export_typesupport_libraries-extras.cmake
[5.076s] -- Up-to-date: /home/hibiki/Robomech_HR/Eglantyne/simulation/install/simple_sim/share/simple_sim/cmake/simple_simConfig.cmake
[5.076s] -- Up-to-date: /home/hibiki/Robomech_HR/Eglantyne/simulation/install/simple_sim/share/simple_sim/cmake/simple_simConfig-version.cmake
[5.076s] -- Up-to-date: /home/hibiki/Robomech_HR/Eglantyne/simulation/install/simple_sim/share/simple_sim/package.xml
[5.077s] Invoked command in '/home/hibiki/Robomech_HR/Eglantyne/simulation/build/simple_sim' returned '0': CMAKE_PREFIX_PATH=${CMAKE_PREFIX_PATH}:/home/hibiki/Robomech_HR/Eglantyne/simulation/install/ros2_control_demo_testing:/opt/ros/humble /usr/bin/cmake --install /home/hibiki/Robomech_HR/Eglantyne/simulation/build/simple_sim
