[0.128s] Invoking command in '/home/hibiki/Robomech_HR/Eglantyne/simulation/build/champ_msgs': /usr/bin/cmake /home/hibiki/Robomech_HR/Eglantyne/simulation/src/champ/champ_msgs -DCATKIN_INSTALL_INTO_PREFIX_ROOT=0 -DCMAKE_INSTALL_PREFIX=/home/hibiki/Robomech_HR/Eglantyne/simulation/install/champ_msgs
[0.138s] [0mCMake Deprecation Warning at CMakeLists.txt:1 (cmake_minimum_required):
[0.138s]   Compatibility with CMake < 2.8.12 will be removed from a future version of
[0.138s]   CMake.
[0.138s] 
[0.138s]   Update the VERSION argument <min> value or use a ...<max> suffix to tell
[0.138s]   CMake that the project does not need compatibility with older versions.
[0.138s] 
[0.138s] [0m
[0.331s] -- The C compiler identification is GNU 11.4.0
[0.516s] -- The CXX compiler identification is GNU 11.4.0
[0.529s] -- Detecting C compiler ABI info
[0.585s] -- Detecting C compiler ABI info - done
[0.593s] -- Check for working C compiler: /usr/bin/cc - skipped
[0.593s] -- Detecting C compile features
[0.593s] -- Detecting C compile features - done
[0.596s] -- Detecting CXX compiler ABI info
[0.646s] -- Detecting CXX compiler ABI info - done
[0.655s] -- Check for working CXX compiler: /usr/bin/c++ - skipped
[0.655s] -- Detecting CXX compile features
[0.656s] -- Detecting CXX compile features - done
[0.664s] [31mCMake Error at CMakeLists.txt:4 (find_package):
[0.665s]   By not providing "Findcatkin.cmake" in CMAKE_MODULE_PATH this project has
[0.665s]   asked CMake to find a package configuration file provided by "catkin", but
[0.665s]   CMake did not find one.
[0.665s] 
[0.665s]   Could not find a package configuration file provided by "catkin" with any
[0.665s]   of the following names:
[0.665s] 
[0.665s]     catkinConfig.cmake
[0.665s]     catkin-config.cmake
[0.665s] 
[0.665s]   Add the installation prefix of "catkin" to CMAKE_PREFIX_PATH or set
[0.665s]   "catkin_DIR" to a directory containing one of the above files.  If "catkin"
[0.665s]   provides a separate development package or SDK, be sure it has been
[0.665s]   installed.
[0.665s] 
[0.665s] [0m
[0.666s] -- Configuring incomplete, errors occurred!
[0.666s] See also "/home/hibiki/Robomech_HR/Eglantyne/simulation/build/champ_msgs/CMakeFiles/CMakeOutput.log".
[0.672s] Invoked command in '/home/hibiki/Robomech_HR/Eglantyne/simulation/build/champ_msgs' returned '1': /usr/bin/cmake /home/hibiki/Robomech_HR/Eglantyne/simulation/src/champ/champ_msgs -DCATKIN_INSTALL_INTO_PREFIX_ROOT=0 -DCMAKE_INSTALL_PREFIX=/home/hibiki/Robomech_HR/Eglantyne/simulation/install/champ_msgs
