[0.027s] Invoking command in '/home/hibiki/Robomech_HR/Eglantyne/simulation/build/ros2_control_demo_example_12': AMENT_PREFIX_PATH=/home/hibiki/Robomech_HR/Eglantyne/simulation/install/ros2_control_demo_testing:/home/hibiki/Robomech_HR/Eglantyne/simulation/install/ros2_control_demo_description:${AMENT_PREFIX_PATH} CMAKE_PREFIX_PATH=/home/hibiki/Robomech_HR/Eglantyne/simulation/install/ros2_control_demo_description:/opt/ros/humble PYTHONPATH=/home/hibiki/Robomech_HR/Eglantyne/simulation/install/ros2_control_demo_testing/lib/python3.10/site-packages:${PYTHONPATH} /usr/bin/cmake /home/hibiki/Robomech_HR/Eglantyne/simulation/src/ros2_control_demos/example_12 -DCMAKE_INSTALL_PREFIX=/home/hibiki/Robomech_HR/Eglantyne/simulation/install/ros2_control_demo_example_12
[0.046s] -- Found ament_cmake: 1.3.10 (/opt/ros/humble/share/ament_cmake/cmake)
[0.397s] -- Found Python3: /home/hibiki/.espressif/python_env/idf5.4_py3.10_env/bin/python3 (found version "3.10.12") found components: Interpreter 
[0.494s] -- Found hardware_interface: 2.42.0 (/opt/ros/humble/share/hardware_interface/cmake)
[0.526s] -- Found rosidl_generator_c: 3.1.5 (/opt/ros/humble/share/rosidl_generator_c/cmake)
[0.530s] -- Found rosidl_adapter: 3.1.5 (/opt/ros/humble/share/rosidl_adapter/cmake)
[0.539s] -- Found rosidl_generator_cpp: 3.1.5 (/opt/ros/humble/share/rosidl_generator_cpp/cmake)
[0.551s] -- Using all available rosidl_typesupport_c: rosidl_typesupport_fastrtps_c;rosidl_typesupport_introspection_c
[0.569s] -- Using all available rosidl_typesupport_cpp: rosidl_typesupport_fastrtps_cpp;rosidl_typesupport_introspection_cpp
[0.798s] -- Found rmw_implementation_cmake: 6.1.2 (/opt/ros/humble/share/rmw_implementation_cmake/cmake)
[0.802s] -- Found rmw_fastrtps_cpp: 6.2.7 (/opt/ros/humble/share/rmw_fastrtps_cpp/cmake)
[0.839s] -- Found TinyXML2 via Config file: TinyXML2_DIR-NOTFOUND
[0.884s] -- Found OpenSSL: /usr/lib/x86_64-linux-gnu/libcrypto.so (found version "3.0.2")  
[0.887s] -- Found TinyXML2 via Config file: TinyXML2_DIR-NOTFOUND
[0.905s] -- Found FastRTPS: /opt/ros/humble/include  
[0.908s] -- Found TinyXML2 via Config file: TinyXML2_DIR-NOTFOUND
[0.917s] -- Found TinyXML2 via Config file: TinyXML2_DIR-NOTFOUND
[0.929s] -- Using RMW implementation 'rmw_fastrtps_cpp' as default
[0.938s] -- Performing Test CMAKE_HAVE_LIBC_PTHREAD
[1.013s] -- Performing Test CMAKE_HAVE_LIBC_PTHREAD - Success
[1.015s] -- Found Threads: TRUE  
[1.079s] -- Found generate_parameter_library: 0.3.8 (/opt/ros/humble/share/generate_parameter_library/cmake)
[1.082s] -- Found parameter_traits: 0.3.8 (/opt/ros/humble/share/parameter_traits/cmake)
[1.115s] -- Found controller_interface: 2.42.0 (/opt/ros/humble/share/controller_interface/cmake)
[1.123s] -- Found realtime_tools: 2.5.0 (/opt/ros/humble/share/realtime_tools/cmake)
[1.178s] -- Found ament_cmake_pytest: 1.3.10 (/opt/ros/humble/share/ament_cmake_pytest/cmake)
[2.528s] -- Configuring done
[2.583s] -- Generating done
[2.586s] -- Build files have been written to: /home/hibiki/Robomech_HR/Eglantyne/simulation/build/ros2_control_demo_example_12
[2.604s] Invoked command in '/home/hibiki/Robomech_HR/Eglantyne/simulation/build/ros2_control_demo_example_12' returned '0': AMENT_PREFIX_PATH=/home/hibiki/Robomech_HR/Eglantyne/simulation/install/ros2_control_demo_testing:/home/hibiki/Robomech_HR/Eglantyne/simulation/install/ros2_control_demo_description:${AMENT_PREFIX_PATH} CMAKE_PREFIX_PATH=/home/hibiki/Robomech_HR/Eglantyne/simulation/install/ros2_control_demo_description:/opt/ros/humble PYTHONPATH=/home/hibiki/Robomech_HR/Eglantyne/simulation/install/ros2_control_demo_testing/lib/python3.10/site-packages:${PYTHONPATH} /usr/bin/cmake /home/hibiki/Robomech_HR/Eglantyne/simulation/src/ros2_control_demos/example_12 -DCMAKE_INSTALL_PREFIX=/home/hibiki/Robomech_HR/Eglantyne/simulation/install/ros2_control_demo_example_12
[2.604s] Invoking command in '/home/hibiki/Robomech_HR/Eglantyne/simulation/build/ros2_control_demo_example_12': AMENT_PREFIX_PATH=/home/hibiki/Robomech_HR/Eglantyne/simulation/install/ros2_control_demo_testing:/home/hibiki/Robomech_HR/Eglantyne/simulation/install/ros2_control_demo_description:${AMENT_PREFIX_PATH} CMAKE_PREFIX_PATH=/home/hibiki/Robomech_HR/Eglantyne/simulation/install/ros2_control_demo_description:/opt/ros/humble PYTHONPATH=/home/hibiki/Robomech_HR/Eglantyne/simulation/install/ros2_control_demo_testing/lib/python3.10/site-packages:${PYTHONPATH} /usr/bin/cmake --build /home/hibiki/Robomech_HR/Eglantyne/simulation/build/ros2_control_demo_example_12 -- -j16 -l16
[3.054s] [ 20%] [34m[1mRunning `/opt/ros/humble/bin/generate_parameter_library_cpp /home/hibiki/Robomech_HR/Eglantyne/simulation/build/ros2_control_demo_example_12/passthrough_controller_parameters/include//passthrough_controller_parameters.hpp /home/hibiki/Robomech_HR/Eglantyne/simulation/src/ros2_control_demos/example_12/controllers/src/passthrough_controller_parameters.yaml `[0m
[3.054s] [ 40%] [32mBuilding CXX object CMakeFiles/ros2_control_demo_example_12.dir/hardware/rrbot.cpp.o[0m
[3.054s] [ 40%] Built target passthrough_controller_parameters
[3.062s] [ 60%] [32mBuilding CXX object CMakeFiles/passthrough_controller.dir/controllers/src/passthrough_controller.cpp.o[0m
[13.800s] [ 80%] [32m[1mLinking CXX shared library libros2_control_demo_example_12.so[0m
[14.100s] [ 80%] Built target ros2_control_demo_example_12
[18.807s] [100%] [32m[1mLinking CXX shared library libpassthrough_controller.so[0m
[19.421s] [100%] Built target passthrough_controller
[19.436s] Invoked command in '/home/hibiki/Robomech_HR/Eglantyne/simulation/build/ros2_control_demo_example_12' returned '0': AMENT_PREFIX_PATH=/home/hibiki/Robomech_HR/Eglantyne/simulation/install/ros2_control_demo_testing:/home/hibiki/Robomech_HR/Eglantyne/simulation/install/ros2_control_demo_description:${AMENT_PREFIX_PATH} CMAKE_PREFIX_PATH=/home/hibiki/Robomech_HR/Eglantyne/simulation/install/ros2_control_demo_description:/opt/ros/humble PYTHONPATH=/home/hibiki/Robomech_HR/Eglantyne/simulation/install/ros2_control_demo_testing/lib/python3.10/site-packages:${PYTHONPATH} /usr/bin/cmake --build /home/hibiki/Robomech_HR/Eglantyne/simulation/build/ros2_control_demo_example_12 -- -j16 -l16
[19.524s] Invoking command in '/home/hibiki/Robomech_HR/Eglantyne/simulation/build/ros2_control_demo_example_12': AMENT_PREFIX_PATH=/home/hibiki/Robomech_HR/Eglantyne/simulation/install/ros2_control_demo_testing:/home/hibiki/Robomech_HR/Eglantyne/simulation/install/ros2_control_demo_description:${AMENT_PREFIX_PATH} CMAKE_PREFIX_PATH=/home/hibiki/Robomech_HR/Eglantyne/simulation/install/ros2_control_demo_description:/opt/ros/humble PYTHONPATH=/home/hibiki/Robomech_HR/Eglantyne/simulation/install/ros2_control_demo_testing/lib/python3.10/site-packages:${PYTHONPATH} /usr/bin/cmake --install /home/hibiki/Robomech_HR/Eglantyne/simulation/build/ros2_control_demo_example_12
[19.530s] -- Install configuration: ""
[19.530s] -- Installing: /home/hibiki/Robomech_HR/Eglantyne/simulation/install/ros2_control_demo_example_12/share/ros2_control_demo_example_12/ros2_control_demo_example_12.xml
[19.530s] -- Installing: /home/hibiki/Robomech_HR/Eglantyne/simulation/install/ros2_control_demo_example_12/include/passthrough_controller_parameters
[19.530s] -- Installing: /home/hibiki/Robomech_HR/Eglantyne/simulation/install/ros2_control_demo_example_12/include/passthrough_controller_parameters/passthrough_controller_parameters.hpp
[19.532s] -- Installing: /home/hibiki/Robomech_HR/Eglantyne/simulation/install/ros2_control_demo_example_12/share/ros2_control_demo_example_12/passthrough_controller.xml
[19.533s] -- Installing: /home/hibiki/Robomech_HR/Eglantyne/simulation/install/ros2_control_demo_example_12/include/ros2_control_demo_example_12
[19.534s] -- Installing: /home/hibiki/Robomech_HR/Eglantyne/simulation/install/ros2_control_demo_example_12/include/ros2_control_demo_example_12/ros2_control_demo_example_12
[19.535s] -- Installing: /home/hibiki/Robomech_HR/Eglantyne/simulation/install/ros2_control_demo_example_12/include/ros2_control_demo_example_12/ros2_control_demo_example_12/rrbot.hpp
[19.535s] -- Installing: /home/hibiki/Robomech_HR/Eglantyne/simulation/install/ros2_control_demo_example_12/share/ros2_control_demo_example_12/launch
[19.536s] -- Installing: /home/hibiki/Robomech_HR/Eglantyne/simulation/install/ros2_control_demo_example_12/share/ros2_control_demo_example_12/launch/view_robot.launch.py
[19.536s] -- Installing: /home/hibiki/Robomech_HR/Eglantyne/simulation/install/ros2_control_demo_example_12/share/ros2_control_demo_example_12/ros2_control
[19.537s] -- Installing: /home/hibiki/Robomech_HR/Eglantyne/simulation/install/ros2_control_demo_example_12/share/ros2_control_demo_example_12/ros2_control/rrbot.ros2_control.xacro
[19.537s] -- Installing: /home/hibiki/Robomech_HR/Eglantyne/simulation/install/ros2_control_demo_example_12/share/ros2_control_demo_example_12/urdf
[19.538s] -- Installing: /home/hibiki/Robomech_HR/Eglantyne/simulation/install/ros2_control_demo_example_12/share/ros2_control_demo_example_12/urdf/rrbot.urdf.xacro
[19.539s] -- Up-to-date: /home/hibiki/Robomech_HR/Eglantyne/simulation/install/ros2_control_demo_example_12/share/ros2_control_demo_example_12/launch
[19.539s] -- Installing: /home/hibiki/Robomech_HR/Eglantyne/simulation/install/ros2_control_demo_example_12/share/ros2_control_demo_example_12/launch/launch_chained_controllers.launch.py
[19.541s] -- Installing: /home/hibiki/Robomech_HR/Eglantyne/simulation/install/ros2_control_demo_example_12/share/ros2_control_demo_example_12/launch/rrbot.launch.py
[19.541s] -- Installing: /home/hibiki/Robomech_HR/Eglantyne/simulation/install/ros2_control_demo_example_12/share/ros2_control_demo_example_12/config
[19.541s] -- Installing: /home/hibiki/Robomech_HR/Eglantyne/simulation/install/ros2_control_demo_example_12/share/ros2_control_demo_example_12/config/rrbot_chained_controllers.yaml
[19.541s] -- Installing: /home/hibiki/Robomech_HR/Eglantyne/simulation/install/ros2_control_demo_example_12/lib/libros2_control_demo_example_12.so
[19.541s] -- Set runtime path of "/home/hibiki/Robomech_HR/Eglantyne/simulation/install/ros2_control_demo_example_12/lib/libros2_control_demo_example_12.so" to ""
[19.541s] -- Installing: /home/hibiki/Robomech_HR/Eglantyne/simulation/install/ros2_control_demo_example_12/include/passthrough_controller
[19.541s] -- Installing: /home/hibiki/Robomech_HR/Eglantyne/simulation/install/ros2_control_demo_example_12/include/passthrough_controller/passthrough_controller
[19.541s] -- Installing: /home/hibiki/Robomech_HR/Eglantyne/simulation/install/ros2_control_demo_example_12/include/passthrough_controller/passthrough_controller/passthrough_controller.hpp
[19.541s] -- Installing: /home/hibiki/Robomech_HR/Eglantyne/simulation/install/ros2_control_demo_example_12/lib/libpassthrough_controller.so
[19.541s] -- Set runtime path of "/home/hibiki/Robomech_HR/Eglantyne/simulation/install/ros2_control_demo_example_12/lib/libpassthrough_controller.so" to ""
[19.542s] -- Installing: /home/hibiki/Robomech_HR/Eglantyne/simulation/install/ros2_control_demo_example_12/share/ros2_control_demo_example_12/environment/library_path.sh
[19.542s] -- Installing: /home/hibiki/Robomech_HR/Eglantyne/simulation/install/ros2_control_demo_example_12/share/ros2_control_demo_example_12/environment/library_path.dsv
[19.542s] -- Installing: /home/hibiki/Robomech_HR/Eglantyne/simulation/install/ros2_control_demo_example_12/share/ament_index/resource_index/package_run_dependencies/ros2_control_demo_example_12
[19.542s] -- Installing: /home/hibiki/Robomech_HR/Eglantyne/simulation/install/ros2_control_demo_example_12/share/ament_index/resource_index/parent_prefix_path/ros2_control_demo_example_12
[19.542s] -- Installing: /home/hibiki/Robomech_HR/Eglantyne/simulation/install/ros2_control_demo_example_12/share/ros2_control_demo_example_12/environment/ament_prefix_path.sh
[19.542s] -- Installing: /home/hibiki/Robomech_HR/Eglantyne/simulation/install/ros2_control_demo_example_12/share/ros2_control_demo_example_12/environment/ament_prefix_path.dsv
[19.542s] -- Installing: /home/hibiki/Robomech_HR/Eglantyne/simulation/install/ros2_control_demo_example_12/share/ros2_control_demo_example_12/environment/path.sh
[19.542s] -- Installing: /home/hibiki/Robomech_HR/Eglantyne/simulation/install/ros2_control_demo_example_12/share/ros2_control_demo_example_12/environment/path.dsv
[19.542s] -- Installing: /home/hibiki/Robomech_HR/Eglantyne/simulation/install/ros2_control_demo_example_12/share/ros2_control_demo_example_12/local_setup.bash
[19.542s] -- Installing: /home/hibiki/Robomech_HR/Eglantyne/simulation/install/ros2_control_demo_example_12/share/ros2_control_demo_example_12/local_setup.sh
[19.542s] -- Installing: /home/hibiki/Robomech_HR/Eglantyne/simulation/install/ros2_control_demo_example_12/share/ros2_control_demo_example_12/local_setup.zsh
[19.543s] -- Installing: /home/hibiki/Robomech_HR/Eglantyne/simulation/install/ros2_control_demo_example_12/share/ros2_control_demo_example_12/local_setup.dsv
[19.543s] -- Installing: /home/hibiki/Robomech_HR/Eglantyne/simulation/install/ros2_control_demo_example_12/share/ros2_control_demo_example_12/package.dsv
[19.543s] -- Installing: /home/hibiki/Robomech_HR/Eglantyne/simulation/install/ros2_control_demo_example_12/share/ament_index/resource_index/packages/ros2_control_demo_example_12
[19.543s] -- Installing: /home/hibiki/Robomech_HR/Eglantyne/simulation/install/ros2_control_demo_example_12/share/ament_index/resource_index/hardware_interface__pluginlib__plugin/ros2_control_demo_example_12
[19.543s] -- Installing: /home/hibiki/Robomech_HR/Eglantyne/simulation/install/ros2_control_demo_example_12/share/ament_index/resource_index/controller_interface__pluginlib__plugin/ros2_control_demo_example_12
[19.544s] -- Installing: /home/hibiki/Robomech_HR/Eglantyne/simulation/install/ros2_control_demo_example_12/share/ros2_control_demo_example_12/cmake/export_passthrough_controllerExport.cmake
[19.545s] -- Installing: /home/hibiki/Robomech_HR/Eglantyne/simulation/install/ros2_control_demo_example_12/share/ros2_control_demo_example_12/cmake/export_passthrough_controllerExport-noconfig.cmake
[19.545s] -- Installing: /home/hibiki/Robomech_HR/Eglantyne/simulation/install/ros2_control_demo_example_12/share/ros2_control_demo_example_12/cmake/export_ros2_control_demo_example_12Export.cmake
[19.545s] -- Installing: /home/hibiki/Robomech_HR/Eglantyne/simulation/install/ros2_control_demo_example_12/share/ros2_control_demo_example_12/cmake/export_ros2_control_demo_example_12Export-noconfig.cmake
[19.545s] -- Installing: /home/hibiki/Robomech_HR/Eglantyne/simulation/install/ros2_control_demo_example_12/share/ros2_control_demo_example_12/cmake/ament_cmake_export_targets-extras.cmake
[19.545s] -- Installing: /home/hibiki/Robomech_HR/Eglantyne/simulation/install/ros2_control_demo_example_12/share/ros2_control_demo_example_12/cmake/ament_cmake_export_dependencies-extras.cmake
[19.545s] -- Installing: /home/hibiki/Robomech_HR/Eglantyne/simulation/install/ros2_control_demo_example_12/share/ros2_control_demo_example_12/cmake/ros2_control_demo_example_12Config.cmake
[19.545s] -- Installing: /home/hibiki/Robomech_HR/Eglantyne/simulation/install/ros2_control_demo_example_12/share/ros2_control_demo_example_12/cmake/ros2_control_demo_example_12Config-version.cmake
[19.545s] -- Installing: /home/hibiki/Robomech_HR/Eglantyne/simulation/install/ros2_control_demo_example_12/share/ros2_control_demo_example_12/package.xml
[19.546s] Invoked command in '/home/hibiki/Robomech_HR/Eglantyne/simulation/build/ros2_control_demo_example_12' returned '0': AMENT_PREFIX_PATH=/home/hibiki/Robomech_HR/Eglantyne/simulation/install/ros2_control_demo_testing:/home/hibiki/Robomech_HR/Eglantyne/simulation/install/ros2_control_demo_description:${AMENT_PREFIX_PATH} CMAKE_PREFIX_PATH=/home/hibiki/Robomech_HR/Eglantyne/simulation/install/ros2_control_demo_description:/opt/ros/humble PYTHONPATH=/home/hibiki/Robomech_HR/Eglantyne/simulation/install/ros2_control_demo_testing/lib/python3.10/site-packages:${PYTHONPATH} /usr/bin/cmake --install /home/hibiki/Robomech_HR/Eglantyne/simulation/build/ros2_control_demo_example_12
