[0.137s] Invoking command in '/home/hibiki/Robomech_HR/Eglantyne/simulation/build/champ_teleop': CMAKE_PREFIX_PATH=/opt/ros/humble /usr/bin/cmake /home/hibiki/Robomech_HR/Eglantyne/simulation/src/champ_teleop -DCMAKE_INSTALL_PREFIX=/home/hibiki/Robomech_HR/Eglantyne/simulation/install/champ_teleop
[0.187s] -- The C compiler identification is GNU 11.4.0
[0.226s] -- The CXX compiler identification is GNU 11.4.0
[0.233s] -- Detecting C compiler ABI info
[0.275s] -- Detecting C compiler ABI info - done
[0.277s] -- Check for working C compiler: /usr/bin/cc - skipped
[0.278s] -- Detecting C compile features
[0.278s] -- Detecting C compile features - done
[0.280s] -- Detecting CXX compiler ABI info
[0.332s] -- Detecting CXX compiler ABI info - done
[0.339s] -- Check for working CXX compiler: /usr/bin/c++ - skipped
[0.339s] -- Detecting CXX compile features
[0.339s] -- Detecting CXX compile features - done
[0.341s] -- Found ament_cmake: 1.3.10 (/opt/ros/humble/share/ament_cmake/cmake)
[0.564s] -- Found Python3: /home/hibiki/.espressif/python_env/idf5.4_py3.10_env/bin/python3 (found version "3.10.12") found components: Interpreter 
[0.705s] -- Configuring done
[0.706s] -- Generating done
[0.706s] -- Build files have been written to: /home/hibiki/Robomech_HR/Eglantyne/simulation/build/champ_teleop
[0.739s] Invoked command in '/home/hibiki/Robomech_HR/Eglantyne/simulation/build/champ_teleop' returned '0': CMAKE_PREFIX_PATH=/opt/ros/humble /usr/bin/cmake /home/hibiki/Robomech_HR/Eglantyne/simulation/src/champ_teleop -DCMAKE_INSTALL_PREFIX=/home/hibiki/Robomech_HR/Eglantyne/simulation/install/champ_teleop
[0.739s] Invoking command in '/home/hibiki/Robomech_HR/Eglantyne/simulation/build/champ_teleop': CMAKE_PREFIX_PATH=/opt/ros/humble /usr/bin/cmake --build /home/hibiki/Robomech_HR/Eglantyne/simulation/build/champ_teleop -- -j16 -l16
[0.792s] Invoked command in '/home/hibiki/Robomech_HR/Eglantyne/simulation/build/champ_teleop' returned '0': CMAKE_PREFIX_PATH=/opt/ros/humble /usr/bin/cmake --build /home/hibiki/Robomech_HR/Eglantyne/simulation/build/champ_teleop -- -j16 -l16
[0.822s] Invoking command in '/home/hibiki/Robomech_HR/Eglantyne/simulation/build/champ_teleop': CMAKE_PREFIX_PATH=/opt/ros/humble /usr/bin/cmake --install /home/hibiki/Robomech_HR/Eglantyne/simulation/build/champ_teleop
[0.831s] -- Install configuration: ""
[0.831s] -- Installing: /home/hibiki/Robomech_HR/Eglantyne/simulation/install/champ_teleop/share/champ_teleop/launch
[0.831s] -- Installing: /home/hibiki/Robomech_HR/Eglantyne/simulation/install/champ_teleop/share/champ_teleop/launch/teleop.launch.py
[0.831s] -- Installing: /home/hibiki/Robomech_HR/Eglantyne/simulation/install/champ_teleop/lib/champ_teleop/champ_teleop.py
[0.831s] -- Installing: /home/hibiki/Robomech_HR/Eglantyne/simulation/install/champ_teleop/share/ament_index/resource_index/package_run_dependencies/champ_teleop
[0.831s] -- Installing: /home/hibiki/Robomech_HR/Eglantyne/simulation/install/champ_teleop/share/ament_index/resource_index/parent_prefix_path/champ_teleop
[0.831s] -- Installing: /home/hibiki/Robomech_HR/Eglantyne/simulation/install/champ_teleop/share/champ_teleop/environment/ament_prefix_path.sh
[0.831s] -- Installing: /home/hibiki/Robomech_HR/Eglantyne/simulation/install/champ_teleop/share/champ_teleop/environment/ament_prefix_path.dsv
[0.831s] -- Installing: /home/hibiki/Robomech_HR/Eglantyne/simulation/install/champ_teleop/share/champ_teleop/environment/path.sh
[0.831s] -- Installing: /home/hibiki/Robomech_HR/Eglantyne/simulation/install/champ_teleop/share/champ_teleop/environment/path.dsv
[0.831s] -- Installing: /home/hibiki/Robomech_HR/Eglantyne/simulation/install/champ_teleop/share/champ_teleop/local_setup.bash
[0.832s] -- Installing: /home/hibiki/Robomech_HR/Eglantyne/simulation/install/champ_teleop/share/champ_teleop/local_setup.sh
[0.832s] -- Installing: /home/hibiki/Robomech_HR/Eglantyne/simulation/install/champ_teleop/share/champ_teleop/local_setup.zsh
[0.832s] -- Installing: /home/hibiki/Robomech_HR/Eglantyne/simulation/install/champ_teleop/share/champ_teleop/local_setup.dsv
[0.832s] -- Installing: /home/hibiki/Robomech_HR/Eglantyne/simulation/install/champ_teleop/share/champ_teleop/package.dsv
[0.832s] -- Installing: /home/hibiki/Robomech_HR/Eglantyne/simulation/install/champ_teleop/share/ament_index/resource_index/packages/champ_teleop
[0.832s] -- Installing: /home/hibiki/Robomech_HR/Eglantyne/simulation/install/champ_teleop/share/champ_teleop/cmake/champ_teleopConfig.cmake
[0.832s] -- Installing: /home/hibiki/Robomech_HR/Eglantyne/simulation/install/champ_teleop/share/champ_teleop/cmake/champ_teleopConfig-version.cmake
[0.832s] -- Installing: /home/hibiki/Robomech_HR/Eglantyne/simulation/install/champ_teleop/share/champ_teleop/package.xml
[0.848s] Invoked command in '/home/hibiki/Robomech_HR/Eglantyne/simulation/build/champ_teleop' returned '0': CMAKE_PREFIX_PATH=/opt/ros/humble /usr/bin/cmake --install /home/hibiki/Robomech_HR/Eglantyne/simulation/build/champ_teleop
