[0.134s] Invoking command in '/home/hibiki/Robomech_HR/Eglantyne/simulation/build/champ': CMAKE_PREFIX_PATH=/opt/ros/humble /usr/bin/cmake --build /home/hibiki/Robomech_HR/Eglantyne/simulation/build/champ -- -j16 -l16
[0.169s] Invoked command in '/home/hibiki/Robomech_HR/Eglantyne/simulation/build/champ' returned '0': CMAKE_PREFIX_PATH=/opt/ros/humble /usr/bin/cmake --build /home/hibiki/Robomech_HR/Eglantyne/simulation/build/champ -- -j16 -l16
[0.200s] Invoking command in '/home/hibiki/Robomech_HR/Eglantyne/simulation/build/champ': CMAKE_PREFIX_PATH=/opt/ros/humble /usr/bin/cmake --install /home/hibiki/Robomech_HR/Eglantyne/simulation/build/champ
[0.210s] -- Install configuration: ""
[0.210s] -- Up-to-date: /home/hibiki/Robomech_HR/Eglantyne/simulation/install/champ/include
[0.210s] -- Up-to-date: /home/hibiki/Robomech_HR/Eglantyne/simulation/install/champ/include/champ
[0.210s] -- Up-to-date: /home/hibiki/Robomech_HR/Eglantyne/simulation/install/champ/share/ament_index/resource_index/package_run_dependencies/champ
[0.210s] -- Up-to-date: /home/hibiki/Robomech_HR/Eglantyne/simulation/install/champ/share/ament_index/resource_index/parent_prefix_path/champ
[0.210s] -- Up-to-date: /home/hibiki/Robomech_HR/Eglantyne/simulation/install/champ/share/champ/environment/ament_prefix_path.sh
[0.210s] -- Up-to-date: /home/hibiki/Robomech_HR/Eglantyne/simulation/install/champ/share/champ/environment/ament_prefix_path.dsv
[0.210s] -- Up-to-date: /home/hibiki/Robomech_HR/Eglantyne/simulation/install/champ/share/champ/environment/path.sh
[0.210s] -- Up-to-date: /home/hibiki/Robomech_HR/Eglantyne/simulation/install/champ/share/champ/environment/path.dsv
[0.210s] -- Up-to-date: /home/hibiki/Robomech_HR/Eglantyne/simulation/install/champ/share/champ/local_setup.bash
[0.210s] -- Up-to-date: /home/hibiki/Robomech_HR/Eglantyne/simulation/install/champ/share/champ/local_setup.sh
[0.210s] -- Up-to-date: /home/hibiki/Robomech_HR/Eglantyne/simulation/install/champ/share/champ/local_setup.zsh
[0.210s] -- Up-to-date: /home/hibiki/Robomech_HR/Eglantyne/simulation/install/champ/share/champ/local_setup.dsv
[0.210s] -- Up-to-date: /home/hibiki/Robomech_HR/Eglantyne/simulation/install/champ/share/champ/package.dsv
[0.210s] -- Up-to-date: /home/hibiki/Robomech_HR/Eglantyne/simulation/install/champ/share/ament_index/resource_index/packages/champ
[0.210s] -- Up-to-date: /home/hibiki/Robomech_HR/Eglantyne/simulation/install/champ/share/champ/cmake/ament_cmake_export_include_directories-extras.cmake
[0.210s] -- Up-to-date: /home/hibiki/Robomech_HR/Eglantyne/simulation/install/champ/share/champ/cmake/champConfig.cmake
[0.210s] -- Up-to-date: /home/hibiki/Robomech_HR/Eglantyne/simulation/install/champ/share/champ/cmake/champConfig-version.cmake
[0.210s] -- Up-to-date: /home/hibiki/Robomech_HR/Eglantyne/simulation/install/champ/share/champ/package.xml
[0.234s] Invoked command in '/home/hibiki/Robomech_HR/Eglantyne/simulation/build/champ' returned '0': CMAKE_PREFIX_PATH=/opt/ros/humble /usr/bin/cmake --install /home/hibiki/Robomech_HR/Eglantyne/simulation/build/champ
