[0.222s] Invoking command in '/home/hibiki/Robomech_HR/Eglantyne/simulation/build/simple_sim': CMAKE_PREFIX_PATH=/opt/ros/humble /usr/bin/cmake --build /home/hibiki/Robomech_HR/Eglantyne/simulation/build/simple_sim -- -j16 -l16
[0.390s] [ 33%] Built target pub_control
[0.390s] [ 66%] Built target pub_test
[0.392s] [100%] Built target zero_pub
[0.416s] Invoked command in '/home/hibiki/Robomech_HR/Eglantyne/simulation/build/simple_sim' returned '0': CMAKE_PREFIX_PATH=/opt/ros/humble /usr/bin/cmake --build /home/hibiki/Robomech_HR/Eglantyne/simulation/build/simple_sim -- -j16 -l16
[0.477s] Invoking command in '/home/hibiki/Robomech_HR/Eglantyne/simulation/build/simple_sim': CMAKE_PREFIX_PATH=/opt/ros/humble /usr/bin/cmake --install /home/hibiki/Robomech_HR/Eglantyne/simulation/build/simple_sim
[0.484s] -- Install configuration: ""
[0.488s] -- Up-to-date: /home/hibiki/Robomech_HR/Eglantyne/simulation/install/simple_sim/lib/simple_sim/pub_test
[0.490s] -- Up-to-date: /home/hibiki/Robomech_HR/Eglantyne/simulation/install/simple_sim/lib/simple_sim/zero_pub
[0.493s] -- Up-to-date: /home/hibiki/Robomech_HR/Eglantyne/simulation/install/simple_sim/lib/simple_sim/pub_control
[0.494s] -- Up-to-date: /home/hibiki/Robomech_HR/Eglantyne/simulation/install/simple_sim/share/simple_sim//launch
[0.495s] -- Up-to-date: /home/hibiki/Robomech_HR/Eglantyne/simulation/install/simple_sim/share/simple_sim//launch/view_robot.launch.py
[0.495s] -- Up-to-date: /home/hibiki/Robomech_HR/Eglantyne/simulation/install/simple_sim/share/simple_sim//urdf
[0.495s] -- Installing: /home/hibiki/Robomech_HR/Eglantyne/simulation/install/simple_sim/share/simple_sim//urdf/ros2_control_conf.xacro
[0.496s] -- Up-to-date: /home/hibiki/Robomech_HR/Eglantyne/simulation/install/simple_sim/share/simple_sim//urdf/gazebo_setup.xacro
[0.496s] -- Up-to-date: /home/hibiki/Robomech_HR/Eglantyne/simulation/install/simple_sim/share/simple_sim//urdf/body_info
[0.497s] -- Up-to-date: /home/hibiki/Robomech_HR/Eglantyne/simulation/install/simple_sim/share/simple_sim//urdf/body_info/eglantyne_body.xacro
[0.497s] -- Up-to-date: /home/hibiki/Robomech_HR/Eglantyne/simulation/install/simple_sim/share/simple_sim//urdf/body_info/eglantyne_arm.xacro
[0.497s] -- Up-to-date: /home/hibiki/Robomech_HR/Eglantyne/simulation/install/simple_sim/share/simple_sim//urdf/body_info/eglantyne_leg.xacro
[0.497s] -- Up-to-date: /home/hibiki/Robomech_HR/Eglantyne/simulation/install/simple_sim/share/simple_sim//urdf/body_info/shape_macro.xacro
[0.497s] -- Up-to-date: /home/hibiki/Robomech_HR/Eglantyne/simulation/install/simple_sim/share/simple_sim//urdf/eglantyne.xacro
[0.497s] -- Up-to-date: /home/hibiki/Robomech_HR/Eglantyne/simulation/install/simple_sim/share/simple_sim//launch
[0.498s] -- Up-to-date: /home/hibiki/Robomech_HR/Eglantyne/simulation/install/simple_sim/share/simple_sim//launch/eglantyne_controller.launch.py
[0.498s] -- Up-to-date: /home/hibiki/Robomech_HR/Eglantyne/simulation/install/simple_sim/share/simple_sim//config
[0.498s] -- Up-to-date: /home/hibiki/Robomech_HR/Eglantyne/simulation/install/simple_sim/share/simple_sim//config/eglantyne_controller.yaml
[0.499s] -- Up-to-date: /home/hibiki/Robomech_HR/Eglantyne/simulation/install/simple_sim/share/ament_index/resource_index/package_run_dependencies/simple_sim
[0.499s] -- Up-to-date: /home/hibiki/Robomech_HR/Eglantyne/simulation/install/simple_sim/share/ament_index/resource_index/parent_prefix_path/simple_sim
[0.499s] -- Up-to-date: /home/hibiki/Robomech_HR/Eglantyne/simulation/install/simple_sim/share/simple_sim/environment/ament_prefix_path.sh
[0.500s] -- Up-to-date: /home/hibiki/Robomech_HR/Eglantyne/simulation/install/simple_sim/share/simple_sim/environment/ament_prefix_path.dsv
[0.500s] -- Up-to-date: /home/hibiki/Robomech_HR/Eglantyne/simulation/install/simple_sim/share/simple_sim/environment/path.sh
[0.500s] -- Up-to-date: /home/hibiki/Robomech_HR/Eglantyne/simulation/install/simple_sim/share/simple_sim/environment/path.dsv
[0.500s] -- Up-to-date: /home/hibiki/Robomech_HR/Eglantyne/simulation/install/simple_sim/share/simple_sim/local_setup.bash
[0.501s] -- Up-to-date: /home/hibiki/Robomech_HR/Eglantyne/simulation/install/simple_sim/share/simple_sim/local_setup.sh
[0.501s] -- Up-to-date: /home/hibiki/Robomech_HR/Eglantyne/simulation/install/simple_sim/share/simple_sim/local_setup.zsh
[0.501s] -- Up-to-date: /home/hibiki/Robomech_HR/Eglantyne/simulation/install/simple_sim/share/simple_sim/local_setup.dsv
[0.501s] -- Installing: /home/hibiki/Robomech_HR/Eglantyne/simulation/install/simple_sim/share/simple_sim/package.dsv
[0.502s] -- Up-to-date: /home/hibiki/Robomech_HR/Eglantyne/simulation/install/simple_sim/share/ament_index/resource_index/packages/simple_sim
[0.503s] -- Up-to-date: /home/hibiki/Robomech_HR/Eglantyne/simulation/install/simple_sim/share/simple_sim/cmake/simple_simConfig.cmake
[0.503s] -- Up-to-date: /home/hibiki/Robomech_HR/Eglantyne/simulation/install/simple_sim/share/simple_sim/cmake/simple_simConfig-version.cmake
[0.503s] -- Up-to-date: /home/hibiki/Robomech_HR/Eglantyne/simulation/install/simple_sim/share/simple_sim/package.xml
[0.513s] Invoked command in '/home/hibiki/Robomech_HR/Eglantyne/simulation/build/simple_sim' returned '0': CMAKE_PREFIX_PATH=/opt/ros/humble /usr/bin/cmake --install /home/hibiki/Robomech_HR/Eglantyne/simulation/build/simple_sim
